[2016.03.24-15.25.34:618][  0]Log file open, 03/24/16 11:25:34
[2016.03.24-15.25.34:618][  0]LogInit:Display: Running engine for game: Targets
[2016.03.24-15.25.34:618][  0]LogPlatformFile: Not using cached read wrapper
[2016.03.24-15.25.34:618][  0]LogInit:Display: RandInit(1180776759) SRandInit(1180776760).
[2016.03.24-15.25.34:618][  0]LogTaskGraph: Started task graph with 4 named threads and 7 total threads.
[2016.03.24-15.25.34:618][  0]LogStats: Stats thread started at 0.070264
[2016.03.24-15.25.34:618][  0]LogInit: Version: 4.10.3-2866931+++depot+UE4-Releases+4.10
[2016.03.24-15.25.34:618][  0]LogInit: API Version: 2758231
[2016.03.24-15.25.34:618][  0]LogInit: Compiled (64-bit): Feb 15 2016 08:20:45
[2016.03.24-15.25.34:618][  0]LogInit: Compiled with Visual C++: 19.00.23026.00
[2016.03.24-15.25.34:618][  0]LogInit: Build Configuration: Development
[2016.03.24-15.25.34:618][  0]LogInit: Branch Name: ++depot+UE4-Releases+4.10
[2016.03.24-15.25.34:618][  0]LogInit: Command line:  
[2016.03.24-15.25.34:618][  0]LogInit: Base directory: F:/Program Files (x86)/Epic Games/4.10/Engine/Binaries/Win64/
[2016.03.24-15.25.34:618][  0]LogInit: Rocket: 1
[2016.03.24-15.25.34:634][  0]LogInit: Using libcurl 7.41.0
[2016.03.24-15.25.34:634][  0]LogInit:  - built for x86_64-pc-win32
[2016.03.24-15.25.34:634][  0]LogInit:  - supports SSL with WinSSL
[2016.03.24-15.25.34:634][  0]LogInit:  - other features:
[2016.03.24-15.25.34:634][  0]LogInit:      CURL_VERSION_SSL
[2016.03.24-15.25.34:634][  0]LogInit:      CURL_VERSION_IPV6
[2016.03.24-15.25.34:634][  0]LogInit:      CURL_VERSION_ASYNCHDNS
[2016.03.24-15.25.34:634][  0]LogInit:      CURL_VERSION_LARGEFILE
[2016.03.24-15.25.34:634][  0]LogInit:      CURL_VERSION_IDN
[2016.03.24-15.25.34:634][  0]LogInit:  CurlRequestOptions (configurable via config and command line):
[2016.03.24-15.25.34:634][  0]LogInit:  - bVerifyPeer = true  - Libcurl will verify peer certificate
[2016.03.24-15.25.34:634][  0]LogInit:  - bUseHttpProxy = false  - Libcurl will NOT use HTTP proxy
[2016.03.24-15.25.34:634][  0]LogInit:  - bDontReuseConnections = false  - Libcurl will reuse connections
[2016.03.24-15.25.34:634][  0]LogInit:  - CertBundlePath = nullptr  - Libcurl will use whatever was configured at build time.
[2016.03.24-15.25.34:658][  0]LogInit: Presizing for 0 objects not considered by GC, pre-allocating 0 bytes.
[2016.03.24-15.25.34:664][  0]LogInit: Object subsystem initialized
[2016.03.24-15.25.34:665][  0]LogInit: Selected Device Profile: [Windows]
[2016.03.24-15.25.34:665][  0]LogInit: Applying CVar settings loaded from the selected device profile: [Windows]
[2016.03.24-15.25.34:681][  0]LogInit: Computer: PATRICK-PC
[2016.03.24-15.25.34:681][  0]LogInit: User: Patrick
[2016.03.24-15.25.34:681][  0]LogInit: CPU Page size=4096, Cores=4
[2016.03.24-15.25.34:681][  0]LogInit: High frequency timer resolution =3.320309 MHz
[2016.03.24-15.25.34:681][  0]LogMemory: Memory total: Physical=16.0GB (16GB approx)
[2016.03.24-15.25.34:681][  0]LogMemory: Platform Memory Stats for Windows
[2016.03.24-15.25.34:681][  0]LogMemory: Process Physical Memory: 56.12 MB used, 56.12 MB peak
[2016.03.24-15.25.34:682][  0]LogMemory: Process Virtual Memory: 58.69 MB used, 58.69 MB peak
[2016.03.24-15.25.34:682][  0]LogMemory: Physical Memory: 4512.31 MB used, 16335.68 MB total
[2016.03.24-15.25.34:682][  0]LogMemory: Virtual Memory: 380.91 MB used, 134217728.00 MB total
[2016.03.24-15.25.34:793][  0]LogTextLocalizationManager: No specific translations for ('en-US') exist, so ('en') translations will be used.
[2016.03.24-15.25.35:277][  0]LogD3D11RHI: Found D3D11 adapter 0: NVIDIA GeForce GTX 970 (Feature Level 11_0)
[2016.03.24-15.25.35:277][  0]LogD3D11RHI: Adapter has 4007MB of dedicated video memory, 0MB of dedicated system memory, and 8167MB of shared system memory, 2 output[s]
[2016.03.24-15.25.35:278][  0]LogD3D11RHI: Found D3D11 adapter 1: Microsoft Basic Render Driver (Feature Level 11_0)
[2016.03.24-15.25.35:278][  0]LogD3D11RHI: Adapter has 0MB of dedicated video memory, 0MB of dedicated system memory, and 8167MB of shared system memory, 0 output[s]
[2016.03.24-15.25.35:278][  0]LogD3D11RHI: Chosen D3D11 Adapter Id = 0
[2016.03.24-15.25.35:284][  0]LogD3D11RHI: !Direct3DDevice
[2016.03.24-15.25.35:284][  0]LogRHI: Texture pool is 1361 MB (70% of 1945 MB)
[2016.03.24-15.25.35:293][  0]LogD3D11RHI: Async texture creation enabled
[2016.03.24-15.25.35:310][  0]LogShaderCompilers: Guid format shader working directory is -1 characters bigger than the processId version (../../../../../../Patrick's Stuff/Targets/Targets/Intermediate/Shaders/WorkingDirectory/11640/).
[2016.03.24-15.25.35:310][  0]LogShaderCompilers: Cleaned the shader compiler working directory 'C:/Users/Patricks/AppData/Local/Temp/UnrealShaderWorkingDir/ABC11EDC4225EE24CD5DAA81AAF33F55/'.
[2016.03.24-15.25.35:310][  0]LogShaderCompilers:Display: Using Local Shader Compiler.
[2016.03.24-15.25.36:647][  0]LogTemp:Display: Loaded TP AllDesktopTargetPlatform
[2016.03.24-15.25.36:650][  0]LogTemp:Display: Loaded TP WindowsClientTargetPlatform
[2016.03.24-15.25.36:653][  0]LogTemp:Display: Loaded TP WindowsNoEditorTargetPlatform
[2016.03.24-15.25.36:657][  0]LogTemp:Display: Loaded TP WindowsServerTargetPlatform
[2016.03.24-15.25.36:660][  0]LogTemp:Display: Loaded TP WindowsTargetPlatform
[2016.03.24-15.25.36:662][  0]LogTemp:Display: Loaded TP AndroidTargetPlatform
[2016.03.24-15.25.36:664][  0]LogTemp:Display: Loaded TP Android_ASTCTargetPlatform
[2016.03.24-15.25.36:666][  0]LogTemp:Display: Loaded TP Android_ATCTargetPlatform
[2016.03.24-15.25.36:668][  0]LogTemp:Display: Loaded TP Android_DXTTargetPlatform
[2016.03.24-15.25.36:670][  0]LogTemp:Display: Loaded TP Android_ETC1TargetPlatform
[2016.03.24-15.25.36:672][  0]LogTemp:Display: Loaded TP Android_ETC2TargetPlatform
[2016.03.24-15.25.36:677][  0]LogTemp:Display: Loaded TP Android_MultiTargetPlatform
[2016.03.24-15.25.36:677][  0]LogTemp:Display: Loaded TP Android_PVRTCTargetPlatform
[2016.03.24-15.25.36:677][  0]LogTemp:Display: Loaded TP HTML5TargetPlatform
[2016.03.24-15.25.36:697][  0]LogTemp:Display: Loaded TP IOSTargetPlatform
[2016.03.24-15.25.36:699][  0]LogTemp:Display: Loaded TP LinuxNoEditorTargetPlatform
[2016.03.24-15.25.36:702][  0]LogTemp:Display: Loaded TP LinuxServerTargetPlatform
[2016.03.24-15.25.36:705][  0]LogTemp:Display: Loaded TP LinuxTargetPlatform
[2016.03.24-15.25.36:705][  0]LogTargetPlatformManager:Display: Building Assets For Windows
[2016.03.24-15.25.36:829][  0]LogDerivedDataCache:Display: Max Cache Size: 512 MB
[2016.03.24-15.25.36:866][  0]LogDerivedDataCache: Loaded boot cache 0.04s 41MB C:/Users/Patricks/AppData/Local/UnrealEngine/4.10/DerivedDataCache/Boot.ddc.
[2016.03.24-15.25.36:866][  0]LogDerivedDataCache:Display: Loaded Boot cache: C:/Users/Patricks/AppData/Local/UnrealEngine/4.10/DerivedDataCache/Boot.ddc
[2016.03.24-15.25.36:867][  0]LogDerivedDataCache: FDerivedDataBackendGraph:  Pak pak cache file ../../../../../../Patrick's Stuff/Targets/Targets/DerivedDataCache/DDC.ddp not found, will not use a pak cache.
[2016.03.24-15.25.36:867][  0]LogDerivedDataCache: Unable to find inner node Pak for hierarchical cache Hierarchy.
[2016.03.24-15.25.36:867][  0]LogDerivedDataCache: FDerivedDataBackendGraph:  CompressedPak pak cache file ../../../../../../Patrick's Stuff/Targets/Targets/DerivedDataCache/Compressed.ddp not found, will not use a pak cache.
[2016.03.24-15.25.36:867][  0]LogDerivedDataCache: Unable to find inner node CompressedPak for hierarchical cache Hierarchy.
[2016.03.24-15.25.36:916][  0]LogDerivedDataCache:Display: Pak cache opened for reading ../../../Engine/DerivedDataCache/Compressed.ddp.
[2016.03.24-15.25.36:930][  0]LogDerivedDataCache: Using Local data cache path C:/Users/Patricks/AppData/Local/UnrealEngine/Common/DerivedDataCache: Writable
[2016.03.24-15.25.37:819][  0]LogInit: Selected Device Profile: [Windows]
[2016.03.24-15.25.37:821][  0]LogContentStreaming: Texture pool size is 0.000000MB
[2016.03.24-15.25.37:926][  0]LogMeshUtilities: No automatic mesh reduction module available
[2016.03.24-15.25.37:926][  0]LogMeshUtilities: No automatic mesh merging module available
[2016.03.24-15.25.38:158][  0]LogInit: WinSock: version 1.1 (2.2), MaxSocks=32767, MaxUdp=65467
[2016.03.24-15.25.41:964][  0]UdpMessaging: Initializing bridge on interface 0.0.0.0:0 to multicast group 230.0.0.1:6666.
[2016.03.24-15.25.42:165][  0]LogAssetRegistry: FAssetRegistry took 0.0113 seconds to start up
[2016.03.24-15.25.42:385][  0]SourceControl: Info Source control is disabled
[2016.03.24-15.25.42:453][  0]SourceControl: Info Source control is disabled
[2016.03.24-15.25.42:460][  0]SourceControl: Info Source control is disabled
[2016.03.24-15.25.42:471][  0]SourceControl: Info Source control is disabled
[2016.03.24-15.25.42:724][  0]LogObj: 28633 objects as part of root set at end of initial load.
[2016.03.24-15.25.42:724][  0]LogUObjectAllocator: 6099744 out of 0 bytes used by permanent object pool.
[2016.03.24-15.25.42:778][  0]LogEngine: Initializing Engine...
[2016.03.24-15.25.42:780][  0]LogHMD: Can't find Oculus library dev build: is proper Runtime installed? Version: 0.8.0.0
[2016.03.24-15.25.42:784][  0]LogHMD: SteamVR failed to initialize.  Err: 110
[2016.03.24-15.25.42:910][  0]LogAIModule: Creating AISystem for world NewWorld
[2016.03.24-15.25.42:925][  0]LogInit: XAudio2 using 'Speakers (Realtek High Definition Audio)' : 2 channels at 48 kHz using 32 bits per sample (channel mask 0x3)
[2016.03.24-15.25.42:940][  0]LogInit: FAudioDevice initialized.
[2016.03.24-15.25.42:959][  0]LogDerivedDataCache: Saved boot cache 0.02s 41MB C:/Users/Patricks/AppData/Local/UnrealEngine/4.10/DerivedDataCache/Boot.ddc.
[2016.03.24-15.25.42:964][  0]LogInit: Texture streaming: Enabled
[2016.03.24-15.25.42:971][  0]LogAnalytics: Creating configured Analytics provider AnalyticsET
[2016.03.24-15.25.42:971][  0]LogAnalytics: [UEEditor.Rocket.Release] APIServer = http://et2.epicgames.com/ET2/. AppVersion = 4.10.3-2866931+++depot+UE4-Releases+4.10
[2016.03.24-15.25.42:971][  0]LogAnalytics: [UEEditor.Rocket.Release] SetUserId a11d35bb4e716de7671871ae5c56ff65|a9573fc7a2ed483b825d82afb9787580|e4cea92d-f8ff-4de5-9849-405755594103
[2016.03.24-15.25.42:971][  0]LogAnalytics: [UEEditor.Rocket.Release] AnalyticsET::StartSession
[2016.03.24-15.25.42:989][  0]LogInit: Transaction tracking system initialized
[2016.03.24-15.25.43:007][  0]BlueprintLog: New page: Editor Load
[2016.03.24-15.25.43:118][  0]LocalizationService: Info Localization service is disabled
[2016.03.24-15.25.43:193][  0]LogLinker:Warning: Can't find file '/Game/VehicleBP/VehicleOverview'
[2016.03.24-15.25.43:193][  0]LogLinker:Warning: Can't find file '/Game/VehicleBP/VehicleOverview'
[2016.03.24-15.25.43:193][  0]LogUObjectGlobals:Warning: Failed to find object 'Class /Game/VehicleBP/VehicleOverview.VehicleOverview_C'
[2016.03.24-15.25.43:223][  0]LogConsoleResponse:Display: 
[2016.03.24-15.25.43:351][  0]LogCook:Display: Done creating registry. It took  0.00s.
[2016.03.24-15.25.43:430][  0]LogFileCache: Scanning file cache for directory 'F:/Patrick's Stuff/Targets/Targets/Content/' took 0.01s
[2016.03.24-15.25.43:430][  0]SourceControl: Info Source control is disabled
[2016.03.24-15.25.43:430][  0]Cmd: MAP LOAD FILE="../../../../../../Patrick's Stuff/Targets/Targets/Content/FirstPersonBP/Maps/FirstPersonExampleMap.umap" TEMPLATE=0 SHOWPROGRESS=1 FEATURELEVEL=3
[2016.03.24-15.25.43:431][  0]LightingResults: New page: Lighting Build
[2016.03.24-15.25.43:432][  0]MapCheck: New page: Map Check
[2016.03.24-15.25.43:432][  0]LightingResults: New page: Lighting Build
[2016.03.24-15.25.43:443][  0]LogParticles: Destroying 0 GPU particle simulations for FXSystem 0x00000014D0967B00
[2016.03.24-15.25.43:546][  0]LogLinker:Warning: Asset '../../../../../../Patrick's Stuff/Targets/Targets/Content/FirstPerson/Meshes/FirstPersonProjectileMesh.uasset' has been saved with empty engine version. The asset will be loaded but may be incompatible.
[2016.03.24-15.25.43:922][  0]LogAIModule: Creating AISystem for world FirstPersonExampleMap
[2016.03.24-15.25.43:931][  0]LogEditorServer: Finished looking for orphan Actors (0.000 secs)
[2016.03.24-15.25.43:931][  0]Cmd: MAP CHECKDEP NOCLEARLOG
[2016.03.24-15.25.44:086][  0]MapCheck: Info Map check complete: 0 Error(s), 0 Warning(s), took 154.675ms to complete.
[2016.03.24-15.25.44:086][  0]LogFileHelpers: Loading map 'FirstPersonExampleMap' took 0.656
[2016.03.24-15.25.44:251][  0]LogCollectionManager: Loaded 0 collections in 0.000972 seconds
[2016.03.24-15.25.44:294][  0]LogFileCache: Scanning file cache for directory 'F:/Patrick's Stuff/Targets/Targets/Saved/Collections/' took 0.01s
[2016.03.24-15.25.44:294][  0]LogFileCache: Scanning file cache for directory 'F:/Patrick's Stuff/Targets/Targets/Content/Developers/Patrick/Collections/' took 0.01s
[2016.03.24-15.25.44:294][  0]LogFileCache: Scanning file cache for directory 'F:/Patrick's Stuff/Targets/Targets/Content/Collections/' took 0.01s
[2016.03.24-15.25.44:294][  0]LogCollectionManager: Rebuilt the GUID cache for 0 collections in 0.000002 seconds
[2016.03.24-15.25.44:303][  0]LogContentBrowser: Native class hierarchy populated in 0.0087 seconds. Added 1893 classes and 338 folders.
[2016.03.24-15.25.44:308][  0]LogContentBrowser: Native class hierarchy updated for 'WidgetCarousel' in 0.0006 seconds. Added 0 classes and 0 folders.
[2016.03.24-15.25.44:500][  0]LogContentBrowser: Native class hierarchy updated for 'AddContentDialog' in 0.0006 seconds. Added 0 classes and 0 folders.
[2016.03.24-15.25.44:532][  0]LogContentBrowser: Native class hierarchy updated for 'SceneOutliner' in 0.0003 seconds. Added 1 classes and 2 folders.
[2016.03.24-15.25.44:541][  0]LogCrashTracker: Crashtracker disabled due to settings.
[2016.03.24-15.25.44:545][  0]LogUObjectGlobals:Warning: Failed to find object 'Class None.'
[2016.03.24-15.25.44:567][  0]LogLoad: Full Startup: 10.73 seconds (BP compile: 0.09 seconds)
[2016.03.24-15.25.44:912][  0]LogOcInput: Can't find Oculus library dev build: is proper Runtime installed? Version: 0.8.0.0
[2016.03.24-15.25.45:014][  0]LogContentStreaming: Texture pool size now 1000 MB
[2016.03.24-15.25.45:147][  0]LogRenderer: Reallocating scene render targets to support 1208x824 (Frame:2).
[2016.03.24-15.25.46:253][  4]LogAssetRegistry: Asset discovery search completed in 4.0998 seconds
[2016.03.24-15.25.46:253][  4]LogCollectionManager: Rebuilt the object cache for 0 collections in 0.000001 seconds (found 0 objects)
[2016.03.24-15.25.46:253][  4]LogCollectionManager: Fixed up redirectors for 0 collections in 0.000016 seconds (updated 0 objects)
[2016.03.24-15.25.53:401][642]LogRenderer: Reallocating scene render targets to support 1528x824 (Frame:661).
[2016.03.24-15.26.08:817][ 35]LogContentBrowser: Native class hierarchy updated for 'WorldBrowser' in 0.0003 seconds. Added 1 classes and 3 folders.
[2016.03.24-15.26.18:961][950]LogEditorViewport: Clicking on Actor (LMB): BP_Sky_Sphere_C (SkySphereBlueprint)
[2016.03.24-15.26.20:328][ 81]Cmd: SELECT NONE
[2016.03.24-15.26.20:544][100]Cmd: SELECT NONE
[2016.03.24-15.26.21:628][192]Cmd: TRANSACTION UNDO
[2016.03.24-15.26.21:628][192]LogEditorTransaction: Undo Select None
[2016.03.24-15.26.22:152][224]Cmd: TRANSACTION UNDO
[2016.03.24-15.26.22:152][224]LogEditorTransaction: Undo Select None
[2016.03.24-15.26.22:870][284]Cmd: TRANSACTION UNDO
[2016.03.24-15.26.22:870][284]LogEditorTransaction: Undo Clicking on Actors
[2016.03.24-15.30.45:007][497]LogWindowsTextInputMethodSystem:Display: IME system now deactivated.
[2016.03.24-15.30.45:219][498]Cmd: QUIT_EDITOR
[2016.03.24-15.30.45:333][498]LogExit: Preparing to exit.
[2016.03.24-15.30.46:382][498]LogExit: Editor shut down
[2016.03.24-15.30.46:382][498]LogExit: Transaction tracking system shut down
[2016.03.24-15.30.46:383][498]LogParticles: Destroying 0 GPU particle simulations for FXSystem 0x00000014BFFDFC40
[2016.03.24-15.30.46:384][498]LogParticles: Destroying 0 GPU particle simulations for FXSystem 0x00000014DEC716C0
[2016.03.24-15.30.46:503][498]LogExit: Object subsystem successfully closed.
[2016.03.24-15.30.46:521][498]LogD3D11RHI: Shutdown
[2016.03.24-15.30.46:521][498]LogD3D11RHI: CleanupD3DDevice
[2016.03.24-15.30.46:566][498]LogD3D11RHI: ~FD3D11DynamicRHI
[2016.03.24-15.30.46:575][498]LogModuleManager: Shutting down and abandoning module LauncherServices (200)
[2016.03.24-15.30.46:575][498]LogModuleManager: Shutting down and abandoning module WorldBrowser (199)
[2016.03.24-15.30.46:575][498]LogModuleManager: Shutting down and abandoning module CrashTracker (198)
[2016.03.24-15.30.46:575][498]LogModuleManager: Shutting down and abandoning module SceneOutliner (197)
[2016.03.24-15.30.46:575][498]LogModuleManager: Shutting down and abandoning module SuperSearch (196)
[2016.03.24-15.30.46:575][498]LogModuleManager: Shutting down and abandoning module WidgetCarousel (195)
[2016.03.24-15.30.46:575][498]LogModuleManager: Shutting down and abandoning module AddContentDialog (194)
[2016.03.24-15.30.46:576][498]LogModuleManager: Shutting down and abandoning module EditorWidgets (193)
[2016.03.24-15.30.46:576][498]LogModuleManager: Shutting down and abandoning module CollectionManager (192)
[2016.03.24-15.30.46:576][498]LogModuleManager: Shutting down and abandoning module StatsViewer (191)
[2016.03.24-15.30.46:576][498]LogModuleManager: Shutting down and abandoning module FoliageEdit (190)
[2016.03.24-15.30.46:576][498]LogModuleManager: Shutting down and abandoning module LandscapeEditor (189)
[2016.03.24-15.30.46:577][498]LogModuleManager: Shutting down and abandoning module ActorPickerMode (188)
[2016.03.24-15.30.46:577][498]LogModuleManager: Shutting down and abandoning module GeometryMode (187)
[2016.03.24-15.30.46:577][498]LogModuleManager: Shutting down and abandoning module TextureAlignMode (186)
[2016.03.24-15.30.46:577][498]LogModuleManager: Shutting down and abandoning module BspMode (185)
[2016.03.24-15.30.46:577][498]LogModuleManager: Shutting down and abandoning module PlacementMode (184)
[2016.03.24-15.30.46:577][498]LogModuleManager: Shutting down and abandoning module AutomationWorker (183)
[2016.03.24-15.30.46:577][498]LogModuleManager: Shutting down and abandoning module CharacterAI (182)
[2016.03.24-15.30.46:577][498]LogModuleManager: Shutting down and abandoning module SmartSnapping (181)
[2016.03.24-15.30.46:577][498]LogModuleManager: Shutting down and abandoning module ViewportSnapping (180)
[2016.03.24-15.30.46:577][498]LogModuleManager: Shutting down and abandoning module LogVisualizer (179)
[2016.03.24-15.30.46:577][498]LogModuleManager: Shutting down and abandoning module GameProjectGeneration (178)
[2016.03.24-15.30.46:577][498]LogModuleManager: Shutting down and abandoning module IntroTutorials (177)
[2016.03.24-15.30.46:577][498]LogModuleManager: Shutting down and abandoning module EditorLiveStreaming (176)
[2016.03.24-15.30.46:577][498]LogModuleManager: Shutting down and abandoning module IOSPlatformEditor (175)
[2016.03.24-15.30.46:577][498]LogModuleManager: Shutting down and abandoning module HTML5PlatformEditor (174)
[2016.03.24-15.30.46:577][498]LogModuleManager: Shutting down and abandoning module AndroidDeviceDetection (173)
[2016.03.24-15.30.47:319][498]LogModuleManager: Shutting down and abandoning module AndroidPlatformEditor (172)
[2016.03.24-15.30.47:319][498]LogModuleManager: Shutting down and abandoning module IOSRuntimeSettings (171)
[2016.03.24-15.30.47:320][498]LogModuleManager: Shutting down and abandoning module AndroidRuntimeSettings (170)
[2016.03.24-15.30.47:320][498]LogModuleManager: Shutting down and abandoning module MergeActors (169)
[2016.03.24-15.30.47:320][498]LogModuleManager: Shutting down and abandoning module SizeMap (168)
[2016.03.24-15.30.47:320][498]LogModuleManager: Shutting down and abandoning module TreeMap (167)
[2016.03.24-15.30.47:320][498]LogModuleManager: Shutting down and abandoning module ReferenceViewer (166)
[2016.03.24-15.30.47:320][498]LogModuleManager: Shutting down and abandoning module LocalizationService (165)
[2016.03.24-15.30.47:320][498]LogModuleManager: Shutting down and abandoning module LocalizationDashboard (164)
[2016.03.24-15.30.47:320][498]LogModuleManager: Shutting down and abandoning module HardwareTargeting (163)
[2016.03.24-15.30.47:320][498]LogModuleManager: Shutting down and abandoning module DeviceProfileEditor (162)
[2016.03.24-15.30.47:320][498]LogModuleManager: Shutting down and abandoning module UndoHistory (161)
[2016.03.24-15.30.47:320][498]LogModuleManager: Shutting down and abandoning module GameplayTagsEditor (160)
[2016.03.24-15.30.47:320][498]LogModuleManager: Shutting down and abandoning module UserFeedback (159)
[2016.03.24-15.30.47:320][498]LogModuleManager: Shutting down and abandoning module XmlParser (158)
[2016.03.24-15.30.47:320][498]LogModuleManager: Shutting down and abandoning module Blutility (157)
[2016.03.24-15.30.47:320][498]LogModuleManager: Shutting down and abandoning module ProjectTargetPlatformEditor (156)
[2016.03.24-15.30.47:320][498]LogModuleManager: Shutting down and abandoning module ProjectSettingsViewer (155)
[2016.03.24-15.30.47:321][498]LogModuleManager: Shutting down and abandoning module InputBindingEditor (154)
[2016.03.24-15.30.47:321][498]LogModuleManager: Shutting down and abandoning module EditorSettingsViewer (153)
[2016.03.24-15.30.47:321][498]LogModuleManager: Shutting down and abandoning module SettingsEditor (152)
[2016.03.24-15.30.47:321][498]LogModuleManager: Shutting down and abandoning module ProjectLauncher (151)
[2016.03.24-15.30.47:321][498]LogModuleManager: Shutting down and abandoning module SessionFrontend (150)
[2016.03.24-15.30.47:321][498]LogModuleManager: Shutting down and abandoning module ProfilerClient (149)
[2016.03.24-15.30.47:321][498]LogModuleManager: Shutting down and abandoning module TargetDeviceServices (148)
[2016.03.24-15.30.47:321][498]LogModuleManager: Shutting down and abandoning module DeviceManager (147)
[2016.03.24-15.30.47:321][498]LogModuleManager: Shutting down and abandoning module AutomationController (146)
[2016.03.24-15.30.47:321][498]LogModuleManager: Shutting down and abandoning module AutomationWindow (145)
[2016.03.24-15.30.47:321][498]LogModuleManager: Shutting down and abandoning module Layers (144)
[2016.03.24-15.30.47:321][498]LogModuleManager: Shutting down and abandoning module ComponentVisualizers (143)
[2016.03.24-15.30.47:321][498]LogModuleManager: Shutting down and abandoning module DetailCustomizations (142)
[2016.03.24-15.30.47:321][498]LogModuleManager: Shutting down and abandoning module PackagesDialog (141)
[2016.03.24-15.30.47:321][498]LogModuleManager: Shutting down and abandoning module Persona (140)
[2016.03.24-15.30.47:322][498]LogModuleManager: Shutting down and abandoning module Kismet (139)
[2016.03.24-15.30.47:322][498]LogModuleManager: Shutting down and abandoning module GraphEditor (138)
[2016.03.24-15.30.47:322][498]LogModuleManager: Shutting down and abandoning module ClassViewer (137)
[2016.03.24-15.30.47:322][498]LogModuleManager: Shutting down and abandoning module Toolbox (136)
[2016.03.24-15.30.47:322][498]LogModuleManager: Shutting down and abandoning module ModuleUI (135)
[2016.03.24-15.30.47:322][498]LogModuleManager: Shutting down and abandoning module MovieSceneTools (134)
[2016.03.24-15.30.47:322][498]LogModuleManager: Shutting down and abandoning module OutputLog (133)
[2016.03.24-15.30.47:322][498]LogModuleManager: Shutting down and abandoning module GammaUI (132)
[2016.03.24-15.30.47:322][498]LogModuleManager: Shutting down and abandoning module Documentation (131)
[2016.03.24-15.30.47:322][498]LogModuleManager: Shutting down and abandoning module GameLiveStreaming (130)
[2016.03.24-15.30.47:322][498]LogModuleManager: Shutting down and abandoning module StreamingPauseRendering (129)
[2016.03.24-15.30.47:322][498]LogModuleManager: Shutting down and abandoning module AnalyticsET (128)
[2016.03.24-15.30.47:322][498]LogModuleManager: Shutting down and abandoning module Analytics (127)
[2016.03.24-15.30.47:322][498]LogModuleManager: Shutting down and abandoning module AITestSuite (126)
[2016.03.24-15.30.47:322][498]LogModuleManager: Shutting down and abandoning module GameplayDebugger (125)
[2016.03.24-15.30.47:322][498]LogModuleManager: Shutting down and abandoning module AIModule (124)
[2016.03.24-15.30.47:322][498]LogModuleManager: Shutting down and abandoning module ProfilerService (123)
[2016.03.24-15.30.47:383][498]LogModuleManager: Shutting down and abandoning module TaskGraph (122)
[2016.03.24-15.30.47:383][498]LogModuleManager: Shutting down and abandoning module SlateRemote (121)
[2016.03.24-15.30.47:384][498]LogModuleManager: Shutting down and abandoning module SteamVRController (120)
[2016.03.24-15.30.47:384][498]LogModuleManager: Shutting down and abandoning module SteamVR (119)
[2016.03.24-15.30.47:384][498]LogModuleManager: Shutting down and abandoning module ProceduralMeshComponent (118)
[2016.03.24-15.30.47:384][498]LogModuleManager: Shutting down and abandoning module OculusLibrary (117)
[2016.03.24-15.30.47:384][498]LogModuleManager: Shutting down and abandoning module OculusInput (116)
[2016.03.24-15.30.47:384][498]LogModuleManager: Shutting down and abandoning module LeapMotionController (115)
[2016.03.24-15.30.47:438][498]LogModuleManager: Shutting down and abandoning module CustomMeshComponent (114)
[2016.03.24-15.30.47:438][498]LogModuleManager: Shutting down and abandoning module CableComponent (113)
[2016.03.24-15.30.47:438][498]LogModuleManager: Shutting down and abandoning module ArchVisCharacter (112)
[2016.03.24-15.30.47:438][498]LogModuleManager: Shutting down and abandoning module MessagingDebugger (111)
[2016.03.24-15.30.47:438][498]LogModuleManager: Shutting down and abandoning module MediaPlayerEditor (110)
[2016.03.24-15.30.47:438][498]LogModuleManager: Shutting down and abandoning module HTML5Networking (109)
[2016.03.24-15.30.47:438][498]LogModuleManager: Shutting down and abandoning module SpeedTreeImporter (108)
[2016.03.24-15.30.47:438][498]LogModuleManager: Shutting down and abandoning module PluginBrowser (107)
[2016.03.24-15.30.47:438][498]LogModuleManager: Shutting down and abandoning module EpicSurvey (106)
[2016.03.24-15.30.47:438][498]LogModuleManager: Shutting down and abandoning module DesktopPlatform (105)
[2016.03.24-15.30.47:438][498]LogModuleManager: Shutting down and abandoning module VisualStudioSourceCodeAccess (104)
[2016.03.24-15.30.47:438][498]LogModuleManager: Shutting down and abandoning module UObjectPlugin (103)
[2016.03.24-15.30.47:438][498]LogModuleManager: Shutting down and abandoning module SubversionSourceControl (102)
[2016.03.24-15.30.47:439][498]LogModuleManager: Shutting down and abandoning module PerforceSourceControl (101)
[2016.03.24-15.30.47:439][498]LogModuleManager: Shutting down and abandoning module SourceControl (100)
[2016.03.24-15.30.47:439][498]LogModuleManager: Shutting down and abandoning module GitSourceControl (99)
[2016.03.24-15.30.47:439][498]LogModuleManager: Shutting down and abandoning module LightPropagationVolumeEditor (98)
[2016.03.24-15.30.47:439][498]LogModuleManager: Shutting down and abandoning module PaperTiledImporter (97)
[2016.03.24-15.30.47:439][498]LogModuleManager: Shutting down and abandoning module PaperSpriteSheetImporter (96)
[2016.03.24-15.30.47:439][498]LogModuleManager: Shutting down and abandoning module MeshPaint (95)
[2016.03.24-15.30.47:439][498]LogModuleManager: Shutting down and abandoning module SlateReflector (94)
[2016.03.24-15.30.47:439][498]LogModuleManager: Shutting down and abandoning module HotReload (93)
[2016.03.24-15.30.47:439][498]LogModuleManager: Shutting down and abandoning module MainFrame (92)
[2016.03.24-15.30.47:439][498]LogModuleManager: Shutting down and abandoning module LevelEditor (91)
[2016.03.24-15.30.47:440][498]LogModuleManager: Shutting down and abandoning module DirectoryWatcher (90)
[2016.03.24-15.30.47:440][498]LogModuleManager: Shutting down and abandoning module AssetRegistry (89)
[2016.03.24-15.30.47:473][498]LogModuleManager: Shutting down and abandoning module ContentBrowser (88)
[2016.03.24-15.30.47:474][498]LogModuleManager: Shutting down and abandoning module Paper2DEditor (87)
[2016.03.24-15.30.47:474][498]LogModuleManager: Shutting down and abandoning module UdpMessaging (86)
[2016.03.24-15.30.47:575][498]LogModuleManager: Shutting down and abandoning module LightPropagationVolumeRuntime (85)
[2016.03.24-15.30.47:575][498]LogModuleManager: Shutting down and abandoning module Paper2D (84)
[2016.03.24-15.30.47:575][498]LogModuleManager: Shutting down and abandoning module WindowsMoviePlayer (83)
[2016.03.24-15.30.47:578][498]LogModuleManager: Shutting down and abandoning module Media (82)
[2016.03.24-15.30.47:578][498]LogModuleManager: Shutting down and abandoning module WmfMedia (81)
[2016.03.24-15.30.47:579][498]LogModuleManager: Shutting down and abandoning module OnlineBlueprintSupport (80)
[2016.03.24-15.30.47:579][498]LogModuleManager: Shutting down and abandoning module GameplayTasksEditor (79)
[2016.03.24-15.30.47:579][498]LogModuleManager: Shutting down and abandoning module PropertyEditor (78)
[2016.03.24-15.30.47:579][498]LogModuleManager: Shutting down and abandoning module BehaviorTreeEditor (77)
[2016.03.24-15.30.47:579][498]LogModuleManager: Shutting down and abandoning module FunctionalTesting (76)
[2016.03.24-15.30.47:579][498]LogModuleManager: Shutting down and abandoning module CollisionAnalyzer (75)
[2016.03.24-15.30.47:579][498]LogModuleManager: Shutting down and abandoning module WorkspaceMenuStructure (74)
[2016.03.24-15.30.47:579][498]LogModuleManager: Shutting down and abandoning module MessageLog (73)
[2016.03.24-15.30.47:579][498]LogModuleManager: Shutting down and abandoning module Sequencer (72)
[2016.03.24-15.30.47:579][498]LogModuleManager: Shutting down and abandoning module AssetTools (71)
[2016.03.24-15.30.47:579][498]LogModuleManager: Shutting down and abandoning module UMGEditor (70)
[2016.03.24-15.30.47:579][498]LogModuleManager: Shutting down and abandoning module UMG (69)
[2016.03.24-15.30.47:579][498]LogModuleManager: Shutting down and abandoning module Slate (68)
[2016.03.24-15.30.47:579][498]LogModuleManager: Shutting down and abandoning module EditorStyle (67)
[2016.03.24-15.30.47:582][498]LogModuleManager: Shutting down and abandoning module SessionServices (66)
[2016.03.24-15.30.47:582][498]LogModuleManager: Shutting down and abandoning module SourceCodeAccess (65)
[2016.03.24-15.30.47:582][498]LogModuleManager: Shutting down and abandoning module HeadMountedDisplay (64)
[2016.03.24-15.30.47:582][498]LogModuleManager: Shutting down and abandoning module XAudio2 (63)
[2016.03.24-15.30.47:582][498]LogModuleManager: Shutting down and abandoning module Networking (61)
[2016.03.24-15.30.47:582][498]LogModuleManager: Shutting down and abandoning module Core (60)
[2016.03.24-15.30.47:582][498]LogModuleManager: Shutting down and abandoning module KismetCompiler (59)
[2016.03.24-15.30.47:582][498]LogModuleManager: Shutting down and abandoning module PhysXFormats (58)
[2016.03.24-15.30.47:582][498]LogModuleManager: Shutting down and abandoning module MeshUtilities (57)
[2016.03.24-15.30.47:582][498]LogModuleManager: Shutting down and abandoning module DerivedDataCache (56)
[2016.03.24-15.30.47:589][498]LogDerivedDataCache: Shutdown
[2016.03.24-15.30.47:589][498]LogModuleManager: Shutting down and abandoning module ShaderFormatOpenGL (55)
[2016.03.24-15.30.47:589][498]LogModuleManager: Shutting down and abandoning module ShaderFormatD3D (54)
[2016.03.24-15.30.47:589][498]LogModuleManager: Shutting down and abandoning module MetalShaderFormat (53)
[2016.03.24-15.30.47:589][498]LogModuleManager: Shutting down and abandoning module TextureFormatUncompressed (52)
[2016.03.24-15.30.47:589][498]LogModuleManager: Shutting down and abandoning module TextureFormatPVR (51)
[2016.03.24-15.30.47:589][498]LogModuleManager: Shutting down and abandoning module TextureFormatIntelISPCTexComp (50)
[2016.03.24-15.30.47:589][498]LogModuleManager: Shutting down and abandoning module TextureFormatDXT (49)
[2016.03.24-15.30.47:589][498]LogModuleManager: Shutting down and abandoning module ImageWrapper (48)
[2016.03.24-15.30.47:589][498]LogModuleManager: Shutting down and abandoning module TextureFormatASTC (47)
[2016.03.24-15.30.47:589][498]LogModuleManager: Shutting down and abandoning module TextureFormatAndroid (46)
[2016.03.24-15.30.47:589][498]LogModuleManager: Shutting down and abandoning module AudioFormatOpus (45)
[2016.03.24-15.30.47:589][498]LogModuleManager: Shutting down and abandoning module AudioFormatOgg (44)
[2016.03.24-15.30.47:589][498]LogModuleManager: Shutting down and abandoning module AudioFormatADPCM (43)
[2016.03.24-15.30.47:589][498]LogModuleManager: Shutting down and abandoning module LinuxTargetPlatform (42)
[2016.03.24-15.30.47:589][498]LogModuleManager: Shutting down and abandoning module LinuxServerTargetPlatform (41)
[2016.03.24-15.30.47:589][498]LogModuleManager: Shutting down and abandoning module LinuxNoEditorTargetPlatform (40)
[2016.03.24-15.30.47:589][498]LogModuleManager: Shutting down and abandoning module Messaging (39)
[2016.03.24-15.30.47:590][498]LogModuleManager: Shutting down and abandoning module IOSTargetPlatform (38)
[2016.03.24-15.30.47:590][498]LogModuleManager: Shutting down and abandoning module HTML5TargetPlatform (37)
[2016.03.24-15.30.47:590][498]LogModuleManager: Shutting down and abandoning module Android_PVRTCTargetPlatform (36)
[2016.03.24-15.30.47:590][498]LogModuleManager: Shutting down and abandoning module Android_MultiTargetPlatform (35)
[2016.03.24-15.30.47:590][498]LogModuleManager: Shutting down and abandoning module Android_ETC2TargetPlatform (34)
[2016.03.24-15.30.47:590][498]LogModuleManager: Shutting down and abandoning module Android_ETC1TargetPlatform (33)
[2016.03.24-15.30.47:590][498]LogModuleManager: Shutting down and abandoning module Android_DXTTargetPlatform (32)
[2016.03.24-15.30.47:590][498]LogModuleManager: Shutting down and abandoning module Android_ATCTargetPlatform (31)
[2016.03.24-15.30.47:590][498]LogModuleManager: Shutting down and abandoning module Android_ASTCTargetPlatform (30)
[2016.03.24-15.30.47:590][498]LogModuleManager: Shutting down and abandoning module AndroidTargetPlatform (29)
[2016.03.24-15.30.47:590][498]LogModuleManager: Shutting down and abandoning module WindowsTargetPlatform (28)
[2016.03.24-15.30.47:590][498]LogModuleManager: Shutting down and abandoning module WindowsServerTargetPlatform (27)
[2016.03.24-15.30.47:590][498]LogModuleManager: Shutting down and abandoning module WindowsNoEditorTargetPlatform (26)
[2016.03.24-15.30.47:590][498]LogModuleManager: Shutting down and abandoning module WindowsClientTargetPlatform (25)
[2016.03.24-15.30.47:590][498]LogModuleManager: Shutting down and abandoning module AllDesktopTargetPlatform (24)
[2016.03.24-15.30.47:590][498]LogModuleManager: Shutting down and abandoning module TargetPlatform (23)
[2016.03.24-15.30.47:590][498]LogModuleManager: Shutting down and abandoning module InputCore (22)
[2016.03.24-15.30.47:590][498]LogModuleManager: Shutting down and abandoning module Settings (21)
[2016.03.24-15.30.47:590][498]LogModuleManager: Shutting down and abandoning module OnlineSubsystem (19)
[2016.03.24-15.30.47:590][498]LogModuleManager: Shutting down and abandoning module HTTP (18)
[2016.03.24-15.30.49:595][498]LogModuleManager: Shutting down and abandoning module XMPP (17)
[2016.03.24-15.30.49:595][498]LogModuleManager: Shutting down and abandoning module OculusRift (16)
[2016.03.24-15.30.49:595][498]LogModuleManager: Shutting down and abandoning module ExampleDeviceProfileSelector (15)
[2016.03.24-15.30.49:595][498]LogModuleManager: Shutting down and abandoning module TextureCompressor (14)
[2016.03.24-15.30.49:595][498]LogModuleManager: Shutting down and abandoning module ShaderCore (13)
[2016.03.24-15.30.49:595][498]LogModuleManager: Shutting down and abandoning module Landscape (12)
[2016.03.24-15.30.49:595][498]LogModuleManager: Shutting down and abandoning module SlateRHIRenderer (11)
[2016.03.24-15.30.49:595][498]LogModuleManager: Shutting down and abandoning module OpenGLDrv (10)
[2016.03.24-15.30.49:596][498]LogModuleManager: Shutting down and abandoning module D3D11RHI (9)
[2016.03.24-15.30.49:596][498]LogModuleManager: Shutting down and abandoning module AnimGraphRuntime (8)
[2016.03.24-15.30.49:596][498]LogModuleManager: Shutting down and abandoning module Renderer (7)
[2016.03.24-15.30.49:596][498]LogModuleManager: Shutting down and abandoning module Engine (6)
[2016.03.24-15.30.49:596][498]LogModuleManager: Shutting down and abandoning module CoreUObject (5)
[2016.03.24-15.30.49:596][498]LogModuleManager: Shutting down and abandoning module NetworkFile (4)
[2016.03.24-15.30.49:596][498]LogModuleManager: Shutting down and abandoning module StreamingFile (3)
[2016.03.24-15.30.49:596][498]LogModuleManager: Shutting down and abandoning module SandboxFile (2)
[2016.03.24-15.30.49:596][498]LogModuleManager: Shutting down and abandoning module PakFile (1)
[2016.03.24-15.30.49:597][498]LogExit: Exiting.
[2016.03.24-15.30.49:618][498]Log file closed, 03/24/16 11:30:49
