[2016.03.24-15.30.49:005][  0]Log file open, 03/24/16 11:30:49
[2016.03.24-15.30.49:005][  0]LogInit:Display: Running engine for game: Targets
[2016.03.24-15.30.49:005][  0]LogPlatformFile: Not using cached read wrapper
[2016.03.24-15.30.49:005][  0]LogInit:Display: RandInit(-2069902974) SRandInit(-2069902973).
[2016.03.24-15.30.49:005][  0]LogTaskGraph: Started task graph with 4 named threads and 7 total threads.
[2016.03.24-15.30.49:005][  0]LogStats: Stats thread started at 0.068882
[2016.03.24-15.30.49:005][  0]LogInit: Version: 4.10.3-2866931+++depot+UE4-Releases+4.10
[2016.03.24-15.30.49:005][  0]LogInit: API Version: 2758231
[2016.03.24-15.30.49:005][  0]LogInit: Compiled (64-bit): Feb 15 2016 08:20:45
[2016.03.24-15.30.49:005][  0]LogInit: Compiled with Visual C++: 19.00.23026.00
[2016.03.24-15.30.49:005][  0]LogInit: Build Configuration: Development
[2016.03.24-15.30.49:005][  0]LogInit: Branch Name: ++depot+UE4-Releases+4.10
[2016.03.24-15.30.49:005][  0]LogInit: Command line:  
[2016.03.24-15.30.49:005][  0]LogInit: Base directory: F:/Program Files (x86)/Epic Games/4.10/Engine/Binaries/Win64/
[2016.03.24-15.30.49:005][  0]LogInit: Rocket: 1
[2016.03.24-15.30.49:021][  0]LogInit: Using libcurl 7.41.0
[2016.03.24-15.30.49:021][  0]LogInit:  - built for x86_64-pc-win32
[2016.03.24-15.30.49:021][  0]LogInit:  - supports SSL with WinSSL
[2016.03.24-15.30.49:021][  0]LogInit:  - other features:
[2016.03.24-15.30.49:021][  0]LogInit:      CURL_VERSION_SSL
[2016.03.24-15.30.49:021][  0]LogInit:      CURL_VERSION_IPV6
[2016.03.24-15.30.49:021][  0]LogInit:      CURL_VERSION_ASYNCHDNS
[2016.03.24-15.30.49:021][  0]LogInit:      CURL_VERSION_LARGEFILE
[2016.03.24-15.30.49:021][  0]LogInit:      CURL_VERSION_IDN
[2016.03.24-15.30.49:021][  0]LogInit:  CurlRequestOptions (configurable via config and command line):
[2016.03.24-15.30.49:021][  0]LogInit:  - bVerifyPeer = true  - Libcurl will verify peer certificate
[2016.03.24-15.30.49:021][  0]LogInit:  - bUseHttpProxy = false  - Libcurl will NOT use HTTP proxy
[2016.03.24-15.30.49:021][  0]LogInit:  - bDontReuseConnections = false  - Libcurl will reuse connections
[2016.03.24-15.30.49:021][  0]LogInit:  - CertBundlePath = nullptr  - Libcurl will use whatever was configured at build time.
[2016.03.24-15.30.49:045][  0]LogInit: Presizing for 0 objects not considered by GC, pre-allocating 0 bytes.
[2016.03.24-15.30.49:049][  0]LogInit: Object subsystem initialized
[2016.03.24-15.30.49:050][  0]LogInit: Selected Device Profile: [Windows]
[2016.03.24-15.30.49:050][  0]LogInit: Applying CVar settings loaded from the selected device profile: [Windows]
[2016.03.24-15.30.49:067][  0]LogInit: Computer: PATRICK-PC
[2016.03.24-15.30.49:067][  0]LogInit: User: Patrick
[2016.03.24-15.30.49:067][  0]LogInit: CPU Page size=4096, Cores=4
[2016.03.24-15.30.49:067][  0]LogInit: High frequency timer resolution =3.320309 MHz
[2016.03.24-15.30.49:067][  0]LogMemory: Memory total: Physical=16.0GB (16GB approx)
[2016.03.24-15.30.49:067][  0]LogMemory: Platform Memory Stats for Windows
[2016.03.24-15.30.49:067][  0]LogMemory: Process Physical Memory: 56.25 MB used, 56.25 MB peak
[2016.03.24-15.30.49:067][  0]LogMemory: Process Virtual Memory: 58.78 MB used, 58.78 MB peak
[2016.03.24-15.30.49:067][  0]LogMemory: Physical Memory: 5091.68 MB used, 16335.68 MB total
[2016.03.24-15.30.49:067][  0]LogMemory: Virtual Memory: 380.91 MB used, 134217728.00 MB total
[2016.03.24-15.30.49:128][  0]LogTextLocalizationManager: No specific translations for ('en-US') exist, so ('en') translations will be used.
[2016.03.24-15.30.49:559][  0]LogD3D11RHI: Found D3D11 adapter 0: NVIDIA GeForce GTX 970 (Feature Level 11_0)
[2016.03.24-15.30.49:559][  0]LogD3D11RHI: Adapter has 4007MB of dedicated video memory, 0MB of dedicated system memory, and 8167MB of shared system memory, 2 output[s]
[2016.03.24-15.30.49:561][  0]LogD3D11RHI: Found D3D11 adapter 1: Microsoft Basic Render Driver (Feature Level 11_0)
[2016.03.24-15.30.49:561][  0]LogD3D11RHI: Adapter has 0MB of dedicated video memory, 0MB of dedicated system memory, and 8167MB of shared system memory, 0 output[s]
[2016.03.24-15.30.49:561][  0]LogD3D11RHI: Chosen D3D11 Adapter Id = 0
[2016.03.24-15.30.49:566][  0]LogD3D11RHI: !Direct3DDevice
[2016.03.24-15.30.49:566][  0]LogRHI: Texture pool is 1361 MB (70% of 1945 MB)
[2016.03.24-15.30.49:575][  0]LogD3D11RHI: Async texture creation enabled
[2016.03.24-15.30.49:589][  0]LogShaderCompilers: Guid format shader working directory is -1 characters bigger than the processId version (../../../../../../Patrick's Stuff/Targets/Targets/Intermediate/Shaders/WorkingDirectory/25708/).
[2016.03.24-15.30.49:589][  0]LogShaderCompilers: Cleaned the shader compiler working directory 'C:/Users/Patricks/AppData/Local/Temp/UnrealShaderWorkingDir/B5BFE3D0470B7A038D971F98659CA243/'.
[2016.03.24-15.30.49:589][  0]LogShaderCompilers:Display: Using Local Shader Compiler.
[2016.03.24-15.30.50:824][  0]LogTemp:Display: Loaded TP AllDesktopTargetPlatform
[2016.03.24-15.30.50:827][  0]LogTemp:Display: Loaded TP WindowsClientTargetPlatform
[2016.03.24-15.30.50:831][  0]LogTemp:Display: Loaded TP WindowsNoEditorTargetPlatform
[2016.03.24-15.30.50:835][  0]LogTemp:Display: Loaded TP WindowsServerTargetPlatform
[2016.03.24-15.30.50:838][  0]LogTemp:Display: Loaded TP WindowsTargetPlatform
[2016.03.24-15.30.50:840][  0]LogTemp:Display: Loaded TP AndroidTargetPlatform
[2016.03.24-15.30.50:842][  0]LogTemp:Display: Loaded TP Android_ASTCTargetPlatform
[2016.03.24-15.30.50:844][  0]LogTemp:Display: Loaded TP Android_ATCTargetPlatform
[2016.03.24-15.30.50:847][  0]LogTemp:Display: Loaded TP Android_DXTTargetPlatform
[2016.03.24-15.30.50:848][  0]LogTemp:Display: Loaded TP Android_ETC1TargetPlatform
[2016.03.24-15.30.50:851][  0]LogTemp:Display: Loaded TP Android_ETC2TargetPlatform
[2016.03.24-15.30.50:857][  0]LogTemp:Display: Loaded TP Android_MultiTargetPlatform
[2016.03.24-15.30.50:857][  0]LogTemp:Display: Loaded TP Android_PVRTCTargetPlatform
[2016.03.24-15.30.50:858][  0]LogTemp:Display: Loaded TP HTML5TargetPlatform
[2016.03.24-15.30.50:874][  0]LogTemp:Display: Loaded TP IOSTargetPlatform
[2016.03.24-15.30.50:876][  0]LogTemp:Display: Loaded TP LinuxNoEditorTargetPlatform
[2016.03.24-15.30.50:878][  0]LogTemp:Display: Loaded TP LinuxServerTargetPlatform
[2016.03.24-15.30.50:881][  0]LogTemp:Display: Loaded TP LinuxTargetPlatform
[2016.03.24-15.30.50:881][  0]LogTargetPlatformManager:Display: Building Assets For Windows
[2016.03.24-15.30.51:009][  0]LogDerivedDataCache:Display: Max Cache Size: 512 MB
[2016.03.24-15.30.51:048][  0]LogDerivedDataCache: Loaded boot cache 0.04s 41MB C:/Users/Patricks/AppData/Local/UnrealEngine/4.10/DerivedDataCache/Boot.ddc.
[2016.03.24-15.30.51:048][  0]LogDerivedDataCache:Display: Loaded Boot cache: C:/Users/Patricks/AppData/Local/UnrealEngine/4.10/DerivedDataCache/Boot.ddc
[2016.03.24-15.30.51:048][  0]LogDerivedDataCache: FDerivedDataBackendGraph:  Pak pak cache file ../../../../../../Patrick's Stuff/Targets/Targets/DerivedDataCache/DDC.ddp not found, will not use a pak cache.
[2016.03.24-15.30.51:048][  0]LogDerivedDataCache: Unable to find inner node Pak for hierarchical cache Hierarchy.
[2016.03.24-15.30.51:048][  0]LogDerivedDataCache: FDerivedDataBackendGraph:  CompressedPak pak cache file ../../../../../../Patrick's Stuff/Targets/Targets/DerivedDataCache/Compressed.ddp not found, will not use a pak cache.
[2016.03.24-15.30.51:048][  0]LogDerivedDataCache: Unable to find inner node CompressedPak for hierarchical cache Hierarchy.
[2016.03.24-15.30.51:094][  0]LogDerivedDataCache:Display: Pak cache opened for reading ../../../Engine/DerivedDataCache/Compressed.ddp.
[2016.03.24-15.30.51:109][  0]LogDerivedDataCache: Using Local data cache path C:/Users/Patricks/AppData/Local/UnrealEngine/Common/DerivedDataCache: Writable
[2016.03.24-15.30.51:790][  0]LogInit: Selected Device Profile: [Windows]
[2016.03.24-15.30.51:791][  0]LogContentStreaming: Texture pool size is 0.000000MB
[2016.03.24-15.30.51:890][  0]LogMeshUtilities: No automatic mesh reduction module available
[2016.03.24-15.30.51:890][  0]LogMeshUtilities: No automatic mesh merging module available
[2016.03.24-15.30.52:118][  0]LogInit: WinSock: version 1.1 (2.2), MaxSocks=32767, MaxUdp=65467
[2016.03.24-15.30.55:171][  0]UdpMessaging: Initializing bridge on interface 0.0.0.0:0 to multicast group 230.0.0.1:6666.
[2016.03.24-15.30.55:352][  0]LogAssetRegistry: FAssetRegistry took 0.0111 seconds to start up
[2016.03.24-15.30.55:562][  0]SourceControl: Info Source control is disabled
[2016.03.24-15.30.55:627][  0]SourceControl: Info Source control is disabled
[2016.03.24-15.30.55:634][  0]SourceControl: Info Source control is disabled
[2016.03.24-15.30.55:645][  0]SourceControl: Info Source control is disabled
[2016.03.24-15.30.55:889][  0]LogObj: 28633 objects as part of root set at end of initial load.
[2016.03.24-15.30.55:889][  0]LogUObjectAllocator: 6099744 out of 0 bytes used by permanent object pool.
[2016.03.24-15.30.55:947][  0]LogEngine: Initializing Engine...
[2016.03.24-15.30.55:950][  0]LogHMD: Can't find Oculus library dev build: is proper Runtime installed? Version: 0.8.0.0
[2016.03.24-15.30.55:956][  0]LogHMD: SteamVR failed to initialize.  Err: 110
[2016.03.24-15.30.56:091][  0]LogAIModule: Creating AISystem for world NewWorld
[2016.03.24-15.30.56:103][  0]LogInit: XAudio2 using 'Speakers (Realtek High Definition Audio)' : 2 channels at 48 kHz using 32 bits per sample (channel mask 0x3)
[2016.03.24-15.30.56:122][  0]LogInit: FAudioDevice initialized.
[2016.03.24-15.30.56:142][  0]LogDerivedDataCache: Saved boot cache 0.02s 41MB C:/Users/Patricks/AppData/Local/UnrealEngine/4.10/DerivedDataCache/Boot.ddc.
[2016.03.24-15.30.56:147][  0]LogInit: Texture streaming: Enabled
[2016.03.24-15.30.56:156][  0]LogAnalytics: Creating configured Analytics provider AnalyticsET
[2016.03.24-15.30.56:156][  0]LogAnalytics: [UEEditor.Rocket.Release] APIServer = http://et2.epicgames.com/ET2/. AppVersion = 4.10.3-2866931+++depot+UE4-Releases+4.10
[2016.03.24-15.30.56:156][  0]LogAnalytics: [UEEditor.Rocket.Release] SetUserId a11d35bb4e716de7671871ae5c56ff65|a9573fc7a2ed483b825d82afb9787580|e4cea92d-f8ff-4de5-9849-405755594103
[2016.03.24-15.30.56:156][  0]LogAnalytics: [UEEditor.Rocket.Release] AnalyticsET::StartSession
[2016.03.24-15.30.56:169][  0]LogInit: Transaction tracking system initialized
[2016.03.24-15.30.56:186][  0]BlueprintLog: New page: Editor Load
[2016.03.24-15.30.56:299][  0]LocalizationService: Info Localization service is disabled
[2016.03.24-15.30.56:382][  0]LogLinker:Warning: Can't find file '/Game/VehicleBP/VehicleOverview'
[2016.03.24-15.30.56:382][  0]LogLinker:Warning: Can't find file '/Game/VehicleBP/VehicleOverview'
[2016.03.24-15.30.56:382][  0]LogUObjectGlobals:Warning: Failed to find object 'Class /Game/VehicleBP/VehicleOverview.VehicleOverview_C'
[2016.03.24-15.30.56:405][  0]LogConsoleResponse:Display: 
[2016.03.24-15.30.56:544][  0]LogCook:Display: Done creating registry. It took  0.00s.
[2016.03.24-15.30.56:613][  0]LogFileCache: Scanning file cache for directory 'F:/Patrick's Stuff/Targets/Targets/Content/' took 0.01s
[2016.03.24-15.30.56:613][  0]SourceControl: Info Source control is disabled
[2016.03.24-15.30.56:613][  0]Cmd: MAP LOAD FILE="../../../../../../Patrick's Stuff/Targets/Targets/Content/FirstPersonBP/Maps/FirstPersonExampleMap.umap" TEMPLATE=0 SHOWPROGRESS=1 FEATURELEVEL=3
[2016.03.24-15.30.56:613][  0]LightingResults: New page: Lighting Build
[2016.03.24-15.30.56:615][  0]MapCheck: New page: Map Check
[2016.03.24-15.30.56:616][  0]LightingResults: New page: Lighting Build
[2016.03.24-15.30.56:626][  0]LogParticles: Destroying 0 GPU particle simulations for FXSystem 0x000000061E027B00
[2016.03.24-15.30.56:727][  0]LogLinker:Warning: Asset '../../../../../../Patrick's Stuff/Targets/Targets/Content/FirstPerson/Meshes/FirstPersonProjectileMesh.uasset' has been saved with empty engine version. The asset will be loaded but may be incompatible.
[2016.03.24-15.30.57:083][  0]LogAIModule: Creating AISystem for world FirstPersonExampleMap
[2016.03.24-15.30.57:091][  0]LogEditorServer: Finished looking for orphan Actors (0.000 secs)
[2016.03.24-15.30.57:092][  0]Cmd: MAP CHECKDEP NOCLEARLOG
[2016.03.24-15.30.57:248][  0]MapCheck: Info Map check complete: 0 Error(s), 0 Warning(s), took 156.521ms to complete.
[2016.03.24-15.30.57:248][  0]LogFileHelpers: Loading map 'FirstPersonExampleMap' took 0.636
[2016.03.24-15.30.57:392][  0]LogCollectionManager: Loaded 0 collections in 0.000935 seconds
[2016.03.24-15.30.57:436][  0]LogFileCache: Scanning file cache for directory 'F:/Patrick's Stuff/Targets/Targets/Saved/Collections/' took 0.01s
[2016.03.24-15.30.57:436][  0]LogFileCache: Scanning file cache for directory 'F:/Patrick's Stuff/Targets/Targets/Content/Developers/Patrick/Collections/' took 0.01s
[2016.03.24-15.30.57:436][  0]LogFileCache: Scanning file cache for directory 'F:/Patrick's Stuff/Targets/Targets/Content/Collections/' took 0.01s
[2016.03.24-15.30.57:436][  0]LogCollectionManager: Rebuilt the GUID cache for 0 collections in 0.000002 seconds
[2016.03.24-15.30.57:442][  0]LogContentBrowser: Native class hierarchy populated in 0.0058 seconds. Added 1893 classes and 338 folders.
[2016.03.24-15.30.57:446][  0]LogContentBrowser: Native class hierarchy updated for 'WidgetCarousel' in 0.0003 seconds. Added 0 classes and 0 folders.
[2016.03.24-15.30.57:610][  0]LogContentBrowser: Native class hierarchy updated for 'AddContentDialog' in 0.0011 seconds. Added 0 classes and 0 folders.
[2016.03.24-15.30.57:631][  0]LogContentBrowser: Native class hierarchy updated for 'SceneOutliner' in 0.0003 seconds. Added 1 classes and 2 folders.
[2016.03.24-15.30.57:666][  0]LogCrashTracker: Crashtracker disabled due to settings.
[2016.03.24-15.30.57:670][  0]LogUObjectGlobals:Warning: Failed to find object 'Class None.'
[2016.03.24-15.30.57:693][  0]LogLoad: Full Startup: 9.34 seconds (BP compile: 0.10 seconds)
[2016.03.24-15.30.57:704][  0]LogOcInput: Can't find Oculus library dev build: is proper Runtime installed? Version: 0.8.0.0
[2016.03.24-15.30.57:779][  0]LogContentStreaming: Texture pool size now 1000 MB
[2016.03.24-15.30.57:912][  0]LogRenderer: Reallocating scene render targets to support 1528x824 (Frame:2).
[2016.03.24-15.30.58:037][  3]LogAssetRegistry: Asset discovery search completed in 2.6966 seconds
[2016.03.24-15.30.58:037][  3]LogCollectionManager: Rebuilt the object cache for 0 collections in 0.000000 seconds (found 0 objects)
[2016.03.24-15.30.58:037][  3]LogCollectionManager: Fixed up redirectors for 0 collections in 0.000015 seconds (updated 0 objects)
[2016.03.24-15.31.39:557][759]Cmd: STAT FPS
[2016.03.24-15.31.47:640][510]Cmd: STAT FPS
[2016.03.24-15.32.12:792][760]LogContentBrowser: Native class hierarchy updated for 'WorldBrowser' in 0.0003 seconds. Added 1 classes and 3 folders.
[2016.03.24-15.32.24:743][813]LogTexture:Display: Building textures: Texture2D_2 (G8)
[2016.03.24-15.32.55:121][428]LogMaterial: 0.000069 seconds spent updating 1 materials, 1 interfaces, 1 instances, 0 with static permutations.
[2016.03.24-15.32.55:122][428]LogMaterial: 0.000111 seconds spent updating 1 materials, 1 interfaces, 1 instances, 0 with static permutations.
[2016.03.24-15.32.55:122][428]LogMaterial: 0.000113 seconds spent updating 1 materials, 1 interfaces, 1 instances, 0 with static permutations.
[2016.03.24-15.32.55:123][428]LogMaterial: 0.000095 seconds spent updating 1 materials, 1 interfaces, 1 instances, 0 with static permutations.
[2016.03.24-15.32.55:123][428]LogMaterial: 0.000064 seconds spent updating 1 materials, 1 interfaces, 1 instances, 0 with static permutations.
[2016.03.24-15.32.55:123][428]LogMaterial: 0.000090 seconds spent updating 1 materials, 1 interfaces, 1 instances, 0 with static permutations.
[2016.03.24-15.32.55:123][428]LogMaterial: 0.000077 seconds spent updating 1 materials, 1 interfaces, 1 instances, 0 with static permutations.
[2016.03.24-15.32.55:124][428]LogMaterial: 0.000082 seconds spent updating 1 materials, 1 interfaces, 1 instances, 0 with static permutations.
[2016.03.24-15.32.55:124][428]LogMaterial: 0.000102 seconds spent updating 1 materials, 1 interfaces, 1 instances, 0 with static permutations.
[2016.03.24-15.32.55:125][428]LogMaterial: 0.000098 seconds spent updating 1 materials, 1 interfaces, 1 instances, 0 with static permutations.
[2016.03.24-15.32.55:125][428]LogMaterial: 0.000082 seconds spent updating 1 materials, 1 interfaces, 1 instances, 0 with static permutations.
[2016.03.24-15.32.55:125][428]LogMaterial: 0.000063 seconds spent updating 1 materials, 1 interfaces, 1 instances, 0 with static permutations.
[2016.03.24-15.32.55:125][428]LogMaterial: 0.000040 seconds spent updating 1 materials, 1 interfaces, 1 instances, 0 with static permutations.
[2016.03.24-15.32.55:126][428]LogMaterial: 0.000035 seconds spent updating 1 materials, 1 interfaces, 1 instances, 0 with static permutations.
[2016.03.24-15.32.55:126][428]LogMaterial: 0.000038 seconds spent updating 1 materials, 1 interfaces, 1 instances, 0 with static permutations.
[2016.03.24-15.32.55:126][428]LogMaterial: 0.000050 seconds spent updating 1 materials, 1 interfaces, 1 instances, 0 with static permutations.
[2016.03.24-15.32.55:126][428]LogMaterial: 0.000059 seconds spent updating 1 materials, 1 interfaces, 1 instances, 0 with static permutations.
[2016.03.24-15.32.55:127][428]LogMaterial: 0.000055 seconds spent updating 1 materials, 1 interfaces, 1 instances, 0 with static permutations.
[2016.03.24-15.32.55:127][428]LogMaterial: 0.000112 seconds spent updating 1 materials, 1 interfaces, 1 instances, 0 with static permutations.
[2016.03.24-15.32.55:127][428]LogMaterial: 0.000078 seconds spent updating 1 materials, 1 interfaces, 1 instances, 0 with static permutations.
[2016.03.24-15.32.55:128][428]LogMaterial: 0.000085 seconds spent updating 1 materials, 1 interfaces, 1 instances, 0 with static permutations.
[2016.03.24-15.32.55:128][428]LogMaterial: 0.000086 seconds spent updating 1 materials, 1 interfaces, 1 instances, 0 with static permutations.
[2016.03.24-15.32.55:128][428]LogMaterial: 0.000089 seconds spent updating 1 materials, 1 interfaces, 1 instances, 0 with static permutations.
[2016.03.24-15.32.55:129][428]LogMaterial: 0.000089 seconds spent updating 1 materials, 1 interfaces, 1 instances, 0 with static permutations.
[2016.03.24-15.32.55:129][428]LogMaterial: 0.000071 seconds spent updating 1 materials, 1 interfaces, 1 instances, 0 with static permutations.
[2016.03.24-15.32.55:129][428]LogMaterial: 0.000060 seconds spent updating 1 materials, 1 interfaces, 1 instances, 0 with static permutations.
[2016.03.24-15.32.55:130][428]LogMaterial: 0.000082 seconds spent updating 1 materials, 1 interfaces, 1 instances, 0 with static permutations.
[2016.03.24-15.32.55:130][428]LogMaterial: 0.000093 seconds spent updating 1 materials, 1 interfaces, 1 instances, 0 with static permutations.
[2016.03.24-15.32.55:130][428]LogMaterial: 0.000068 seconds spent updating 1 materials, 1 interfaces, 1 instances, 0 with static permutations.
[2016.03.24-15.32.55:131][428]LogMaterial: 0.000083 seconds spent updating 1 materials, 1 interfaces, 1 instances, 0 with static permutations.
[2016.03.24-15.32.55:131][428]LogMaterial: 0.000164 seconds spent updating 1 materials, 1 interfaces, 1 instances, 0 with static permutations.
[2016.03.24-15.32.55:131][428]LogMaterial: 0.000063 seconds spent updating 1 materials, 1 interfaces, 1 instances, 0 with static permutations.
[2016.03.24-15.32.55:132][428]LogMaterial: 0.000057 seconds spent updating 1 materials, 1 interfaces, 1 instances, 0 with static permutations.
[2016.03.24-15.32.55:132][428]LogMaterial: 0.000059 seconds spent updating 1 materials, 1 interfaces, 1 instances, 0 with static permutations.
[2016.03.24-15.32.55:132][428]LogMaterial: 0.000078 seconds spent updating 1 materials, 1 interfaces, 1 instances, 0 with static permutations.
[2016.03.24-15.32.55:132][428]LogMaterial: 0.000076 seconds spent updating 1 materials, 1 interfaces, 1 instances, 0 with static permutations.
[2016.03.24-15.32.55:133][428]LogMaterial: 0.000100 seconds spent updating 1 materials, 1 interfaces, 1 instances, 0 with static permutations.
[2016.03.24-15.32.55:133][428]LogMaterial: 0.000110 seconds spent updating 1 materials, 1 interfaces, 1 instances, 0 with static permutations.
[2016.03.24-15.32.55:134][428]LogMaterial: 0.000078 seconds spent updating 1 materials, 1 interfaces, 1 instances, 0 with static permutations.
[2016.03.24-15.32.55:134][428]LogMaterial: 0.000077 seconds spent updating 1 materials, 1 interfaces, 1 instances, 0 with static permutations.
[2016.03.24-15.32.55:134][428]LogMaterial: 0.000076 seconds spent updating 1 materials, 1 interfaces, 1 instances, 0 with static permutations.
[2016.03.24-15.32.55:134][428]LogMaterial: 0.000076 seconds spent updating 1 materials, 1 interfaces, 1 instances, 0 with static permutations.
[2016.03.24-15.32.55:135][428]LogMaterial: 0.000076 seconds spent updating 1 materials, 1 interfaces, 1 instances, 0 with static permutations.
[2016.03.24-15.32.55:135][428]LogMaterial: 0.000071 seconds spent updating 1 materials, 1 interfaces, 1 instances, 0 with static permutations.
[2016.03.24-15.32.55:135][428]LogMaterial: 0.000072 seconds spent updating 1 materials, 1 interfaces, 1 instances, 0 with static permutations.
[2016.03.24-15.32.55:136][428]LogMaterial: 0.000074 seconds spent updating 1 materials, 1 interfaces, 1 instances, 0 with static permutations.
[2016.03.24-15.32.55:136][428]LogMaterial: 0.000085 seconds spent updating 1 materials, 1 interfaces, 1 instances, 0 with static permutations.
[2016.03.24-15.32.55:136][428]LogMaterial: 0.000078 seconds spent updating 1 materials, 1 interfaces, 1 instances, 0 with static permutations.
[2016.03.24-15.32.55:137][428]LogMaterial: 0.000077 seconds spent updating 1 materials, 1 interfaces, 1 instances, 0 with static permutations.
[2016.03.24-15.32.55:137][428]LogMaterial: 0.000079 seconds spent updating 1 materials, 1 interfaces, 1 instances, 0 with static permutations.
[2016.03.24-15.32.55:137][428]LogMaterial: 0.000069 seconds spent updating 1 materials, 1 interfaces, 1 instances, 0 with static permutations.
[2016.03.24-15.32.55:138][428]LogMaterial: 0.000092 seconds spent updating 1 materials, 1 interfaces, 1 instances, 0 with static permutations.
[2016.03.24-15.32.55:138][428]LogMaterial: 0.000095 seconds spent updating 1 materials, 1 interfaces, 1 instances, 0 with static permutations.
[2016.03.24-15.32.55:138][428]LogMaterial: 0.000095 seconds spent updating 1 materials, 1 interfaces, 1 instances, 0 with static permutations.
[2016.03.24-15.32.55:139][428]LogMaterial: 0.000074 seconds spent updating 1 materials, 1 interfaces, 1 instances, 0 with static permutations.
[2016.03.24-15.32.55:139][428]LogMaterial: 0.000067 seconds spent updating 1 materials, 1 interfaces, 1 instances, 0 with static permutations.
[2016.03.24-15.32.55:139][428]LogMaterial: 0.000083 seconds spent updating 1 materials, 1 interfaces, 1 instances, 0 with static permutations.
[2016.03.24-15.32.55:139][428]LogMaterial: 0.000070 seconds spent updating 1 materials, 1 interfaces, 1 instances, 0 with static permutations.
[2016.03.24-15.32.55:140][428]LogMaterial: 0.000068 seconds spent updating 1 materials, 1 interfaces, 1 instances, 0 with static permutations.
[2016.03.24-15.32.55:140][428]LogMaterial: 0.000046 seconds spent updating 1 materials, 1 interfaces, 1 instances, 0 with static permutations.
[2016.03.24-15.32.55:140][428]LogMaterial: 0.000062 seconds spent updating 1 materials, 1 interfaces, 1 instances, 0 with static permutations.
[2016.03.24-15.32.55:141][428]LogMaterial: 0.000077 seconds spent updating 1 materials, 1 interfaces, 1 instances, 0 with static permutations.
[2016.03.24-15.32.55:141][428]LogMaterial: 0.000202 seconds spent updating 1 materials, 1 interfaces, 1 instances, 0 with static permutations.
[2016.03.24-15.32.55:141][428]LogMaterial: 0.000045 seconds spent updating 1 materials, 1 interfaces, 1 instances, 0 with static permutations.
[2016.03.24-15.32.55:168][428]LogTexture:Display: Building textures: Texture2D_3 (BGRA8)
[2016.03.24-15.32.55:204][429]Cmd: UpdateLandscapeEditorData
[2016.03.24-15.33.39:766][343]Cmd: BRUSH ADD SELECTNEWBRUSH
[2016.03.24-15.34.26:087][354]LogEditorViewport: Clicking on Actor (LMB): StaticMeshActor (Floor)
[2016.03.24-15.36.45:573][ 34]Cmd: TRANSACTION UNDO
[2016.03.24-15.36.45:573][ 34]LogEditorTransaction: Undo Landscape Editing: Sculpt
[2016.03.24-15.36.45:575][ 34]LogMaterial: 0.000076 seconds spent updating 1 materials, 1 interfaces, 1 instances, 0 with static permutations.
[2016.03.24-15.36.45:577][ 34]LogTexture:Display: Building textures: Texture2D_3 (BGRA8)
[2016.03.24-15.36.46:355][ 90]Cmd: TRANSACTION UNDO
[2016.03.24-15.36.46:355][ 90]LogEditorTransaction: Undo Landscape Editing: Sculpt
[2016.03.24-15.36.46:357][ 90]LogMaterial: 0.000121 seconds spent updating 1 materials, 1 interfaces, 1 instances, 0 with static permutations.
[2016.03.24-15.36.46:358][ 90]LogTexture:Display: Building textures: Texture2D_3 (BGRA8)
[2016.03.24-15.37.07:270][885]Cmd: TRANSACTION UNDO
[2016.03.24-15.37.07:270][885]LogEditorTransaction: Undo Landscape Editing: Sculpt
[2016.03.24-15.37.07:272][885]LogMaterial: 0.000149 seconds spent updating 1 materials, 1 interfaces, 1 instances, 0 with static permutations.
[2016.03.24-15.39.32:960][922]Cmd: TRANSACTION UNDO
[2016.03.24-15.39.32:960][922]LogEditorTransaction: Undo Landscape Editing: Noise
[2016.03.24-15.39.32:963][922]LogMaterial: 0.000123 seconds spent updating 1 materials, 1 interfaces, 1 instances, 0 with static permutations.
[2016.03.24-15.39.32:964][922]LogMaterial: 0.000069 seconds spent updating 1 materials, 1 interfaces, 1 instances, 0 with static permutations.
[2016.03.24-15.39.32:965][922]LogTexture:Display: Building textures: Texture2D_3 (BGRA8)
[2016.03.24-15.39.40:847][611]LogTexture:Display: Building textures: Texture2D_4 (BGRA8)
[2016.03.24-15.39.40:882][612]Cmd: UpdateLandscapeEditorData
[2016.03.24-15.40.05:083][591]LogTexture:Display: Building textures: Texture2D_5 (BGRA8)
[2016.03.24-15.40.05:088][591]LogMaterial: Missing cached shader map for material M_Ground_Grass, compiling. 
[2016.03.24-15.40.05:135][591]LogMaterial: 0.002986 seconds spent updating 1 materials, 1 interfaces, 1 instances, 1 with static permutations.
[2016.03.24-15.40.05:143][591]LogMaterial: 0.000770 seconds spent updating 1 materials, 1 interfaces, 1 instances, 0 with static permutations.
[2016.03.24-15.40.09:860][957]Cmd: TRANSACTION UNDO
[2016.03.24-15.40.09:860][957]LogEditorTransaction: Undo Landscape Editing: Visibility
[2016.03.24-15.40.09:861][957]LogMaterial: 0.000070 seconds spent updating 1 materials, 1 interfaces, 1 instances, 0 with static permutations.
[2016.03.24-15.40.09:869][957]LogActorComponent: ~FComponentReregisterContext: (/Game/FirstPersonBP/Maps/FirstPersonExampleMap.FirstPersonExampleMap:PersistentLevel.Landscape_0.LandscapeMeshCollisionComponent_0) Component already registered.
[2016.03.24-15.40.09:927][958]Cmd: UpdateLandscapeEditorData
[2016.03.24-15.40.25:049][207]Cmd: TRANSACTION UNDO
[2016.03.24-15.40.25:049][207]LogEditorTransaction: Undo Landscape Editing: Retopologize
[2016.03.24-15.40.25:077][207]LogMaterial: 0.000082 seconds spent updating 1 materials, 1 interfaces, 1 instances, 0 with static permutations.
[2016.03.24-15.40.25:079][207]LogTexture:Display: Building textures: Texture2D_3 (BGRA8)
[2016.03.24-15.40.25:090][207]LogTexture:Display: Building textures: Texture2D_4 (BGRA8)
[2016.03.24-15.40.25:691][249]Cmd: TRANSACTION UNDO
[2016.03.24-15.40.25:691][249]LogEditorTransaction: Undo Landscape Editing: Retopologize
[2016.03.24-15.40.25:718][249]LogMaterial: 0.000120 seconds spent updating 1 materials, 1 interfaces, 1 instances, 0 with static permutations.
[2016.03.24-15.40.25:719][249]LogTexture:Display: Building textures: Texture2D_3 (BGRA8)
[2016.03.24-15.40.25:730][249]LogTexture:Display: Building textures: Texture2D_4 (BGRA8)
[2016.03.24-15.40.26:540][318]Cmd: TRANSACTION UNDO
[2016.03.24-15.40.26:540][318]LogEditorTransaction: Undo Landscape Editing: Retopologize
[2016.03.24-15.40.26:571][318]LogMaterial: 0.000154 seconds spent updating 1 materials, 1 interfaces, 1 instances, 0 with static permutations.
[2016.03.24-15.40.26:572][318]LogTexture:Display: Building textures: Texture2D_3 (BGRA8)
[2016.03.24-15.40.26:584][318]LogTexture:Display: Building textures: Texture2D_4 (BGRA8)
[2016.03.24-15.40.26:967][355]Cmd: TRANSACTION UNDO
[2016.03.24-15.40.26:967][355]LogEditorTransaction: Undo Landscape Editing: Retopologize
[2016.03.24-15.40.26:973][355]LogMaterial: 0.000064 seconds spent updating 1 materials, 1 interfaces, 1 instances, 0 with static permutations.
[2016.03.24-15.40.26:983][356]Cmd: UpdateLandscapeEditorData
[2016.03.24-15.40.53:757][638]Cmd: TRANSACTION UNDO
[2016.03.24-15.40.53:757][638]LogEditorTransaction: Undo Delete selection
[2016.03.24-15.40.54:149][663]Cmd: TRANSACTION UNDO
[2016.03.24-15.40.54:149][663]LogEditorTransaction: Undo Delete selection
[2016.03.24-15.40.54:681][706]Cmd: TRANSACTION UNDO
[2016.03.24-15.40.54:681][706]LogEditorTransaction: Undo Delete selection
[2016.03.24-15.40.55:124][741]Cmd: TRANSACTION UNDO
[2016.03.24-15.40.55:124][741]LogEditorTransaction: Undo Landscape Editing: Add ramp
[2016.03.24-15.40.55:130][741]LogMaterial: 0.000179 seconds spent updating 1 materials, 1 interfaces, 1 instances, 0 with static permutations.
[2016.03.24-15.40.55:131][741]LogMaterial: 0.000134 seconds spent updating 1 materials, 1 interfaces, 1 instances, 0 with static permutations.
[2016.03.24-15.41.25:389][438]Cmd: TRANSACTION UNDO
[2016.03.24-15.41.25:389][438]LogEditorTransaction: Undo Landscape Editing: Sculpt
[2016.03.24-15.41.25:390][438]LogMaterial: 0.000057 seconds spent updating 1 materials, 1 interfaces, 1 instances, 0 with static permutations.
[2016.03.24-15.41.25:391][438]LogMaterial: 0.000042 seconds spent updating 1 materials, 1 interfaces, 1 instances, 0 with static permutations.
[2016.03.24-15.42.35:279][196]Cmd: TRANSACTION UNDO
[2016.03.24-15.42.35:279][196]LogEditorTransaction: Undo Landscape Editing: Sculpt
[2016.03.24-15.42.35:283][196]LogMaterial: 0.000062 seconds spent updating 1 materials, 1 interfaces, 1 instances, 0 with static permutations.
[2016.03.24-15.42.35:284][196]LogMaterial: 0.000061 seconds spent updating 1 materials, 1 interfaces, 1 instances, 0 with static permutations.
[2016.03.24-15.42.35:284][196]LogMaterial: 0.000064 seconds spent updating 1 materials, 1 interfaces, 1 instances, 0 with static permutations.
[2016.03.24-15.42.35:285][196]LogMaterial: 0.000055 seconds spent updating 1 materials, 1 interfaces, 1 instances, 0 with static permutations.
[2016.03.24-15.42.35:285][196]LogMaterial: 0.000082 seconds spent updating 1 materials, 1 interfaces, 1 instances, 0 with static permutations.
[2016.03.24-15.42.35:286][196]LogMaterial: 0.000066 seconds spent updating 1 materials, 1 interfaces, 1 instances, 0 with static permutations.
[2016.03.24-15.42.35:286][196]LogMaterial: 0.000067 seconds spent updating 1 materials, 1 interfaces, 1 instances, 0 with static permutations.
[2016.03.24-15.42.35:287][196]LogTexture:Display: Building textures: Texture2D_3 (BGRA8)
[2016.03.24-15.42.35:298][196]LogMaterial: 0.000166 seconds spent updating 1 materials, 1 interfaces, 1 instances, 0 with static permutations.
[2016.03.24-15.42.35:300][196]LogMaterial: 0.000081 seconds spent updating 1 materials, 1 interfaces, 1 instances, 0 with static permutations.
[2016.03.24-15.42.35:300][196]LogMaterial: 0.000093 seconds spent updating 1 materials, 1 interfaces, 1 instances, 0 with static permutations.
[2016.03.24-15.42.35:301][196]LogMaterial: 0.000069 seconds spent updating 1 materials, 1 interfaces, 1 instances, 0 with static permutations.
[2016.03.24-15.42.35:302][196]LogMaterial: 0.000073 seconds spent updating 1 materials, 1 interfaces, 1 instances, 0 with static permutations.
[2016.03.24-15.42.35:303][196]LogMaterial: 0.000068 seconds spent updating 1 materials, 1 interfaces, 1 instances, 0 with static permutations.
[2016.03.24-15.42.35:303][196]LogMaterial: 0.000225 seconds spent updating 1 materials, 1 interfaces, 1 instances, 0 with static permutations.
[2016.03.24-15.42.35:304][196]LogMaterial: 0.000092 seconds spent updating 1 materials, 1 interfaces, 1 instances, 0 with static permutations.
[2016.03.24-15.42.35:305][196]LogMaterial: 0.000068 seconds spent updating 1 materials, 1 interfaces, 1 instances, 0 with static permutations.
[2016.03.24-15.42.35:306][196]LogMaterial: 0.000151 seconds spent updating 1 materials, 1 interfaces, 1 instances, 0 with static permutations.
[2016.03.24-15.42.35:307][196]LogMaterial: 0.000099 seconds spent updating 1 materials, 1 interfaces, 1 instances, 0 with static permutations.
[2016.03.24-15.42.35:308][196]LogMaterial: 0.000066 seconds spent updating 1 materials, 1 interfaces, 1 instances, 0 with static permutations.
[2016.03.24-15.42.52:536][550]Cmd: TRANSACTION UNDO
[2016.03.24-15.42.52:536][550]LogEditorTransaction: Undo Landscape Editing: Sculpt
[2016.03.24-15.42.52:546][550]LogMaterial: 0.000064 seconds spent updating 1 materials, 1 interfaces, 1 instances, 0 with static permutations.
[2016.03.24-15.42.52:548][550]LogMaterial: 0.000060 seconds spent updating 1 materials, 1 interfaces, 1 instances, 0 with static permutations.
[2016.03.24-15.42.52:549][550]LogMaterial: 0.000063 seconds spent updating 1 materials, 1 interfaces, 1 instances, 0 with static permutations.
[2016.03.24-15.42.52:549][550]LogMaterial: 0.000078 seconds spent updating 1 materials, 1 interfaces, 1 instances, 0 with static permutations.
[2016.03.24-15.42.52:550][550]LogMaterial: 0.000083 seconds spent updating 1 materials, 1 interfaces, 1 instances, 0 with static permutations.
[2016.03.24-15.42.52:550][550]LogMaterial: 0.000083 seconds spent updating 1 materials, 1 interfaces, 1 instances, 0 with static permutations.
[2016.03.24-15.42.52:551][550]LogMaterial: 0.000143 seconds spent updating 1 materials, 1 interfaces, 1 instances, 0 with static permutations.
[2016.03.24-15.42.52:552][550]LogTexture:Display: Building textures: Texture2D_3 (BGRA8)
[2016.03.24-15.42.52:563][550]LogMaterial: 0.000141 seconds spent updating 1 materials, 1 interfaces, 1 instances, 0 with static permutations.
[2016.03.24-15.42.52:564][550]LogMaterial: 0.000112 seconds spent updating 1 materials, 1 interfaces, 1 instances, 0 with static permutations.
[2016.03.24-15.42.52:565][550]LogMaterial: 0.000073 seconds spent updating 1 materials, 1 interfaces, 1 instances, 0 with static permutations.
[2016.03.24-15.42.52:566][550]LogMaterial: 0.000067 seconds spent updating 1 materials, 1 interfaces, 1 instances, 0 with static permutations.
[2016.03.24-15.42.52:567][550]LogMaterial: 0.000068 seconds spent updating 1 materials, 1 interfaces, 1 instances, 0 with static permutations.
[2016.03.24-15.42.52:567][550]LogMaterial: 0.000145 seconds spent updating 1 materials, 1 interfaces, 1 instances, 0 with static permutations.
[2016.03.24-15.42.52:568][550]LogMaterial: 0.000145 seconds spent updating 1 materials, 1 interfaces, 1 instances, 0 with static permutations.
[2016.03.24-15.42.52:569][550]LogMaterial: 0.000105 seconds spent updating 1 materials, 1 interfaces, 1 instances, 0 with static permutations.
[2016.03.24-15.42.52:569][550]LogMaterial: 0.000145 seconds spent updating 1 materials, 1 interfaces, 1 instances, 0 with static permutations.
[2016.03.24-15.42.52:570][550]LogMaterial: 0.000144 seconds spent updating 1 materials, 1 interfaces, 1 instances, 0 with static permutations.
[2016.03.24-15.42.52:571][550]LogMaterial: 0.000114 seconds spent updating 1 materials, 1 interfaces, 1 instances, 0 with static permutations.
[2016.03.24-15.42.52:572][550]LogMaterial: 0.000083 seconds spent updating 1 materials, 1 interfaces, 1 instances, 0 with static permutations.
[2016.03.24-15.42.52:572][550]LogMaterial: 0.000150 seconds spent updating 1 materials, 1 interfaces, 1 instances, 0 with static permutations.
[2016.03.24-15.42.52:573][550]LogMaterial: 0.000146 seconds spent updating 1 materials, 1 interfaces, 1 instances, 0 with static permutations.
[2016.03.24-15.42.52:573][550]LogMaterial: 0.000142 seconds spent updating 1 materials, 1 interfaces, 1 instances, 0 with static permutations.
[2016.03.24-15.42.52:574][550]LogMaterial: 0.000139 seconds spent updating 1 materials, 1 interfaces, 1 instances, 0 with static permutations.
[2016.03.24-15.42.52:576][550]LogMaterial: 0.000101 seconds spent updating 1 materials, 1 interfaces, 1 instances, 0 with static permutations.
[2016.03.24-15.42.52:576][550]LogMaterial: 0.000141 seconds spent updating 1 materials, 1 interfaces, 1 instances, 0 with static permutations.
[2016.03.24-15.42.52:577][550]LogMaterial: 0.000138 seconds spent updating 1 materials, 1 interfaces, 1 instances, 0 with static permutations.
[2016.03.24-15.42.53:020][576]Cmd: TRANSACTION UNDO
[2016.03.24-15.42.53:020][576]LogEditorTransaction: Undo Landscape Editing: Sculpt
[2016.03.24-15.42.53:032][576]LogMaterial: 0.000209 seconds spent updating 1 materials, 1 interfaces, 1 instances, 0 with static permutations.
[2016.03.24-15.42.53:033][576]LogMaterial: 0.000084 seconds spent updating 1 materials, 1 interfaces, 1 instances, 0 with static permutations.
[2016.03.24-15.42.53:033][576]LogMaterial: 0.000073 seconds spent updating 1 materials, 1 interfaces, 1 instances, 0 with static permutations.
[2016.03.24-15.42.53:034][576]LogMaterial: 0.000073 seconds spent updating 1 materials, 1 interfaces, 1 instances, 0 with static permutations.
[2016.03.24-15.42.53:034][576]LogMaterial: 0.000105 seconds spent updating 1 materials, 1 interfaces, 1 instances, 0 with static permutations.
[2016.03.24-15.42.53:035][576]LogMaterial: 0.000102 seconds spent updating 1 materials, 1 interfaces, 1 instances, 0 with static permutations.
[2016.03.24-15.42.53:036][576]LogTexture:Display: Building textures: Texture2D_3 (BGRA8)
[2016.03.24-15.42.53:046][576]LogMaterial: 0.000077 seconds spent updating 1 materials, 1 interfaces, 1 instances, 0 with static permutations.
[2016.03.24-15.42.53:047][576]LogMaterial: 0.000101 seconds spent updating 1 materials, 1 interfaces, 1 instances, 0 with static permutations.
[2016.03.24-15.42.53:048][576]LogMaterial: 0.000125 seconds spent updating 1 materials, 1 interfaces, 1 instances, 0 with static permutations.
[2016.03.24-15.42.53:049][576]LogMaterial: 0.000118 seconds spent updating 1 materials, 1 interfaces, 1 instances, 0 with static permutations.
[2016.03.24-15.42.53:049][576]LogMaterial: 0.000051 seconds spent updating 1 materials, 1 interfaces, 1 instances, 0 with static permutations.
[2016.03.24-15.42.53:050][576]LogMaterial: 0.000029 seconds spent updating 1 materials, 1 interfaces, 1 instances, 0 with static permutations.
[2016.03.24-15.42.53:051][576]LogMaterial: 0.000077 seconds spent updating 1 materials, 1 interfaces, 1 instances, 0 with static permutations.
[2016.03.24-15.42.53:052][576]LogMaterial: 0.000078 seconds spent updating 1 materials, 1 interfaces, 1 instances, 0 with static permutations.
[2016.03.24-15.42.53:052][576]LogMaterial: 0.000086 seconds spent updating 1 materials, 1 interfaces, 1 instances, 0 with static permutations.
[2016.03.24-15.42.53:053][576]LogMaterial: 0.000086 seconds spent updating 1 materials, 1 interfaces, 1 instances, 0 with static permutations.
[2016.03.24-15.42.53:053][576]LogMaterial: 0.000141 seconds spent updating 1 materials, 1 interfaces, 1 instances, 0 with static permutations.
[2016.03.24-15.42.53:055][576]LogMaterial: 0.000060 seconds spent updating 1 materials, 1 interfaces, 1 instances, 0 with static permutations.
[2016.03.24-15.43.10:388][952]LogEditorViewport: Clicking on Actor (double click): Landscape (Landscape)
[2016.03.24-15.45.00:459][820]LogActorComponent: UnregisterComponent: (/Engine/Transient.SphereBrushComponent) Not registered. Aborting.
[2016.03.24-15.45.20:340][570]Cmd: TRANSACTION UNDO
[2016.03.24-15.45.20:340][570]LogEditorTransaction: Undo Landscape Editing: Sculpt
[2016.03.24-15.45.20:345][570]LogTexture:Display: Building textures: Texture2D_3 (BGRA8)
[2016.03.24-15.45.20:356][570]LogMaterial: 0.000132 seconds spent updating 1 materials, 1 interfaces, 1 instances, 0 with static permutations.
[2016.03.24-15.45.20:356][570]LogMaterial: 0.000070 seconds spent updating 1 materials, 1 interfaces, 1 instances, 0 with static permutations.
[2016.03.24-15.45.20:357][570]LogMaterial: 0.000069 seconds spent updating 1 materials, 1 interfaces, 1 instances, 0 with static permutations.
[2016.03.24-15.45.20:358][570]LogMaterial: 0.000064 seconds spent updating 1 materials, 1 interfaces, 1 instances, 0 with static permutations.
[2016.03.24-15.45.20:592][570]PIE:Warning: Warning AttachTo: '/Game/FirstPersonBP/Maps/FirstPersonExampleMap.FirstPersonExampleMap:PersistentLevel.LandscapeGizmoActiveActor_0.GizmoRendererComponent0' is not static , cannot attach '/Game/FirstPersonBP/Maps/FirstPersonExampleMap.FirstPersonExampleMap:PersistentLevel.LandscapeGizmoActiveActor_0.RootComponent0' which is static to it. Aborting.
[2016.03.24-15.45.32:849][598]Cmd: TRANSACTION UNDO
[2016.03.24-15.45.32:849][598]LogEditorTransaction: Undo Landscape Editing: Sculpt
[2016.03.24-15.45.32:852][598]LogMaterial: 0.000048 seconds spent updating 1 materials, 1 interfaces, 1 instances, 0 with static permutations.
[2016.03.24-15.45.32:853][598]LogMaterial: 0.000040 seconds spent updating 1 materials, 1 interfaces, 1 instances, 0 with static permutations.
[2016.03.24-15.45.32:854][598]LogMaterial: 0.000102 seconds spent updating 1 materials, 1 interfaces, 1 instances, 0 with static permutations.
[2016.03.24-15.45.32:855][598]LogMaterial: 0.000051 seconds spent updating 1 materials, 1 interfaces, 1 instances, 0 with static permutations.
[2016.03.24-15.45.32:855][598]LogTexture:Display: Building textures: Texture2D_3 (BGRA8)
[2016.03.24-15.45.32:865][598]LogMaterial: 0.000084 seconds spent updating 1 materials, 1 interfaces, 1 instances, 0 with static permutations.
[2016.03.24-15.45.32:866][598]LogMaterial: 0.000108 seconds spent updating 1 materials, 1 interfaces, 1 instances, 0 with static permutations.
[2016.03.24-15.45.32:867][598]LogMaterial: 0.000085 seconds spent updating 1 materials, 1 interfaces, 1 instances, 0 with static permutations.
[2016.03.24-15.45.32:867][598]LogMaterial: 0.000142 seconds spent updating 1 materials, 1 interfaces, 1 instances, 0 with static permutations.
[2016.03.24-15.45.32:868][598]LogMaterial: 0.000089 seconds spent updating 1 materials, 1 interfaces, 1 instances, 0 with static permutations.
[2016.03.24-15.45.32:873][598]PIE:Warning: Warning AttachTo: '/Game/FirstPersonBP/Maps/FirstPersonExampleMap.FirstPersonExampleMap:PersistentLevel.LandscapeGizmoActiveActor_0.GizmoRendererComponent0' is not static , cannot attach '/Game/FirstPersonBP/Maps/FirstPersonExampleMap.FirstPersonExampleMap:PersistentLevel.LandscapeGizmoActiveActor_0.RootComponent0' which is static to it. Aborting.
[2016.03.24-15.45.42:683][406]Cmd: TRANSACTION UNDO
[2016.03.24-15.45.42:683][406]LogEditorTransaction: Undo Landscape Editing: Sculpt
[2016.03.24-15.45.42:685][406]LogMaterial: 0.000081 seconds spent updating 1 materials, 1 interfaces, 1 instances, 0 with static permutations.
[2016.03.24-15.45.42:689][406]LogMaterial: 0.000047 seconds spent updating 1 materials, 1 interfaces, 1 instances, 0 with static permutations.
[2016.03.24-15.45.42:689][406]LogMaterial: 0.000087 seconds spent updating 1 materials, 1 interfaces, 1 instances, 0 with static permutations.
[2016.03.24-15.45.42:690][406]LogMaterial: 0.000064 seconds spent updating 1 materials, 1 interfaces, 1 instances, 0 with static permutations.
[2016.03.24-15.45.42:691][406]LogMaterial: 0.000086 seconds spent updating 1 materials, 1 interfaces, 1 instances, 0 with static permutations.
[2016.03.24-15.45.42:692][406]LogMaterial: 0.000071 seconds spent updating 1 materials, 1 interfaces, 1 instances, 0 with static permutations.
[2016.03.24-15.45.42:692][406]LogMaterial: 0.000115 seconds spent updating 1 materials, 1 interfaces, 1 instances, 0 with static permutations.
[2016.03.24-15.45.42:697][406]PIE:Warning: Warning AttachTo: '/Game/FirstPersonBP/Maps/FirstPersonExampleMap.FirstPersonExampleMap:PersistentLevel.LandscapeGizmoActiveActor_0.GizmoRendererComponent0' is not static , cannot attach '/Game/FirstPersonBP/Maps/FirstPersonExampleMap.FirstPersonExampleMap:PersistentLevel.LandscapeGizmoActiveActor_0.RootComponent0' which is static to it. Aborting.
[2016.03.24-15.47.49:339][368]LogEditor: Attempting to add actor of class 'LevelBounds' to level at -12130.00,4320.00,650.00
[2016.03.24-15.47.49:943][412]LogEditor: Attempting to add actor of class 'LevelBounds' to level at -3050.00,9270.00,100.00
[2016.03.24-15.48.19:273][899]Cmd: TRANSACTION UNDO
[2016.03.24-15.48.19:273][899]LogEditorTransaction: Undo Scale Actors
[2016.03.24-15.48.19:737][931]Cmd: TRANSACTION UNDO
[2016.03.24-15.48.19:737][931]LogEditorTransaction: Undo Move Actors
[2016.03.24-15.48.21:256][ 58]Cmd: TRANSACTION UNDO
[2016.03.24-15.48.21:256][ 58]LogEditorTransaction: Undo Create Actors
[2016.03.24-15.49.11:045][343]Cmd: TRANSACTION UNDO
[2016.03.24-15.49.11:045][343]LogEditorTransaction: Undo Landscape Editing: Sculpt
[2016.03.24-15.49.11:056][343]LogTexture:Display: Building textures: Texture2D_3 (BGRA8)
[2016.03.24-15.49.11:072][343]LogMaterial: 0.000043 seconds spent updating 1 materials, 1 interfaces, 1 instances, 0 with static permutations.
[2016.03.24-15.49.11:073][343]LogMaterial: 0.000035 seconds spent updating 1 materials, 1 interfaces, 1 instances, 0 with static permutations.
[2016.03.24-15.49.11:074][343]LogMaterial: 0.000069 seconds spent updating 1 materials, 1 interfaces, 1 instances, 0 with static permutations.
[2016.03.24-15.49.11:075][343]LogMaterial: 0.000072 seconds spent updating 1 materials, 1 interfaces, 1 instances, 0 with static permutations.
[2016.03.24-15.49.11:081][343]PIE:Warning: Warning AttachTo: '/Game/FirstPersonBP/Maps/FirstPersonExampleMap.FirstPersonExampleMap:PersistentLevel.LandscapeGizmoActiveActor_0.GizmoRendererComponent0' is not static , cannot attach '/Game/FirstPersonBP/Maps/FirstPersonExampleMap.FirstPersonExampleMap:PersistentLevel.LandscapeGizmoActiveActor_0.RootComponent0' which is static to it. Aborting.
[2016.03.24-15.49.30:492][ 19]Cmd: TRANSACTION UNDO
[2016.03.24-15.49.30:492][ 19]LogEditorTransaction: Undo Landscape Editing: Sculpt
[2016.03.24-15.49.30:495][ 19]LogTexture:Display: Building textures: Texture2D_3 (BGRA8)
[2016.03.24-15.49.30:505][ 19]LogMaterial: 0.000106 seconds spent updating 1 materials, 1 interfaces, 1 instances, 0 with static permutations.
[2016.03.24-15.49.30:506][ 19]LogMaterial: 0.000158 seconds spent updating 1 materials, 1 interfaces, 1 instances, 0 with static permutations.
[2016.03.24-15.49.30:507][ 19]LogMaterial: 0.000112 seconds spent updating 1 materials, 1 interfaces, 1 instances, 0 with static permutations.
[2016.03.24-15.49.30:508][ 19]LogMaterial: 0.000147 seconds spent updating 1 materials, 1 interfaces, 1 instances, 0 with static permutations.
[2016.03.24-15.49.30:513][ 19]PIE:Warning: Warning AttachTo: '/Game/FirstPersonBP/Maps/FirstPersonExampleMap.FirstPersonExampleMap:PersistentLevel.LandscapeGizmoActiveActor_0.GizmoRendererComponent0' is not static , cannot attach '/Game/FirstPersonBP/Maps/FirstPersonExampleMap.FirstPersonExampleMap:PersistentLevel.LandscapeGizmoActiveActor_0.RootComponent0' which is static to it. Aborting.
[2016.03.24-15.49.31:427][ 82]Cmd: TRANSACTION UNDO
[2016.03.24-15.49.31:427][ 82]LogEditorTransaction: Undo Landscape Editing: Sculpt
[2016.03.24-15.49.31:433][ 82]LogTexture:Display: Building textures: Texture2D_3 (BGRA8)
[2016.03.24-15.49.31:445][ 82]LogMaterial: 0.000073 seconds spent updating 1 materials, 1 interfaces, 1 instances, 0 with static permutations.
[2016.03.24-15.49.31:446][ 82]LogMaterial: 0.000083 seconds spent updating 1 materials, 1 interfaces, 1 instances, 0 with static permutations.
[2016.03.24-15.49.31:447][ 82]LogMaterial: 0.000067 seconds spent updating 1 materials, 1 interfaces, 1 instances, 0 with static permutations.
[2016.03.24-15.49.31:448][ 82]LogMaterial: 0.000149 seconds spent updating 1 materials, 1 interfaces, 1 instances, 0 with static permutations.
[2016.03.24-15.49.31:449][ 82]LogMaterial: 0.000058 seconds spent updating 1 materials, 1 interfaces, 1 instances, 0 with static permutations.
[2016.03.24-15.49.31:455][ 82]PIE:Warning: Warning AttachTo: '/Game/FirstPersonBP/Maps/FirstPersonExampleMap.FirstPersonExampleMap:PersistentLevel.LandscapeGizmoActiveActor_0.GizmoRendererComponent0' is not static , cannot attach '/Game/FirstPersonBP/Maps/FirstPersonExampleMap.FirstPersonExampleMap:PersistentLevel.LandscapeGizmoActiveActor_0.RootComponent0' which is static to it. Aborting.
[2016.03.24-15.49.32:135][140]Cmd: TRANSACTION UNDO
[2016.03.24-15.49.32:135][140]LogEditorTransaction: Undo Landscape Editing: Sculpt
[2016.03.24-15.49.32:138][140]LogMaterial: 0.000043 seconds spent updating 1 materials, 1 interfaces, 1 instances, 0 with static permutations.
[2016.03.24-15.49.32:140][140]LogTexture:Display: Building textures: Texture2D_3 (BGRA8)
[2016.03.24-15.49.32:150][140]LogMaterial: 0.000056 seconds spent updating 1 materials, 1 interfaces, 1 instances, 0 with static permutations.
[2016.03.24-15.49.32:151][140]LogMaterial: 0.000073 seconds spent updating 1 materials, 1 interfaces, 1 instances, 0 with static permutations.
[2016.03.24-15.49.32:152][140]LogMaterial: 0.000059 seconds spent updating 1 materials, 1 interfaces, 1 instances, 0 with static permutations.
[2016.03.24-15.49.32:153][140]LogMaterial: 0.000060 seconds spent updating 1 materials, 1 interfaces, 1 instances, 0 with static permutations.
[2016.03.24-15.49.32:158][140]PIE:Warning: Warning AttachTo: '/Game/FirstPersonBP/Maps/FirstPersonExampleMap.FirstPersonExampleMap:PersistentLevel.LandscapeGizmoActiveActor_0.GizmoRendererComponent0' is not static , cannot attach '/Game/FirstPersonBP/Maps/FirstPersonExampleMap.FirstPersonExampleMap:PersistentLevel.LandscapeGizmoActiveActor_0.RootComponent0' which is static to it. Aborting.
[2016.03.24-15.49.33:177][227]Cmd: TRANSACTION UNDO
[2016.03.24-15.49.33:177][227]LogEditorTransaction: Undo Landscape Editing: Sculpt
[2016.03.24-15.49.33:182][227]LogMaterial: 0.000054 seconds spent updating 1 materials, 1 interfaces, 1 instances, 0 with static permutations.
[2016.03.24-15.49.33:183][227]LogMaterial: 0.000057 seconds spent updating 1 materials, 1 interfaces, 1 instances, 0 with static permutations.
[2016.03.24-15.49.33:183][227]LogMaterial: 0.000069 seconds spent updating 1 materials, 1 interfaces, 1 instances, 0 with static permutations.
[2016.03.24-15.49.33:184][227]LogMaterial: 0.000066 seconds spent updating 1 materials, 1 interfaces, 1 instances, 0 with static permutations.
[2016.03.24-15.49.33:188][227]PIE:Warning: Warning AttachTo: '/Game/FirstPersonBP/Maps/FirstPersonExampleMap.FirstPersonExampleMap:PersistentLevel.LandscapeGizmoActiveActor_0.GizmoRendererComponent0' is not static , cannot attach '/Game/FirstPersonBP/Maps/FirstPersonExampleMap.FirstPersonExampleMap:PersistentLevel.LandscapeGizmoActiveActor_0.RootComponent0' which is static to it. Aborting.
[2016.03.24-15.49.33:843][284]Cmd: TRANSACTION UNDO
[2016.03.24-15.49.33:843][284]LogEditorTransaction: Undo Edit Brush Size
[2016.03.24-15.49.33:855][284]PIE:Warning: Warning AttachTo: '/Game/FirstPersonBP/Maps/FirstPersonExampleMap.FirstPersonExampleMap:PersistentLevel.LandscapeGizmoActiveActor_0.GizmoRendererComponent0' is not static , cannot attach '/Game/FirstPersonBP/Maps/FirstPersonExampleMap.FirstPersonExampleMap:PersistentLevel.LandscapeGizmoActiveActor_0.RootComponent0' which is static to it. Aborting.
[2016.03.24-15.49.47:277][443]LogEditorViewport: Clicking on Actor (double click): Landscape (Landscape)
[2016.03.24-15.49.48:176][522]LogEditorViewport: Clicking on Actor (double click): Landscape (Landscape)
[2016.03.24-15.49.51:063][772]Cmd: TRANSACTION UNDO
[2016.03.24-15.49.51:063][772]LogEditorTransaction: Undo Landscape Editing: Sculpt
[2016.03.24-15.49.51:066][772]LogMaterial: 0.000124 seconds spent updating 1 materials, 1 interfaces, 1 instances, 0 with static permutations.
[2016.03.24-15.49.51:067][772]LogTexture:Display: Building textures: Texture2D_3 (BGRA8)
[2016.03.24-15.51.41:898][915]Cmd: TRANSACTION UNDO
[2016.03.24-15.51.41:898][915]LogEditorTransaction: Undo Landscape Editing: Sculpt
[2016.03.24-15.51.41:943][915]LogTexture:Display: Building textures: Texture2D_3 (BGRA8)
[2016.03.24-15.51.41:956][915]LogMaterial: 0.000071 seconds spent updating 1 materials, 1 interfaces, 1 instances, 0 with static permutations.
[2016.03.24-15.51.41:957][915]LogMaterial: 0.000066 seconds spent updating 1 materials, 1 interfaces, 1 instances, 0 with static permutations.
[2016.03.24-15.51.41:958][915]LogMaterial: 0.000145 seconds spent updating 1 materials, 1 interfaces, 1 instances, 0 with static permutations.
[2016.03.24-15.51.41:959][915]LogMaterial: 0.000117 seconds spent updating 1 materials, 1 interfaces, 1 instances, 0 with static permutations.
[2016.03.24-15.51.41:960][915]LogMaterial: 0.000055 seconds spent updating 1 materials, 1 interfaces, 1 instances, 0 with static permutations.
[2016.03.24-15.51.41:961][915]LogMaterial: 0.000098 seconds spent updating 1 materials, 1 interfaces, 1 instances, 0 with static permutations.
[2016.03.24-15.53.18:837][716]Cmd: TRANSACTION UNDO
[2016.03.24-15.53.18:837][716]LogEditorTransaction: Undo Landscape Editing: Sculpt
[2016.03.24-15.53.18:844][716]LogMaterial: 0.000077 seconds spent updating 1 materials, 1 interfaces, 1 instances, 0 with static permutations.
[2016.03.24-15.53.18:845][716]LogMaterial: 0.000128 seconds spent updating 1 materials, 1 interfaces, 1 instances, 0 with static permutations.
[2016.03.24-15.53.18:846][716]LogTexture:Display: Building textures: Texture2D_3 (BGRA8)
[2016.03.24-15.53.59:502][153]LogActorComponent: UnregisterComponent: (/Engine/Transient.CharMoveComp) Not registered. Aborting.
[2016.03.24-15.53.59:502][153]LogActorComponent: UnregisterComponent: (/Engine/Transient.ProjectileMovementComponent_40__A6522401) Not registered. Aborting.
[2016.03.24-15.53.59:502][153]LogActorComponent: UnregisterComponent: (/Engine/Transient.MovementComponent0) Not registered. Aborting.
[2016.03.24-15.53.59:877][153]LogTexture:Display: Building textures: Texture2D_3 (BGRA8)
[2016.03.24-15.54.00:236][153]LogSavePackage: Save=389.490570ms
[2016.03.24-15.54.00:236][153]LogSavePackage: Moving '../../../../../../Patrick's Stuff/Targets/Targets/Saved/FirstPersonExampleMap76077969462213360A7C1AB4F68DC979.tmp' to '../../../../../../Patrick's Stuff/Targets/Targets/Content/FirstPersonBP/Maps/FirstPersonExampleMap.umap'
[2016.03.24-15.54.00:245][153]LogSavePackage: Total save time: 410.737373ms
[2016.03.24-15.54.00:245][153]LogSavePackage:Display: Finished SavePackage ../../../../../../Patrick's Stuff/Targets/Targets/Content/FirstPersonBP/Maps/FirstPersonExampleMap.umap
[2016.03.24-15.54.00:309][153]LogFileHelpers: Saving map 'FirstPersonExampleMap' took 0.740
[2016.03.24-15.54.21:269][  2]LogEditorViewport: Clicking on Actor (double click): Landscape (Landscape)
[2016.03.24-15.54.44:040][859]LogEditorViewport: Clicking on Actor (double click): Landscape (Landscape)
[2016.03.24-15.55.01:501][267]LogBlueprintUserMessages: Early PlayInEditor Detection: Level '/Game/FirstPersonBP/Maps/FirstPersonExampleMap.FirstPersonExampleMap:PersistentLevel' has LevelScriptBlueprint '/Game/FirstPersonBP/Maps/FirstPersonExampleMap.FirstPersonExampleMap:PersistentLevel.FirstPersonExampleMap' with GeneratedClass '/Game/FirstPersonBP/Maps/FirstPersonExampleMap.FirstPersonExampleMap_C' with ClassGeneratedBy '/Game/FirstPersonBP/Maps/FirstPersonExampleMap.FirstPersonExampleMap:PersistentLevel.FirstPersonExampleMap'
[2016.03.24-15.55.01:502][267]LogPlayLevel: PlayLevel: No blueprints needed recompiling
[2016.03.24-15.55.01:502][267]PIE: New page: PIE session: FirstPersonExampleMap (Mar 24, 2016, 7:55:01 AM)
[2016.03.24-15.55.01:502][267]LogPlayLevel: Creating play world package: /Game/FirstPersonBP/Maps/UEDPIE_0_FirstPersonExampleMap
[2016.03.24-15.55.01:562][267]LogPlayLevel: PIE: StaticDuplicateObject took: (0.060425s)
[2016.03.24-15.55.01:563][267]LogAIModule: Creating AISystem for world FirstPersonExampleMap
[2016.03.24-15.55.01:563][267]LogPlayLevel: PIE: World Init took: (0.000819s)
[2016.03.24-15.55.01:563][267]LogPlayLevel: PIE: Created PIE world by copying editor world from /Game/FirstPersonBP/Maps/FirstPersonExampleMap.FirstPersonExampleMap to /Game/FirstPersonBP/Maps/UEDPIE_0_FirstPersonExampleMap.FirstPersonExampleMap (0.061472s)
[2016.03.24-15.55.01:575][267]LogInit: XAudio2 using 'Speakers (Realtek High Definition Audio)' : 2 channels at 48 kHz using 32 bits per sample (channel mask 0x3)
[2016.03.24-15.55.01:584][267]LogInit: FAudioDevice initialized.
[2016.03.24-15.55.01:643][267]LogLinker:Warning: Asset '../../../../../../Patrick's Stuff/Targets/Targets/Content/FirstPersonBP/Blueprints/FirstPersonHUD.uasset' has been saved with empty engine version. The asset will be loaded but may be incompatible.
[2016.03.24-15.55.01:660][267]LogWorld: Game class is 'FirstPersonGameMode_C'
[2016.03.24-15.55.01:672][267]LogWorld: Bringing World /Game/FirstPersonBP/Maps/UEDPIE_0_FirstPersonExampleMap.FirstPersonExampleMap up for play (max tick rate 0) at 2016.03.24-11.55.01
[2016.03.24-15.55.01:672][267]LogActor:Warning: GameSession /Game/FirstPersonBP/Maps/UEDPIE_0_FirstPersonExampleMap.FirstPersonExampleMap:PersistentLevel.GameSession_0 has natively added scene component(s), but none of them were set as the actor's RootComponent - picking one arbitrarily
[2016.03.24-15.55.01:673][267]LogActor:Warning: GameNetworkManager /Game/FirstPersonBP/Maps/UEDPIE_0_FirstPersonExampleMap.FirstPersonExampleMap:PersistentLevel.GameNetworkManager_0 has natively added scene component(s), but none of them were set as the actor's RootComponent - picking one arbitrarily
[2016.03.24-15.55.01:674][267]LogWorld: Bringing up level for play took: 0.011962
[2016.03.24-15.55.01:675][267]PIE: Info Play in editor start time for /Game/FirstPersonBP/Maps/UEDPIE_0_FirstPersonExampleMap -0.51
[2016.03.24-15.55.01:675][267]LogBlueprintUserMessages: Late PlayInEditor Detection: Level '/Game/FirstPersonBP/Maps/FirstPersonExampleMap.FirstPersonExampleMap:PersistentLevel' has LevelScriptBlueprint '/Game/FirstPersonBP/Maps/FirstPersonExampleMap.FirstPersonExampleMap:PersistentLevel.FirstPersonExampleMap' with GeneratedClass '/Game/FirstPersonBP/Maps/FirstPersonExampleMap.FirstPersonExampleMap_C' with ClassGeneratedBy '/Game/FirstPersonBP/Maps/FirstPersonExampleMap.FirstPersonExampleMap:PersistentLevel.FirstPersonExampleMap'
[2016.03.24-15.55.30:634][865]LogBlueprintUserMessages: Early EndPlayMap Detection: Level '/Game/FirstPersonBP/Maps/FirstPersonExampleMap.FirstPersonExampleMap:PersistentLevel' has LevelScriptBlueprint '/Game/FirstPersonBP/Maps/FirstPersonExampleMap.FirstPersonExampleMap:PersistentLevel.FirstPersonExampleMap' with GeneratedClass '/Game/FirstPersonBP/Maps/FirstPersonExampleMap.FirstPersonExampleMap_C' with ClassGeneratedBy '/Game/FirstPersonBP/Maps/FirstPersonExampleMap.FirstPersonExampleMap:PersistentLevel.FirstPersonExampleMap'
[2016.03.24-15.55.30:678][865]LogBlueprintUserMessages: Late EndPlayMap Detection: Level '/Game/FirstPersonBP/Maps/FirstPersonExampleMap.FirstPersonExampleMap:PersistentLevel' has LevelScriptBlueprint '/Game/FirstPersonBP/Maps/FirstPersonExampleMap.FirstPersonExampleMap:PersistentLevel.FirstPersonExampleMap' with GeneratedClass '/Game/FirstPersonBP/Maps/FirstPersonExampleMap.FirstPersonExampleMap_C' with ClassGeneratedBy '/Game/FirstPersonBP/Maps/FirstPersonExampleMap.FirstPersonExampleMap:PersistentLevel.FirstPersonExampleMap'
[2016.03.24-15.55.30:712][866]LogParticles: Destroying 0 GPU particle simulations for FXSystem 0x0000000635358FE0
[2016.03.24-15.56.10:730][240]LogTexture:Display: Building textures: Texture2D_3 (BGRA8)
[2016.03.24-15.56.11:225][240]LogSavePackage: Save=527.342773ms
[2016.03.24-15.56.11:225][240]LogSavePackage: Moving '../../../../../../Patrick's Stuff/Targets/Targets/Saved/FirstPersonExampleMap413B8E844092D06BB12E8382E1B81022.tmp' to '../../../../../../Patrick's Stuff/Targets/Targets/Content/FirstPersonBP/Maps/FirstPersonExampleMap.umap'
[2016.03.24-15.56.11:234][240]LogSavePackage: Total save time: 537.552077ms
[2016.03.24-15.56.11:234][240]LogSavePackage:Display: Finished SavePackage ../../../../../../Patrick's Stuff/Targets/Targets/Content/FirstPersonBP/Maps/FirstPersonExampleMap.umap
[2016.03.24-15.56.11:295][240]LogFileHelpers: Saving map 'FirstPersonExampleMap' took 0.758
[2016.03.24-15.56.13:266][388]Cmd: QUIT_EDITOR
[2016.03.24-15.56.13:361][388]LogWindowsTextInputMethodSystem:Display: IME system now deactivated.
[2016.03.24-15.56.13:425][388]LogExit: Preparing to exit.
[2016.03.24-15.56.13:961][388]LogExit: Editor shut down
[2016.03.24-15.56.13:962][388]LogExit: Transaction tracking system shut down
[2016.03.24-15.56.13:963][388]LogParticles: Destroying 0 GPU particle simulations for FXSystem 0x000000060BB9A700
[2016.03.24-15.56.13:964][388]LogParticles: Destroying 0 GPU particle simulations for FXSystem 0x000000062B13B880
[2016.03.24-15.56.13:964][388]LogParticles: Destroying 0 GPU particle simulations for FXSystem 0x00000006578736A0
[2016.03.24-15.56.13:964][388]LogParticles: Destroying 0 GPU particle simulations for FXSystem 0x000000065BEA8720
[2016.03.24-15.56.13:964][388]LogParticles: Destroying 0 GPU particle simulations for FXSystem 0x00000006452C6200
[2016.03.24-15.56.14:088][388]LogExit: Object subsystem successfully closed.
[2016.03.24-15.56.14:104][388]LogD3D11RHI: Shutdown
[2016.03.24-15.56.14:104][388]LogD3D11RHI: CleanupD3DDevice
[2016.03.24-15.56.14:167][388]LogD3D11RHI: ~FD3D11DynamicRHI
[2016.03.24-15.56.14:178][388]LogModuleManager: Shutting down and abandoning module CookingStats (200)
[2016.03.24-15.56.14:178][388]LogModuleManager: Shutting down and abandoning module WorldBrowser (199)
[2016.03.24-15.56.14:178][388]LogModuleManager: Shutting down and abandoning module CrashTracker (198)
[2016.03.24-15.56.14:178][388]LogModuleManager: Shutting down and abandoning module SceneOutliner (197)
[2016.03.24-15.56.14:178][388]LogModuleManager: Shutting down and abandoning module SuperSearch (196)
[2016.03.24-15.56.14:178][388]LogModuleManager: Shutting down and abandoning module WidgetCarousel (195)
[2016.03.24-15.56.14:178][388]LogModuleManager: Shutting down and abandoning module AddContentDialog (194)
[2016.03.24-15.56.14:179][388]LogModuleManager: Shutting down and abandoning module EditorWidgets (193)
[2016.03.24-15.56.14:179][388]LogModuleManager: Shutting down and abandoning module CollectionManager (192)
[2016.03.24-15.56.14:179][388]LogModuleManager: Shutting down and abandoning module StatsViewer (191)
[2016.03.24-15.56.14:179][388]LogModuleManager: Shutting down and abandoning module FoliageEdit (190)
[2016.03.24-15.56.14:179][388]LogModuleManager: Shutting down and abandoning module LandscapeEditor (189)
[2016.03.24-15.56.14:179][388]LogModuleManager: Shutting down and abandoning module ActorPickerMode (188)
[2016.03.24-15.56.14:179][388]LogModuleManager: Shutting down and abandoning module GeometryMode (187)
[2016.03.24-15.56.14:179][388]LogModuleManager: Shutting down and abandoning module TextureAlignMode (186)
[2016.03.24-15.56.14:179][388]LogModuleManager: Shutting down and abandoning module BspMode (185)
[2016.03.24-15.56.14:179][388]LogModuleManager: Shutting down and abandoning module PlacementMode (184)
[2016.03.24-15.56.14:179][388]LogModuleManager: Shutting down and abandoning module AutomationWorker (183)
[2016.03.24-15.56.14:179][388]LogModuleManager: Shutting down and abandoning module CharacterAI (182)
[2016.03.24-15.56.14:179][388]LogModuleManager: Shutting down and abandoning module SmartSnapping (181)
[2016.03.24-15.56.14:179][388]LogModuleManager: Shutting down and abandoning module ViewportSnapping (180)
[2016.03.24-15.56.14:179][388]LogModuleManager: Shutting down and abandoning module LogVisualizer (179)
[2016.03.24-15.56.14:179][388]LogModuleManager: Shutting down and abandoning module GameProjectGeneration (178)
[2016.03.24-15.56.14:179][388]LogModuleManager: Shutting down and abandoning module IntroTutorials (177)
[2016.03.24-15.56.14:179][388]LogModuleManager: Shutting down and abandoning module EditorLiveStreaming (176)
[2016.03.24-15.56.14:179][388]LogModuleManager: Shutting down and abandoning module IOSPlatformEditor (175)
[2016.03.24-15.56.14:179][388]LogModuleManager: Shutting down and abandoning module HTML5PlatformEditor (174)
[2016.03.24-15.56.14:179][388]LogModuleManager: Shutting down and abandoning module AndroidDeviceDetection (173)
[2016.03.24-15.56.15:012][388]LogModuleManager: Shutting down and abandoning module AndroidPlatformEditor (172)
[2016.03.24-15.56.15:012][388]LogModuleManager: Shutting down and abandoning module IOSRuntimeSettings (171)
[2016.03.24-15.56.15:012][388]LogModuleManager: Shutting down and abandoning module AndroidRuntimeSettings (170)
[2016.03.24-15.56.15:012][388]LogModuleManager: Shutting down and abandoning module MergeActors (169)
[2016.03.24-15.56.15:012][388]LogModuleManager: Shutting down and abandoning module SizeMap (168)
[2016.03.24-15.56.15:012][388]LogModuleManager: Shutting down and abandoning module TreeMap (167)
[2016.03.24-15.56.15:012][388]LogModuleManager: Shutting down and abandoning module ReferenceViewer (166)
[2016.03.24-15.56.15:012][388]LogModuleManager: Shutting down and abandoning module LocalizationService (165)
[2016.03.24-15.56.15:012][388]LogModuleManager: Shutting down and abandoning module LocalizationDashboard (164)
[2016.03.24-15.56.15:012][388]LogModuleManager: Shutting down and abandoning module HardwareTargeting (163)
[2016.03.24-15.56.15:012][388]LogModuleManager: Shutting down and abandoning module DeviceProfileEditor (162)
[2016.03.24-15.56.15:012][388]LogModuleManager: Shutting down and abandoning module UndoHistory (161)
[2016.03.24-15.56.15:012][388]LogModuleManager: Shutting down and abandoning module GameplayTagsEditor (160)
[2016.03.24-15.56.15:012][388]LogModuleManager: Shutting down and abandoning module UserFeedback (159)
[2016.03.24-15.56.15:012][388]LogModuleManager: Shutting down and abandoning module XmlParser (158)
[2016.03.24-15.56.15:012][388]LogModuleManager: Shutting down and abandoning module Blutility (157)
[2016.03.24-15.56.15:012][388]LogModuleManager: Shutting down and abandoning module ProjectTargetPlatformEditor (156)
[2016.03.24-15.56.15:012][388]LogModuleManager: Shutting down and abandoning module ProjectSettingsViewer (155)
[2016.03.24-15.56.15:012][388]LogModuleManager: Shutting down and abandoning module InputBindingEditor (154)
[2016.03.24-15.56.15:012][388]LogModuleManager: Shutting down and abandoning module EditorSettingsViewer (153)
[2016.03.24-15.56.15:012][388]LogModuleManager: Shutting down and abandoning module SettingsEditor (152)
[2016.03.24-15.56.15:012][388]LogModuleManager: Shutting down and abandoning module ProjectLauncher (151)
[2016.03.24-15.56.15:012][388]LogModuleManager: Shutting down and abandoning module SessionFrontend (150)
[2016.03.24-15.56.15:012][388]LogModuleManager: Shutting down and abandoning module ProfilerClient (149)
[2016.03.24-15.56.15:012][388]LogModuleManager: Shutting down and abandoning module TargetDeviceServices (148)
[2016.03.24-15.56.15:012][388]LogModuleManager: Shutting down and abandoning module DeviceManager (147)
[2016.03.24-15.56.15:013][388]LogModuleManager: Shutting down and abandoning module AutomationController (146)
[2016.03.24-15.56.15:013][388]LogModuleManager: Shutting down and abandoning module AutomationWindow (145)
[2016.03.24-15.56.15:013][388]LogModuleManager: Shutting down and abandoning module Layers (144)
[2016.03.24-15.56.15:013][388]LogModuleManager: Shutting down and abandoning module ComponentVisualizers (143)
[2016.03.24-15.56.15:013][388]LogModuleManager: Shutting down and abandoning module DetailCustomizations (142)
[2016.03.24-15.56.15:013][388]LogModuleManager: Shutting down and abandoning module PackagesDialog (141)
[2016.03.24-15.56.15:013][388]LogModuleManager: Shutting down and abandoning module Persona (140)
[2016.03.24-15.56.15:013][388]LogModuleManager: Shutting down and abandoning module Kismet (139)
[2016.03.24-15.56.15:013][388]LogModuleManager: Shutting down and abandoning module GraphEditor (138)
[2016.03.24-15.56.15:013][388]LogModuleManager: Shutting down and abandoning module ClassViewer (137)
[2016.03.24-15.56.15:013][388]LogModuleManager: Shutting down and abandoning module Toolbox (136)
[2016.03.24-15.56.15:013][388]LogModuleManager: Shutting down and abandoning module ModuleUI (135)
[2016.03.24-15.56.15:013][388]LogModuleManager: Shutting down and abandoning module MovieSceneTools (134)
[2016.03.24-15.56.15:013][388]LogModuleManager: Shutting down and abandoning module OutputLog (133)
[2016.03.24-15.56.15:013][388]LogModuleManager: Shutting down and abandoning module GammaUI (132)
[2016.03.24-15.56.15:013][388]LogModuleManager: Shutting down and abandoning module Documentation (131)
[2016.03.24-15.56.15:013][388]LogModuleManager: Shutting down and abandoning module GameLiveStreaming (130)
[2016.03.24-15.56.15:013][388]LogModuleManager: Shutting down and abandoning module StreamingPauseRendering (129)
[2016.03.24-15.56.15:013][388]LogModuleManager: Shutting down and abandoning module AnalyticsET (128)
[2016.03.24-15.56.15:013][388]LogModuleManager: Shutting down and abandoning module Analytics (127)
[2016.03.24-15.56.15:013][388]LogModuleManager: Shutting down and abandoning module AITestSuite (126)
[2016.03.24-15.56.15:013][388]LogModuleManager: Shutting down and abandoning module GameplayDebugger (125)
[2016.03.24-15.56.15:013][388]LogModuleManager: Shutting down and abandoning module AIModule (124)
[2016.03.24-15.56.15:013][388]LogModuleManager: Shutting down and abandoning module ProfilerService (123)
[2016.03.24-15.56.15:105][388]LogModuleManager: Shutting down and abandoning module TaskGraph (122)
[2016.03.24-15.56.15:105][388]LogModuleManager: Shutting down and abandoning module SlateRemote (121)
[2016.03.24-15.56.15:105][388]LogModuleManager: Shutting down and abandoning module SteamVRController (120)
[2016.03.24-15.56.15:105][388]LogModuleManager: Shutting down and abandoning module SteamVR (119)
[2016.03.24-15.56.15:105][388]LogModuleManager: Shutting down and abandoning module ProceduralMeshComponent (118)
[2016.03.24-15.56.15:105][388]LogModuleManager: Shutting down and abandoning module OculusLibrary (117)
[2016.03.24-15.56.15:105][388]LogModuleManager: Shutting down and abandoning module OculusInput (116)
[2016.03.24-15.56.15:105][388]LogModuleManager: Shutting down and abandoning module LeapMotionController (115)
[2016.03.24-15.56.15:144][388]LogModuleManager: Shutting down and abandoning module CustomMeshComponent (114)
[2016.03.24-15.56.15:144][388]LogModuleManager: Shutting down and abandoning module CableComponent (113)
[2016.03.24-15.56.15:144][388]LogModuleManager: Shutting down and abandoning module ArchVisCharacter (112)
[2016.03.24-15.56.15:144][388]LogModuleManager: Shutting down and abandoning module MessagingDebugger (111)
[2016.03.24-15.56.15:144][388]LogModuleManager: Shutting down and abandoning module MediaPlayerEditor (110)
[2016.03.24-15.56.15:144][388]LogModuleManager: Shutting down and abandoning module HTML5Networking (109)
[2016.03.24-15.56.15:145][388]LogModuleManager: Shutting down and abandoning module SpeedTreeImporter (108)
[2016.03.24-15.56.15:145][388]LogModuleManager: Shutting down and abandoning module PluginBrowser (107)
[2016.03.24-15.56.15:145][388]LogModuleManager: Shutting down and abandoning module EpicSurvey (106)
[2016.03.24-15.56.15:145][388]LogModuleManager: Shutting down and abandoning module DesktopPlatform (105)
[2016.03.24-15.56.15:145][388]LogModuleManager: Shutting down and abandoning module VisualStudioSourceCodeAccess (104)
[2016.03.24-15.56.15:145][388]LogModuleManager: Shutting down and abandoning module UObjectPlugin (103)
[2016.03.24-15.56.15:145][388]LogModuleManager: Shutting down and abandoning module SubversionSourceControl (102)
[2016.03.24-15.56.15:145][388]LogModuleManager: Shutting down and abandoning module PerforceSourceControl (101)
[2016.03.24-15.56.15:145][388]LogModuleManager: Shutting down and abandoning module SourceControl (100)
[2016.03.24-15.56.15:145][388]LogModuleManager: Shutting down and abandoning module GitSourceControl (99)
[2016.03.24-15.56.15:145][388]LogModuleManager: Shutting down and abandoning module LightPropagationVolumeEditor (98)
[2016.03.24-15.56.15:145][388]LogModuleManager: Shutting down and abandoning module PaperTiledImporter (97)
[2016.03.24-15.56.15:145][388]LogModuleManager: Shutting down and abandoning module PaperSpriteSheetImporter (96)
[2016.03.24-15.56.15:145][388]LogModuleManager: Shutting down and abandoning module MeshPaint (95)
[2016.03.24-15.56.15:145][388]LogModuleManager: Shutting down and abandoning module SlateReflector (94)
[2016.03.24-15.56.15:145][388]LogModuleManager: Shutting down and abandoning module HotReload (93)
[2016.03.24-15.56.15:145][388]LogModuleManager: Shutting down and abandoning module MainFrame (92)
[2016.03.24-15.56.15:145][388]LogModuleManager: Shutting down and abandoning module LevelEditor (91)
[2016.03.24-15.56.15:146][388]LogModuleManager: Shutting down and abandoning module DirectoryWatcher (90)
[2016.03.24-15.56.15:147][388]LogModuleManager: Shutting down and abandoning module AssetRegistry (89)
[2016.03.24-15.56.15:239][388]LogModuleManager: Shutting down and abandoning module ContentBrowser (88)
[2016.03.24-15.56.15:239][388]LogModuleManager: Shutting down and abandoning module Paper2DEditor (87)
[2016.03.24-15.56.15:239][388]LogModuleManager: Shutting down and abandoning module UdpMessaging (86)
[2016.03.24-15.56.15:340][388]LogModuleManager: Shutting down and abandoning module LightPropagationVolumeRuntime (85)
[2016.03.24-15.56.15:340][388]LogModuleManager: Shutting down and abandoning module Paper2D (84)
[2016.03.24-15.56.15:340][388]LogModuleManager: Shutting down and abandoning module WindowsMoviePlayer (83)
[2016.03.24-15.56.15:344][388]LogModuleManager: Shutting down and abandoning module Media (82)
[2016.03.24-15.56.15:344][388]LogModuleManager: Shutting down and abandoning module WmfMedia (81)
[2016.03.24-15.56.15:344][388]LogModuleManager: Shutting down and abandoning module OnlineBlueprintSupport (80)
[2016.03.24-15.56.15:344][388]LogModuleManager: Shutting down and abandoning module GameplayTasksEditor (79)
[2016.03.24-15.56.15:344][388]LogModuleManager: Shutting down and abandoning module PropertyEditor (78)
[2016.03.24-15.56.15:344][388]LogModuleManager: Shutting down and abandoning module BehaviorTreeEditor (77)
[2016.03.24-15.56.15:344][388]LogModuleManager: Shutting down and abandoning module FunctionalTesting (76)
[2016.03.24-15.56.15:344][388]LogModuleManager: Shutting down and abandoning module CollisionAnalyzer (75)
[2016.03.24-15.56.15:344][388]LogModuleManager: Shutting down and abandoning module WorkspaceMenuStructure (74)
[2016.03.24-15.56.15:344][388]LogModuleManager: Shutting down and abandoning module MessageLog (73)
[2016.03.24-15.56.15:344][388]LogModuleManager: Shutting down and abandoning module Sequencer (72)
[2016.03.24-15.56.15:344][388]LogModuleManager: Shutting down and abandoning module AssetTools (71)
[2016.03.24-15.56.15:344][388]LogModuleManager: Shutting down and abandoning module UMGEditor (70)
[2016.03.24-15.56.15:344][388]LogModuleManager: Shutting down and abandoning module UMG (69)
[2016.03.24-15.56.15:344][388]LogModuleManager: Shutting down and abandoning module Slate (68)
[2016.03.24-15.56.15:344][388]LogModuleManager: Shutting down and abandoning module EditorStyle (67)
[2016.03.24-15.56.15:345][388]LogModuleManager: Shutting down and abandoning module SessionServices (66)
[2016.03.24-15.56.15:345][388]LogModuleManager: Shutting down and abandoning module SourceCodeAccess (65)
[2016.03.24-15.56.15:345][388]LogModuleManager: Shutting down and abandoning module HeadMountedDisplay (64)
[2016.03.24-15.56.15:345][388]LogModuleManager: Shutting down and abandoning module XAudio2 (63)
[2016.03.24-15.56.15:345][388]LogModuleManager: Shutting down and abandoning module Networking (61)
[2016.03.24-15.56.15:345][388]LogModuleManager: Shutting down and abandoning module Core (60)
[2016.03.24-15.56.15:345][388]LogModuleManager: Shutting down and abandoning module KismetCompiler (59)
[2016.03.24-15.56.15:345][388]LogModuleManager: Shutting down and abandoning module PhysXFormats (58)
[2016.03.24-15.56.15:345][388]LogModuleManager: Shutting down and abandoning module MeshUtilities (57)
[2016.03.24-15.56.15:346][388]LogModuleManager: Shutting down and abandoning module DerivedDataCache (56)
[2016.03.24-15.56.15:378][388]LogDerivedDataCache: Shutdown
[2016.03.24-15.56.15:378][388]LogModuleManager: Shutting down and abandoning module ShaderFormatOpenGL (55)
[2016.03.24-15.56.15:378][388]LogModuleManager: Shutting down and abandoning module ShaderFormatD3D (54)
[2016.03.24-15.56.15:378][388]LogModuleManager: Shutting down and abandoning module MetalShaderFormat (53)
[2016.03.24-15.56.15:378][388]LogModuleManager: Shutting down and abandoning module TextureFormatUncompressed (52)
[2016.03.24-15.56.15:378][388]LogModuleManager: Shutting down and abandoning module TextureFormatPVR (51)
[2016.03.24-15.56.15:378][388]LogModuleManager: Shutting down and abandoning module TextureFormatIntelISPCTexComp (50)
[2016.03.24-15.56.15:378][388]LogModuleManager: Shutting down and abandoning module TextureFormatDXT (49)
[2016.03.24-15.56.15:378][388]LogModuleManager: Shutting down and abandoning module ImageWrapper (48)
[2016.03.24-15.56.15:378][388]LogModuleManager: Shutting down and abandoning module TextureFormatASTC (47)
[2016.03.24-15.56.15:378][388]LogModuleManager: Shutting down and abandoning module TextureFormatAndroid (46)
[2016.03.24-15.56.15:378][388]LogModuleManager: Shutting down and abandoning module AudioFormatOpus (45)
[2016.03.24-15.56.15:378][388]LogModuleManager: Shutting down and abandoning module AudioFormatOgg (44)
[2016.03.24-15.56.15:378][388]LogModuleManager: Shutting down and abandoning module AudioFormatADPCM (43)
[2016.03.24-15.56.15:378][388]LogModuleManager: Shutting down and abandoning module LinuxTargetPlatform (42)
[2016.03.24-15.56.15:378][388]LogModuleManager: Shutting down and abandoning module LinuxServerTargetPlatform (41)
[2016.03.24-15.56.15:378][388]LogModuleManager: Shutting down and abandoning module LinuxNoEditorTargetPlatform (40)
[2016.03.24-15.56.15:378][388]LogModuleManager: Shutting down and abandoning module Messaging (39)
[2016.03.24-15.56.15:378][388]LogModuleManager: Shutting down and abandoning module IOSTargetPlatform (38)
[2016.03.24-15.56.15:378][388]LogModuleManager: Shutting down and abandoning module HTML5TargetPlatform (37)
[2016.03.24-15.56.15:378][388]LogModuleManager: Shutting down and abandoning module Android_PVRTCTargetPlatform (36)
[2016.03.24-15.56.15:378][388]LogModuleManager: Shutting down and abandoning module Android_MultiTargetPlatform (35)
[2016.03.24-15.56.15:378][388]LogModuleManager: Shutting down and abandoning module Android_ETC2TargetPlatform (34)
[2016.03.24-15.56.15:378][388]LogModuleManager: Shutting down and abandoning module Android_ETC1TargetPlatform (33)
[2016.03.24-15.56.15:378][388]LogModuleManager: Shutting down and abandoning module Android_DXTTargetPlatform (32)
[2016.03.24-15.56.15:378][388]LogModuleManager: Shutting down and abandoning module Android_ATCTargetPlatform (31)
[2016.03.24-15.56.15:378][388]LogModuleManager: Shutting down and abandoning module Android_ASTCTargetPlatform (30)
[2016.03.24-15.56.15:378][388]LogModuleManager: Shutting down and abandoning module AndroidTargetPlatform (29)
[2016.03.24-15.56.15:378][388]LogModuleManager: Shutting down and abandoning module WindowsTargetPlatform (28)
[2016.03.24-15.56.15:378][388]LogModuleManager: Shutting down and abandoning module WindowsServerTargetPlatform (27)
[2016.03.24-15.56.15:378][388]LogModuleManager: Shutting down and abandoning module WindowsNoEditorTargetPlatform (26)
[2016.03.24-15.56.15:378][388]LogModuleManager: Shutting down and abandoning module WindowsClientTargetPlatform (25)
[2016.03.24-15.56.15:378][388]LogModuleManager: Shutting down and abandoning module AllDesktopTargetPlatform (24)
[2016.03.24-15.56.15:378][388]LogModuleManager: Shutting down and abandoning module TargetPlatform (23)
[2016.03.24-15.56.15:378][388]LogModuleManager: Shutting down and abandoning module InputCore (22)
[2016.03.24-15.56.15:378][388]LogModuleManager: Shutting down and abandoning module Settings (21)
[2016.03.24-15.56.15:379][388]LogModuleManager: Shutting down and abandoning module OnlineSubsystem (19)
[2016.03.24-15.56.15:379][388]LogModuleManager: Shutting down and abandoning module HTTP (18)
[2016.03.24-15.56.16:380][388]LogModuleManager: Shutting down and abandoning module XMPP (17)
[2016.03.24-15.56.16:380][388]LogModuleManager: Shutting down and abandoning module OculusRift (16)
[2016.03.24-15.56.16:380][388]LogModuleManager: Shutting down and abandoning module ExampleDeviceProfileSelector (15)
[2016.03.24-15.56.16:380][388]LogModuleManager: Shutting down and abandoning module TextureCompressor (14)
[2016.03.24-15.56.16:380][388]LogModuleManager: Shutting down and abandoning module ShaderCore (13)
[2016.03.24-15.56.16:380][388]LogModuleManager: Shutting down and abandoning module Landscape (12)
[2016.03.24-15.56.16:380][388]LogModuleManager: Shutting down and abandoning module SlateRHIRenderer (11)
[2016.03.24-15.56.16:380][388]LogModuleManager: Shutting down and abandoning module OpenGLDrv (10)
[2016.03.24-15.56.16:380][388]LogModuleManager: Shutting down and abandoning module D3D11RHI (9)
[2016.03.24-15.56.16:380][388]LogModuleManager: Shutting down and abandoning module AnimGraphRuntime (8)
[2016.03.24-15.56.16:380][388]LogModuleManager: Shutting down and abandoning module Renderer (7)
[2016.03.24-15.56.16:380][388]LogModuleManager: Shutting down and abandoning module Engine (6)
[2016.03.24-15.56.16:380][388]LogModuleManager: Shutting down and abandoning module CoreUObject (5)
[2016.03.24-15.56.16:380][388]LogModuleManager: Shutting down and abandoning module NetworkFile (4)
[2016.03.24-15.56.16:380][388]LogModuleManager: Shutting down and abandoning module StreamingFile (3)
[2016.03.24-15.56.16:380][388]LogModuleManager: Shutting down and abandoning module SandboxFile (2)
[2016.03.24-15.56.16:381][388]LogModuleManager: Shutting down and abandoning module PakFile (1)
[2016.03.24-15.56.16:383][388]LogExit: Exiting.
[2016.03.24-15.56.16:411][388]Log file closed, 03/24/16 11:56:16
