[2016.04.20-01.51.32:707][  0]Log file open, 04/19/16 21:51:32
[2016.04.20-01.51.32:707][  0]LogInit:Display: Running engine for game: Targets
[2016.04.20-01.51.32:707][  0]LogPlatformFile: Not using cached read wrapper
[2016.04.20-01.51.32:707][  0]LogInit:Display: RandInit(-789750477) SRandInit(-789750476).
[2016.04.20-01.51.32:707][  0]LogTaskGraph: Started task graph with 4 named threads and 7 total threads.
[2016.04.20-01.51.32:707][  0]LogStats: Stats thread started at 0.069212
[2016.04.20-01.51.32:707][  0]LogInit: Version: 4.10.4-2872498+++depot+UE4-Releases+4.10
[2016.04.20-01.51.32:707][  0]LogInit: API Version: 2758231
[2016.04.20-01.51.32:707][  0]LogInit: Compiled (64-bit): Feb 18 2016 15:47:04
[2016.04.20-01.51.32:707][  0]LogInit: Compiled with Visual C++: 19.00.23026.00
[2016.04.20-01.51.32:707][  0]LogInit: Build Configuration: Development
[2016.04.20-01.51.32:707][  0]LogInit: Branch Name: ++depot+UE4-Releases+4.10
[2016.04.20-01.51.32:707][  0]LogInit: Command line:  
[2016.04.20-01.51.32:707][  0]LogInit: Base directory: F:/Program Files (x86)/Epic Games/4.10/Engine/Binaries/Win64/
[2016.04.20-01.51.32:707][  0]LogInit: Rocket: 1
[2016.04.20-01.51.32:711][  0]LogInit: Using libcurl 7.41.0
[2016.04.20-01.51.32:711][  0]LogInit:  - built for x86_64-pc-win32
[2016.04.20-01.51.32:711][  0]LogInit:  - supports SSL with WinSSL
[2016.04.20-01.51.32:711][  0]LogInit:  - other features:
[2016.04.20-01.51.32:711][  0]LogInit:      CURL_VERSION_SSL
[2016.04.20-01.51.32:711][  0]LogInit:      CURL_VERSION_IPV6
[2016.04.20-01.51.32:711][  0]LogInit:      CURL_VERSION_ASYNCHDNS
[2016.04.20-01.51.32:711][  0]LogInit:      CURL_VERSION_LARGEFILE
[2016.04.20-01.51.32:711][  0]LogInit:      CURL_VERSION_IDN
[2016.04.20-01.51.32:711][  0]LogInit:  CurlRequestOptions (configurable via config and command line):
[2016.04.20-01.51.32:711][  0]LogInit:  - bVerifyPeer = true  - Libcurl will verify peer certificate
[2016.04.20-01.51.32:711][  0]LogInit:  - bUseHttpProxy = false  - Libcurl will NOT use HTTP proxy
[2016.04.20-01.51.32:711][  0]LogInit:  - bDontReuseConnections = false  - Libcurl will reuse connections
[2016.04.20-01.51.32:711][  0]LogInit:  - CertBundlePath = nullptr  - Libcurl will use whatever was configured at build time.
[2016.04.20-01.51.32:715][  0]LogInit: Presizing for 0 objects not considered by GC, pre-allocating 0 bytes.
[2016.04.20-01.51.32:720][  0]LogInit: Object subsystem initialized
[2016.04.20-01.51.32:721][  0]LogInit: Selected Device Profile: [Windows]
[2016.04.20-01.51.32:721][  0]LogInit: Applying CVar settings loaded from the selected device profile: [Windows]
[2016.04.20-01.51.32:728][  0]LogInit: Computer: PATRICK-PC
[2016.04.20-01.51.32:728][  0]LogInit: User: Patrick
[2016.04.20-01.51.32:728][  0]LogInit: CPU Page size=4096, Cores=4
[2016.04.20-01.51.32:728][  0]LogInit: High frequency timer resolution =3.320308 MHz
[2016.04.20-01.51.32:728][  0]LogMemory: Memory total: Physical=16.0GB (16GB approx)
[2016.04.20-01.51.32:729][  0]LogMemory: Platform Memory Stats for Windows
[2016.04.20-01.51.32:729][  0]LogMemory: Process Physical Memory: 56.28 MB used, 56.28 MB peak
[2016.04.20-01.51.32:729][  0]LogMemory: Process Virtual Memory: 56.81 MB used, 56.81 MB peak
[2016.04.20-01.51.32:729][  0]LogMemory: Physical Memory: 3441.44 MB used, 16335.68 MB total
[2016.04.20-01.51.32:729][  0]LogMemory: Virtual Memory: 382.86 MB used, 134217728.00 MB total
[2016.04.20-01.51.32:758][  0]LogTextLocalizationManager: No specific translations for ('en-US') exist, so ('en') translations will be used.
[2016.04.20-01.51.33:168][  0]LogD3D11RHI: Found D3D11 adapter 0: NVIDIA GeForce GTX 970 (Feature Level 11_0)
[2016.04.20-01.51.33:168][  0]LogD3D11RHI: Adapter has 4007MB of dedicated video memory, 0MB of dedicated system memory, and 8167MB of shared system memory, 2 output[s]
[2016.04.20-01.51.33:170][  0]LogD3D11RHI: Found D3D11 adapter 1: Microsoft Basic Render Driver (Feature Level 11_0)
[2016.04.20-01.51.33:170][  0]LogD3D11RHI: Adapter has 0MB of dedicated video memory, 0MB of dedicated system memory, and 8167MB of shared system memory, 0 output[s]
[2016.04.20-01.51.33:170][  0]LogD3D11RHI: Chosen D3D11 Adapter Id = 0
[2016.04.20-01.51.33:173][  0]LogD3D11RHI: !Direct3DDevice
[2016.04.20-01.51.33:173][  0]LogRHI: Texture pool is 1361 MB (70% of 1945 MB)
[2016.04.20-01.51.33:187][  0]LogD3D11RHI: Async texture creation enabled
[2016.04.20-01.51.33:214][  0]LogShaderCompilers: Guid format shader working directory is 0 characters bigger than the processId version (../../../../../../Patrick's Stuff/Targets/Targets/Intermediate/Shaders/WorkingDirectory/3232/).
[2016.04.20-01.51.33:214][  0]LogShaderCompilers: Cleaned the shader compiler working directory 'C:/Users/Patricks/AppData/Local/Temp/UnrealShaderWorkingDir/A7C917484FA3B4AEA104C8BB3D660DD9/'.
[2016.04.20-01.51.33:214][  0]LogShaderCompilers:Display: Using Local Shader Compiler.
[2016.04.20-01.51.33:809][  0]LogTemp:Display: Loaded TP AllDesktopTargetPlatform
[2016.04.20-01.51.33:812][  0]LogTemp:Display: Loaded TP WindowsClientTargetPlatform
[2016.04.20-01.51.33:815][  0]LogTemp:Display: Loaded TP WindowsNoEditorTargetPlatform
[2016.04.20-01.51.33:819][  0]LogTemp:Display: Loaded TP WindowsServerTargetPlatform
[2016.04.20-01.51.33:821][  0]LogTemp:Display: Loaded TP WindowsTargetPlatform
[2016.04.20-01.51.33:823][  0]LogTemp:Display: Loaded TP AndroidTargetPlatform
[2016.04.20-01.51.33:825][  0]LogTemp:Display: Loaded TP Android_ASTCTargetPlatform
[2016.04.20-01.51.33:827][  0]LogTemp:Display: Loaded TP Android_ATCTargetPlatform
[2016.04.20-01.51.33:829][  0]LogTemp:Display: Loaded TP Android_DXTTargetPlatform
[2016.04.20-01.51.33:831][  0]LogTemp:Display: Loaded TP Android_ETC1TargetPlatform
[2016.04.20-01.51.33:833][  0]LogTemp:Display: Loaded TP Android_ETC2TargetPlatform
[2016.04.20-01.51.33:837][  0]LogTemp:Display: Loaded TP Android_MultiTargetPlatform
[2016.04.20-01.51.33:837][  0]LogTemp:Display: Loaded TP Android_PVRTCTargetPlatform
[2016.04.20-01.51.33:837][  0]LogTemp:Display: Loaded TP HTML5TargetPlatform
[2016.04.20-01.51.33:852][  0]LogTemp:Display: Loaded TP IOSTargetPlatform
[2016.04.20-01.51.33:854][  0]LogTemp:Display: Loaded TP LinuxNoEditorTargetPlatform
[2016.04.20-01.51.33:856][  0]LogTemp:Display: Loaded TP LinuxServerTargetPlatform
[2016.04.20-01.51.33:858][  0]LogTemp:Display: Loaded TP LinuxTargetPlatform
[2016.04.20-01.51.33:858][  0]LogTargetPlatformManager:Display: Building Assets For Windows
[2016.04.20-01.51.33:905][  0]LogDerivedDataCache:Display: Max Cache Size: 512 MB
[2016.04.20-01.51.33:943][  0]LogDerivedDataCache: Loaded boot cache 0.04s 41MB C:/Users/Patricks/AppData/Local/UnrealEngine/4.10/DerivedDataCache/Boot.ddc.
[2016.04.20-01.51.33:943][  0]LogDerivedDataCache:Display: Loaded Boot cache: C:/Users/Patricks/AppData/Local/UnrealEngine/4.10/DerivedDataCache/Boot.ddc
[2016.04.20-01.51.33:943][  0]LogDerivedDataCache: FDerivedDataBackendGraph:  Pak pak cache file ../../../../../../Patrick's Stuff/Targets/Targets/DerivedDataCache/DDC.ddp not found, will not use a pak cache.
[2016.04.20-01.51.33:943][  0]LogDerivedDataCache: Unable to find inner node Pak for hierarchical cache Hierarchy.
[2016.04.20-01.51.33:943][  0]LogDerivedDataCache: FDerivedDataBackendGraph:  CompressedPak pak cache file ../../../../../../Patrick's Stuff/Targets/Targets/DerivedDataCache/Compressed.ddp not found, will not use a pak cache.
[2016.04.20-01.51.33:943][  0]LogDerivedDataCache: Unable to find inner node CompressedPak for hierarchical cache Hierarchy.
[2016.04.20-01.51.33:990][  0]LogDerivedDataCache:Display: Pak cache opened for reading ../../../Engine/DerivedDataCache/Compressed.ddp.
[2016.04.20-01.51.34:001][  0]LogDerivedDataCache: Using Local data cache path C:/Users/Patricks/AppData/Local/UnrealEngine/Common/DerivedDataCache: Writable
[2016.04.20-01.51.34:130][  0]LogInit: Selected Device Profile: [Windows]
[2016.04.20-01.51.34:132][  0]LogContentStreaming: Texture pool size is 0.000000MB
[2016.04.20-01.51.34:217][  0]LogMeshUtilities: No automatic mesh reduction module available
[2016.04.20-01.51.34:217][  0]LogMeshUtilities: No automatic mesh merging module available
[2016.04.20-01.51.34:408][  0]LogInit: WinSock: version 1.1 (2.2), MaxSocks=32767, MaxUdp=65467
[2016.04.20-01.51.34:967][  0]LogAssetRegistry: FAssetRegistry took 0.0105 seconds to start up
[2016.04.20-01.51.34:974][  0]UdpMessaging: Initializing bridge on interface 0.0.0.0:0 to multicast group 230.0.0.1:6666.
[2016.04.20-01.51.35:153][  0]SourceControl: Info Source control is disabled
[2016.04.20-01.51.35:183][  0]SourceControl: Info Source control is disabled
[2016.04.20-01.51.35:189][  0]SourceControl: Info Source control is disabled
[2016.04.20-01.51.35:194][  0]SourceControl: Info Source control is disabled
[2016.04.20-01.51.35:331][  0]LogObj: 28802 objects as part of root set at end of initial load.
[2016.04.20-01.51.35:331][  0]LogUObjectAllocator: 6129768 out of 0 bytes used by permanent object pool.
[2016.04.20-01.51.35:376][  0]LogEngine: Initializing Engine...
[2016.04.20-01.51.35:377][  0]LogHMD: Can't find Oculus library dev build: is proper Runtime installed? Version: 0.8.0.0
[2016.04.20-01.51.35:378][  0]LogHMD: SteamVR failed to initialize.  Err: 110
[2016.04.20-01.51.35:467][  0]LogAIModule: Creating AISystem for world NewWorld
[2016.04.20-01.51.35:471][  0]LogInit: XAudio2 using 'Speakers (Realtek High Definition Audio)' : 2 channels at 48 kHz using 32 bits per sample (channel mask 0x3)
[2016.04.20-01.51.35:485][  0]LogInit: FAudioDevice initialized.
[2016.04.20-01.51.35:505][  0]LogDerivedDataCache: Saved boot cache 0.02s 41MB C:/Users/Patricks/AppData/Local/UnrealEngine/4.10/DerivedDataCache/Boot.ddc.
[2016.04.20-01.51.35:509][  0]LogInit: Texture streaming: Enabled
[2016.04.20-01.51.35:512][  0]LogAnalytics: Creating configured Analytics provider AnalyticsET
[2016.04.20-01.51.35:512][  0]LogAnalytics: [UEEditor.Rocket.Release] APIServer = http://et2.epicgames.com/ET2/. AppVersion = 4.10.4-2872498+++depot+UE4-Releases+4.10
[2016.04.20-01.51.35:512][  0]LogAnalytics: [UEEditor.Rocket.Release] SetUserId a11d35bb4e716de7671871ae5c56ff65|a9573fc7a2ed483b825d82afb9787580|e4cea92d-f8ff-4de5-9849-405755594103
[2016.04.20-01.51.35:512][  0]LogAnalytics: [UEEditor.Rocket.Release] AnalyticsET::StartSession
[2016.04.20-01.51.35:520][  0]LogInit: Transaction tracking system initialized
[2016.04.20-01.51.35:535][  0]BlueprintLog: New page: Editor Load
[2016.04.20-01.51.35:579][  0]LocalizationService: Info Localization service is disabled
[2016.04.20-01.51.35:617][  0]LogLinker:Warning: Can't find file '/Game/VehicleBP/VehicleOverview'
[2016.04.20-01.51.35:617][  0]LogLinker:Warning: Can't find file '/Game/VehicleBP/VehicleOverview'
[2016.04.20-01.51.35:617][  0]LogUObjectGlobals:Warning: Failed to find object 'Class /Game/VehicleBP/VehicleOverview.VehicleOverview_C'
[2016.04.20-01.51.35:630][  0]LogConsoleResponse:Display: 
[2016.04.20-01.51.35:733][  0]LogCook:Display: Done creating registry. It took  0.00s.
[2016.04.20-01.51.35:764][  0]LogFileCache: Scanning file cache for directory 'F:/Patrick's Stuff/Targets/Targets/Content/' took 0.02s
[2016.04.20-01.51.35:764][  0]SourceControl: Info Source control is disabled
[2016.04.20-01.51.35:764][  0]Cmd: MAP LOAD FILE="../../../../../../Patrick's Stuff/Targets/Targets/Content/FirstPersonBP/Maps/FirstPersonExampleMap.umap" TEMPLATE=0 SHOWPROGRESS=1 FEATURELEVEL=3
[2016.04.20-01.51.35:764][  0]LightingResults: New page: Lighting Build
[2016.04.20-01.51.35:766][  0]MapCheck: New page: Map Check
[2016.04.20-01.51.35:766][  0]LightingResults: New page: Lighting Build
[2016.04.20-01.51.35:774][  0]LogParticles: Destroying 0 GPU particle simulations for FXSystem 0x00000163455136A0
[2016.04.20-01.51.35:862][  0]LogLinker:Warning: Asset '../../../../../../Patrick's Stuff/Targets/Targets/Content/FirstPerson/Meshes/FirstPersonProjectileMesh.uasset' has been saved with empty engine version. The asset will be loaded but may be incompatible.
[2016.04.20-01.51.36:429][  0]LogAIModule: Creating AISystem for world FirstPersonExampleMap
[2016.04.20-01.51.36:460][  0]LogEditorServer: Finished looking for orphan Actors (0.000 secs)
[2016.04.20-01.51.36:460][  0]Cmd: MAP CHECKDEP NOCLEARLOG
[2016.04.20-01.51.36:505][  0]MapCheck: Info Map check complete: 0 Error(s), 0 Warning(s), took 44.938ms to complete.
[2016.04.20-01.51.36:505][  0]LogFileHelpers: Loading map 'FirstPersonExampleMap' took 0.742
[2016.04.20-01.51.36:776][  0]LogCollectionManager: Loaded 0 collections in 0.000997 seconds
[2016.04.20-01.51.36:818][  0]LogFileCache: Scanning file cache for directory 'F:/Patrick's Stuff/Targets/Targets/Saved/Collections/' took 0.01s
[2016.04.20-01.51.36:818][  0]LogFileCache: Scanning file cache for directory 'F:/Patrick's Stuff/Targets/Targets/Content/Developers/Patrick/Collections/' took 0.01s
[2016.04.20-01.51.36:818][  0]LogFileCache: Scanning file cache for directory 'F:/Patrick's Stuff/Targets/Targets/Content/Collections/' took 0.01s
[2016.04.20-01.51.36:818][  0]LogCollectionManager: Rebuilt the GUID cache for 0 collections in 0.000002 seconds
[2016.04.20-01.51.36:824][  0]LogContentBrowser: Native class hierarchy populated in 0.0060 seconds. Added 1908 classes and 344 folders.
[2016.04.20-01.51.36:828][  0]LogContentBrowser: Native class hierarchy updated for 'WidgetCarousel' in 0.0002 seconds. Added 0 classes and 0 folders.
[2016.04.20-01.51.36:856][  0]LogContentBrowser: Native class hierarchy updated for 'AddContentDialog' in 0.0003 seconds. Added 0 classes and 0 folders.
[2016.04.20-01.51.36:875][  0]LogContentBrowser: Native class hierarchy updated for 'SceneOutliner' in 0.0003 seconds. Added 1 classes and 2 folders.
[2016.04.20-01.51.36:908][  0]LogCrashTracker: Crashtracker disabled due to settings.
[2016.04.20-01.51.36:913][  0]LogUObjectGlobals:Warning: Failed to find object 'Class None.'
[2016.04.20-01.51.36:935][  0]LogLoad: Full Startup: 4.55 seconds (BP compile: 0.11 seconds)
[2016.04.20-01.51.36:945][  0]LogWindowsTextInputMethodSystem:Display: IME system now deactivated.
[2016.04.20-01.51.36:949][  0]LogOcInput: Can't find Oculus library dev build: is proper Runtime installed? Version: 0.8.0.0
[2016.04.20-01.51.37:000][  0]LogContentStreaming: Texture pool size now 1000 MB
[2016.04.20-01.51.37:096][  1]Cmd: UpdateLandscapeEditorData -warnings
[2016.04.20-01.51.37:123][  1]LogRenderer: Reallocating scene render targets to support 1012x496 (Frame:2).
[2016.04.20-01.51.37:599][  5]LogAssetRegistry: Asset discovery search completed in 2.6428 seconds
[2016.04.20-01.51.37:599][  5]LogCollectionManager: Rebuilt the object cache for 0 collections in 0.000001 seconds (found 0 objects)
[2016.04.20-01.51.37:599][  5]LogCollectionManager: Fixed up redirectors for 0 collections in 0.000028 seconds (updated 0 objects)
[2016.04.20-01.51.52:794][769]LogLinker:Warning: Asset '../../../../../../Patrick's Stuff/Targets/Targets/Content/FirstPersonBP/Blueprints/FirstPersonHUD.uasset' has been saved with empty engine version. The asset will be loaded but may be incompatible.
[2016.04.20-01.51.54:378][947]LogLinker:Warning: Asset '../../../Engine/Content/ArtTools/RenderToTexture/Macros/RenderToTextureMacros.uasset' has been saved with empty engine version. The asset will be loaded but may be incompatible.
[2016.04.20-01.51.54:689][947]LogContentBrowser: Native class hierarchy updated for 'BlueprintGraph' in 0.0005 seconds. Added 107 classes and 0 folders.
[2016.04.20-01.54.06:606][859]LogActorComponent: UnregisterComponent: (/Engine/Transient.ProjectileMovementComponent_40__A6522401) Not registered. Aborting.
[2016.04.20-01.54.06:606][859]LogActorComponent: UnregisterComponent: (/Engine/Transient.CharMoveComp) Not registered. Aborting.
[2016.04.20-01.54.06:644][859]LogParticles: Destroying 0 GPU particle simulations for FXSystem 0x00000163101391C0
[2016.04.20-01.54.06:645][859]LogParticles: Destroying 0 GPU particle simulations for FXSystem 0x000001631013BCE0
[2016.04.20-01.54.06:645][859]LogParticles: Destroying 0 GPU particle simulations for FXSystem 0x000001630FFBEAC0
[2016.04.20-01.54.06:646][859]LogParticles: Destroying 0 GPU particle simulations for FXSystem 0x000001630FFBF2E0
[2016.04.20-01.54.06:647][859]LogParticles: Destroying 0 GPU particle simulations for FXSystem 0x0000016313C81800
[2016.04.20-01.54.06:648][859]LogParticles: Destroying 0 GPU particle simulations for FXSystem 0x0000016313C80EA0
[2016.04.20-01.54.33:173][505]LogRenderer: Reallocating scene render targets to support 1084x636 (Frame:13310).
[2016.04.20-01.56.37:120][721]BlueprintLog: New page: Compile FirstPersonExampleMap
[2016.04.20-01.56.37:178][721]LogBlueprint:Error: [compiler FirstPersonExampleMap] Error Spawn node  Create Widget  must have a class specified.
[2016.04.20-01.56.37:284][721]LogActorComponent: UnregisterComponent: (/Engine/Transient.ProjectileMovementComponent_40__A6522401) Not registered. Aborting.
[2016.04.20-01.56.37:284][721]LogActorComponent: UnregisterComponent: (/Engine/Transient.CharMoveComp) Not registered. Aborting.
[2016.04.20-01.56.37:306][721]LogParticles: Destroying 0 GPU particle simulations for FXSystem 0x000001630E8C3060
[2016.04.20-01.56.37:311][721]LogParticles: Destroying 0 GPU particle simulations for FXSystem 0x000001630E8C1440
[2016.04.20-01.56.37:311][721]LogBlueprint:Warning: [compiler FirstPersonExampleMap] Warning [0304.93] Compile of FirstPersonExampleMap failed. 1 Fatal Issue(s) 0 Warning(s) [in 190 ms]
[2016.04.20-01.56.37:311][721]BlueprintEditorCompileResults:Error: Error Spawn node  Create Widget  must have a class specified.
[2016.04.20-01.56.37:311][721]BlueprintEditorCompileResults:Warning: Warning [0304.93] Compile of FirstPersonExampleMap failed. 1 Fatal Issue(s) 0 Warning(s) [in 190 ms]
[2016.04.20-01.56.42:347][309]LogBlueprint:Error: [compiler FirstPersonExampleMap] Error Spawn node  Create Widget  must have a class specified.
[2016.04.20-01.56.42:415][309]LogBlueprint:Warning: [compiler FirstPersonExampleMap] Warning [0310.03] Compile of FirstPersonExampleMap failed. 1 Fatal Issue(s) 0 Warning(s) [in 71 ms]
[2016.04.20-01.56.42:415][309]LogBlueprint:Warning: [compiler FirstPersonExampleMap] Warning [0310.03] Compile of FirstPersonExampleMap failed. 1 Fatal Issue(s) 1 Warning(s) [in 0 ms]
[2016.04.20-01.56.42:415][309]LogBlueprint:Warning: [compiler FirstPersonExampleMap] Warning [0310.03] Compile of FirstPersonExampleMap failed. 1 Fatal Issue(s) 2 Warning(s) [in 0 ms]
[2016.04.20-01.56.42:415][309]LogBlueprint:Warning: [compiler FirstPersonExampleMap] Warning [0310.03] Compile of FirstPersonExampleMap failed. 1 Fatal Issue(s) 3 Warning(s) [in 0 ms]
[2016.04.20-01.56.42:417][309]LogBlueprint:Warning: [compiler FirstPersonExampleMap] Warning [0310.04] Compile of FirstPersonExampleMap failed. 1 Fatal Issue(s) 4 Warning(s) [in 2 ms]
[2016.04.20-01.56.42:418][309]LogBlueprint:Warning: [compiler FirstPersonExampleMap] Warning [0310.04] Compile of FirstPersonExampleMap failed. 1 Fatal Issue(s) 5 Warning(s) [in 0 ms]
[2016.04.20-01.56.42:758][309]LogSavePackage: Save=418.739777ms
[2016.04.20-01.56.42:758][309]LogSavePackage: Moving '../../../../../../Patrick's Stuff/Targets/Targets/Saved/FirstPersonExampleMap636E9A5E417542402724B792C6FC9138.tmp' to '../../../../../../Patrick's Stuff/Targets/Targets/Content/FirstPersonBP/Maps/FirstPersonExampleMap.umap'
[2016.04.20-01.56.42:761][309]LogSavePackage: Total save time: 439.997736ms
[2016.04.20-01.56.42:761][309]LogSavePackage:Display: Finished SavePackage ../../../../../../Patrick's Stuff/Targets/Targets/Content/FirstPersonBP/Maps/FirstPersonExampleMap.umap
[2016.04.20-01.56.45:829][652]LogWindowsTextInputMethodSystem:Display: IME system now deactivated.
[2016.04.20-01.56.46:026][653]Cmd: QUIT_EDITOR
[2016.04.20-01.56.46:132][653]LogExit: Preparing to exit.
[2016.04.20-01.56.47:136][653]LogExit: Editor shut down
[2016.04.20-01.56.47:137][653]LogExit: Transaction tracking system shut down
[2016.04.20-01.56.47:140][653]LogParticles: Destroying 0 GPU particle simulations for FXSystem 0x000001634DC84AE0
[2016.04.20-01.56.47:141][653]LogParticles: Destroying 0 GPU particle simulations for FXSystem 0x00000163572FB880
[2016.04.20-01.56.47:141][653]LogParticles: Destroying 0 GPU particle simulations for FXSystem 0x00000163576A93A0
[2016.04.20-01.56.47:141][653]LogParticles: Destroying 0 GPU particle simulations for FXSystem 0x0000016357317380
[2016.04.20-01.56.47:141][653]LogParticles: Destroying 0 GPU particle simulations for FXSystem 0x0000016357317420
[2016.04.20-01.56.47:142][653]LogParticles: Destroying 0 GPU particle simulations for FXSystem 0x000001635D2CB600
[2016.04.20-01.56.47:147][653]LogParticles: Destroying 0 GPU particle simulations for FXSystem 0x000001630F67C540
[2016.04.20-01.56.47:301][653]LogExit: Object subsystem successfully closed.
[2016.04.20-01.56.47:316][653]LogD3D11RHI: Shutdown
[2016.04.20-01.56.47:316][653]LogD3D11RHI: CleanupD3DDevice
[2016.04.20-01.56.47:377][653]LogD3D11RHI: ~FD3D11DynamicRHI
[2016.04.20-01.56.47:386][653]LogModuleManager: Shutting down and abandoning module CookingStats (203)
[2016.04.20-01.56.47:386][653]LogModuleManager: Shutting down and abandoning module SequencerWidgets (202)
[2016.04.20-01.56.47:386][653]LogModuleManager: Shutting down and abandoning module BlueprintGraph (201)
[2016.04.20-01.56.47:386][653]LogModuleManager: Shutting down and abandoning module CrashTracker (200)
[2016.04.20-01.56.47:386][653]LogModuleManager: Shutting down and abandoning module SceneOutliner (199)
[2016.04.20-01.56.47:386][653]LogModuleManager: Shutting down and abandoning module SuperSearch (198)
[2016.04.20-01.56.47:386][653]LogModuleManager: Shutting down and abandoning module WidgetCarousel (197)
[2016.04.20-01.56.47:386][653]LogModuleManager: Shutting down and abandoning module AddContentDialog (196)
[2016.04.20-01.56.47:387][653]LogModuleManager: Shutting down and abandoning module EditorWidgets (195)
[2016.04.20-01.56.47:387][653]LogModuleManager: Shutting down and abandoning module CollectionManager (194)
[2016.04.20-01.56.47:387][653]LogModuleManager: Shutting down and abandoning module StatsViewer (193)
[2016.04.20-01.56.47:387][653]LogModuleManager: Shutting down and abandoning module FoliageEdit (192)
[2016.04.20-01.56.47:387][653]LogModuleManager: Shutting down and abandoning module LandscapeEditor (191)
[2016.04.20-01.56.47:387][653]LogModuleManager: Shutting down and abandoning module ActorPickerMode (190)
[2016.04.20-01.56.47:387][653]LogModuleManager: Shutting down and abandoning module GeometryMode (189)
[2016.04.20-01.56.47:387][653]LogModuleManager: Shutting down and abandoning module TextureAlignMode (188)
[2016.04.20-01.56.47:387][653]LogModuleManager: Shutting down and abandoning module BspMode (187)
[2016.04.20-01.56.47:388][653]LogModuleManager: Shutting down and abandoning module PlacementMode (186)
[2016.04.20-01.56.47:388][653]LogModuleManager: Shutting down and abandoning module AutomationWorker (185)
[2016.04.20-01.56.47:388][653]LogModuleManager: Shutting down and abandoning module CharacterAI (184)
[2016.04.20-01.56.47:388][653]LogModuleManager: Shutting down and abandoning module SmartSnapping (183)
[2016.04.20-01.56.47:388][653]LogModuleManager: Shutting down and abandoning module ViewportSnapping (182)
[2016.04.20-01.56.47:388][653]LogModuleManager: Shutting down and abandoning module LogVisualizer (181)
[2016.04.20-01.56.47:388][653]LogModuleManager: Shutting down and abandoning module GameProjectGeneration (180)
[2016.04.20-01.56.47:388][653]LogModuleManager: Shutting down and abandoning module IntroTutorials (179)
[2016.04.20-01.56.47:388][653]LogModuleManager: Shutting down and abandoning module EditorLiveStreaming (178)
[2016.04.20-01.56.47:388][653]LogModuleManager: Shutting down and abandoning module IOSPlatformEditor (177)
[2016.04.20-01.56.47:388][653]LogModuleManager: Shutting down and abandoning module HTML5PlatformEditor (176)
[2016.04.20-01.56.47:388][653]LogModuleManager: Shutting down and abandoning module AndroidDeviceDetection (175)
[2016.04.20-01.56.47:695][653]LogModuleManager: Shutting down and abandoning module AndroidPlatformEditor (174)
[2016.04.20-01.56.47:695][653]LogModuleManager: Shutting down and abandoning module IOSRuntimeSettings (173)
[2016.04.20-01.56.47:695][653]LogModuleManager: Shutting down and abandoning module AndroidRuntimeSettings (172)
[2016.04.20-01.56.47:695][653]LogModuleManager: Shutting down and abandoning module MergeActors (171)
[2016.04.20-01.56.47:695][653]LogModuleManager: Shutting down and abandoning module SizeMap (170)
[2016.04.20-01.56.47:695][653]LogModuleManager: Shutting down and abandoning module TreeMap (169)
[2016.04.20-01.56.47:695][653]LogModuleManager: Shutting down and abandoning module ReferenceViewer (168)
[2016.04.20-01.56.47:695][653]LogModuleManager: Shutting down and abandoning module LocalizationService (167)
[2016.04.20-01.56.47:695][653]LogModuleManager: Shutting down and abandoning module LocalizationDashboard (166)
[2016.04.20-01.56.47:695][653]LogModuleManager: Shutting down and abandoning module HardwareTargeting (165)
[2016.04.20-01.56.47:695][653]LogModuleManager: Shutting down and abandoning module DeviceProfileEditor (164)
[2016.04.20-01.56.47:695][653]LogModuleManager: Shutting down and abandoning module UndoHistory (163)
[2016.04.20-01.56.47:695][653]LogModuleManager: Shutting down and abandoning module GameplayTagsEditor (162)
[2016.04.20-01.56.47:695][653]LogModuleManager: Shutting down and abandoning module UserFeedback (161)
[2016.04.20-01.56.47:695][653]LogModuleManager: Shutting down and abandoning module XmlParser (160)
[2016.04.20-01.56.47:695][653]LogModuleManager: Shutting down and abandoning module Blutility (159)
[2016.04.20-01.56.47:695][653]LogModuleManager: Shutting down and abandoning module ProjectTargetPlatformEditor (158)
[2016.04.20-01.56.47:695][653]LogModuleManager: Shutting down and abandoning module ProjectSettingsViewer (157)
[2016.04.20-01.56.47:695][653]LogModuleManager: Shutting down and abandoning module InputBindingEditor (156)
[2016.04.20-01.56.47:695][653]LogModuleManager: Shutting down and abandoning module EditorSettingsViewer (155)
[2016.04.20-01.56.47:695][653]LogModuleManager: Shutting down and abandoning module SettingsEditor (154)
[2016.04.20-01.56.47:695][653]LogModuleManager: Shutting down and abandoning module ProjectLauncher (153)
[2016.04.20-01.56.47:695][653]LogModuleManager: Shutting down and abandoning module SessionFrontend (152)
[2016.04.20-01.56.47:695][653]LogModuleManager: Shutting down and abandoning module ProfilerClient (151)
[2016.04.20-01.56.47:695][653]LogModuleManager: Shutting down and abandoning module TargetDeviceServices (150)
[2016.04.20-01.56.47:695][653]LogModuleManager: Shutting down and abandoning module DeviceManager (149)
[2016.04.20-01.56.47:696][653]LogModuleManager: Shutting down and abandoning module AutomationController (148)
[2016.04.20-01.56.47:696][653]LogModuleManager: Shutting down and abandoning module AutomationWindow (147)
[2016.04.20-01.56.47:696][653]LogModuleManager: Shutting down and abandoning module Layers (146)
[2016.04.20-01.56.47:696][653]LogModuleManager: Shutting down and abandoning module ComponentVisualizers (145)
[2016.04.20-01.56.47:696][653]LogModuleManager: Shutting down and abandoning module DetailCustomizations (144)
[2016.04.20-01.56.47:696][653]LogModuleManager: Shutting down and abandoning module PackagesDialog (143)
[2016.04.20-01.56.47:696][653]LogModuleManager: Shutting down and abandoning module Persona (142)
[2016.04.20-01.56.47:696][653]LogModuleManager: Shutting down and abandoning module Kismet (141)
[2016.04.20-01.56.47:696][653]LogModuleManager: Shutting down and abandoning module GraphEditor (140)
[2016.04.20-01.56.47:696][653]LogModuleManager: Shutting down and abandoning module ClassViewer (139)
[2016.04.20-01.56.47:698][653]LogModuleManager: Shutting down and abandoning module Toolbox (138)
[2016.04.20-01.56.47:698][653]LogModuleManager: Shutting down and abandoning module ModuleUI (137)
[2016.04.20-01.56.47:698][653]LogModuleManager: Shutting down and abandoning module MovieSceneTools (136)
[2016.04.20-01.56.47:698][653]LogModuleManager: Shutting down and abandoning module OutputLog (135)
[2016.04.20-01.56.47:698][653]LogModuleManager: Shutting down and abandoning module GammaUI (134)
[2016.04.20-01.56.47:698][653]LogModuleManager: Shutting down and abandoning module Documentation (133)
[2016.04.20-01.56.47:698][653]LogModuleManager: Shutting down and abandoning module GameLiveStreaming (132)
[2016.04.20-01.56.47:698][653]LogModuleManager: Shutting down and abandoning module StreamingPauseRendering (131)
[2016.04.20-01.56.47:698][653]LogModuleManager: Shutting down and abandoning module AnalyticsET (130)
[2016.04.20-01.56.47:698][653]LogModuleManager: Shutting down and abandoning module Analytics (129)
[2016.04.20-01.56.47:698][653]LogModuleManager: Shutting down and abandoning module AITestSuite (128)
[2016.04.20-01.56.47:698][653]LogModuleManager: Shutting down and abandoning module GameplayDebugger (127)
[2016.04.20-01.56.47:698][653]LogModuleManager: Shutting down and abandoning module AIModule (126)
[2016.04.20-01.56.47:698][653]LogModuleManager: Shutting down and abandoning module ProfilerService (125)
[2016.04.20-01.56.47:845][653]LogModuleManager: Shutting down and abandoning module TaskGraph (124)
[2016.04.20-01.56.47:845][653]LogModuleManager: Shutting down and abandoning module SubstanceEditor (123)
[2016.04.20-01.56.47:845][653]LogModuleManager: Shutting down and abandoning module SlateRemote (122)
[2016.04.20-01.56.47:845][653]LogModuleManager: Shutting down and abandoning module SteamVRController (121)
[2016.04.20-01.56.47:845][653]LogModuleManager: Shutting down and abandoning module SteamVR (120)
[2016.04.20-01.56.47:845][653]LogModuleManager: Shutting down and abandoning module ProceduralMeshComponent (119)
[2016.04.20-01.56.47:845][653]LogModuleManager: Shutting down and abandoning module OculusLibrary (118)
[2016.04.20-01.56.47:845][653]LogModuleManager: Shutting down and abandoning module OculusInput (117)
[2016.04.20-01.56.47:845][653]LogModuleManager: Shutting down and abandoning module LeapMotionController (116)
[2016.04.20-01.56.47:866][653]LogModuleManager: Shutting down and abandoning module CustomMeshComponent (115)
[2016.04.20-01.56.47:866][653]LogModuleManager: Shutting down and abandoning module CableComponent (114)
[2016.04.20-01.56.47:866][653]LogModuleManager: Shutting down and abandoning module ArchVisCharacter (113)
[2016.04.20-01.56.47:866][653]LogModuleManager: Shutting down and abandoning module MessagingDebugger (112)
[2016.04.20-01.56.47:866][653]LogModuleManager: Shutting down and abandoning module MediaPlayerEditor (111)
[2016.04.20-01.56.47:866][653]LogModuleManager: Shutting down and abandoning module HTML5Networking (110)
[2016.04.20-01.56.47:866][653]LogModuleManager: Shutting down and abandoning module SpeedTreeImporter (109)
[2016.04.20-01.56.47:866][653]LogModuleManager: Shutting down and abandoning module PluginBrowser (108)
[2016.04.20-01.56.47:866][653]LogModuleManager: Shutting down and abandoning module EpicSurvey (107)
[2016.04.20-01.56.47:866][653]LogModuleManager: Shutting down and abandoning module DesktopPlatform (106)
[2016.04.20-01.56.47:866][653]LogModuleManager: Shutting down and abandoning module VisualStudioSourceCodeAccess (105)
[2016.04.20-01.56.47:866][653]LogModuleManager: Shutting down and abandoning module UObjectPlugin (104)
[2016.04.20-01.56.47:866][653]LogModuleManager: Shutting down and abandoning module SubversionSourceControl (103)
[2016.04.20-01.56.47:866][653]LogModuleManager: Shutting down and abandoning module PerforceSourceControl (102)
[2016.04.20-01.56.47:866][653]LogModuleManager: Shutting down and abandoning module SourceControl (101)
[2016.04.20-01.56.47:866][653]LogModuleManager: Shutting down and abandoning module GitSourceControl (100)
[2016.04.20-01.56.47:866][653]LogModuleManager: Shutting down and abandoning module LightPropagationVolumeEditor (99)
[2016.04.20-01.56.47:866][653]LogModuleManager: Shutting down and abandoning module PaperTiledImporter (98)
[2016.04.20-01.56.47:866][653]LogModuleManager: Shutting down and abandoning module PaperSpriteSheetImporter (97)
[2016.04.20-01.56.47:866][653]LogModuleManager: Shutting down and abandoning module MeshPaint (96)
[2016.04.20-01.56.47:866][653]LogModuleManager: Shutting down and abandoning module SlateReflector (95)
[2016.04.20-01.56.47:866][653]LogModuleManager: Shutting down and abandoning module HotReload (94)
[2016.04.20-01.56.47:866][653]LogModuleManager: Shutting down and abandoning module MainFrame (93)
[2016.04.20-01.56.47:866][653]LogModuleManager: Shutting down and abandoning module LevelEditor (92)
[2016.04.20-01.56.47:867][653]LogModuleManager: Shutting down and abandoning module ContentBrowser (91)
[2016.04.20-01.56.47:868][653]LogModuleManager: Shutting down and abandoning module Paper2DEditor (90)
[2016.04.20-01.56.47:868][653]LogModuleManager: Shutting down and abandoning module UdpMessaging (89)
[2016.04.20-01.56.47:968][653]LogModuleManager: Shutting down and abandoning module DirectoryWatcher (88)
[2016.04.20-01.56.47:969][653]LogModuleManager: Shutting down and abandoning module AssetRegistry (87)
[2016.04.20-01.56.48:066][653]LogModuleManager: Shutting down and abandoning module SubstanceCore (86)
[2016.04.20-01.56.48:066][653]LogModuleManager: Shutting down and abandoning module LightPropagationVolumeRuntime (85)
[2016.04.20-01.56.48:066][653]LogModuleManager: Shutting down and abandoning module Paper2D (84)
[2016.04.20-01.56.48:066][653]LogModuleManager: Shutting down and abandoning module WindowsMoviePlayer (83)
[2016.04.20-01.56.48:070][653]LogModuleManager: Shutting down and abandoning module Media (82)
[2016.04.20-01.56.48:070][653]LogModuleManager: Shutting down and abandoning module WmfMedia (81)
[2016.04.20-01.56.48:070][653]LogModuleManager: Shutting down and abandoning module OnlineBlueprintSupport (80)
[2016.04.20-01.56.48:070][653]LogModuleManager: Shutting down and abandoning module GameplayTasksEditor (79)
[2016.04.20-01.56.48:070][653]LogModuleManager: Shutting down and abandoning module PropertyEditor (78)
[2016.04.20-01.56.48:070][653]LogModuleManager: Shutting down and abandoning module BehaviorTreeEditor (77)
[2016.04.20-01.56.48:070][653]LogModuleManager: Shutting down and abandoning module FunctionalTesting (76)
[2016.04.20-01.56.48:070][653]LogModuleManager: Shutting down and abandoning module CollisionAnalyzer (75)
[2016.04.20-01.56.48:070][653]LogModuleManager: Shutting down and abandoning module WorkspaceMenuStructure (74)
[2016.04.20-01.56.48:070][653]LogModuleManager: Shutting down and abandoning module MessageLog (73)
[2016.04.20-01.56.48:070][653]LogModuleManager: Shutting down and abandoning module Sequencer (72)
[2016.04.20-01.56.48:070][653]LogModuleManager: Shutting down and abandoning module AssetTools (71)
[2016.04.20-01.56.48:071][653]LogModuleManager: Shutting down and abandoning module UMGEditor (70)
[2016.04.20-01.56.48:071][653]LogModuleManager: Shutting down and abandoning module UMG (69)
[2016.04.20-01.56.48:071][653]LogModuleManager: Shutting down and abandoning module Slate (68)
[2016.04.20-01.56.48:071][653]LogModuleManager: Shutting down and abandoning module EditorStyle (67)
[2016.04.20-01.56.48:073][653]LogModuleManager: Shutting down and abandoning module SessionServices (66)
[2016.04.20-01.56.48:073][653]LogModuleManager: Shutting down and abandoning module SourceCodeAccess (65)
[2016.04.20-01.56.48:073][653]LogModuleManager: Shutting down and abandoning module HeadMountedDisplay (64)
[2016.04.20-01.56.48:073][653]LogModuleManager: Shutting down and abandoning module XAudio2 (63)
[2016.04.20-01.56.48:073][653]LogModuleManager: Shutting down and abandoning module Networking (61)
[2016.04.20-01.56.48:073][653]LogModuleManager: Shutting down and abandoning module Core (60)
[2016.04.20-01.56.48:073][653]LogModuleManager: Shutting down and abandoning module KismetCompiler (59)
[2016.04.20-01.56.48:073][653]LogModuleManager: Shutting down and abandoning module PhysXFormats (58)
[2016.04.20-01.56.48:073][653]LogModuleManager: Shutting down and abandoning module MeshUtilities (57)
[2016.04.20-01.56.48:073][653]LogModuleManager: Shutting down and abandoning module DerivedDataCache (56)
[2016.04.20-01.56.48:119][653]LogDerivedDataCache: Shutdown
[2016.04.20-01.56.48:119][653]LogModuleManager: Shutting down and abandoning module ShaderFormatOpenGL (55)
[2016.04.20-01.56.48:119][653]LogModuleManager: Shutting down and abandoning module ShaderFormatD3D (54)
[2016.04.20-01.56.48:119][653]LogModuleManager: Shutting down and abandoning module MetalShaderFormat (53)
[2016.04.20-01.56.48:119][653]LogModuleManager: Shutting down and abandoning module TextureFormatUncompressed (52)
[2016.04.20-01.56.48:119][653]LogModuleManager: Shutting down and abandoning module TextureFormatPVR (51)
[2016.04.20-01.56.48:119][653]LogModuleManager: Shutting down and abandoning module TextureFormatIntelISPCTexComp (50)
[2016.04.20-01.56.48:119][653]LogModuleManager: Shutting down and abandoning module TextureFormatDXT (49)
[2016.04.20-01.56.48:119][653]LogModuleManager: Shutting down and abandoning module ImageWrapper (48)
[2016.04.20-01.56.48:119][653]LogModuleManager: Shutting down and abandoning module TextureFormatASTC (47)
[2016.04.20-01.56.48:119][653]LogModuleManager: Shutting down and abandoning module TextureFormatAndroid (46)
[2016.04.20-01.56.48:119][653]LogModuleManager: Shutting down and abandoning module AudioFormatOpus (45)
[2016.04.20-01.56.48:119][653]LogModuleManager: Shutting down and abandoning module AudioFormatOgg (44)
[2016.04.20-01.56.48:119][653]LogModuleManager: Shutting down and abandoning module AudioFormatADPCM (43)
[2016.04.20-01.56.48:119][653]LogModuleManager: Shutting down and abandoning module LinuxTargetPlatform (42)
[2016.04.20-01.56.48:119][653]LogModuleManager: Shutting down and abandoning module LinuxServerTargetPlatform (41)
[2016.04.20-01.56.48:119][653]LogModuleManager: Shutting down and abandoning module LinuxNoEditorTargetPlatform (40)
[2016.04.20-01.56.48:119][653]LogModuleManager: Shutting down and abandoning module Messaging (39)
[2016.04.20-01.56.48:119][653]LogModuleManager: Shutting down and abandoning module IOSTargetPlatform (38)
[2016.04.20-01.56.48:119][653]LogModuleManager: Shutting down and abandoning module HTML5TargetPlatform (37)
[2016.04.20-01.56.48:119][653]LogModuleManager: Shutting down and abandoning module Android_PVRTCTargetPlatform (36)
[2016.04.20-01.56.48:119][653]LogModuleManager: Shutting down and abandoning module Android_MultiTargetPlatform (35)
[2016.04.20-01.56.48:119][653]LogModuleManager: Shutting down and abandoning module Android_ETC2TargetPlatform (34)
[2016.04.20-01.56.48:119][653]LogModuleManager: Shutting down and abandoning module Android_ETC1TargetPlatform (33)
[2016.04.20-01.56.48:119][653]LogModuleManager: Shutting down and abandoning module Android_DXTTargetPlatform (32)
[2016.04.20-01.56.48:119][653]LogModuleManager: Shutting down and abandoning module Android_ATCTargetPlatform (31)
[2016.04.20-01.56.48:119][653]LogModuleManager: Shutting down and abandoning module Android_ASTCTargetPlatform (30)
[2016.04.20-01.56.48:119][653]LogModuleManager: Shutting down and abandoning module AndroidTargetPlatform (29)
[2016.04.20-01.56.48:119][653]LogModuleManager: Shutting down and abandoning module WindowsTargetPlatform (28)
[2016.04.20-01.56.48:119][653]LogModuleManager: Shutting down and abandoning module WindowsServerTargetPlatform (27)
[2016.04.20-01.56.48:119][653]LogModuleManager: Shutting down and abandoning module WindowsNoEditorTargetPlatform (26)
[2016.04.20-01.56.48:119][653]LogModuleManager: Shutting down and abandoning module WindowsClientTargetPlatform (25)
[2016.04.20-01.56.48:119][653]LogModuleManager: Shutting down and abandoning module AllDesktopTargetPlatform (24)
[2016.04.20-01.56.48:119][653]LogModuleManager: Shutting down and abandoning module TargetPlatform (23)
[2016.04.20-01.56.48:119][653]LogModuleManager: Shutting down and abandoning module InputCore (22)
[2016.04.20-01.56.48:119][653]LogModuleManager: Shutting down and abandoning module Settings (21)
[2016.04.20-01.56.48:119][653]LogModuleManager: Shutting down and abandoning module OnlineSubsystem (19)
[2016.04.20-01.56.48:119][653]LogModuleManager: Shutting down and abandoning module HTTP (18)
[2016.04.20-01.56.50:121][653]LogModuleManager: Shutting down and abandoning module XMPP (17)
[2016.04.20-01.56.50:121][653]LogModuleManager: Shutting down and abandoning module OculusRift (16)
[2016.04.20-01.56.50:121][653]LogModuleManager: Shutting down and abandoning module ExampleDeviceProfileSelector (15)
[2016.04.20-01.56.50:121][653]LogModuleManager: Shutting down and abandoning module TextureCompressor (14)
[2016.04.20-01.56.50:121][653]LogModuleManager: Shutting down and abandoning module ShaderCore (13)
[2016.04.20-01.56.50:121][653]LogModuleManager: Shutting down and abandoning module Landscape (12)
[2016.04.20-01.56.50:121][653]LogModuleManager: Shutting down and abandoning module SlateRHIRenderer (11)
[2016.04.20-01.56.50:122][653]LogModuleManager: Shutting down and abandoning module OpenGLDrv (10)
[2016.04.20-01.56.50:122][653]LogModuleManager: Shutting down and abandoning module D3D11RHI (9)
[2016.04.20-01.56.50:122][653]LogModuleManager: Shutting down and abandoning module AnimGraphRuntime (8)
[2016.04.20-01.56.50:122][653]LogModuleManager: Shutting down and abandoning module Renderer (7)
[2016.04.20-01.56.50:122][653]LogModuleManager: Shutting down and abandoning module Engine (6)
[2016.04.20-01.56.50:122][653]LogModuleManager: Shutting down and abandoning module CoreUObject (5)
[2016.04.20-01.56.50:122][653]LogModuleManager: Shutting down and abandoning module NetworkFile (4)
[2016.04.20-01.56.50:122][653]LogModuleManager: Shutting down and abandoning module StreamingFile (3)
[2016.04.20-01.56.50:122][653]LogModuleManager: Shutting down and abandoning module SandboxFile (2)
[2016.04.20-01.56.50:122][653]LogModuleManager: Shutting down and abandoning module PakFile (1)
[2016.04.20-01.56.50:124][653]LogExit: Exiting.
[2016.04.20-01.56.50:125][653]Log file closed, 04/19/16 21:56:50
