[2016.04.20-19.41.48:415][  0]Log file open, 04/20/16 15:41:48
[2016.04.20-19.41.48:415][  0]LogInit:Display: Running engine for game: Targets
[2016.04.20-19.41.48:415][  0]LogPlatformFile: Not using cached read wrapper
[2016.04.20-19.41.48:415][  0]LogInit:Display: RandInit(1934676205) SRandInit(1934676206).
[2016.04.20-19.41.48:415][  0]LogTaskGraph: Started task graph with 4 named threads and 7 total threads.
[2016.04.20-19.41.48:415][  0]LogStats: Stats thread started at 0.067935
[2016.04.20-19.41.48:415][  0]LogInit: Version: 4.10.4-2872498+++depot+UE4-Releases+4.10
[2016.04.20-19.41.48:415][  0]LogInit: API Version: 2758231
[2016.04.20-19.41.48:415][  0]LogInit: Compiled (64-bit): Feb 18 2016 15:47:04
[2016.04.20-19.41.48:415][  0]LogInit: Compiled with Visual C++: 19.00.23026.00
[2016.04.20-19.41.48:415][  0]LogInit: Build Configuration: Development
[2016.04.20-19.41.48:415][  0]LogInit: Branch Name: ++depot+UE4-Releases+4.10
[2016.04.20-19.41.48:415][  0]LogInit: Command line:  
[2016.04.20-19.41.48:415][  0]LogInit: Base directory: F:/Program Files (x86)/Epic Games/4.10/Engine/Binaries/Win64/
[2016.04.20-19.41.48:415][  0]LogInit: Rocket: 1
[2016.04.20-19.41.48:419][  0]LogInit: Using libcurl 7.41.0
[2016.04.20-19.41.48:419][  0]LogInit:  - built for x86_64-pc-win32
[2016.04.20-19.41.48:419][  0]LogInit:  - supports SSL with WinSSL
[2016.04.20-19.41.48:419][  0]LogInit:  - other features:
[2016.04.20-19.41.48:419][  0]LogInit:      CURL_VERSION_SSL
[2016.04.20-19.41.48:419][  0]LogInit:      CURL_VERSION_IPV6
[2016.04.20-19.41.48:419][  0]LogInit:      CURL_VERSION_ASYNCHDNS
[2016.04.20-19.41.48:419][  0]LogInit:      CURL_VERSION_LARGEFILE
[2016.04.20-19.41.48:419][  0]LogInit:      CURL_VERSION_IDN
[2016.04.20-19.41.48:419][  0]LogInit:  CurlRequestOptions (configurable via config and command line):
[2016.04.20-19.41.48:419][  0]LogInit:  - bVerifyPeer = true  - Libcurl will verify peer certificate
[2016.04.20-19.41.48:419][  0]LogInit:  - bUseHttpProxy = false  - Libcurl will NOT use HTTP proxy
[2016.04.20-19.41.48:419][  0]LogInit:  - bDontReuseConnections = false  - Libcurl will reuse connections
[2016.04.20-19.41.48:419][  0]LogInit:  - CertBundlePath = nullptr  - Libcurl will use whatever was configured at build time.
[2016.04.20-19.41.48:424][  0]LogInit: Presizing for 0 objects not considered by GC, pre-allocating 0 bytes.
[2016.04.20-19.41.48:429][  0]LogInit: Object subsystem initialized
[2016.04.20-19.41.48:429][  0]LogInit: Selected Device Profile: [Windows]
[2016.04.20-19.41.48:429][  0]LogInit: Applying CVar settings loaded from the selected device profile: [Windows]
[2016.04.20-19.41.48:437][  0]LogInit: Computer: PATRICK-PC
[2016.04.20-19.41.48:437][  0]LogInit: User: Patrick
[2016.04.20-19.41.48:437][  0]LogInit: CPU Page size=4096, Cores=4
[2016.04.20-19.41.48:437][  0]LogInit: High frequency timer resolution =3.320308 MHz
[2016.04.20-19.41.48:437][  0]LogMemory: Memory total: Physical=16.0GB (16GB approx)
[2016.04.20-19.41.48:437][  0]LogMemory: Platform Memory Stats for Windows
[2016.04.20-19.41.48:437][  0]LogMemory: Process Physical Memory: 56.34 MB used, 56.34 MB peak
[2016.04.20-19.41.48:437][  0]LogMemory: Process Virtual Memory: 58.78 MB used, 58.78 MB peak
[2016.04.20-19.41.48:437][  0]LogMemory: Physical Memory: 2852.76 MB used, 16335.68 MB total
[2016.04.20-19.41.48:437][  0]LogMemory: Virtual Memory: 385.80 MB used, 134217728.00 MB total
[2016.04.20-19.41.48:468][  0]LogTextLocalizationManager: No specific translations for ('en-US') exist, so ('en') translations will be used.
[2016.04.20-19.41.48:916][  0]LogD3D11RHI: Found D3D11 adapter 0: NVIDIA GeForce GTX 970 (Feature Level 11_0)
[2016.04.20-19.41.48:916][  0]LogD3D11RHI: Adapter has 4007MB of dedicated video memory, 0MB of dedicated system memory, and 8167MB of shared system memory, 2 output[s]
[2016.04.20-19.41.48:918][  0]LogD3D11RHI: Found D3D11 adapter 1: Microsoft Basic Render Driver (Feature Level 11_0)
[2016.04.20-19.41.48:918][  0]LogD3D11RHI: Adapter has 0MB of dedicated video memory, 0MB of dedicated system memory, and 8167MB of shared system memory, 0 output[s]
[2016.04.20-19.41.48:918][  0]LogD3D11RHI: Chosen D3D11 Adapter Id = 0
[2016.04.20-19.41.48:922][  0]LogD3D11RHI: !Direct3DDevice
[2016.04.20-19.41.48:922][  0]LogRHI: Texture pool is 1361 MB (70% of 1945 MB)
[2016.04.20-19.41.48:937][  0]LogD3D11RHI: Async texture creation enabled
[2016.04.20-19.41.48:966][  0]LogShaderCompilers: Guid format shader working directory is -1 characters bigger than the processId version (../../../../../../Patrick's Stuff/Targets/Targets/Intermediate/Shaders/WorkingDirectory/23532/).
[2016.04.20-19.41.48:967][  0]LogShaderCompilers: Cleaned the shader compiler working directory 'C:/Users/Patricks/AppData/Local/Temp/UnrealShaderWorkingDir/9A74D9EB476ADCD7598E0A8E5814065C/'.
[2016.04.20-19.41.48:967][  0]LogShaderCompilers:Display: Using Local Shader Compiler.
[2016.04.20-19.41.49:595][  0]LogTemp:Display: Loaded TP AllDesktopTargetPlatform
[2016.04.20-19.41.49:598][  0]LogTemp:Display: Loaded TP WindowsClientTargetPlatform
[2016.04.20-19.41.49:601][  0]LogTemp:Display: Loaded TP WindowsNoEditorTargetPlatform
[2016.04.20-19.41.49:604][  0]LogTemp:Display: Loaded TP WindowsServerTargetPlatform
[2016.04.20-19.41.49:607][  0]LogTemp:Display: Loaded TP WindowsTargetPlatform
[2016.04.20-19.41.49:609][  0]LogTemp:Display: Loaded TP AndroidTargetPlatform
[2016.04.20-19.41.49:611][  0]LogTemp:Display: Loaded TP Android_ASTCTargetPlatform
[2016.04.20-19.41.49:612][  0]LogTemp:Display: Loaded TP Android_ATCTargetPlatform
[2016.04.20-19.41.49:614][  0]LogTemp:Display: Loaded TP Android_DXTTargetPlatform
[2016.04.20-19.41.49:616][  0]LogTemp:Display: Loaded TP Android_ETC1TargetPlatform
[2016.04.20-19.41.49:618][  0]LogTemp:Display: Loaded TP Android_ETC2TargetPlatform
[2016.04.20-19.41.49:621][  0]LogTemp:Display: Loaded TP Android_MultiTargetPlatform
[2016.04.20-19.41.49:621][  0]LogTemp:Display: Loaded TP Android_PVRTCTargetPlatform
[2016.04.20-19.41.49:622][  0]LogTemp:Display: Loaded TP HTML5TargetPlatform
[2016.04.20-19.41.49:637][  0]LogTemp:Display: Loaded TP IOSTargetPlatform
[2016.04.20-19.41.49:639][  0]LogTemp:Display: Loaded TP LinuxNoEditorTargetPlatform
[2016.04.20-19.41.49:641][  0]LogTemp:Display: Loaded TP LinuxServerTargetPlatform
[2016.04.20-19.41.49:643][  0]LogTemp:Display: Loaded TP LinuxTargetPlatform
[2016.04.20-19.41.49:643][  0]LogTargetPlatformManager:Display: Building Assets For Windows
[2016.04.20-19.41.49:692][  0]LogDerivedDataCache:Display: Max Cache Size: 512 MB
[2016.04.20-19.41.49:731][  0]LogDerivedDataCache: Loaded boot cache 0.04s 41MB C:/Users/Patricks/AppData/Local/UnrealEngine/4.10/DerivedDataCache/Boot.ddc.
[2016.04.20-19.41.49:731][  0]LogDerivedDataCache:Display: Loaded Boot cache: C:/Users/Patricks/AppData/Local/UnrealEngine/4.10/DerivedDataCache/Boot.ddc
[2016.04.20-19.41.49:731][  0]LogDerivedDataCache: FDerivedDataBackendGraph:  Pak pak cache file ../../../../../../Patrick's Stuff/Targets/Targets/DerivedDataCache/DDC.ddp not found, will not use a pak cache.
[2016.04.20-19.41.49:731][  0]LogDerivedDataCache: Unable to find inner node Pak for hierarchical cache Hierarchy.
[2016.04.20-19.41.49:731][  0]LogDerivedDataCache: FDerivedDataBackendGraph:  CompressedPak pak cache file ../../../../../../Patrick's Stuff/Targets/Targets/DerivedDataCache/Compressed.ddp not found, will not use a pak cache.
[2016.04.20-19.41.49:731][  0]LogDerivedDataCache: Unable to find inner node CompressedPak for hierarchical cache Hierarchy.
[2016.04.20-19.41.49:780][  0]LogDerivedDataCache:Display: Pak cache opened for reading ../../../Engine/DerivedDataCache/Compressed.ddp.
[2016.04.20-19.41.49:792][  0]LogDerivedDataCache: Using Local data cache path C:/Users/Patricks/AppData/Local/UnrealEngine/Common/DerivedDataCache: Writable
[2016.04.20-19.41.49:936][  0]LogInit: Selected Device Profile: [Windows]
[2016.04.20-19.41.49:938][  0]LogContentStreaming: Texture pool size is 0.000000MB
[2016.04.20-19.41.50:029][  0]LogMeshUtilities: No automatic mesh reduction module available
[2016.04.20-19.41.50:029][  0]LogMeshUtilities: No automatic mesh merging module available
[2016.04.20-19.41.50:238][  0]LogInit: WinSock: version 1.1 (2.2), MaxSocks=32767, MaxUdp=65467
[2016.04.20-19.41.50:833][  0]LogAssetRegistry: FAssetRegistry took 0.0106 seconds to start up
[2016.04.20-19.41.50:842][  0]UdpMessaging: Initializing bridge on interface 0.0.0.0:0 to multicast group 230.0.0.1:6666.
[2016.04.20-19.41.51:019][  0]SourceControl: Info Source control is disabled
[2016.04.20-19.41.51:050][  0]SourceControl: Info Source control is disabled
[2016.04.20-19.41.51:056][  0]SourceControl: Info Source control is disabled
[2016.04.20-19.41.51:062][  0]SourceControl: Info Source control is disabled
[2016.04.20-19.41.51:207][  0]LogObj: 28802 objects as part of root set at end of initial load.
[2016.04.20-19.41.51:207][  0]LogUObjectAllocator: 6129776 out of 0 bytes used by permanent object pool.
[2016.04.20-19.41.51:256][  0]LogEngine: Initializing Engine...
[2016.04.20-19.41.51:257][  0]LogHMD: Can't find Oculus library dev build: is proper Runtime installed? Version: 0.8.0.0
[2016.04.20-19.41.51:258][  0]LogHMD: SteamVR failed to initialize.  Err: 110
[2016.04.20-19.41.51:357][  0]LogAIModule: Creating AISystem for world NewWorld
[2016.04.20-19.41.51:361][  0]LogInit: XAudio2 using 'Speakers (Realtek High Definition Audio)' : 2 channels at 48 kHz using 32 bits per sample (channel mask 0x3)
[2016.04.20-19.41.51:378][  0]LogInit: FAudioDevice initialized.
[2016.04.20-19.41.51:401][  0]LogDerivedDataCache: Saved boot cache 0.02s 41MB C:/Users/Patricks/AppData/Local/UnrealEngine/4.10/DerivedDataCache/Boot.ddc.
[2016.04.20-19.41.51:406][  0]LogInit: Texture streaming: Enabled
[2016.04.20-19.41.51:410][  0]LogAnalytics: Creating configured Analytics provider AnalyticsET
[2016.04.20-19.41.51:410][  0]LogAnalytics: [UEEditor.Rocket.Release] APIServer = http://et2.epicgames.com/ET2/. AppVersion = 4.10.4-2872498+++depot+UE4-Releases+4.10
[2016.04.20-19.41.51:411][  0]LogAnalytics: [UEEditor.Rocket.Release] SetUserId a11d35bb4e716de7671871ae5c56ff65|a9573fc7a2ed483b825d82afb9787580|e4cea92d-f8ff-4de5-9849-405755594103
[2016.04.20-19.41.51:411][  0]LogAnalytics: [UEEditor.Rocket.Release] AnalyticsET::StartSession
[2016.04.20-19.41.51:421][  0]LogInit: Transaction tracking system initialized
[2016.04.20-19.41.51:438][  0]BlueprintLog: New page: Editor Load
[2016.04.20-19.41.51:486][  0]LocalizationService: Info Localization service is disabled
[2016.04.20-19.41.51:537][  0]LogConsoleResponse:Display: 
[2016.04.20-19.41.51:624][  0]LogCook:Display: Done creating registry. It took  0.00s.
[2016.04.20-19.41.51:656][  0]LogFileCache: Scanning file cache for directory 'F:/Patrick's Stuff/Targets/Targets/Content/' took 0.02s
[2016.04.20-19.41.51:656][  0]SourceControl: Info Source control is disabled
[2016.04.20-19.41.51:657][  0]Cmd: MAP LOAD FILE="../../../../../../Patrick's Stuff/Targets/Targets/Content/FirstPersonBP/Maps/FirstPersonExampleMap.umap" TEMPLATE=0 SHOWPROGRESS=1 FEATURELEVEL=3
[2016.04.20-19.41.51:657][  0]LightingResults: New page: Lighting Build
[2016.04.20-19.41.51:658][  0]MapCheck: New page: Map Check
[2016.04.20-19.41.51:658][  0]LightingResults: New page: Lighting Build
[2016.04.20-19.41.51:668][  0]LogParticles: Destroying 0 GPU particle simulations for FXSystem 0x00000263B24C76A0
[2016.04.20-19.41.51:767][  0]LogLinker:Warning: Asset '../../../../../../Patrick's Stuff/Targets/Targets/Content/FirstPerson/Meshes/FirstPersonProjectileMesh.uasset' has been saved with empty engine version. The asset will be loaded but may be incompatible.
[2016.04.20-19.41.52:488][  0]LogTexture:Display: Building textures: HQ_Lightmap0_1 (AutoDXT)
[2016.04.20-19.41.52:594][  0]LogTexture:Display: Building textures: HQ_Lightmap0_10 (AutoDXT)
[2016.04.20-19.41.52:595][  0]LogTexture:Display: Building textures: HQ_Lightmap0_11 (AutoDXT)
[2016.04.20-19.41.52:597][  0]LogTexture:Display: Building textures: HQ_Lightmap0_12 (AutoDXT)
[2016.04.20-19.41.52:599][  0]LogTexture:Display: Building textures: HQ_Lightmap0_13 (AutoDXT)
[2016.04.20-19.41.52:601][  0]LogTexture:Display: Building textures: HQ_Lightmap0_14 (AutoDXT)
[2016.04.20-19.41.52:609][  0]LogTexture:Display: Building textures: HQ_Lightmap0_15 (AutoDXT)
[2016.04.20-19.41.52:610][  0]LogTexture:Display: Building textures: HQ_Lightmap0_16 (AutoDXT)
[2016.04.20-19.41.52:612][  0]LogTexture:Display: Building textures: HQ_Lightmap0_17 (AutoDXT)
[2016.04.20-19.41.52:616][  0]LogTexture:Display: Building textures: HQ_Lightmap0_18 (AutoDXT)
[2016.04.20-19.41.52:618][  0]LogTexture:Display: Building textures: HQ_Lightmap0_19 (AutoDXT)
[2016.04.20-19.41.52:620][  0]LogTexture:Display: Building textures: HQ_Lightmap0_20 (AutoDXT)
[2016.04.20-19.41.52:622][  0]LogTexture:Display: Building textures: HQ_Lightmap0_21 (AutoDXT)
[2016.04.20-19.41.52:624][  0]LogTexture:Display: Building textures: HQ_Lightmap0_22 (AutoDXT)
[2016.04.20-19.41.52:626][  0]LogTexture:Display: Building textures: HQ_Lightmap0_23 (AutoDXT)
[2016.04.20-19.41.52:628][  0]LogTexture:Display: Building textures: HQ_Lightmap0_24 (AutoDXT)
[2016.04.20-19.41.52:630][  0]LogTexture:Display: Building textures: HQ_Lightmap0_25 (AutoDXT)
[2016.04.20-19.41.52:632][  0]LogTexture:Display: Building textures: HQ_Lightmap0_26 (AutoDXT)
[2016.04.20-19.41.52:636][  0]LogTexture:Display: Building textures: HQ_Lightmap0_27 (AutoDXT)
[2016.04.20-19.41.52:638][  0]LogTexture:Display: Building textures: HQ_Lightmap0_28 (AutoDXT)
[2016.04.20-19.41.52:640][  0]LogTexture:Display: Building textures: HQ_Lightmap0_29 (AutoDXT)
[2016.04.20-19.41.52:643][  0]LogTexture:Display: Building textures: HQ_Lightmap0_3 (AutoDXT)
[2016.04.20-19.41.52:662][  0]LogTexture:Display: Building textures: HQ_Lightmap0_30 (AutoDXT)
[2016.04.20-19.41.52:664][  0]LogTexture:Display: Building textures: HQ_Lightmap0_31 (AutoDXT)
[2016.04.20-19.41.52:666][  0]LogTexture:Display: Building textures: HQ_Lightmap0_32 (AutoDXT)
[2016.04.20-19.41.52:667][  0]LogTexture:Display: Building textures: HQ_Lightmap0_33 (AutoDXT)
[2016.04.20-19.41.52:669][  0]LogTexture:Display: Building textures: HQ_Lightmap0_34 (AutoDXT)
[2016.04.20-19.41.52:670][  0]LogTexture:Display: Building textures: HQ_Lightmap0_35 (AutoDXT)
[2016.04.20-19.41.52:671][  0]LogTexture:Display: Building textures: HQ_Lightmap0_36 (AutoDXT)
[2016.04.20-19.41.52:673][  0]LogTexture:Display: Building textures: HQ_Lightmap0_37 (AutoDXT)
[2016.04.20-19.41.52:674][  0]LogTexture:Display: Building textures: HQ_Lightmap0_38 (AutoDXT)
[2016.04.20-19.41.52:676][  0]LogTexture:Display: Building textures: HQ_Lightmap0_4 (AutoDXT)
[2016.04.20-19.41.52:677][  0]LogTexture:Display: Building textures: HQ_Lightmap0_5 (AutoDXT)
[2016.04.20-19.41.52:679][  0]LogTexture:Display: Building textures: HQ_Lightmap0_6 (AutoDXT)
[2016.04.20-19.41.52:680][  0]LogTexture:Display: Building textures: HQ_Lightmap0_7 (AutoDXT)
[2016.04.20-19.41.52:681][  0]LogTexture:Display: Building textures: HQ_Lightmap0_8 (AutoDXT)
[2016.04.20-19.41.52:683][  0]LogTexture:Display: Building textures: HQ_Lightmap0_9 (AutoDXT)
[2016.04.20-19.41.52:686][  0]LogTexture:Display: Building textures: HQ_Lightmap1_2 (AutoDXT)
[2016.04.20-19.41.52:717][  0]LogTexture:Display: Building textures: LQ_Lightmap_0_1 (DXT1)
[2016.04.20-19.41.52:767][  0]LogTexture:Display: Building textures: LQ_Lightmap_0_10 (DXT1)
[2016.04.20-19.41.52:769][  0]LogTexture:Display: Building textures: LQ_Lightmap_0_11 (DXT1)
[2016.04.20-19.41.52:770][  0]LogTexture:Display: Building textures: LQ_Lightmap_0_12 (DXT1)
[2016.04.20-19.41.52:771][  0]LogTexture:Display: Building textures: LQ_Lightmap_0_13 (DXT1)
[2016.04.20-19.41.52:772][  0]LogTexture:Display: Building textures: LQ_Lightmap_0_14 (DXT1)
[2016.04.20-19.41.52:776][  0]LogTexture:Display: Building textures: LQ_Lightmap_0_15 (DXT1)
[2016.04.20-19.41.52:777][  0]LogTexture:Display: Building textures: LQ_Lightmap_0_16 (DXT1)
[2016.04.20-19.41.52:779][  0]LogTexture:Display: Building textures: LQ_Lightmap_0_17 (DXT1)
[2016.04.20-19.41.52:782][  0]LogTexture:Display: Building textures: LQ_Lightmap_0_18 (DXT1)
[2016.04.20-19.41.52:783][  0]LogTexture:Display: Building textures: LQ_Lightmap_0_19 (DXT1)
[2016.04.20-19.41.52:784][  0]LogTexture:Display: Building textures: LQ_Lightmap_0_20 (DXT1)
[2016.04.20-19.41.52:785][  0]LogTexture:Display: Building textures: LQ_Lightmap_0_21 (DXT1)
[2016.04.20-19.41.52:786][  0]LogTexture:Display: Building textures: LQ_Lightmap_0_22 (DXT1)
[2016.04.20-19.41.52:787][  0]LogTexture:Display: Building textures: LQ_Lightmap_0_23 (DXT1)
[2016.04.20-19.41.52:788][  0]LogTexture:Display: Building textures: LQ_Lightmap_0_24 (DXT1)
[2016.04.20-19.41.52:789][  0]LogTexture:Display: Building textures: LQ_Lightmap_0_25 (DXT1)
[2016.04.20-19.41.52:791][  0]LogTexture:Display: Building textures: LQ_Lightmap_0_26 (DXT1)
[2016.04.20-19.41.52:793][  0]LogTexture:Display: Building textures: LQ_Lightmap_0_27 (DXT1)
[2016.04.20-19.41.52:794][  0]LogTexture:Display: Building textures: LQ_Lightmap_0_28 (DXT1)
[2016.04.20-19.41.52:796][  0]LogTexture:Display: Building textures: LQ_Lightmap_0_29 (DXT1)
[2016.04.20-19.41.52:798][  0]LogTexture:Display: Building textures: LQ_Lightmap_0_3 (DXT1)
[2016.04.20-19.41.52:809][  0]LogTexture:Display: Building textures: LQ_Lightmap_0_30 (DXT1)
[2016.04.20-19.41.52:810][  0]LogTexture:Display: Building textures: LQ_Lightmap_0_31 (DXT1)
[2016.04.20-19.41.52:811][  0]LogTexture:Display: Building textures: LQ_Lightmap_0_32 (DXT1)
[2016.04.20-19.41.52:812][  0]LogTexture:Display: Building textures: LQ_Lightmap_0_33 (DXT1)
[2016.04.20-19.41.52:814][  0]LogTexture:Display: Building textures: LQ_Lightmap_0_34 (DXT1)
[2016.04.20-19.41.52:815][  0]LogTexture:Display: Building textures: LQ_Lightmap_0_35 (DXT1)
[2016.04.20-19.41.52:816][  0]LogTexture:Display: Building textures: LQ_Lightmap_0_36 (DXT1)
[2016.04.20-19.41.52:817][  0]LogTexture:Display: Building textures: LQ_Lightmap_0_37 (DXT1)
[2016.04.20-19.41.52:819][  0]LogTexture:Display: Building textures: LQ_Lightmap_0_38 (DXT1)
[2016.04.20-19.41.52:820][  0]LogTexture:Display: Building textures: LQ_Lightmap_0_4 (DXT1)
[2016.04.20-19.41.52:821][  0]LogTexture:Display: Building textures: LQ_Lightmap_0_5 (DXT1)
[2016.04.20-19.41.52:823][  0]LogTexture:Display: Building textures: LQ_Lightmap_0_6 (DXT1)
[2016.04.20-19.41.52:824][  0]LogTexture:Display: Building textures: LQ_Lightmap_0_7 (DXT1)
[2016.04.20-19.41.52:825][  0]LogTexture:Display: Building textures: LQ_Lightmap_0_8 (DXT1)
[2016.04.20-19.41.52:826][  0]LogTexture:Display: Building textures: LQ_Lightmap_0_9 (DXT1)
[2016.04.20-19.41.52:829][  0]LogTexture:Display: Building textures: LQ_Lightmap_1_2 (DXT1)
[2016.04.20-19.41.53:133][  0]LogAudioDerivedData:Display: Building compressed audio format OGG wave music...
[2016.04.20-19.41.55:780][  0]LogAIModule: Creating AISystem for world FirstPersonExampleMap
[2016.04.20-19.41.55:839][  0]LogEditorServer: Finished looking for orphan Actors (0.000 secs)
[2016.04.20-19.41.55:839][  0]Cmd: MAP CHECKDEP NOCLEARLOG
[2016.04.20-19.41.55:889][  0]MapCheck: Info Map check complete: 0 Error(s), 0 Warning(s), took 49.891ms to complete.
[2016.04.20-19.41.55:889][  0]LogFileHelpers: Loading map 'FirstPersonExampleMap' took 4.233
[2016.04.20-19.41.56:165][  0]LogCollectionManager: Loaded 0 collections in 0.001032 seconds
[2016.04.20-19.41.56:208][  0]LogFileCache: Scanning file cache for directory 'F:/Patrick's Stuff/Targets/Targets/Saved/Collections/' took 0.01s
[2016.04.20-19.41.56:208][  0]LogFileCache: Scanning file cache for directory 'F:/Patrick's Stuff/Targets/Targets/Content/Developers/Patrick/Collections/' took 0.01s
[2016.04.20-19.41.56:208][  0]LogFileCache: Scanning file cache for directory 'F:/Patrick's Stuff/Targets/Targets/Content/Collections/' took 0.01s
[2016.04.20-19.41.56:208][  0]LogCollectionManager: Rebuilt the GUID cache for 0 collections in 0.000002 seconds
[2016.04.20-19.41.56:215][  0]LogContentBrowser: Native class hierarchy populated in 0.0063 seconds. Added 1908 classes and 344 folders.
[2016.04.20-19.41.56:219][  0]LogContentBrowser: Native class hierarchy updated for 'WidgetCarousel' in 0.0004 seconds. Added 0 classes and 0 folders.
[2016.04.20-19.41.56:249][  0]LogContentBrowser: Native class hierarchy updated for 'AddContentDialog' in 0.0003 seconds. Added 0 classes and 0 folders.
[2016.04.20-19.41.56:271][  0]LogContentBrowser: Native class hierarchy updated for 'SceneOutliner' in 0.0003 seconds. Added 1 classes and 2 folders.
[2016.04.20-19.41.56:306][  0]LogCrashTracker: Crashtracker disabled due to settings.
[2016.04.20-19.41.56:311][  0]LogUObjectGlobals:Warning: Failed to find object 'Class None.'
[2016.04.20-19.41.56:333][  0]LogLoad: Full Startup: 8.29 seconds (BP compile: 0.16 seconds)
[2016.04.20-19.41.56:342][  0]LogWindowsTextInputMethodSystem:Display: IME system now deactivated.
[2016.04.20-19.41.56:345][  0]LogOcInput: Can't find Oculus library dev build: is proper Runtime installed? Version: 0.8.0.0
[2016.04.20-19.41.56:383][  0]LogContentStreaming: Texture pool size now 1000 MB
[2016.04.20-19.41.56:498][  1]Cmd: UpdateLandscapeEditorData -warnings
[2016.04.20-19.41.56:538][  1]LogRenderer: Reallocating scene render targets to support 1100x704 (Frame:2).
[2016.04.20-19.42.10:837][629]LogAssetRegistry: Asset discovery search completed in 20.0143 seconds
[2016.04.20-19.42.10:837][629]LogCollectionManager: Rebuilt the object cache for 0 collections in 0.000001 seconds (found 0 objects)
[2016.04.20-19.42.10:837][629]LogCollectionManager: Fixed up redirectors for 0 collections in 0.000020 seconds (updated 0 objects)
[2016.04.20-19.42.36:952][757]LogLinker:Warning: Asset '../../../../../../Patrick's Stuff/Targets/Targets/Content/FirstPersonBP/Blueprints/FirstPersonHUD.uasset' has been saved with empty engine version. The asset will be loaded but may be incompatible.
[2016.04.20-19.42.41:824][311]LogLinker:Warning: Asset '../../../Engine/Content/ArtTools/RenderToTexture/Macros/RenderToTextureMacros.uasset' has been saved with empty engine version. The asset will be loaded but may be incompatible.
[2016.04.20-19.42.42:129][311]LogContentBrowser: Native class hierarchy updated for 'BlueprintGraph' in 0.0006 seconds. Added 107 classes and 0 folders.
[2016.04.21-01.17.33:137][413]LogBlueprintUserMessages: Early PlayInEditor Detection: Level '/Game/FirstPersonBP/Maps/FirstPersonExampleMap.FirstPersonExampleMap:PersistentLevel' has LevelScriptBlueprint '/Game/FirstPersonBP/Maps/FirstPersonExampleMap.FirstPersonExampleMap:PersistentLevel.FirstPersonExampleMap' with GeneratedClass '/Game/FirstPersonBP/Maps/FirstPersonExampleMap.FirstPersonExampleMap_C' with ClassGeneratedBy '/Game/FirstPersonBP/Maps/FirstPersonExampleMap.FirstPersonExampleMap:PersistentLevel.FirstPersonExampleMap'
[2016.04.21-01.17.33:138][413]LogPlayLevel: PlayLevel: No blueprints needed recompiling
[2016.04.21-01.17.33:138][413]PIE: New page: PIE session: FirstPersonExampleMap (Apr 20, 2016, 5:17:33 PM)
[2016.04.21-01.17.33:138][413]LogPlayLevel: Creating play world package: /Game/FirstPersonBP/Maps/UEDPIE_0_FirstPersonExampleMap
[2016.04.21-01.17.33:281][413]LogPlayLevel: PIE: StaticDuplicateObject took: (0.142559s)
[2016.04.21-01.17.33:281][413]LogAIModule: Creating AISystem for world FirstPersonExampleMap
[2016.04.21-01.17.33:282][413]LogPlayLevel: PIE: World Init took: (0.000886s)
[2016.04.21-01.17.33:282][413]LogPlayLevel: PIE: Created PIE world by copying editor world from /Game/FirstPersonBP/Maps/FirstPersonExampleMap.FirstPersonExampleMap to /Game/FirstPersonBP/Maps/UEDPIE_0_FirstPersonExampleMap.FirstPersonExampleMap (0.143751s)
[2016.04.21-01.17.33:282][413]LogActorComponent: UnregisterComponent: (/Engine/Transient.CharMoveComp) Not registered. Aborting.
[2016.04.21-01.17.33:282][413]LogActorComponent: UnregisterComponent: (/Engine/Transient.ProjectileMovementComponent_40__A6522401) Not registered. Aborting.
[2016.04.21-01.17.33:333][413]LogInit: XAudio2 using 'Speakers (Realtek High Definition Audio)' : 2 channels at 48 kHz using 32 bits per sample (channel mask 0x3)
[2016.04.21-01.17.33:341][413]LogInit: FAudioDevice initialized.
[2016.04.21-01.17.33:399][413]LogWorld: Game class is 'FirstPersonGameMode_C'
[2016.04.21-01.17.33:417][413]LogWorld: Bringing World /Game/FirstPersonBP/Maps/UEDPIE_0_FirstPersonExampleMap.FirstPersonExampleMap up for play (max tick rate 0) at 2016.04.20-21.17.33
[2016.04.21-01.17.33:417][413]LogActor:Warning: GameSession /Game/FirstPersonBP/Maps/UEDPIE_0_FirstPersonExampleMap.FirstPersonExampleMap:PersistentLevel.GameSession_0 has natively added scene component(s), but none of them were set as the actor's RootComponent - picking one arbitrarily
[2016.04.21-01.17.33:417][413]LogActor:Warning: GameNetworkManager /Game/FirstPersonBP/Maps/UEDPIE_0_FirstPersonExampleMap.FirstPersonExampleMap:PersistentLevel.GameNetworkManager_0 has natively added scene component(s), but none of them were set as the actor's RootComponent - picking one arbitrarily
[2016.04.21-01.17.33:420][413]LogWorld: Bringing up level for play took: 0.018857
[2016.04.21-01.17.33:422][413]PIE: Info Play in editor start time for /Game/FirstPersonBP/Maps/UEDPIE_0_FirstPersonExampleMap -0.191
[2016.04.21-01.17.33:422][413]LogBlueprintUserMessages: Late PlayInEditor Detection: Level '/Game/FirstPersonBP/Maps/FirstPersonExampleMap.FirstPersonExampleMap:PersistentLevel' has LevelScriptBlueprint '/Game/FirstPersonBP/Maps/FirstPersonExampleMap.FirstPersonExampleMap:PersistentLevel.FirstPersonExampleMap' with GeneratedClass '/Game/FirstPersonBP/Maps/FirstPersonExampleMap.FirstPersonExampleMap_C' with ClassGeneratedBy '/Game/FirstPersonBP/Maps/FirstPersonExampleMap.FirstPersonExampleMap:PersistentLevel.FirstPersonExampleMap'
[2016.04.21-01.18.32:180][424]LogPackageName: SearchForPackageOnDisk took   0.043s to resolve FirstPersonExampleMap.umap.
[2016.04.21-01.18.32:221][424]LogPackageName: SearchForPackageOnDisk took   0.041s to resolve FirstPersonExampleMap.umap.
[2016.04.21-01.18.32:221][424]LogNet: Browse: /Game/FirstPersonBP/Maps/FirstPersonExampleMap
[2016.04.21-01.18.32:222][424]LogLoad: LoadMap: /Game/FirstPersonBP/Maps/FirstPersonExampleMap
[2016.04.21-01.18.32:246][424]LogParticles: Destroying 0 GPU particle simulations for FXSystem 0x00000263EEBF6020
[2016.04.21-01.18.32:251][424]Cmd: MEM
[2016.04.21-01.18.32:276][424]LogMemory: Platform Memory Stats for Windows
[2016.04.21-01.18.32:276][424]LogMemory: Process Physical Memory: 1463.68 MB used, 1471.16 MB peak
[2016.04.21-01.18.32:276][424]LogMemory: Process Virtual Memory: 2319.48 MB used, 2330.45 MB peak
[2016.04.21-01.18.32:276][424]LogMemory: Physical Memory: 4442.76 MB used, 16335.68 MB total
[2016.04.21-01.18.32:276][424]LogMemory: Virtual Memory: 3034.34 MB used, 134217728.00 MB total
[2016.04.21-01.18.32:276][424]LogMemory: 
[2016.04.21-01.18.32:276][424]Allocator Stats for TBB: (not implemented)
[2016.04.21-01.18.32:276][424]LogPlayLevel: Creating play world package: /Game/FirstPersonBP/Maps/UEDPIE_0_FirstPersonExampleMap
[2016.04.21-01.18.32:330][424]LogPlayLevel: PIE: StaticDuplicateObject took: (0.054278s)
[2016.04.21-01.18.32:331][424]LogAIModule: Creating AISystem for world FirstPersonExampleMap
[2016.04.21-01.18.32:331][424]LogPlayLevel: PIE: World Init took: (0.001051s)
[2016.04.21-01.18.32:331][424]LogPlayLevel: PIE: Created PIE world by copying editor world from /Game/FirstPersonBP/Maps/FirstPersonExampleMap.FirstPersonExampleMap to /Game/FirstPersonBP/Maps/UEDPIE_0_FirstPersonExampleMap.FirstPersonExampleMap (0.055617s)
[2016.04.21-01.18.32:331][424]LogWorld: Game class is 'FirstPersonGameMode_C'
[2016.04.21-01.18.32:359][424]LogWorld: Bringing World /Game/FirstPersonBP/Maps/UEDPIE_0_FirstPersonExampleMap.FirstPersonExampleMap up for play (max tick rate 0) at 2016.04.20-21.18.32
[2016.04.21-01.18.32:359][424]LogActor:Warning: GameSession /Game/FirstPersonBP/Maps/UEDPIE_0_FirstPersonExampleMap.FirstPersonExampleMap:PersistentLevel.GameSession_1 has natively added scene component(s), but none of them were set as the actor's RootComponent - picking one arbitrarily
[2016.04.21-01.18.32:359][424]LogActor:Warning: GameNetworkManager /Game/FirstPersonBP/Maps/UEDPIE_0_FirstPersonExampleMap.FirstPersonExampleMap:PersistentLevel.GameNetworkManager_1 has natively added scene component(s), but none of them were set as the actor's RootComponent - picking one arbitrarily
[2016.04.21-01.18.32:361][424]LogWorld: Bringing up level for play took: 0.028473
[2016.04.21-01.18.45:877][ 13]LogPackageName: SearchForPackageOnDisk took   0.044s to resolve FirstPersonExampleMap.umap.
[2016.04.21-01.18.45:916][ 13]LogPackageName: SearchForPackageOnDisk took   0.039s to resolve FirstPersonExampleMap.umap.
[2016.04.21-01.18.45:916][ 13]LogNet: Browse: /Game/FirstPersonBP/Maps/FirstPersonExampleMap
[2016.04.21-01.18.45:916][ 13]LogLoad: LoadMap: /Game/FirstPersonBP/Maps/FirstPersonExampleMap
[2016.04.21-01.18.45:946][ 13]LogParticles: Destroying 0 GPU particle simulations for FXSystem 0x00000263EEBF7CE0
[2016.04.21-01.18.45:946][ 13]Cmd: MEM
[2016.04.21-01.18.45:966][ 13]LogMemory: Platform Memory Stats for Windows
[2016.04.21-01.18.45:966][ 13]LogMemory: Process Physical Memory: 1474.03 MB used, 1491.11 MB peak
[2016.04.21-01.18.45:966][ 13]LogMemory: Process Virtual Memory: 2206.45 MB used, 2435.61 MB peak
[2016.04.21-01.18.45:966][ 13]LogMemory: Physical Memory: 4451.02 MB used, 16335.68 MB total
[2016.04.21-01.18.45:966][ 13]LogMemory: Virtual Memory: 3084.67 MB used, 134217728.00 MB total
[2016.04.21-01.18.45:966][ 13]LogMemory: 
[2016.04.21-01.18.45:966][ 13]Allocator Stats for TBB: (not implemented)
[2016.04.21-01.18.45:966][ 13]LogPlayLevel: Creating play world package: /Game/FirstPersonBP/Maps/UEDPIE_0_FirstPersonExampleMap
[2016.04.21-01.18.46:017][ 13]LogPlayLevel: PIE: StaticDuplicateObject took: (0.051200s)
[2016.04.21-01.18.46:018][ 13]LogAIModule: Creating AISystem for world FirstPersonExampleMap
[2016.04.21-01.18.46:018][ 13]LogPlayLevel: PIE: World Init took: (0.000859s)
[2016.04.21-01.18.46:018][ 13]LogPlayLevel: PIE: Created PIE world by copying editor world from /Game/FirstPersonBP/Maps/FirstPersonExampleMap.FirstPersonExampleMap to /Game/FirstPersonBP/Maps/UEDPIE_0_FirstPersonExampleMap.FirstPersonExampleMap (0.052323s)
[2016.04.21-01.18.46:018][ 13]LogWorld: Game class is 'FirstPersonGameMode_C'
[2016.04.21-01.18.46:038][ 13]LogWorld: Bringing World /Game/FirstPersonBP/Maps/UEDPIE_0_FirstPersonExampleMap.FirstPersonExampleMap up for play (max tick rate 0) at 2016.04.20-21.18.46
[2016.04.21-01.18.46:038][ 13]LogActor:Warning: GameSession /Game/FirstPersonBP/Maps/UEDPIE_0_FirstPersonExampleMap.FirstPersonExampleMap:PersistentLevel.GameSession_2 has natively added scene component(s), but none of them were set as the actor's RootComponent - picking one arbitrarily
[2016.04.21-01.18.46:038][ 13]LogActor:Warning: GameNetworkManager /Game/FirstPersonBP/Maps/UEDPIE_0_FirstPersonExampleMap.FirstPersonExampleMap:PersistentLevel.GameNetworkManager_2 has natively added scene component(s), but none of them were set as the actor's RootComponent - picking one arbitrarily
[2016.04.21-01.18.46:041][ 13]LogWorld: Bringing up level for play took: 0.020892
[2016.04.21-01.19.16:299][617]LogBlueprintUserMessages: Early EndPlayMap Detection: Level '/Game/FirstPersonBP/Maps/FirstPersonExampleMap.FirstPersonExampleMap:PersistentLevel' has LevelScriptBlueprint '/Game/FirstPersonBP/Maps/FirstPersonExampleMap.FirstPersonExampleMap:PersistentLevel.FirstPersonExampleMap' with GeneratedClass '/Game/FirstPersonBP/Maps/FirstPersonExampleMap.FirstPersonExampleMap_C' with ClassGeneratedBy '/Game/FirstPersonBP/Maps/FirstPersonExampleMap.FirstPersonExampleMap:PersistentLevel.FirstPersonExampleMap'
[2016.04.21-01.19.16:581][617]LogBlueprintUserMessages: Late EndPlayMap Detection: Level '/Game/FirstPersonBP/Maps/FirstPersonExampleMap.FirstPersonExampleMap:PersistentLevel' has LevelScriptBlueprint '/Game/FirstPersonBP/Maps/FirstPersonExampleMap.FirstPersonExampleMap:PersistentLevel.FirstPersonExampleMap' with GeneratedClass '/Game/FirstPersonBP/Maps/FirstPersonExampleMap.FirstPersonExampleMap_C' with ClassGeneratedBy '/Game/FirstPersonBP/Maps/FirstPersonExampleMap.FirstPersonExampleMap:PersistentLevel.FirstPersonExampleMap'
[2016.04.21-01.19.16:644][618]LogParticles: Destroying 0 GPU particle simulations for FXSystem 0x00000263BDFFDA80
[2016.04.21-01.20.34:562][847]LogFileHelpers: Editor autosave (incl. sublevels) for '/Game/FirstPersonBP/Maps/FirstPersonExampleMap' took 0.027
[2016.04.21-01.20.34:566][847]OBJ SavePackage: Generating thumbnails for [0] asset(s) in package [/Game/MyGamestate] ([1] browsable assets)...
[2016.04.21-01.20.34:566][847]OBJ SavePackage: Finished generating thumbnails for package [/Game/MyGamestate]
[2016.04.21-01.20.34:566][847]Cmd: OBJ SAVEPACKAGE PACKAGE="/Game/MyGamestate" FILE="../../../../../../Patrick's Stuff/Targets/Targets/Saved/Autosaves/Game/MyGamestate_Auto1.uasset" SILENT=false AUTOSAVING=true
[2016.04.21-01.20.34:817][847]LogSavePackage: Save=234.265915ms
[2016.04.21-01.20.34:817][847]LogSavePackage: Moving '../../../../../../Patrick's Stuff/Targets/Targets/Saved/MyGamestate_Auto14BFBFED14D11ADB12ED52C928AAD7102.tmp' to '../../../../../../Patrick's Stuff/Targets/Targets/Saved/Autosaves/Game/MyGamestate_Auto1.uasset'
[2016.04.21-01.20.34:817][847]LogSavePackage: Total save time: 250.243351ms
[2016.04.21-01.20.34:817][847]LogSavePackage:Display: Finished SavePackage ../../../../../../Patrick's Stuff/Targets/Targets/Saved/Autosaves/Game/MyGamestate_Auto1.uasset
[2016.04.21-01.20.34:817][847]LogFileHelpers: Auto-saving content packages took 0.255
[2016.04.21-01.23.09:032][191]LogActor:Warning: GameNetworkManager /Engine/Transient.World_9:PersistentLevel.GameNetworkManager_3 has natively added scene component(s), but none of them were set as the actor's RootComponent - picking one arbitrarily
[2016.04.21-01.23.11:337][412]LogActor:Warning: GameNetworkManager /Engine/Transient.World_10:PersistentLevel.GameNetworkManager_4 has natively added scene component(s), but none of them were set as the actor's RootComponent - picking one arbitrarily
[2016.04.21-01.25.33:215][998]LogActorComponent: UnregisterComponent: (/Engine/Transient.EditorFloorComp) Not registered. Aborting.
[2016.04.21-01.37.50:146][403]LogActorComponent: UnregisterComponent: (/Engine/Transient.EditorFloorComp) Not registered. Aborting.
[2016.04.21-01.37.51:581][559]LogActorComponent: UnregisterComponent: (/Engine/Transient.ProjectileMovementComponent_40__A6522401) Not registered. Aborting.
[2016.04.21-01.37.51:581][559]LogActorComponent: UnregisterComponent: (/Engine/Transient.CharMoveComp) Not registered. Aborting.
[2016.04.21-01.37.51:603][559]LogParticles: Destroying 0 GPU particle simulations for FXSystem 0x00000263F414E020
[2016.04.21-01.37.51:606][559]LogParticles: Destroying 0 GPU particle simulations for FXSystem 0x000002643D6580E0
[2016.04.21-01.37.51:607][559]LogParticles: Destroying 0 GPU particle simulations for FXSystem 0x000002643D6589A0
[2016.04.21-01.37.51:608][559]LogParticles: Destroying 0 GPU particle simulations for FXSystem 0x000002643479AA20
[2016.04.21-01.37.51:609][559]LogParticles: Destroying 0 GPU particle simulations for FXSystem 0x0000026430473BA0
[2016.04.21-01.37.51:613][559]LogParticles: Destroying 0 GPU particle simulations for FXSystem 0x000002641AB0A8E0
[2016.04.21-01.37.51:613][559]LogParticles: Destroying 0 GPU particle simulations for FXSystem 0x000002642EE9E340
[2016.04.21-01.37.51:615][559]LogParticles: Destroying 0 GPU particle simulations for FXSystem 0x00000263F4A52B60
[2016.04.21-01.37.51:617][559]LogParticles: Destroying 0 GPU particle simulations for FXSystem 0x00000263F1E3B880
[2016.04.21-01.37.51:618][559]LogParticles: Destroying 0 GPU particle simulations for FXSystem 0x00000263A45862A0
[2016.04.21-01.37.51:632][559]LogParticles: Destroying 0 GPU particle simulations for FXSystem 0x00000263A4585D00
[2016.04.21-01.37.54:435][559]Cmd: OBJ SAVEPACKAGE PACKAGE="/Game/MyGamestate" FILE="../../../../../../Patrick's Stuff/Targets/Targets/Content/MyGamestate.uasset" SILENT=true
[2016.04.21-01.37.54:468][559]LogSavePackage: Save=27.579369ms
[2016.04.21-01.37.54:468][559]LogSavePackage: Moving '../../../../../../Patrick's Stuff/Targets/Targets/Saved/MyGamestate8C1622E64A9CA9780862D4B921EEEB72.tmp' to '../../../../../../Patrick's Stuff/Targets/Targets/Content/MyGamestate.uasset'
[2016.04.21-01.37.54:471][559]LogSavePackage: Total save time: 35.292208ms
[2016.04.21-01.37.54:471][559]LogSavePackage:Display: Finished SavePackage ../../../../../../Patrick's Stuff/Targets/Targets/Content/MyGamestate.uasset
[2016.04.21-01.37.54:757][560]Cmd: QUIT_EDITOR
[2016.04.21-01.37.54:935][560]LogWindowsTextInputMethodSystem:Display: IME system now deactivated.
[2016.04.21-01.37.54:985][560]LogExit: Preparing to exit.
[2016.04.21-01.37.56:113][560]LogExit: Editor shut down
[2016.04.21-01.37.56:114][560]LogExit: Transaction tracking system shut down
[2016.04.21-01.37.56:119][560]LogParticles: Destroying 0 GPU particle simulations for FXSystem 0x00000263B8D0E8E0
[2016.04.21-01.37.56:122][560]LogParticles: Destroying 0 GPU particle simulations for FXSystem 0x00000263C8FE63E0
[2016.04.21-01.37.56:122][560]LogParticles: Destroying 0 GPU particle simulations for FXSystem 0x00000263B179AE80
[2016.04.21-01.37.56:122][560]LogParticles: Destroying 0 GPU particle simulations for FXSystem 0x00000263C8F91440
[2016.04.21-01.37.56:124][560]LogParticles: Destroying 0 GPU particle simulations for FXSystem 0x00000263C8F91300
[2016.04.21-01.37.56:345][560]LogExit: Object subsystem successfully closed.
[2016.04.21-01.37.56:365][560]LogD3D11RHI: Shutdown
[2016.04.21-01.37.56:365][560]LogD3D11RHI: CleanupD3DDevice
[2016.04.21-01.37.56:445][560]LogD3D11RHI: ~FD3D11DynamicRHI
[2016.04.21-01.37.56:455][560]LogModuleManager: Shutting down and abandoning module CookingStats (203)
[2016.04.21-01.37.56:455][560]LogModuleManager: Shutting down and abandoning module SequencerWidgets (202)
[2016.04.21-01.37.56:455][560]LogModuleManager: Shutting down and abandoning module BlueprintGraph (201)
[2016.04.21-01.37.56:455][560]LogModuleManager: Shutting down and abandoning module CrashTracker (200)
[2016.04.21-01.37.56:455][560]LogModuleManager: Shutting down and abandoning module SceneOutliner (199)
[2016.04.21-01.37.56:455][560]LogModuleManager: Shutting down and abandoning module SuperSearch (198)
[2016.04.21-01.37.56:455][560]LogModuleManager: Shutting down and abandoning module WidgetCarousel (197)
[2016.04.21-01.37.56:455][560]LogModuleManager: Shutting down and abandoning module AddContentDialog (196)
[2016.04.21-01.37.56:458][560]LogModuleManager: Shutting down and abandoning module EditorWidgets (195)
[2016.04.21-01.37.56:458][560]LogModuleManager: Shutting down and abandoning module CollectionManager (194)
[2016.04.21-01.37.56:458][560]LogModuleManager: Shutting down and abandoning module StatsViewer (193)
[2016.04.21-01.37.56:458][560]LogModuleManager: Shutting down and abandoning module FoliageEdit (192)
[2016.04.21-01.37.56:458][560]LogModuleManager: Shutting down and abandoning module LandscapeEditor (191)
[2016.04.21-01.37.56:458][560]LogModuleManager: Shutting down and abandoning module ActorPickerMode (190)
[2016.04.21-01.37.56:458][560]LogModuleManager: Shutting down and abandoning module GeometryMode (189)
[2016.04.21-01.37.56:458][560]LogModuleManager: Shutting down and abandoning module TextureAlignMode (188)
[2016.04.21-01.37.56:458][560]LogModuleManager: Shutting down and abandoning module BspMode (187)
[2016.04.21-01.37.56:458][560]LogModuleManager: Shutting down and abandoning module PlacementMode (186)
[2016.04.21-01.37.56:458][560]LogModuleManager: Shutting down and abandoning module AutomationWorker (185)
[2016.04.21-01.37.56:459][560]LogModuleManager: Shutting down and abandoning module CharacterAI (184)
[2016.04.21-01.37.56:459][560]LogModuleManager: Shutting down and abandoning module SmartSnapping (183)
[2016.04.21-01.37.56:459][560]LogModuleManager: Shutting down and abandoning module ViewportSnapping (182)
[2016.04.21-01.37.56:459][560]LogModuleManager: Shutting down and abandoning module LogVisualizer (181)
[2016.04.21-01.37.56:459][560]LogModuleManager: Shutting down and abandoning module GameProjectGeneration (180)
[2016.04.21-01.37.56:459][560]LogModuleManager: Shutting down and abandoning module IntroTutorials (179)
[2016.04.21-01.37.56:459][560]LogModuleManager: Shutting down and abandoning module EditorLiveStreaming (178)
[2016.04.21-01.37.56:459][560]LogModuleManager: Shutting down and abandoning module IOSPlatformEditor (177)
[2016.04.21-01.37.56:459][560]LogModuleManager: Shutting down and abandoning module HTML5PlatformEditor (176)
[2016.04.21-01.37.56:459][560]LogModuleManager: Shutting down and abandoning module AndroidDeviceDetection (175)
[2016.04.21-01.37.56:585][560]LogModuleManager: Shutting down and abandoning module AndroidPlatformEditor (174)
[2016.04.21-01.37.56:585][560]LogModuleManager: Shutting down and abandoning module IOSRuntimeSettings (173)
[2016.04.21-01.37.56:585][560]LogModuleManager: Shutting down and abandoning module AndroidRuntimeSettings (172)
[2016.04.21-01.37.56:585][560]LogModuleManager: Shutting down and abandoning module MergeActors (171)
[2016.04.21-01.37.56:585][560]LogModuleManager: Shutting down and abandoning module SizeMap (170)
[2016.04.21-01.37.56:585][560]LogModuleManager: Shutting down and abandoning module TreeMap (169)
[2016.04.21-01.37.56:585][560]LogModuleManager: Shutting down and abandoning module ReferenceViewer (168)
[2016.04.21-01.37.56:585][560]LogModuleManager: Shutting down and abandoning module LocalizationService (167)
[2016.04.21-01.37.56:585][560]LogModuleManager: Shutting down and abandoning module LocalizationDashboard (166)
[2016.04.21-01.37.56:586][560]LogModuleManager: Shutting down and abandoning module HardwareTargeting (165)
[2016.04.21-01.37.56:586][560]LogModuleManager: Shutting down and abandoning module DeviceProfileEditor (164)
[2016.04.21-01.37.56:586][560]LogModuleManager: Shutting down and abandoning module UndoHistory (163)
[2016.04.21-01.37.56:586][560]LogModuleManager: Shutting down and abandoning module GameplayTagsEditor (162)
[2016.04.21-01.37.56:586][560]LogModuleManager: Shutting down and abandoning module UserFeedback (161)
[2016.04.21-01.37.56:586][560]LogModuleManager: Shutting down and abandoning module XmlParser (160)
[2016.04.21-01.37.56:586][560]LogModuleManager: Shutting down and abandoning module Blutility (159)
[2016.04.21-01.37.56:586][560]LogModuleManager: Shutting down and abandoning module ProjectTargetPlatformEditor (158)
[2016.04.21-01.37.56:586][560]LogModuleManager: Shutting down and abandoning module ProjectSettingsViewer (157)
[2016.04.21-01.37.56:586][560]LogModuleManager: Shutting down and abandoning module InputBindingEditor (156)
[2016.04.21-01.37.56:586][560]LogModuleManager: Shutting down and abandoning module EditorSettingsViewer (155)
[2016.04.21-01.37.56:586][560]LogModuleManager: Shutting down and abandoning module SettingsEditor (154)
[2016.04.21-01.37.56:586][560]LogModuleManager: Shutting down and abandoning module ProjectLauncher (153)
[2016.04.21-01.37.56:586][560]LogModuleManager: Shutting down and abandoning module SessionFrontend (152)
[2016.04.21-01.37.56:586][560]LogModuleManager: Shutting down and abandoning module ProfilerClient (151)
[2016.04.21-01.37.56:586][560]LogModuleManager: Shutting down and abandoning module TargetDeviceServices (150)
[2016.04.21-01.37.56:586][560]LogModuleManager: Shutting down and abandoning module DeviceManager (149)
[2016.04.21-01.37.56:586][560]LogModuleManager: Shutting down and abandoning module AutomationController (148)
[2016.04.21-01.37.56:586][560]LogModuleManager: Shutting down and abandoning module AutomationWindow (147)
[2016.04.21-01.37.56:586][560]LogModuleManager: Shutting down and abandoning module Layers (146)
[2016.04.21-01.37.56:586][560]LogModuleManager: Shutting down and abandoning module ComponentVisualizers (145)
[2016.04.21-01.37.56:586][560]LogModuleManager: Shutting down and abandoning module DetailCustomizations (144)
[2016.04.21-01.37.56:586][560]LogModuleManager: Shutting down and abandoning module PackagesDialog (143)
[2016.04.21-01.37.56:586][560]LogModuleManager: Shutting down and abandoning module Persona (142)
[2016.04.21-01.37.56:586][560]LogModuleManager: Shutting down and abandoning module Kismet (141)
[2016.04.21-01.37.56:586][560]LogModuleManager: Shutting down and abandoning module GraphEditor (140)
[2016.04.21-01.37.56:586][560]LogModuleManager: Shutting down and abandoning module ClassViewer (139)
[2016.04.21-01.37.56:586][560]LogModuleManager: Shutting down and abandoning module Toolbox (138)
[2016.04.21-01.37.56:586][560]LogModuleManager: Shutting down and abandoning module ModuleUI (137)
[2016.04.21-01.37.56:586][560]LogModuleManager: Shutting down and abandoning module MovieSceneTools (136)
[2016.04.21-01.37.56:586][560]LogModuleManager: Shutting down and abandoning module OutputLog (135)
[2016.04.21-01.37.56:586][560]LogModuleManager: Shutting down and abandoning module GammaUI (134)
[2016.04.21-01.37.56:586][560]LogModuleManager: Shutting down and abandoning module Documentation (133)
[2016.04.21-01.37.56:587][560]LogModuleManager: Shutting down and abandoning module GameLiveStreaming (132)
[2016.04.21-01.37.56:587][560]LogModuleManager: Shutting down and abandoning module StreamingPauseRendering (131)
[2016.04.21-01.37.56:587][560]LogModuleManager: Shutting down and abandoning module AnalyticsET (130)
[2016.04.21-01.37.56:587][560]LogModuleManager: Shutting down and abandoning module Analytics (129)
[2016.04.21-01.37.56:587][560]LogModuleManager: Shutting down and abandoning module AITestSuite (128)
[2016.04.21-01.37.56:587][560]LogModuleManager: Shutting down and abandoning module GameplayDebugger (127)
[2016.04.21-01.37.56:587][560]LogModuleManager: Shutting down and abandoning module AIModule (126)
[2016.04.21-01.37.56:587][560]LogModuleManager: Shutting down and abandoning module ProfilerService (125)
[2016.04.21-01.37.56:666][560]LogModuleManager: Shutting down and abandoning module TaskGraph (124)
[2016.04.21-01.37.56:666][560]LogModuleManager: Shutting down and abandoning module SubstanceEditor (123)
[2016.04.21-01.37.56:666][560]LogModuleManager: Shutting down and abandoning module SlateRemote (122)
[2016.04.21-01.37.56:666][560]LogModuleManager: Shutting down and abandoning module SteamVRController (121)
[2016.04.21-01.37.56:666][560]LogModuleManager: Shutting down and abandoning module SteamVR (120)
[2016.04.21-01.37.56:666][560]LogModuleManager: Shutting down and abandoning module ProceduralMeshComponent (119)
[2016.04.21-01.37.56:666][560]LogModuleManager: Shutting down and abandoning module OculusLibrary (118)
[2016.04.21-01.37.56:666][560]LogModuleManager: Shutting down and abandoning module OculusInput (117)
[2016.04.21-01.37.56:666][560]LogModuleManager: Shutting down and abandoning module LeapMotionController (116)
[2016.04.21-01.37.56:683][560]LogModuleManager: Shutting down and abandoning module CustomMeshComponent (115)
[2016.04.21-01.37.56:683][560]LogModuleManager: Shutting down and abandoning module CableComponent (114)
[2016.04.21-01.37.56:683][560]LogModuleManager: Shutting down and abandoning module ArchVisCharacter (113)
[2016.04.21-01.37.56:683][560]LogModuleManager: Shutting down and abandoning module MessagingDebugger (112)
[2016.04.21-01.37.56:683][560]LogModuleManager: Shutting down and abandoning module MediaPlayerEditor (111)
[2016.04.21-01.37.56:683][560]LogModuleManager: Shutting down and abandoning module HTML5Networking (110)
[2016.04.21-01.37.56:683][560]LogModuleManager: Shutting down and abandoning module SpeedTreeImporter (109)
[2016.04.21-01.37.56:683][560]LogModuleManager: Shutting down and abandoning module PluginBrowser (108)
[2016.04.21-01.37.56:683][560]LogModuleManager: Shutting down and abandoning module EpicSurvey (107)
[2016.04.21-01.37.56:683][560]LogModuleManager: Shutting down and abandoning module DesktopPlatform (106)
[2016.04.21-01.37.56:683][560]LogModuleManager: Shutting down and abandoning module VisualStudioSourceCodeAccess (105)
[2016.04.21-01.37.56:683][560]LogModuleManager: Shutting down and abandoning module UObjectPlugin (104)
[2016.04.21-01.37.56:683][560]LogModuleManager: Shutting down and abandoning module SubversionSourceControl (103)
[2016.04.21-01.37.56:683][560]LogModuleManager: Shutting down and abandoning module PerforceSourceControl (102)
[2016.04.21-01.37.56:683][560]LogModuleManager: Shutting down and abandoning module SourceControl (101)
[2016.04.21-01.37.56:683][560]LogModuleManager: Shutting down and abandoning module GitSourceControl (100)
[2016.04.21-01.37.56:683][560]LogModuleManager: Shutting down and abandoning module LightPropagationVolumeEditor (99)
[2016.04.21-01.37.56:683][560]LogModuleManager: Shutting down and abandoning module PaperTiledImporter (98)
[2016.04.21-01.37.56:683][560]LogModuleManager: Shutting down and abandoning module PaperSpriteSheetImporter (97)
[2016.04.21-01.37.56:683][560]LogModuleManager: Shutting down and abandoning module MeshPaint (96)
[2016.04.21-01.37.56:683][560]LogModuleManager: Shutting down and abandoning module SlateReflector (95)
[2016.04.21-01.37.56:683][560]LogModuleManager: Shutting down and abandoning module HotReload (94)
[2016.04.21-01.37.56:684][560]LogModuleManager: Shutting down and abandoning module MainFrame (93)
[2016.04.21-01.37.56:684][560]LogModuleManager: Shutting down and abandoning module LevelEditor (92)
[2016.04.21-01.37.56:684][560]LogModuleManager: Shutting down and abandoning module ContentBrowser (91)
[2016.04.21-01.37.56:685][560]LogModuleManager: Shutting down and abandoning module Paper2DEditor (90)
[2016.04.21-01.37.56:685][560]LogModuleManager: Shutting down and abandoning module UdpMessaging (89)
[2016.04.21-01.37.56:785][560]LogModuleManager: Shutting down and abandoning module DirectoryWatcher (88)
[2016.04.21-01.37.56:789][560]LogModuleManager: Shutting down and abandoning module AssetRegistry (87)
[2016.04.21-01.37.56:872][560]LogModuleManager: Shutting down and abandoning module SubstanceCore (86)
[2016.04.21-01.37.56:873][560]LogModuleManager: Shutting down and abandoning module LightPropagationVolumeRuntime (85)
[2016.04.21-01.37.56:873][560]LogModuleManager: Shutting down and abandoning module Paper2D (84)
[2016.04.21-01.37.56:873][560]LogModuleManager: Shutting down and abandoning module WindowsMoviePlayer (83)
[2016.04.21-01.37.56:875][560]LogModuleManager: Shutting down and abandoning module Media (82)
[2016.04.21-01.37.56:875][560]LogModuleManager: Shutting down and abandoning module WmfMedia (81)
[2016.04.21-01.37.56:876][560]LogModuleManager: Shutting down and abandoning module OnlineBlueprintSupport (80)
[2016.04.21-01.37.56:876][560]LogModuleManager: Shutting down and abandoning module GameplayTasksEditor (79)
[2016.04.21-01.37.56:876][560]LogModuleManager: Shutting down and abandoning module PropertyEditor (78)
[2016.04.21-01.37.56:876][560]LogModuleManager: Shutting down and abandoning module BehaviorTreeEditor (77)
[2016.04.21-01.37.56:876][560]LogModuleManager: Shutting down and abandoning module FunctionalTesting (76)
[2016.04.21-01.37.56:876][560]LogModuleManager: Shutting down and abandoning module CollisionAnalyzer (75)
[2016.04.21-01.37.56:876][560]LogModuleManager: Shutting down and abandoning module WorkspaceMenuStructure (74)
[2016.04.21-01.37.56:876][560]LogModuleManager: Shutting down and abandoning module MessageLog (73)
[2016.04.21-01.37.56:876][560]LogModuleManager: Shutting down and abandoning module Sequencer (72)
[2016.04.21-01.37.56:876][560]LogModuleManager: Shutting down and abandoning module AssetTools (71)
[2016.04.21-01.37.56:876][560]LogModuleManager: Shutting down and abandoning module UMGEditor (70)
[2016.04.21-01.37.56:876][560]LogModuleManager: Shutting down and abandoning module UMG (69)
[2016.04.21-01.37.56:876][560]LogModuleManager: Shutting down and abandoning module Slate (68)
[2016.04.21-01.37.56:876][560]LogModuleManager: Shutting down and abandoning module EditorStyle (67)
[2016.04.21-01.37.56:878][560]LogModuleManager: Shutting down and abandoning module SessionServices (66)
[2016.04.21-01.37.56:878][560]LogModuleManager: Shutting down and abandoning module SourceCodeAccess (65)
[2016.04.21-01.37.56:878][560]LogModuleManager: Shutting down and abandoning module HeadMountedDisplay (64)
[2016.04.21-01.37.56:878][560]LogModuleManager: Shutting down and abandoning module XAudio2 (63)
[2016.04.21-01.37.56:878][560]LogModuleManager: Shutting down and abandoning module Networking (61)
[2016.04.21-01.37.56:878][560]LogModuleManager: Shutting down and abandoning module Core (60)
[2016.04.21-01.37.56:878][560]LogModuleManager: Shutting down and abandoning module KismetCompiler (59)
[2016.04.21-01.37.56:878][560]LogModuleManager: Shutting down and abandoning module PhysXFormats (58)
[2016.04.21-01.37.56:878][560]LogModuleManager: Shutting down and abandoning module MeshUtilities (57)
[2016.04.21-01.37.56:878][560]LogModuleManager: Shutting down and abandoning module DerivedDataCache (56)
[2016.04.21-01.37.56:895][560]LogDerivedDataCache: Shutdown
[2016.04.21-01.37.56:895][560]LogModuleManager: Shutting down and abandoning module ShaderFormatOpenGL (55)
[2016.04.21-01.37.56:895][560]LogModuleManager: Shutting down and abandoning module ShaderFormatD3D (54)
[2016.04.21-01.37.56:895][560]LogModuleManager: Shutting down and abandoning module MetalShaderFormat (53)
[2016.04.21-01.37.56:895][560]LogModuleManager: Shutting down and abandoning module TextureFormatUncompressed (52)
[2016.04.21-01.37.56:895][560]LogModuleManager: Shutting down and abandoning module TextureFormatPVR (51)
[2016.04.21-01.37.56:895][560]LogModuleManager: Shutting down and abandoning module TextureFormatIntelISPCTexComp (50)
[2016.04.21-01.37.56:895][560]LogModuleManager: Shutting down and abandoning module TextureFormatDXT (49)
[2016.04.21-01.37.56:895][560]LogModuleManager: Shutting down and abandoning module ImageWrapper (48)
[2016.04.21-01.37.56:895][560]LogModuleManager: Shutting down and abandoning module TextureFormatASTC (47)
[2016.04.21-01.37.56:895][560]LogModuleManager: Shutting down and abandoning module TextureFormatAndroid (46)
[2016.04.21-01.37.56:895][560]LogModuleManager: Shutting down and abandoning module AudioFormatOpus (45)
[2016.04.21-01.37.56:895][560]LogModuleManager: Shutting down and abandoning module AudioFormatOgg (44)
[2016.04.21-01.37.56:895][560]LogModuleManager: Shutting down and abandoning module AudioFormatADPCM (43)
[2016.04.21-01.37.56:895][560]LogModuleManager: Shutting down and abandoning module LinuxTargetPlatform (42)
[2016.04.21-01.37.56:895][560]LogModuleManager: Shutting down and abandoning module LinuxServerTargetPlatform (41)
[2016.04.21-01.37.56:895][560]LogModuleManager: Shutting down and abandoning module LinuxNoEditorTargetPlatform (40)
[2016.04.21-01.37.56:895][560]LogModuleManager: Shutting down and abandoning module Messaging (39)
[2016.04.21-01.37.56:895][560]LogModuleManager: Shutting down and abandoning module IOSTargetPlatform (38)
[2016.04.21-01.37.56:895][560]LogModuleManager: Shutting down and abandoning module HTML5TargetPlatform (37)
[2016.04.21-01.37.56:895][560]LogModuleManager: Shutting down and abandoning module Android_PVRTCTargetPlatform (36)
[2016.04.21-01.37.56:895][560]LogModuleManager: Shutting down and abandoning module Android_MultiTargetPlatform (35)
[2016.04.21-01.37.56:895][560]LogModuleManager: Shutting down and abandoning module Android_ETC2TargetPlatform (34)
[2016.04.21-01.37.56:895][560]LogModuleManager: Shutting down and abandoning module Android_ETC1TargetPlatform (33)
[2016.04.21-01.37.56:895][560]LogModuleManager: Shutting down and abandoning module Android_DXTTargetPlatform (32)
[2016.04.21-01.37.56:895][560]LogModuleManager: Shutting down and abandoning module Android_ATCTargetPlatform (31)
[2016.04.21-01.37.56:895][560]LogModuleManager: Shutting down and abandoning module Android_ASTCTargetPlatform (30)
[2016.04.21-01.37.56:895][560]LogModuleManager: Shutting down and abandoning module AndroidTargetPlatform (29)
[2016.04.21-01.37.56:895][560]LogModuleManager: Shutting down and abandoning module WindowsTargetPlatform (28)
[2016.04.21-01.37.56:895][560]LogModuleManager: Shutting down and abandoning module WindowsServerTargetPlatform (27)
[2016.04.21-01.37.56:895][560]LogModuleManager: Shutting down and abandoning module WindowsNoEditorTargetPlatform (26)
[2016.04.21-01.37.56:895][560]LogModuleManager: Shutting down and abandoning module WindowsClientTargetPlatform (25)
[2016.04.21-01.37.56:895][560]LogModuleManager: Shutting down and abandoning module AllDesktopTargetPlatform (24)
[2016.04.21-01.37.56:895][560]LogModuleManager: Shutting down and abandoning module TargetPlatform (23)
[2016.04.21-01.37.56:895][560]LogModuleManager: Shutting down and abandoning module InputCore (22)
[2016.04.21-01.37.56:895][560]LogModuleManager: Shutting down and abandoning module Settings (21)
[2016.04.21-01.37.56:895][560]LogModuleManager: Shutting down and abandoning module OnlineSubsystem (19)
[2016.04.21-01.37.56:895][560]LogModuleManager: Shutting down and abandoning module HTTP (18)
[2016.04.21-01.37.58:900][560]LogModuleManager: Shutting down and abandoning module XMPP (17)
[2016.04.21-01.37.58:900][560]LogModuleManager: Shutting down and abandoning module OculusRift (16)
[2016.04.21-01.37.58:900][560]LogModuleManager: Shutting down and abandoning module ExampleDeviceProfileSelector (15)
[2016.04.21-01.37.58:900][560]LogModuleManager: Shutting down and abandoning module TextureCompressor (14)
[2016.04.21-01.37.58:900][560]LogModuleManager: Shutting down and abandoning module ShaderCore (13)
[2016.04.21-01.37.58:900][560]LogModuleManager: Shutting down and abandoning module Landscape (12)
[2016.04.21-01.37.58:900][560]LogModuleManager: Shutting down and abandoning module SlateRHIRenderer (11)
[2016.04.21-01.37.58:915][560]LogModuleManager: Shutting down and abandoning module OpenGLDrv (10)
[2016.04.21-01.37.58:915][560]LogModuleManager: Shutting down and abandoning module D3D11RHI (9)
[2016.04.21-01.37.58:915][560]LogModuleManager: Shutting down and abandoning module AnimGraphRuntime (8)
[2016.04.21-01.37.58:915][560]LogModuleManager: Shutting down and abandoning module Renderer (7)
[2016.04.21-01.37.58:915][560]LogModuleManager: Shutting down and abandoning module Engine (6)
[2016.04.21-01.37.58:915][560]LogModuleManager: Shutting down and abandoning module CoreUObject (5)
[2016.04.21-01.37.58:915][560]LogModuleManager: Shutting down and abandoning module NetworkFile (4)
[2016.04.21-01.37.58:915][560]LogModuleManager: Shutting down and abandoning module StreamingFile (3)
[2016.04.21-01.37.58:915][560]LogModuleManager: Shutting down and abandoning module SandboxFile (2)
[2016.04.21-01.37.58:915][560]LogModuleManager: Shutting down and abandoning module PakFile (1)
[2016.04.21-01.37.58:918][560]LogExit: Exiting.
[2016.04.21-01.37.58:920][560]Log file closed, 04/20/16 21:37:58
