[2016.04.17-02.53.43:717][  0]Log file open, 04/16/16 22:53:43
[2016.04.17-02.53.43:717][  0]LogInit:Display: Running engine for game: Targets
[2016.04.17-02.53.43:717][  0]LogPlatformFile: Not using cached read wrapper
[2016.04.17-02.53.43:717][  0]LogInit:Display: RandInit(1553084207) SRandInit(1553084208).
[2016.04.17-02.53.43:717][  0]LogTaskGraph: Started task graph with 4 named threads and 7 total threads.
[2016.04.17-02.53.43:717][  0]LogStats: Stats thread started at 0.077998
[2016.04.17-02.53.43:717][  0]LogInit: Version: 4.10.4-2872498+++depot+UE4-Releases+4.10
[2016.04.17-02.53.43:717][  0]LogInit: API Version: 2758231
[2016.04.17-02.53.43:717][  0]LogInit: Compiled (64-bit): Feb 18 2016 15:47:04
[2016.04.17-02.53.43:717][  0]LogInit: Compiled with Visual C++: 19.00.23026.00
[2016.04.17-02.53.43:717][  0]LogInit: Build Configuration: Development
[2016.04.17-02.53.43:717][  0]LogInit: Branch Name: ++depot+UE4-Releases+4.10
[2016.04.17-02.53.43:717][  0]LogInit: Command line:  
[2016.04.17-02.53.43:717][  0]LogInit: Base directory: F:/Program Files (x86)/Epic Games/4.10/Engine/Binaries/Win64/
[2016.04.17-02.53.43:717][  0]LogInit: Rocket: 1
[2016.04.17-02.53.43:841][  0]LogInit: Using libcurl 7.41.0
[2016.04.17-02.53.43:841][  0]LogInit:  - built for x86_64-pc-win32
[2016.04.17-02.53.43:841][  0]LogInit:  - supports SSL with WinSSL
[2016.04.17-02.53.43:841][  0]LogInit:  - other features:
[2016.04.17-02.53.43:841][  0]LogInit:      CURL_VERSION_SSL
[2016.04.17-02.53.43:841][  0]LogInit:      CURL_VERSION_IPV6
[2016.04.17-02.53.43:841][  0]LogInit:      CURL_VERSION_ASYNCHDNS
[2016.04.17-02.53.43:841][  0]LogInit:      CURL_VERSION_LARGEFILE
[2016.04.17-02.53.43:841][  0]LogInit:      CURL_VERSION_IDN
[2016.04.17-02.53.43:841][  0]LogInit:  CurlRequestOptions (configurable via config and command line):
[2016.04.17-02.53.43:841][  0]LogInit:  - bVerifyPeer = true  - Libcurl will verify peer certificate
[2016.04.17-02.53.43:841][  0]LogInit:  - bUseHttpProxy = false  - Libcurl will NOT use HTTP proxy
[2016.04.17-02.53.43:841][  0]LogInit:  - bDontReuseConnections = false  - Libcurl will reuse connections
[2016.04.17-02.53.43:841][  0]LogInit:  - CertBundlePath = nullptr  - Libcurl will use whatever was configured at build time.
[2016.04.17-02.53.43:860][  0]LogInit: Presizing for 0 objects not considered by GC, pre-allocating 0 bytes.
[2016.04.17-02.53.43:865][  0]LogInit: Object subsystem initialized
[2016.04.17-02.53.43:866][  0]LogInit: Selected Device Profile: [Windows]
[2016.04.17-02.53.43:866][  0]LogInit: Applying CVar settings loaded from the selected device profile: [Windows]
[2016.04.17-02.53.43:912][  0]LogInit: Computer: PATRICK-PC
[2016.04.17-02.53.43:912][  0]LogInit: User: Patrick
[2016.04.17-02.53.43:912][  0]LogInit: CPU Page size=4096, Cores=4
[2016.04.17-02.53.43:912][  0]LogInit: High frequency timer resolution =3.320310 MHz
[2016.04.17-02.53.43:912][  0]LogMemory: Memory total: Physical=16.0GB (16GB approx)
[2016.04.17-02.53.43:912][  0]LogMemory: Platform Memory Stats for Windows
[2016.04.17-02.53.43:912][  0]LogMemory: Process Physical Memory: 56.19 MB used, 56.19 MB peak
[2016.04.17-02.53.43:912][  0]LogMemory: Process Virtual Memory: 58.75 MB used, 58.75 MB peak
[2016.04.17-02.53.43:912][  0]LogMemory: Physical Memory: 6822.06 MB used, 16335.68 MB total
[2016.04.17-02.53.43:912][  0]LogMemory: Virtual Memory: 384.79 MB used, 134217728.00 MB total
[2016.04.17-02.53.43:989][  0]LogTextLocalizationManager: No specific translations for ('en-US') exist, so ('en') translations will be used.
[2016.04.17-02.53.44:463][  0]LogD3D11RHI: Found D3D11 adapter 0: NVIDIA GeForce GTX 970 (Feature Level 11_0)
[2016.04.17-02.53.44:463][  0]LogD3D11RHI: Adapter has 4007MB of dedicated video memory, 0MB of dedicated system memory, and 8167MB of shared system memory, 2 output[s]
[2016.04.17-02.53.44:472][  0]LogD3D11RHI: Found D3D11 adapter 1: Microsoft Basic Render Driver (Feature Level 11_0)
[2016.04.17-02.53.44:472][  0]LogD3D11RHI: Adapter has 0MB of dedicated video memory, 0MB of dedicated system memory, and 8167MB of shared system memory, 0 output[s]
[2016.04.17-02.53.44:472][  0]LogD3D11RHI: Chosen D3D11 Adapter Id = 0
[2016.04.17-02.53.44:480][  0]LogD3D11RHI: !Direct3DDevice
[2016.04.17-02.53.44:480][  0]LogRHI: Texture pool is 1361 MB (70% of 1945 MB)
[2016.04.17-02.53.44:496][  0]LogD3D11RHI: Async texture creation enabled
[2016.04.17-02.53.44:521][  0]LogShaderCompilers: Guid format shader working directory is -1 characters bigger than the processId version (../../../../../../Patrick's Stuff/Targets/Targets/Intermediate/Shaders/WorkingDirectory/53444/).
[2016.04.17-02.53.44:521][  0]LogShaderCompilers: Cleaned the shader compiler working directory 'C:/Users/Patricks/AppData/Local/Temp/UnrealShaderWorkingDir/635702E743D44D723C7F97A20200C5DB/'.
[2016.04.17-02.53.44:521][  0]LogShaderCompilers:Display: Using Local Shader Compiler.
[2016.04.17-02.53.45:669][  0]LogTemp:Display: Loaded TP AllDesktopTargetPlatform
[2016.04.17-02.53.45:672][  0]LogTemp:Display: Loaded TP WindowsClientTargetPlatform
[2016.04.17-02.53.45:675][  0]LogTemp:Display: Loaded TP WindowsNoEditorTargetPlatform
[2016.04.17-02.53.45:678][  0]LogTemp:Display: Loaded TP WindowsServerTargetPlatform
[2016.04.17-02.53.45:681][  0]LogTemp:Display: Loaded TP WindowsTargetPlatform
[2016.04.17-02.53.45:686][  0]LogTemp:Display: Loaded TP AndroidTargetPlatform
[2016.04.17-02.53.45:689][  0]LogTemp:Display: Loaded TP Android_ASTCTargetPlatform
[2016.04.17-02.53.45:691][  0]LogTemp:Display: Loaded TP Android_ATCTargetPlatform
[2016.04.17-02.53.45:693][  0]LogTemp:Display: Loaded TP Android_DXTTargetPlatform
[2016.04.17-02.53.45:695][  0]LogTemp:Display: Loaded TP Android_ETC1TargetPlatform
[2016.04.17-02.53.45:697][  0]LogTemp:Display: Loaded TP Android_ETC2TargetPlatform
[2016.04.17-02.53.45:701][  0]LogTemp:Display: Loaded TP Android_MultiTargetPlatform
[2016.04.17-02.53.45:701][  0]LogTemp:Display: Loaded TP Android_PVRTCTargetPlatform
[2016.04.17-02.53.45:701][  0]LogTemp:Display: Loaded TP HTML5TargetPlatform
[2016.04.17-02.53.45:723][  0]LogTemp:Display: Loaded TP IOSTargetPlatform
[2016.04.17-02.53.45:725][  0]LogTemp:Display: Loaded TP LinuxNoEditorTargetPlatform
[2016.04.17-02.53.45:728][  0]LogTemp:Display: Loaded TP LinuxServerTargetPlatform
[2016.04.17-02.53.45:733][  0]LogTemp:Display: Loaded TP LinuxTargetPlatform
[2016.04.17-02.53.45:733][  0]LogTargetPlatformManager:Display: Building Assets For Windows
[2016.04.17-02.53.45:868][  0]LogDerivedDataCache:Display: Max Cache Size: 512 MB
[2016.04.17-02.53.45:904][  0]LogDerivedDataCache: Loaded boot cache 0.04s 41MB C:/Users/Patricks/AppData/Local/UnrealEngine/4.10/DerivedDataCache/Boot.ddc.
[2016.04.17-02.53.45:904][  0]LogDerivedDataCache:Display: Loaded Boot cache: C:/Users/Patricks/AppData/Local/UnrealEngine/4.10/DerivedDataCache/Boot.ddc
[2016.04.17-02.53.45:904][  0]LogDerivedDataCache: FDerivedDataBackendGraph:  Pak pak cache file ../../../../../../Patrick's Stuff/Targets/Targets/DerivedDataCache/DDC.ddp not found, will not use a pak cache.
[2016.04.17-02.53.45:904][  0]LogDerivedDataCache: Unable to find inner node Pak for hierarchical cache Hierarchy.
[2016.04.17-02.53.45:904][  0]LogDerivedDataCache: FDerivedDataBackendGraph:  CompressedPak pak cache file ../../../../../../Patrick's Stuff/Targets/Targets/DerivedDataCache/Compressed.ddp not found, will not use a pak cache.
[2016.04.17-02.53.45:904][  0]LogDerivedDataCache: Unable to find inner node CompressedPak for hierarchical cache Hierarchy.
[2016.04.17-02.53.45:953][  0]LogDerivedDataCache:Display: Pak cache opened for reading ../../../Engine/DerivedDataCache/Compressed.ddp.
[2016.04.17-02.53.45:968][  0]LogDerivedDataCache: Using Local data cache path C:/Users/Patricks/AppData/Local/UnrealEngine/Common/DerivedDataCache: Writable
[2016.04.17-02.53.46:803][  0]LogInit: Selected Device Profile: [Windows]
[2016.04.17-02.53.46:805][  0]LogContentStreaming: Texture pool size is 0.000000MB
[2016.04.17-02.53.46:915][  0]LogMeshUtilities: No automatic mesh reduction module available
[2016.04.17-02.53.46:915][  0]LogMeshUtilities: No automatic mesh merging module available
[2016.04.17-02.53.47:197][  0]LogInit: WinSock: version 1.1 (2.2), MaxSocks=32767, MaxUdp=65467
[2016.04.17-02.53.50:857][  0]LogAssetRegistry: FAssetRegistry took 0.0107 seconds to start up
[2016.04.17-02.53.50:865][  0]UdpMessaging: Initializing bridge on interface 0.0.0.0:0 to multicast group 230.0.0.1:6666.
[2016.04.17-02.53.51:243][  0]SourceControl: Info Source control is disabled
[2016.04.17-02.53.51:376][  0]SourceControl: Info Source control is disabled
[2016.04.17-02.53.51:382][  0]SourceControl: Info Source control is disabled
[2016.04.17-02.53.51:393][  0]SourceControl: Info Source control is disabled
[2016.04.17-02.53.51:665][  0]LogObj: 28802 objects as part of root set at end of initial load.
[2016.04.17-02.53.51:665][  0]LogUObjectAllocator: 6129768 out of 0 bytes used by permanent object pool.
[2016.04.17-02.53.51:727][  0]LogEngine: Initializing Engine...
[2016.04.17-02.53.51:729][  0]LogHMD: Can't find Oculus library dev build: is proper Runtime installed? Version: 0.8.0.0
[2016.04.17-02.53.51:733][  0]LogHMD: SteamVR failed to initialize.  Err: 110
[2016.04.17-02.53.51:867][  0]LogAIModule: Creating AISystem for world NewWorld
[2016.04.17-02.53.51:875][  0]LogInit: XAudio2 using 'Speakers (Realtek High Definition Audio)' : 2 channels at 48 kHz using 32 bits per sample (channel mask 0x3)
[2016.04.17-02.53.51:893][  0]LogInit: FAudioDevice initialized.
[2016.04.17-02.53.51:913][  0]LogDerivedDataCache: Saved boot cache 0.02s 41MB C:/Users/Patricks/AppData/Local/UnrealEngine/4.10/DerivedDataCache/Boot.ddc.
[2016.04.17-02.53.51:919][  0]LogInit: Texture streaming: Enabled
[2016.04.17-02.53.51:926][  0]LogAnalytics: Creating configured Analytics provider AnalyticsET
[2016.04.17-02.53.51:926][  0]LogAnalytics: [UEEditor.Rocket.Release] APIServer = http://et2.epicgames.com/ET2/. AppVersion = 4.10.4-2872498+++depot+UE4-Releases+4.10
[2016.04.17-02.53.51:926][  0]LogAnalytics: [UEEditor.Rocket.Release] SetUserId a11d35bb4e716de7671871ae5c56ff65|a9573fc7a2ed483b825d82afb9787580|e4cea92d-f8ff-4de5-9849-405755594103
[2016.04.17-02.53.51:926][  0]LogAnalytics: [UEEditor.Rocket.Release] AnalyticsET::StartSession
[2016.04.17-02.53.51:957][  0]LogInit: Transaction tracking system initialized
[2016.04.17-02.53.51:977][  0]BlueprintLog: New page: Editor Load
[2016.04.17-02.53.52:085][  0]LocalizationService: Info Localization service is disabled
[2016.04.17-02.53.52:157][  0]LogLinker:Warning: Can't find file '/Game/VehicleBP/VehicleOverview'
[2016.04.17-02.53.52:157][  0]LogLinker:Warning: Can't find file '/Game/VehicleBP/VehicleOverview'
[2016.04.17-02.53.52:157][  0]LogUObjectGlobals:Warning: Failed to find object 'Class /Game/VehicleBP/VehicleOverview.VehicleOverview_C'
[2016.04.17-02.53.52:187][  0]LogConsoleResponse:Display: 
[2016.04.17-02.53.52:315][  0]LogCook:Display: Done creating registry. It took  0.00s.
[2016.04.17-02.53.52:390][  0]LogFileCache: Scanning file cache for directory 'F:/Patrick's Stuff/Targets/Targets/Content/' took 0.02s
[2016.04.17-02.53.52:390][  0]SourceControl: Info Source control is disabled
[2016.04.17-02.53.52:390][  0]Cmd: MAP LOAD FILE="../../../../../../Patrick's Stuff/Targets/Targets/Content/FirstPersonBP/Maps/FirstPersonExampleMap.umap" TEMPLATE=0 SHOWPROGRESS=1 FEATURELEVEL=3
[2016.04.17-02.53.52:412][  0]LightingResults: New page: Lighting Build
[2016.04.17-02.53.52:414][  0]MapCheck: New page: Map Check
[2016.04.17-02.53.52:414][  0]LightingResults: New page: Lighting Build
[2016.04.17-02.53.52:423][  0]LogParticles: Destroying 0 GPU particle simulations for FXSystem 0x0000024B149536A0
[2016.04.17-02.53.52:756][  0]LogLinker:Warning: Asset '../../../../../../Patrick's Stuff/Targets/Targets/Content/FirstPerson/Meshes/FirstPersonProjectileMesh.uasset' has been saved with empty engine version. The asset will be loaded but may be incompatible.
[2016.04.17-02.53.56:899][  0]LogAudioDerivedData:Display: Building compressed audio format OGG wave reload...
[2016.04.17-02.53.57:101][  0]LogAudioDerivedData:Display: Building compressed audio format OGG wave PaintballGunFire...
[2016.04.17-02.53.57:108][  0]LogAudioDerivedData:Display: Building compressed audio format OGG wave emptyGun...
[2016.04.17-02.53.59:504][  0]LogAudioDerivedData:Display: Building compressed audio format OGG wave PaintSplatter...
[2016.04.17-02.53.59:531][  0]LogAudioDerivedData:Display: Building compressed audio format OGG wave GlassBreak...
[2016.04.17-02.54.01:418][  0]LogTexture:Display: Building textures: HQ_Lightmap0_2 (AutoDXT)
[2016.04.17-02.54.01:420][  0]LogTexture:Display: Building textures: HQ_Lightmap1_10 (AutoDXT)
[2016.04.17-02.54.01:421][  0]LogTexture:Display: Building textures: HQ_Lightmap1_11 (AutoDXT)
[2016.04.17-02.54.01:423][  0]LogTexture:Display: Building textures: HQ_Lightmap1_12 (AutoDXT)
[2016.04.17-02.54.01:426][  0]LogTexture:Display: Building textures: HQ_Lightmap1_13 (AutoDXT)
[2016.04.17-02.54.01:427][  0]LogTexture:Display: Building textures: HQ_Lightmap1_14 (AutoDXT)
[2016.04.17-02.54.01:429][  0]LogTexture:Display: Building textures: HQ_Lightmap1_15 (AutoDXT)
[2016.04.17-02.54.01:431][  0]LogTexture:Display: Building textures: HQ_Lightmap1_16 (AutoDXT)
[2016.04.17-02.54.01:432][  0]LogTexture:Display: Building textures: HQ_Lightmap1_17 (AutoDXT)
[2016.04.17-02.54.01:433][  0]LogTexture:Display: Building textures: HQ_Lightmap1_18 (AutoDXT)
[2016.04.17-02.54.01:435][  0]LogTexture:Display: Building textures: HQ_Lightmap1_19 (AutoDXT)
[2016.04.17-02.54.01:437][  0]LogTexture:Display: Building textures: HQ_Lightmap1_20 (AutoDXT)
[2016.04.17-02.54.01:438][  0]LogTexture:Display: Building textures: HQ_Lightmap1_21 (AutoDXT)
[2016.04.17-02.54.01:440][  0]LogTexture:Display: Building textures: HQ_Lightmap1_22 (AutoDXT)
[2016.04.17-02.54.01:442][  0]LogTexture:Display: Building textures: HQ_Lightmap1_23 (AutoDXT)
[2016.04.17-02.54.01:443][  0]LogTexture:Display: Building textures: HQ_Lightmap1_24 (AutoDXT)
[2016.04.17-02.54.01:445][  0]LogTexture:Display: Building textures: HQ_Lightmap1_25 (AutoDXT)
[2016.04.17-02.54.01:446][  0]LogTexture:Display: Building textures: HQ_Lightmap1_26 (AutoDXT)
[2016.04.17-02.54.01:448][  0]LogTexture:Display: Building textures: HQ_Lightmap1_27 (AutoDXT)
[2016.04.17-02.54.01:449][  0]LogTexture:Display: Building textures: HQ_Lightmap1_28 (AutoDXT)
[2016.04.17-02.54.01:451][  0]LogTexture:Display: Building textures: HQ_Lightmap1_29 (AutoDXT)
[2016.04.17-02.54.01:453][  0]LogTexture:Display: Building textures: HQ_Lightmap1_3 (AutoDXT)
[2016.04.17-02.54.01:454][  0]LogTexture:Display: Building textures: HQ_Lightmap1_30 (AutoDXT)
[2016.04.17-02.54.01:456][  0]LogTexture:Display: Building textures: HQ_Lightmap1_31 (AutoDXT)
[2016.04.17-02.54.01:457][  0]LogTexture:Display: Building textures: HQ_Lightmap1_32 (AutoDXT)
[2016.04.17-02.54.01:459][  0]LogTexture:Display: Building textures: HQ_Lightmap1_33 (AutoDXT)
[2016.04.17-02.54.01:461][  0]LogTexture:Display: Building textures: HQ_Lightmap1_34 (AutoDXT)
[2016.04.17-02.54.01:462][  0]LogTexture:Display: Building textures: HQ_Lightmap1_5 (AutoDXT)
[2016.04.17-02.54.01:464][  0]LogTexture:Display: Building textures: HQ_Lightmap1_6 (AutoDXT)
[2016.04.17-02.54.01:466][  0]LogTexture:Display: Building textures: HQ_Lightmap1_7 (AutoDXT)
[2016.04.17-02.54.01:467][  0]LogTexture:Display: Building textures: HQ_Lightmap1_8 (AutoDXT)
[2016.04.17-02.54.01:469][  0]LogTexture:Display: Building textures: HQ_Lightmap1_9 (AutoDXT)
[2016.04.17-02.54.01:471][  0]LogTexture:Display: Building textures: LQ_Lightmap_0_2 (DXT1)
[2016.04.17-02.54.01:472][  0]LogTexture:Display: Building textures: LQ_Lightmap_1_10 (DXT1)
[2016.04.17-02.54.01:473][  0]LogTexture:Display: Building textures: LQ_Lightmap_1_11 (DXT1)
[2016.04.17-02.54.01:474][  0]LogTexture:Display: Building textures: LQ_Lightmap_1_12 (DXT1)
[2016.04.17-02.54.01:475][  0]LogTexture:Display: Building textures: LQ_Lightmap_1_13 (DXT1)
[2016.04.17-02.54.01:476][  0]LogTexture:Display: Building textures: LQ_Lightmap_1_14 (DXT1)
[2016.04.17-02.54.01:477][  0]LogTexture:Display: Building textures: LQ_Lightmap_1_15 (DXT1)
[2016.04.17-02.54.01:478][  0]LogTexture:Display: Building textures: LQ_Lightmap_1_16 (DXT1)
[2016.04.17-02.54.01:479][  0]LogTexture:Display: Building textures: LQ_Lightmap_1_17 (DXT1)
[2016.04.17-02.54.01:480][  0]LogTexture:Display: Building textures: LQ_Lightmap_1_18 (DXT1)
[2016.04.17-02.54.01:481][  0]LogTexture:Display: Building textures: LQ_Lightmap_1_19 (DXT1)
[2016.04.17-02.54.01:482][  0]LogTexture:Display: Building textures: LQ_Lightmap_1_20 (DXT1)
[2016.04.17-02.54.01:483][  0]LogTexture:Display: Building textures: LQ_Lightmap_1_21 (DXT1)
[2016.04.17-02.54.01:484][  0]LogTexture:Display: Building textures: LQ_Lightmap_1_22 (DXT1)
[2016.04.17-02.54.01:485][  0]LogTexture:Display: Building textures: LQ_Lightmap_1_23 (DXT1)
[2016.04.17-02.54.01:485][  0]LogTexture:Display: Building textures: LQ_Lightmap_1_24 (DXT1)
[2016.04.17-02.54.01:486][  0]LogTexture:Display: Building textures: LQ_Lightmap_1_25 (DXT1)
[2016.04.17-02.54.01:487][  0]LogTexture:Display: Building textures: LQ_Lightmap_1_26 (DXT1)
[2016.04.17-02.54.01:489][  0]LogTexture:Display: Building textures: LQ_Lightmap_1_27 (DXT1)
[2016.04.17-02.54.01:490][  0]LogTexture:Display: Building textures: LQ_Lightmap_1_28 (DXT1)
[2016.04.17-02.54.01:490][  0]LogTexture:Display: Building textures: LQ_Lightmap_1_29 (DXT1)
[2016.04.17-02.54.01:491][  0]LogTexture:Display: Building textures: LQ_Lightmap_1_3 (DXT1)
[2016.04.17-02.54.01:492][  0]LogTexture:Display: Building textures: LQ_Lightmap_1_30 (DXT1)
[2016.04.17-02.54.01:494][  0]LogTexture:Display: Building textures: LQ_Lightmap_1_31 (DXT1)
[2016.04.17-02.54.01:495][  0]LogTexture:Display: Building textures: LQ_Lightmap_1_32 (DXT1)
[2016.04.17-02.54.01:495][  0]LogTexture:Display: Building textures: LQ_Lightmap_1_33 (DXT1)
[2016.04.17-02.54.01:496][  0]LogTexture:Display: Building textures: LQ_Lightmap_1_34 (DXT1)
[2016.04.17-02.54.01:497][  0]LogTexture:Display: Building textures: LQ_Lightmap_1_5 (DXT1)
[2016.04.17-02.54.01:498][  0]LogTexture:Display: Building textures: LQ_Lightmap_1_6 (DXT1)
[2016.04.17-02.54.01:500][  0]LogTexture:Display: Building textures: LQ_Lightmap_1_7 (DXT1)
[2016.04.17-02.54.01:501][  0]LogTexture:Display: Building textures: LQ_Lightmap_1_8 (DXT1)
[2016.04.17-02.54.01:502][  0]LogTexture:Display: Building textures: LQ_Lightmap_1_9 (DXT1)
[2016.04.17-02.54.01:519][  0]LogStaticMesh: Building static mesh Cargo_container_01...
[2016.04.17-02.54.01:557][  0]LogStaticMesh: Built static mesh [0.037709.2s] /Game/TargetAssets/CargoContainer/Cargo_container_01.Cargo_container_01
[2016.04.17-02.54.01:559][  0]LogStaticMesh: Building static mesh Desk...
[2016.04.17-02.54.01:593][  0]LogStaticMesh: Built static mesh [0.033896.2s] /Game/TargetAssets/Desk/Desk.Desk
[2016.04.17-02.54.01:596][  0]LogStaticMesh: Building static mesh Office_Chair...
[2016.04.17-02.54.01:616][  0]LogStaticMesh: Built static mesh [0.019974.2s] /Game/TargetAssets/Chair/Office_Chair.Office_Chair
[2016.04.17-02.54.01:618][  0]LogStaticMesh: Building static mesh oildrum...
[2016.04.17-02.54.01:658][  0]LogStaticMesh: Built static mesh [0.040158.2s] /Game/TargetAssets/Barrel/oildrum.oildrum
[2016.04.17-02.54.01:986][  0]LogTexture:Display: Building textures: OfficeChair_colo (AutoDXT)
[2016.04.17-02.54.02:189][  0]LogMaterial: Missing cached shader map for material OfficeChair_colo_Mat, compiling. 
[2016.04.17-02.54.02:652][  0]LogTexture:Display: Building textures: oildrum_col (AutoDXT)
[2016.04.17-02.54.03:704][  0]LogMaterial: Missing cached shader map for material oildrum_col_Mat, compiling. 
[2016.04.17-02.54.03:768][  0]LogTexture:Display: Building textures: DeskWood_Dirty_Spec (AutoDXT)
[2016.04.17-02.54.03:847][  0]LogTexture:Display: Building textures: DeskWood_Dirty_Normal (BC5)
[2016.04.17-02.54.04:310][  0]LogTexture:Display: Building textures: DeskWood_Dirty_Diffuse (AutoDXT)
[2016.04.17-02.54.04:655][  0]LogMaterial: Missing cached shader map for material DeskWood_Dirty_Mat, compiling. 
[2016.04.17-02.54.04:907][  0]LogTexture:Display: Building textures: Cargo01_D (AutoDXT)
[2016.04.17-02.54.05:209][  0]LogMaterial: Missing cached shader map for material Cargo01, compiling. 
[2016.04.17-02.54.05:219][  0]LogMaterial: Missing cached shader map for material Oildrum-ref, compiling. 
[2016.04.17-02.54.05:227][  0]LogMaterial: Missing cached shader map for material Mesh0Mat, compiling. 
[2016.04.17-02.54.05:233][  0]LogMaterial: Missing cached shader map for material Mesh0_Mesh01Mat, compiling. 
[2016.04.17-02.54.05:241][  0]LogMaterial: Missing cached shader map for material DeskMat, compiling. 
[2016.04.17-02.54.05:274][  0]LogAIModule: Creating AISystem for world FirstPersonExampleMap
[2016.04.17-02.54.05:972][  0]LogEditorServer: Finished looking for orphan Actors (0.000 secs)
[2016.04.17-02.54.05:972][  0]Cmd: MAP CHECKDEP NOCLEARLOG
[2016.04.17-02.54.06:361][  0]MapCheck: Info Map check complete: 0 Error(s), 0 Warning(s), took 388.876ms to complete.
[2016.04.17-02.54.06:362][  0]LogFileHelpers: Loading map 'FirstPersonExampleMap' took 13.972
[2016.04.17-02.54.06:556][  0]LogCollectionManager: Loaded 0 collections in 0.001212 seconds
[2016.04.17-02.54.06:601][  0]LogFileCache: Scanning file cache for directory 'F:/Patrick's Stuff/Targets/Targets/Saved/Collections/' took 0.01s
[2016.04.17-02.54.06:601][  0]LogFileCache: Scanning file cache for directory 'F:/Patrick's Stuff/Targets/Targets/Content/Developers/Patrick/Collections/' took 0.01s
[2016.04.17-02.54.06:601][  0]LogFileCache: Scanning file cache for directory 'F:/Patrick's Stuff/Targets/Targets/Content/Collections/' took 0.01s
[2016.04.17-02.54.06:601][  0]LogCollectionManager: Rebuilt the GUID cache for 0 collections in 0.000002 seconds
[2016.04.17-02.54.06:610][  0]LogContentBrowser: Native class hierarchy populated in 0.0088 seconds. Added 1908 classes and 344 folders.
[2016.04.17-02.54.06:615][  0]LogContentBrowser: Native class hierarchy updated for 'WidgetCarousel' in 0.0004 seconds. Added 0 classes and 0 folders.
[2016.04.17-02.54.06:945][  0]LogContentBrowser: Native class hierarchy updated for 'AddContentDialog' in 0.0004 seconds. Added 0 classes and 0 folders.
[2016.04.17-02.54.06:985][  0]LogContentBrowser: Native class hierarchy updated for 'SceneOutliner' in 0.0003 seconds. Added 1 classes and 2 folders.
[2016.04.17-02.54.07:055][  0]LogCrashTracker: Crashtracker disabled due to settings.
[2016.04.17-02.54.07:061][  0]LogUObjectGlobals:Warning: Failed to find object 'Class None.'
[2016.04.17-02.54.07:094][  0]LogLoad: Full Startup: 24.54 seconds (BP compile: 0.14 seconds)
[2016.04.17-02.54.07:106][  0]LogOcInput: Can't find Oculus library dev build: is proper Runtime installed? Version: 0.8.0.0
[2016.04.17-02.54.07:220][  0]LogContentStreaming: Texture pool size now 1000 MB
[2016.04.17-02.54.07:409][  0]LogRenderer: Reallocating scene render targets to support 1208x500 (Frame:2).
[2016.04.17-02.54.07:577][  1]Cmd: UpdateLandscapeEditorData -warnings
[2016.04.17-02.54.15:081][756]LogAssetRegistry: Asset discovery search completed in 24.2345 seconds
[2016.04.17-02.54.15:081][756]LogCollectionManager: Rebuilt the object cache for 0 collections in 0.000001 seconds (found 0 objects)
[2016.04.17-02.54.15:081][756]LogCollectionManager: Fixed up redirectors for 0 collections in 0.000017 seconds (updated 0 objects)
[2016.04.17-02.54.32:241][524]LogBlueprintUserMessages: Early PlayInEditor Detection: Level '/Game/FirstPersonBP/Maps/FirstPersonExampleMap.FirstPersonExampleMap:PersistentLevel' has LevelScriptBlueprint '/Game/FirstPersonBP/Maps/FirstPersonExampleMap.FirstPersonExampleMap:PersistentLevel.FirstPersonExampleMap' with GeneratedClass '/Game/FirstPersonBP/Maps/FirstPersonExampleMap.FirstPersonExampleMap_C' with ClassGeneratedBy '/Game/FirstPersonBP/Maps/FirstPersonExampleMap.FirstPersonExampleMap:PersistentLevel.FirstPersonExampleMap'
[2016.04.17-02.54.32:241][524]LogPlayLevel: PlayLevel: No blueprints needed recompiling
[2016.04.17-02.54.32:241][524]PIE: New page: PIE session: FirstPersonExampleMap (Apr 16, 2016, 6:54:32 PM)
[2016.04.17-02.54.32:241][524]LogPlayLevel: Creating play world package: /Game/FirstPersonBP/Maps/UEDPIE_0_FirstPersonExampleMap
[2016.04.17-02.54.32:306][524]LogPlayLevel: PIE: StaticDuplicateObject took: (0.064688s)
[2016.04.17-02.54.32:307][524]LogAIModule: Creating AISystem for world FirstPersonExampleMap
[2016.04.17-02.54.32:307][524]LogPlayLevel: PIE: World Init took: (0.000691s)
[2016.04.17-02.54.32:307][524]LogPlayLevel: PIE: Created PIE world by copying editor world from /Game/FirstPersonBP/Maps/FirstPersonExampleMap.FirstPersonExampleMap to /Game/FirstPersonBP/Maps/UEDPIE_0_FirstPersonExampleMap.FirstPersonExampleMap (0.065604s)
[2016.04.17-02.54.32:336][524]LogInit: XAudio2 using 'Speakers (Realtek High Definition Audio)' : 2 channels at 48 kHz using 32 bits per sample (channel mask 0x3)
[2016.04.17-02.54.32:344][524]LogInit: FAudioDevice initialized.
[2016.04.17-02.54.32:391][524]LogLinker:Warning: Asset '../../../../../../Patrick's Stuff/Targets/Targets/Content/FirstPersonBP/Blueprints/FirstPersonHUD.uasset' has been saved with empty engine version. The asset will be loaded but may be incompatible.
[2016.04.17-02.54.32:408][524]LogWorld: Game class is 'FirstPersonGameMode_C'
[2016.04.17-02.54.32:426][524]LogWorld: Bringing World /Game/FirstPersonBP/Maps/UEDPIE_0_FirstPersonExampleMap.FirstPersonExampleMap up for play (max tick rate 0) at 2016.04.16-22.54.32
[2016.04.17-02.54.32:426][524]LogActor:Warning: GameSession /Game/FirstPersonBP/Maps/UEDPIE_0_FirstPersonExampleMap.FirstPersonExampleMap:PersistentLevel.GameSession_0 has natively added scene component(s), but none of them were set as the actor's RootComponent - picking one arbitrarily
[2016.04.17-02.54.32:427][524]LogActor:Warning: GameNetworkManager /Game/FirstPersonBP/Maps/UEDPIE_0_FirstPersonExampleMap.FirstPersonExampleMap:PersistentLevel.GameNetworkManager_0 has natively added scene component(s), but none of them were set as the actor's RootComponent - picking one arbitrarily
[2016.04.17-02.54.32:429][524]LogWorld: Bringing up level for play took: 0.019348
[2016.04.17-02.54.32:432][524]PIE: Info Play in editor start time for /Game/FirstPersonBP/Maps/UEDPIE_0_FirstPersonExampleMap 0.244
[2016.04.17-02.54.32:436][524]LogBlueprintUserMessages: Late PlayInEditor Detection: Level '/Game/FirstPersonBP/Maps/FirstPersonExampleMap.FirstPersonExampleMap:PersistentLevel' has LevelScriptBlueprint '/Game/FirstPersonBP/Maps/FirstPersonExampleMap.FirstPersonExampleMap:PersistentLevel.FirstPersonExampleMap' with GeneratedClass '/Game/FirstPersonBP/Maps/FirstPersonExampleMap.FirstPersonExampleMap_C' with ClassGeneratedBy '/Game/FirstPersonBP/Maps/FirstPersonExampleMap.FirstPersonExampleMap:PersistentLevel.FirstPersonExampleMap'
[2016.04.17-02.58.51:754][569]LogBlueprintUserMessages: Early EndPlayMap Detection: Level '/Game/FirstPersonBP/Maps/FirstPersonExampleMap.FirstPersonExampleMap:PersistentLevel' has LevelScriptBlueprint '/Game/FirstPersonBP/Maps/FirstPersonExampleMap.FirstPersonExampleMap:PersistentLevel.FirstPersonExampleMap' with GeneratedClass '/Game/FirstPersonBP/Maps/FirstPersonExampleMap.FirstPersonExampleMap_C' with ClassGeneratedBy '/Game/FirstPersonBP/Maps/FirstPersonExampleMap.FirstPersonExampleMap:PersistentLevel.FirstPersonExampleMap'
[2016.04.17-02.58.51:803][569]LogBlueprintUserMessages: Late EndPlayMap Detection: Level '/Game/FirstPersonBP/Maps/FirstPersonExampleMap.FirstPersonExampleMap:PersistentLevel' has LevelScriptBlueprint '/Game/FirstPersonBP/Maps/FirstPersonExampleMap.FirstPersonExampleMap:PersistentLevel.FirstPersonExampleMap' with GeneratedClass '/Game/FirstPersonBP/Maps/FirstPersonExampleMap.FirstPersonExampleMap_C' with ClassGeneratedBy '/Game/FirstPersonBP/Maps/FirstPersonExampleMap.FirstPersonExampleMap:PersistentLevel.FirstPersonExampleMap'
[2016.04.17-02.58.51:818][569]LogParticles: Destroying 0 GPU particle simulations for FXSystem 0x0000024B76775440
[2016.04.17-02.59.04:371][748]LogLinker:Warning: Asset '../../../Engine/Content/ArtTools/RenderToTexture/Macros/RenderToTextureMacros.uasset' has been saved with empty engine version. The asset will be loaded but may be incompatible.
[2016.04.17-02.59.04:723][748]LogContentBrowser: Native class hierarchy updated for 'BlueprintGraph' in 0.0007 seconds. Added 107 classes and 0 folders.
[2016.04.17-02.59.16:908][812]LogRenderer: Reallocating scene render targets to support 1296x640 (Frame:37164).
[2016.04.17-02.59.37:278][670]LogActor:Warning: GameNetworkManager /Engine/Transient.World_5:PersistentLevel.GameNetworkManager_1 has natively added scene component(s), but none of them were set as the actor's RootComponent - picking one arbitrarily
[2016.04.17-02.59.39:132][826]LogActor:Warning: GameNetworkManager /Engine/Transient.World_6:PersistentLevel.GameNetworkManager_2 has natively added scene component(s), but none of them were set as the actor's RootComponent - picking one arbitrarily
[2016.04.17-03.00.55:535][710]LogActorComponent: UnregisterComponent: (/Engine/Transient.ProjectileMovementComponent_40__A6522401) Not registered. Aborting.
[2016.04.17-03.00.55:535][710]LogActorComponent: UnregisterComponent: (/Engine/Transient.CharMoveComp) Not registered. Aborting.
[2016.04.17-03.00.55:558][710]LogParticles: Destroying 0 GPU particle simulations for FXSystem 0x0000024B232B6700
[2016.04.17-03.00.55:559][710]LogParticles: Destroying 0 GPU particle simulations for FXSystem 0x0000024B5A6E2520
[2016.04.17-03.00.55:560][710]LogParticles: Destroying 0 GPU particle simulations for FXSystem 0x0000024B863C2E80
[2016.04.17-03.00.55:561][710]LogParticles: Destroying 0 GPU particle simulations for FXSystem 0x0000024B2742CB80
[2016.04.17-03.00.55:561][710]LogParticles: Destroying 0 GPU particle simulations for FXSystem 0x0000024B2789BF60
[2016.04.17-03.00.55:562][710]LogParticles: Destroying 0 GPU particle simulations for FXSystem 0x0000024B2772E520
[2016.04.17-03.00.55:562][710]LogParticles: Destroying 0 GPU particle simulations for FXSystem 0x0000024B3AE602C0
[2016.04.17-03.00.55:930][711]Cmd: QUIT_EDITOR
[2016.04.17-03.00.56:728][711]LogWindowsTextInputMethodSystem:Display: IME system now deactivated.
[2016.04.17-03.00.56:781][711]LogExit: Preparing to exit.
[2016.04.17-03.00.57:229][711]LogExit: Editor shut down
[2016.04.17-03.00.57:229][711]LogExit: Transaction tracking system shut down
[2016.04.17-03.00.57:232][711]LogParticles: Destroying 0 GPU particle simulations for FXSystem 0x0000024B2314F4C0
[2016.04.17-03.00.57:233][711]LogParticles: Destroying 0 GPU particle simulations for FXSystem 0x0000024B2242C5E0
[2016.04.17-03.00.57:233][711]LogParticles: Destroying 0 GPU particle simulations for FXSystem 0x0000024B222E9A80
[2016.04.17-03.00.57:233][711]LogParticles: Destroying 0 GPU particle simulations for FXSystem 0x0000024B1FF21620
[2016.04.17-03.00.57:233][711]LogParticles: Destroying 0 GPU particle simulations for FXSystem 0x0000024B224B32E0
[2016.04.17-03.00.57:392][711]LogExit: Object subsystem successfully closed.
[2016.04.17-03.00.57:402][711]LogD3D11RHI: Shutdown
[2016.04.17-03.00.57:402][711]LogD3D11RHI: CleanupD3DDevice
[2016.04.17-03.00.57:479][711]LogD3D11RHI: ~FD3D11DynamicRHI
[2016.04.17-03.00.57:489][711]LogModuleManager: Shutting down and abandoning module BlueprintGraph (201)
[2016.04.17-03.00.57:489][711]LogModuleManager: Shutting down and abandoning module CrashTracker (200)
[2016.04.17-03.00.57:489][711]LogModuleManager: Shutting down and abandoning module SceneOutliner (199)
[2016.04.17-03.00.57:489][711]LogModuleManager: Shutting down and abandoning module SuperSearch (198)
[2016.04.17-03.00.57:489][711]LogModuleManager: Shutting down and abandoning module WidgetCarousel (197)
[2016.04.17-03.00.57:489][711]LogModuleManager: Shutting down and abandoning module AddContentDialog (196)
[2016.04.17-03.00.57:490][711]LogModuleManager: Shutting down and abandoning module EditorWidgets (195)
[2016.04.17-03.00.57:490][711]LogModuleManager: Shutting down and abandoning module CollectionManager (194)
[2016.04.17-03.00.57:490][711]LogModuleManager: Shutting down and abandoning module StatsViewer (193)
[2016.04.17-03.00.57:490][711]LogModuleManager: Shutting down and abandoning module FoliageEdit (192)
[2016.04.17-03.00.57:490][711]LogModuleManager: Shutting down and abandoning module LandscapeEditor (191)
[2016.04.17-03.00.57:490][711]LogModuleManager: Shutting down and abandoning module ActorPickerMode (190)
[2016.04.17-03.00.57:490][711]LogModuleManager: Shutting down and abandoning module GeometryMode (189)
[2016.04.17-03.00.57:490][711]LogModuleManager: Shutting down and abandoning module TextureAlignMode (188)
[2016.04.17-03.00.57:490][711]LogModuleManager: Shutting down and abandoning module BspMode (187)
[2016.04.17-03.00.57:490][711]LogModuleManager: Shutting down and abandoning module PlacementMode (186)
[2016.04.17-03.00.57:490][711]LogModuleManager: Shutting down and abandoning module AutomationWorker (185)
[2016.04.17-03.00.57:490][711]LogModuleManager: Shutting down and abandoning module CharacterAI (184)
[2016.04.17-03.00.57:490][711]LogModuleManager: Shutting down and abandoning module SmartSnapping (183)
[2016.04.17-03.00.57:490][711]LogModuleManager: Shutting down and abandoning module ViewportSnapping (182)
[2016.04.17-03.00.57:490][711]LogModuleManager: Shutting down and abandoning module LogVisualizer (181)
[2016.04.17-03.00.57:490][711]LogModuleManager: Shutting down and abandoning module GameProjectGeneration (180)
[2016.04.17-03.00.57:490][711]LogModuleManager: Shutting down and abandoning module IntroTutorials (179)
[2016.04.17-03.00.57:490][711]LogModuleManager: Shutting down and abandoning module EditorLiveStreaming (178)
[2016.04.17-03.00.57:490][711]LogModuleManager: Shutting down and abandoning module IOSPlatformEditor (177)
[2016.04.17-03.00.57:490][711]LogModuleManager: Shutting down and abandoning module HTML5PlatformEditor (176)
[2016.04.17-03.00.57:490][711]LogModuleManager: Shutting down and abandoning module AndroidDeviceDetection (175)
[2016.04.17-03.00.58:287][711]LogModuleManager: Shutting down and abandoning module AndroidPlatformEditor (174)
[2016.04.17-03.00.58:287][711]LogModuleManager: Shutting down and abandoning module IOSRuntimeSettings (173)
[2016.04.17-03.00.58:287][711]LogModuleManager: Shutting down and abandoning module AndroidRuntimeSettings (172)
[2016.04.17-03.00.58:287][711]LogModuleManager: Shutting down and abandoning module MergeActors (171)
[2016.04.17-03.00.58:287][711]LogModuleManager: Shutting down and abandoning module SizeMap (170)
[2016.04.17-03.00.58:287][711]LogModuleManager: Shutting down and abandoning module TreeMap (169)
[2016.04.17-03.00.58:287][711]LogModuleManager: Shutting down and abandoning module ReferenceViewer (168)
[2016.04.17-03.00.58:287][711]LogModuleManager: Shutting down and abandoning module LocalizationService (167)
[2016.04.17-03.00.58:287][711]LogModuleManager: Shutting down and abandoning module LocalizationDashboard (166)
[2016.04.17-03.00.58:287][711]LogModuleManager: Shutting down and abandoning module HardwareTargeting (165)
[2016.04.17-03.00.58:287][711]LogModuleManager: Shutting down and abandoning module DeviceProfileEditor (164)
[2016.04.17-03.00.58:287][711]LogModuleManager: Shutting down and abandoning module UndoHistory (163)
[2016.04.17-03.00.58:287][711]LogModuleManager: Shutting down and abandoning module GameplayTagsEditor (162)
[2016.04.17-03.00.58:287][711]LogModuleManager: Shutting down and abandoning module UserFeedback (161)
[2016.04.17-03.00.58:287][711]LogModuleManager: Shutting down and abandoning module XmlParser (160)
[2016.04.17-03.00.58:287][711]LogModuleManager: Shutting down and abandoning module Blutility (159)
[2016.04.17-03.00.58:287][711]LogModuleManager: Shutting down and abandoning module ProjectTargetPlatformEditor (158)
[2016.04.17-03.00.58:287][711]LogModuleManager: Shutting down and abandoning module ProjectSettingsViewer (157)
[2016.04.17-03.00.58:287][711]LogModuleManager: Shutting down and abandoning module InputBindingEditor (156)
[2016.04.17-03.00.58:287][711]LogModuleManager: Shutting down and abandoning module EditorSettingsViewer (155)
[2016.04.17-03.00.58:288][711]LogModuleManager: Shutting down and abandoning module SettingsEditor (154)
[2016.04.17-03.00.58:288][711]LogModuleManager: Shutting down and abandoning module ProjectLauncher (153)
[2016.04.17-03.00.58:288][711]LogModuleManager: Shutting down and abandoning module SessionFrontend (152)
[2016.04.17-03.00.58:288][711]LogModuleManager: Shutting down and abandoning module ProfilerClient (151)
[2016.04.17-03.00.58:288][711]LogModuleManager: Shutting down and abandoning module TargetDeviceServices (150)
[2016.04.17-03.00.58:288][711]LogModuleManager: Shutting down and abandoning module DeviceManager (149)
[2016.04.17-03.00.58:288][711]LogModuleManager: Shutting down and abandoning module AutomationController (148)
[2016.04.17-03.00.58:288][711]LogModuleManager: Shutting down and abandoning module AutomationWindow (147)
[2016.04.17-03.00.58:288][711]LogModuleManager: Shutting down and abandoning module Layers (146)
[2016.04.17-03.00.58:288][711]LogModuleManager: Shutting down and abandoning module ComponentVisualizers (145)
[2016.04.17-03.00.58:288][711]LogModuleManager: Shutting down and abandoning module DetailCustomizations (144)
[2016.04.17-03.00.58:288][711]LogModuleManager: Shutting down and abandoning module PackagesDialog (143)
[2016.04.17-03.00.58:288][711]LogModuleManager: Shutting down and abandoning module Persona (142)
[2016.04.17-03.00.58:288][711]LogModuleManager: Shutting down and abandoning module Kismet (141)
[2016.04.17-03.00.58:288][711]LogModuleManager: Shutting down and abandoning module GraphEditor (140)
[2016.04.17-03.00.58:288][711]LogModuleManager: Shutting down and abandoning module ClassViewer (139)
[2016.04.17-03.00.58:288][711]LogModuleManager: Shutting down and abandoning module Toolbox (138)
[2016.04.17-03.00.58:288][711]LogModuleManager: Shutting down and abandoning module ModuleUI (137)
[2016.04.17-03.00.58:288][711]LogModuleManager: Shutting down and abandoning module MovieSceneTools (136)
[2016.04.17-03.00.58:288][711]LogModuleManager: Shutting down and abandoning module OutputLog (135)
[2016.04.17-03.00.58:288][711]LogModuleManager: Shutting down and abandoning module GammaUI (134)
[2016.04.17-03.00.58:288][711]LogModuleManager: Shutting down and abandoning module Documentation (133)
[2016.04.17-03.00.58:288][711]LogModuleManager: Shutting down and abandoning module GameLiveStreaming (132)
[2016.04.17-03.00.58:288][711]LogModuleManager: Shutting down and abandoning module StreamingPauseRendering (131)
[2016.04.17-03.00.58:288][711]LogModuleManager: Shutting down and abandoning module AnalyticsET (130)
[2016.04.17-03.00.58:288][711]LogModuleManager: Shutting down and abandoning module Analytics (129)
[2016.04.17-03.00.58:288][711]LogModuleManager: Shutting down and abandoning module AITestSuite (128)
[2016.04.17-03.00.58:288][711]LogModuleManager: Shutting down and abandoning module GameplayDebugger (127)
[2016.04.17-03.00.58:288][711]LogModuleManager: Shutting down and abandoning module AIModule (126)
[2016.04.17-03.00.58:288][711]LogModuleManager: Shutting down and abandoning module ProfilerService (125)
[2016.04.17-03.00.58:376][711]LogModuleManager: Shutting down and abandoning module TaskGraph (124)
[2016.04.17-03.00.58:376][711]LogModuleManager: Shutting down and abandoning module SubstanceEditor (123)
[2016.04.17-03.00.58:376][711]LogModuleManager: Shutting down and abandoning module SlateRemote (122)
[2016.04.17-03.00.58:376][711]LogModuleManager: Shutting down and abandoning module SteamVRController (121)
[2016.04.17-03.00.58:376][711]LogModuleManager: Shutting down and abandoning module SteamVR (120)
[2016.04.17-03.00.58:376][711]LogModuleManager: Shutting down and abandoning module ProceduralMeshComponent (119)
[2016.04.17-03.00.58:376][711]LogModuleManager: Shutting down and abandoning module OculusLibrary (118)
[2016.04.17-03.00.58:376][711]LogModuleManager: Shutting down and abandoning module OculusInput (117)
[2016.04.17-03.00.58:376][711]LogModuleManager: Shutting down and abandoning module LeapMotionController (116)
[2016.04.17-03.00.58:399][711]LogModuleManager: Shutting down and abandoning module CustomMeshComponent (115)
[2016.04.17-03.00.58:399][711]LogModuleManager: Shutting down and abandoning module CableComponent (114)
[2016.04.17-03.00.58:399][711]LogModuleManager: Shutting down and abandoning module ArchVisCharacter (113)
[2016.04.17-03.00.58:399][711]LogModuleManager: Shutting down and abandoning module MessagingDebugger (112)
[2016.04.17-03.00.58:399][711]LogModuleManager: Shutting down and abandoning module MediaPlayerEditor (111)
[2016.04.17-03.00.58:399][711]LogModuleManager: Shutting down and abandoning module HTML5Networking (110)
[2016.04.17-03.00.58:399][711]LogModuleManager: Shutting down and abandoning module SpeedTreeImporter (109)
[2016.04.17-03.00.58:399][711]LogModuleManager: Shutting down and abandoning module PluginBrowser (108)
[2016.04.17-03.00.58:399][711]LogModuleManager: Shutting down and abandoning module EpicSurvey (107)
[2016.04.17-03.00.58:399][711]LogModuleManager: Shutting down and abandoning module DesktopPlatform (106)
[2016.04.17-03.00.58:399][711]LogModuleManager: Shutting down and abandoning module VisualStudioSourceCodeAccess (105)
[2016.04.17-03.00.58:399][711]LogModuleManager: Shutting down and abandoning module UObjectPlugin (104)
[2016.04.17-03.00.58:399][711]LogModuleManager: Shutting down and abandoning module SubversionSourceControl (103)
[2016.04.17-03.00.58:399][711]LogModuleManager: Shutting down and abandoning module PerforceSourceControl (102)
[2016.04.17-03.00.58:399][711]LogModuleManager: Shutting down and abandoning module SourceControl (101)
[2016.04.17-03.00.58:399][711]LogModuleManager: Shutting down and abandoning module GitSourceControl (100)
[2016.04.17-03.00.58:399][711]LogModuleManager: Shutting down and abandoning module LightPropagationVolumeEditor (99)
[2016.04.17-03.00.58:399][711]LogModuleManager: Shutting down and abandoning module PaperTiledImporter (98)
[2016.04.17-03.00.58:400][711]LogModuleManager: Shutting down and abandoning module PaperSpriteSheetImporter (97)
[2016.04.17-03.00.58:400][711]LogModuleManager: Shutting down and abandoning module MeshPaint (96)
[2016.04.17-03.00.58:400][711]LogModuleManager: Shutting down and abandoning module SlateReflector (95)
[2016.04.17-03.00.58:400][711]LogModuleManager: Shutting down and abandoning module HotReload (94)
[2016.04.17-03.00.58:400][711]LogModuleManager: Shutting down and abandoning module MainFrame (93)
[2016.04.17-03.00.58:400][711]LogModuleManager: Shutting down and abandoning module LevelEditor (92)
[2016.04.17-03.00.58:401][711]LogModuleManager: Shutting down and abandoning module ContentBrowser (91)
[2016.04.17-03.00.58:401][711]LogModuleManager: Shutting down and abandoning module Paper2DEditor (90)
[2016.04.17-03.00.58:402][711]LogModuleManager: Shutting down and abandoning module UdpMessaging (89)
[2016.04.17-03.00.58:502][711]LogModuleManager: Shutting down and abandoning module DirectoryWatcher (88)
[2016.04.17-03.00.58:502][711]LogModuleManager: Shutting down and abandoning module AssetRegistry (87)
[2016.04.17-03.00.58:576][711]LogModuleManager: Shutting down and abandoning module SubstanceCore (86)
[2016.04.17-03.00.58:576][711]LogModuleManager: Shutting down and abandoning module LightPropagationVolumeRuntime (85)
[2016.04.17-03.00.58:576][711]LogModuleManager: Shutting down and abandoning module Paper2D (84)
[2016.04.17-03.00.58:576][711]LogModuleManager: Shutting down and abandoning module WindowsMoviePlayer (83)
[2016.04.17-03.00.58:580][711]LogModuleManager: Shutting down and abandoning module Media (82)
[2016.04.17-03.00.58:580][711]LogModuleManager: Shutting down and abandoning module WmfMedia (81)
[2016.04.17-03.00.58:580][711]LogModuleManager: Shutting down and abandoning module OnlineBlueprintSupport (80)
[2016.04.17-03.00.58:580][711]LogModuleManager: Shutting down and abandoning module GameplayTasksEditor (79)
[2016.04.17-03.00.58:580][711]LogModuleManager: Shutting down and abandoning module PropertyEditor (78)
[2016.04.17-03.00.58:580][711]LogModuleManager: Shutting down and abandoning module BehaviorTreeEditor (77)
[2016.04.17-03.00.58:580][711]LogModuleManager: Shutting down and abandoning module FunctionalTesting (76)
[2016.04.17-03.00.58:580][711]LogModuleManager: Shutting down and abandoning module CollisionAnalyzer (75)
[2016.04.17-03.00.58:580][711]LogModuleManager: Shutting down and abandoning module WorkspaceMenuStructure (74)
[2016.04.17-03.00.58:580][711]LogModuleManager: Shutting down and abandoning module MessageLog (73)
[2016.04.17-03.00.58:580][711]LogModuleManager: Shutting down and abandoning module Sequencer (72)
[2016.04.17-03.00.58:580][711]LogModuleManager: Shutting down and abandoning module AssetTools (71)
[2016.04.17-03.00.58:580][711]LogModuleManager: Shutting down and abandoning module UMGEditor (70)
[2016.04.17-03.00.58:580][711]LogModuleManager: Shutting down and abandoning module UMG (69)
[2016.04.17-03.00.58:580][711]LogModuleManager: Shutting down and abandoning module Slate (68)
[2016.04.17-03.00.58:580][711]LogModuleManager: Shutting down and abandoning module EditorStyle (67)
[2016.04.17-03.00.58:582][711]LogModuleManager: Shutting down and abandoning module SessionServices (66)
[2016.04.17-03.00.58:582][711]LogModuleManager: Shutting down and abandoning module SourceCodeAccess (65)
[2016.04.17-03.00.58:582][711]LogModuleManager: Shutting down and abandoning module HeadMountedDisplay (64)
[2016.04.17-03.00.58:582][711]LogModuleManager: Shutting down and abandoning module XAudio2 (63)
[2016.04.17-03.00.58:582][711]LogModuleManager: Shutting down and abandoning module Networking (61)
[2016.04.17-03.00.58:582][711]LogModuleManager: Shutting down and abandoning module Core (60)
[2016.04.17-03.00.58:582][711]LogModuleManager: Shutting down and abandoning module KismetCompiler (59)
[2016.04.17-03.00.58:582][711]LogModuleManager: Shutting down and abandoning module PhysXFormats (58)
[2016.04.17-03.00.58:582][711]LogModuleManager: Shutting down and abandoning module MeshUtilities (57)
[2016.04.17-03.00.58:582][711]LogModuleManager: Shutting down and abandoning module DerivedDataCache (56)
[2016.04.17-03.00.58:683][711]LogDerivedDataCache: Shutdown
[2016.04.17-03.00.58:683][711]LogModuleManager: Shutting down and abandoning module ShaderFormatOpenGL (55)
[2016.04.17-03.00.58:683][711]LogModuleManager: Shutting down and abandoning module ShaderFormatD3D (54)
[2016.04.17-03.00.58:683][711]LogModuleManager: Shutting down and abandoning module MetalShaderFormat (53)
[2016.04.17-03.00.58:683][711]LogModuleManager: Shutting down and abandoning module TextureFormatUncompressed (52)
[2016.04.17-03.00.58:683][711]LogModuleManager: Shutting down and abandoning module TextureFormatPVR (51)
[2016.04.17-03.00.58:683][711]LogModuleManager: Shutting down and abandoning module TextureFormatIntelISPCTexComp (50)
[2016.04.17-03.00.58:683][711]LogModuleManager: Shutting down and abandoning module TextureFormatDXT (49)
[2016.04.17-03.00.58:683][711]LogModuleManager: Shutting down and abandoning module ImageWrapper (48)
[2016.04.17-03.00.58:683][711]LogModuleManager: Shutting down and abandoning module TextureFormatASTC (47)
[2016.04.17-03.00.58:683][711]LogModuleManager: Shutting down and abandoning module TextureFormatAndroid (46)
[2016.04.17-03.00.58:683][711]LogModuleManager: Shutting down and abandoning module AudioFormatOpus (45)
[2016.04.17-03.00.58:683][711]LogModuleManager: Shutting down and abandoning module AudioFormatOgg (44)
[2016.04.17-03.00.58:683][711]LogModuleManager: Shutting down and abandoning module AudioFormatADPCM (43)
[2016.04.17-03.00.58:683][711]LogModuleManager: Shutting down and abandoning module LinuxTargetPlatform (42)
[2016.04.17-03.00.58:683][711]LogModuleManager: Shutting down and abandoning module LinuxServerTargetPlatform (41)
[2016.04.17-03.00.58:683][711]LogModuleManager: Shutting down and abandoning module LinuxNoEditorTargetPlatform (40)
[2016.04.17-03.00.58:683][711]LogModuleManager: Shutting down and abandoning module Messaging (39)
[2016.04.17-03.00.58:683][711]LogModuleManager: Shutting down and abandoning module IOSTargetPlatform (38)
[2016.04.17-03.00.58:683][711]LogModuleManager: Shutting down and abandoning module HTML5TargetPlatform (37)
[2016.04.17-03.00.58:683][711]LogModuleManager: Shutting down and abandoning module Android_PVRTCTargetPlatform (36)
[2016.04.17-03.00.58:683][711]LogModuleManager: Shutting down and abandoning module Android_MultiTargetPlatform (35)
[2016.04.17-03.00.58:683][711]LogModuleManager: Shutting down and abandoning module Android_ETC2TargetPlatform (34)
[2016.04.17-03.00.58:683][711]LogModuleManager: Shutting down and abandoning module Android_ETC1TargetPlatform (33)
[2016.04.17-03.00.58:683][711]LogModuleManager: Shutting down and abandoning module Android_DXTTargetPlatform (32)
[2016.04.17-03.00.58:683][711]LogModuleManager: Shutting down and abandoning module Android_ATCTargetPlatform (31)
[2016.04.17-03.00.58:683][711]LogModuleManager: Shutting down and abandoning module Android_ASTCTargetPlatform (30)
[2016.04.17-03.00.58:683][711]LogModuleManager: Shutting down and abandoning module AndroidTargetPlatform (29)
[2016.04.17-03.00.58:683][711]LogModuleManager: Shutting down and abandoning module WindowsTargetPlatform (28)
[2016.04.17-03.00.58:683][711]LogModuleManager: Shutting down and abandoning module WindowsServerTargetPlatform (27)
[2016.04.17-03.00.58:683][711]LogModuleManager: Shutting down and abandoning module WindowsNoEditorTargetPlatform (26)
[2016.04.17-03.00.58:683][711]LogModuleManager: Shutting down and abandoning module WindowsClientTargetPlatform (25)
[2016.04.17-03.00.58:683][711]LogModuleManager: Shutting down and abandoning module AllDesktopTargetPlatform (24)
[2016.04.17-03.00.58:683][711]LogModuleManager: Shutting down and abandoning module TargetPlatform (23)
[2016.04.17-03.00.58:683][711]LogModuleManager: Shutting down and abandoning module InputCore (22)
[2016.04.17-03.00.58:683][711]LogModuleManager: Shutting down and abandoning module Settings (21)
[2016.04.17-03.00.58:683][711]LogModuleManager: Shutting down and abandoning module OnlineSubsystem (19)
[2016.04.17-03.00.58:683][711]LogModuleManager: Shutting down and abandoning module HTTP (18)
[2016.04.17-03.00.59:684][711]LogModuleManager: Shutting down and abandoning module XMPP (17)
[2016.04.17-03.00.59:684][711]LogModuleManager: Shutting down and abandoning module OculusRift (16)
[2016.04.17-03.00.59:684][711]LogModuleManager: Shutting down and abandoning module ExampleDeviceProfileSelector (15)
[2016.04.17-03.00.59:684][711]LogModuleManager: Shutting down and abandoning module TextureCompressor (14)
[2016.04.17-03.00.59:684][711]LogModuleManager: Shutting down and abandoning module ShaderCore (13)
[2016.04.17-03.00.59:684][711]LogModuleManager: Shutting down and abandoning module Landscape (12)
[2016.04.17-03.00.59:684][711]LogModuleManager: Shutting down and abandoning module SlateRHIRenderer (11)
[2016.04.17-03.00.59:686][711]LogModuleManager: Shutting down and abandoning module OpenGLDrv (10)
[2016.04.17-03.00.59:686][711]LogModuleManager: Shutting down and abandoning module D3D11RHI (9)
[2016.04.17-03.00.59:686][711]LogModuleManager: Shutting down and abandoning module AnimGraphRuntime (8)
[2016.04.17-03.00.59:686][711]LogModuleManager: Shutting down and abandoning module Renderer (7)
[2016.04.17-03.00.59:686][711]LogModuleManager: Shutting down and abandoning module Engine (6)
[2016.04.17-03.00.59:686][711]LogModuleManager: Shutting down and abandoning module CoreUObject (5)
[2016.04.17-03.00.59:686][711]LogModuleManager: Shutting down and abandoning module NetworkFile (4)
[2016.04.17-03.00.59:686][711]LogModuleManager: Shutting down and abandoning module StreamingFile (3)
[2016.04.17-03.00.59:686][711]LogModuleManager: Shutting down and abandoning module SandboxFile (2)
[2016.04.17-03.00.59:686][711]LogModuleManager: Shutting down and abandoning module PakFile (1)
[2016.04.17-03.00.59:687][711]LogExit: Exiting.
[2016.04.17-03.00.59:710][711]Log file closed, 04/16/16 23:00:59
