[2016.03.30-21.49.45:614][  0]Log file open, 03/30/16 17:49:45
[2016.03.30-21.49.45:614][  0]LogInit:Display: Running engine for game: Targets
[2016.03.30-21.49.45:614][  0]LogPlatformFile: Not using cached read wrapper
[2016.03.30-21.49.45:614][  0]LogInit:Display: RandInit(-715384390) SRandInit(-715384389).
[2016.03.30-21.49.45:614][  0]LogTaskGraph: Started task graph with 4 named threads and 7 total threads.
[2016.03.30-21.49.45:614][  0]LogStats: Stats thread started at 0.476078
[2016.03.30-21.49.45:614][  0]LogInit: Version: 4.10.4-2872498+++depot+UE4-Releases+4.10
[2016.03.30-21.49.45:614][  0]LogInit: API Version: 2758231
[2016.03.30-21.49.45:614][  0]LogInit: Compiled (64-bit): Feb 18 2016 15:47:04
[2016.03.30-21.49.45:614][  0]LogInit: Compiled with Visual C++: 19.00.23026.00
[2016.03.30-21.49.45:614][  0]LogInit: Build Configuration: Development
[2016.03.30-21.49.45:614][  0]LogInit: Branch Name: ++depot+UE4-Releases+4.10
[2016.03.30-21.49.45:614][  0]LogInit: Command line:  
[2016.03.30-21.49.45:614][  0]LogInit: Base directory: C:/Program Files (x86)/Epic Games/4.10/Engine/Binaries/Win64/
[2016.03.30-21.49.45:614][  0]LogInit: Rocket: 1
[2016.03.30-21.49.45:636][  0]LogInit: Using libcurl 7.41.0
[2016.03.30-21.49.45:637][  0]LogInit:  - built for x86_64-pc-win32
[2016.03.30-21.49.45:637][  0]LogInit:  - supports SSL with WinSSL
[2016.03.30-21.49.45:637][  0]LogInit:  - other features:
[2016.03.30-21.49.45:637][  0]LogInit:      CURL_VERSION_SSL
[2016.03.30-21.49.45:637][  0]LogInit:      CURL_VERSION_IPV6
[2016.03.30-21.49.45:637][  0]LogInit:      CURL_VERSION_ASYNCHDNS
[2016.03.30-21.49.45:637][  0]LogInit:      CURL_VERSION_LARGEFILE
[2016.03.30-21.49.45:637][  0]LogInit:      CURL_VERSION_IDN
[2016.03.30-21.49.45:638][  0]LogInit:  CurlRequestOptions (configurable via config and command line):
[2016.03.30-21.49.45:638][  0]LogInit:  - bVerifyPeer = true  - Libcurl will verify peer certificate
[2016.03.30-21.49.45:638][  0]LogInit:  - bUseHttpProxy = false  - Libcurl will NOT use HTTP proxy
[2016.03.30-21.49.45:638][  0]LogInit:  - bDontReuseConnections = false  - Libcurl will reuse connections
[2016.03.30-21.49.45:638][  0]LogInit:  - CertBundlePath = nullptr  - Libcurl will use whatever was configured at build time.
[2016.03.30-21.49.45:676][  0]LogInit: Presizing for 0 objects not considered by GC, pre-allocating 0 bytes.
[2016.03.30-21.49.45:690][  0]LogInit: Object subsystem initialized
[2016.03.30-21.49.45:701][  0]LogInit: Selected Device Profile: [Windows]
[2016.03.30-21.49.45:701][  0]LogInit: Applying CVar settings loaded from the selected device profile: [Windows]
[2016.03.30-21.49.45:725][  0]LogInit: Computer: THECHICKENCOOP
[2016.03.30-21.49.45:725][  0]LogInit: User: Bradley
[2016.03.30-21.49.45:725][  0]LogInit: CPU Page size=4096, Cores=4
[2016.03.30-21.49.45:725][  0]LogInit: High frequency timer resolution =2.338433 MHz
[2016.03.30-21.49.45:725][  0]LogMemory: Memory total: Physical=16.0GB (16GB approx)
[2016.03.30-21.49.45:725][  0]LogMemory: Platform Memory Stats for Windows
[2016.03.30-21.49.45:725][  0]LogMemory: Process Physical Memory: 57.96 MB used, 57.96 MB peak
[2016.03.30-21.49.45:725][  0]LogMemory: Process Virtual Memory: 58.80 MB used, 58.80 MB peak
[2016.03.30-21.49.45:725][  0]LogMemory: Physical Memory: 6193.93 MB used, 16336.96 MB total
[2016.03.30-21.49.45:725][  0]LogMemory: Virtual Memory: 381.38 MB used, 134217728.00 MB total
[2016.03.30-21.49.46:021][  0]LogTextLocalizationManager: No specific translations for ('en-US') exist, so ('en') translations will be used.
[2016.03.30-21.49.46:533][  0]LogD3D11RHI: Found D3D11 adapter 0: NVIDIA GeForce GTX 660M  (Feature Level 11_0)
[2016.03.30-21.49.46:533][  0]LogD3D11RHI: Adapter has 1990MB of dedicated video memory, 0MB of dedicated system memory, and 8168MB of shared system memory, 1 output[s]
[2016.03.30-21.49.46:535][  0]LogD3D11RHI: Found D3D11 adapter 1: Microsoft Basic Render Driver (Feature Level 11_0)
[2016.03.30-21.49.46:535][  0]LogD3D11RHI: Adapter has 0MB of dedicated video memory, 0MB of dedicated system memory, and 8168MB of shared system memory, 0 output[s]
[2016.03.30-21.49.46:535][  0]LogD3D11RHI: Chosen D3D11 Adapter Id = 0
[2016.03.30-21.49.46:542][  0]LogD3D11RHI: !Direct3DDevice
[2016.03.30-21.49.46:542][  0]LogRHI: Texture pool is 1361 MB (70% of 1945 MB)
[2016.03.30-21.49.46:553][  0]LogD3D11RHI: Async texture creation enabled
[2016.03.30-21.49.46:581][  0]LogShaderCompilers: Guid format shader working directory is -8 characters bigger than the processId version (../../../../../../Users/Bradley/Desktop/Targets/Targets/Intermediate/Shaders/WorkingDirectory/13836/).
[2016.03.30-21.49.46:581][  0]LogShaderCompilers: Cleaned the shader compiler working directory 'C:/Users/Bradley/AppData/Local/Temp/UnrealShaderWorkingDir/2461A68F487D118CA2AE45A8BF576803/'.
[2016.03.30-21.49.46:581][  0]LogShaderCompilers:Display: Using Local Shader Compiler.
[2016.03.30-21.49.48:498][  0]LogTemp:Display: Loaded TP AllDesktopTargetPlatform
[2016.03.30-21.49.48:502][  0]LogTemp:Display: Loaded TP WindowsClientTargetPlatform
[2016.03.30-21.49.48:507][  0]LogTemp:Display: Loaded TP WindowsNoEditorTargetPlatform
[2016.03.30-21.49.48:511][  0]LogTemp:Display: Loaded TP WindowsServerTargetPlatform
[2016.03.30-21.49.48:516][  0]LogTemp:Display: Loaded TP WindowsTargetPlatform
[2016.03.30-21.49.48:522][  0]LogTemp:Display: Loaded TP AndroidTargetPlatform
[2016.03.30-21.49.48:525][  0]LogTemp:Display: Loaded TP Android_ASTCTargetPlatform
[2016.03.30-21.49.48:529][  0]LogTemp:Display: Loaded TP Android_ATCTargetPlatform
[2016.03.30-21.49.48:532][  0]LogTemp:Display: Loaded TP Android_DXTTargetPlatform
[2016.03.30-21.49.48:536][  0]LogTemp:Display: Loaded TP Android_ETC1TargetPlatform
[2016.03.30-21.49.48:539][  0]LogTemp:Display: Loaded TP Android_ETC2TargetPlatform
[2016.03.30-21.49.48:547][  0]LogTemp:Display: Loaded TP Android_MultiTargetPlatform
[2016.03.30-21.49.48:547][  0]LogTemp:Display: Loaded TP Android_PVRTCTargetPlatform
[2016.03.30-21.49.48:548][  0]LogTemp:Display: Loaded TP HTML5TargetPlatform
[2016.03.30-21.49.48:592][  0]LogTemp:Display: Loaded TP IOSTargetPlatform
[2016.03.30-21.49.48:595][  0]LogTemp:Display: Loaded TP LinuxNoEditorTargetPlatform
[2016.03.30-21.49.48:599][  0]LogTemp:Display: Loaded TP LinuxServerTargetPlatform
[2016.03.30-21.49.48:605][  0]LogTemp:Display: Loaded TP LinuxTargetPlatform
[2016.03.30-21.49.48:605][  0]LogTargetPlatformManager:Display: Building Assets For Windows
[2016.03.30-21.49.48:882][  0]LogDerivedDataCache:Display: Max Cache Size: 512 MB
[2016.03.30-21.49.48:882][  0]LogDerivedDataCache:Display: Starting with empty Boot cache
[2016.03.30-21.49.48:883][  0]LogDerivedDataCache: FDerivedDataBackendGraph:  Pak pak cache file ../../../../../../Users/Bradley/Desktop/Targets/Targets/DerivedDataCache/DDC.ddp not found, will not use a pak cache.
[2016.03.30-21.49.48:883][  0]LogDerivedDataCache: Unable to find inner node Pak for hierarchical cache Hierarchy.
[2016.03.30-21.49.48:883][  0]LogDerivedDataCache: FDerivedDataBackendGraph:  CompressedPak pak cache file ../../../../../../Users/Bradley/Desktop/Targets/Targets/DerivedDataCache/Compressed.ddp not found, will not use a pak cache.
[2016.03.30-21.49.48:883][  0]LogDerivedDataCache: Unable to find inner node CompressedPak for hierarchical cache Hierarchy.
[2016.03.30-21.49.48:978][  0]LogDerivedDataCache:Display: Pak cache opened for reading ../../../Engine/DerivedDataCache/Compressed.ddp.
[2016.03.30-21.49.48:991][  0]LogDerivedDataCache: Using Local data cache path C:/Users/Bradley/AppData/Local/UnrealEngine/Common/DerivedDataCache: Writable
[2016.03.30-21.49.52:009][  0]LogInit: Selected Device Profile: [Windows]
[2016.03.30-21.49.52:017][  0]LogContentStreaming: Texture pool size is 0.000000MB
[2016.03.30-21.49.52:239][  0]LogMeshUtilities: No automatic mesh reduction module available
[2016.03.30-21.49.52:239][  0]LogMeshUtilities: No automatic mesh merging module available
[2016.03.30-21.49.52:961][  0]LogInit: WinSock: version 1.1 (2.2), MaxSocks=32767, MaxUdp=65467
[2016.03.30-21.49.55:084][  0]UdpMessaging: Initializing bridge on interface 0.0.0.0:0 to multicast group 230.0.0.1:6666.
[2016.03.30-21.49.55:231][  0]LogAssetRegistry: FAssetRegistry took 0.0126 seconds to start up
[2016.03.30-21.49.55:546][  0]SourceControl: Info Source control is disabled
[2016.03.30-21.49.55:649][  0]SourceControl: Info Source control is disabled
[2016.03.30-21.49.55:663][  0]SourceControl: Info Source control is disabled
[2016.03.30-21.49.55:682][  0]SourceControl: Info Source control is disabled
[2016.03.30-21.49.55:998][  0]LogObj: 28633 objects as part of root set at end of initial load.
[2016.03.30-21.49.55:998][  0]LogUObjectAllocator: 6099744 out of 0 bytes used by permanent object pool.
[2016.03.30-21.49.56:098][  0]LogEngine: Initializing Engine...
[2016.03.30-21.49.56:103][  0]LogHMD: Can't find Oculus library dev build: is proper Runtime installed? Version: 0.8.0.0
[2016.03.30-21.49.56:697][  0]LogHMD: SteamVR failed to initialize.  Err: 108
[2016.03.30-21.49.56:969][  0]LogAIModule: Creating AISystem for world NewWorld
[2016.03.30-21.49.56:991][  0]LogInit: XAudio2 using 'Speakers (VIA HD Audio)' : 2 channels at 48 kHz using 32 bits per sample (channel mask 0x3)
[2016.03.30-21.49.57:004][  0]LogInit: FAudioDevice initialized.
[2016.03.30-21.49.57:025][  0]LogDerivedDataCache: Saved boot cache 0.02s 41MB C:/Users/Bradley/AppData/Local/UnrealEngine/4.10/DerivedDataCache/Boot.ddc.
[2016.03.30-21.49.57:030][  0]LogInit: Texture streaming: Enabled
[2016.03.30-21.49.57:046][  0]LogAnalytics: Creating configured Analytics provider AnalyticsET
[2016.03.30-21.49.57:055][  0]LogAnalytics: [UEEditor.Rocket.Release] APIServer = http://et2.epicgames.com/ET2/. AppVersion = 4.10.4-2872498+++depot+UE4-Releases+4.10
[2016.03.30-21.49.57:055][  0]LogAnalytics: [UEEditor.Rocket.Release] SetUserId 9be7d77d4c1bba8fbe8888806696159a|721e803206f740099b1323b4713bda8d|e3580f64-f356-4a2c-ae61-b55f156c6106
[2016.03.30-21.49.57:055][  0]LogAnalytics: [UEEditor.Rocket.Release] AnalyticsET::StartSession
[2016.03.30-21.49.57:072][  0]LogInit: Transaction tracking system initialized
[2016.03.30-21.49.57:110][  0]BlueprintLog: New page: Editor Load
[2016.03.30-21.49.57:260][  0]LocalizationService: Info Localization service is disabled
[2016.03.30-21.49.57:528][  0]LogConsoleResponse:Display: 
[2016.03.30-21.49.57:787][  0]LogCook:Display: Done creating registry. It took  0.00s.
[2016.03.30-21.49.57:874][  0]LogFileCache: Scanning file cache for directory 'C:/Users/Bradley/Desktop/Targets/Targets/Content/' took 0.02s
[2016.03.30-21.49.57:874][  0]SourceControl: Info Source control is disabled
[2016.03.30-21.49.57:875][  0]Cmd: MAP LOAD FILE="../../../../../../Users/Bradley/Desktop/Targets/Targets/Content/FirstPersonBP/Maps/FirstPersonExampleMap.umap" TEMPLATE=0 SHOWPROGRESS=1 FEATURELEVEL=3
[2016.03.30-21.49.57:876][  0]LightingResults: New page: Lighting Build
[2016.03.30-21.49.57:881][  0]MapCheck: New page: Map Check
[2016.03.30-21.49.57:881][  0]LightingResults: New page: Lighting Build
[2016.03.30-21.49.57:897][  0]LogParticles: Destroying 0 GPU particle simulations for FXSystem 0x000000DEBC7DB6A0
[2016.03.30-21.49.58:068][  0]LogLinker:Warning: Asset '../../../../../../Users/Bradley/Desktop/Targets/Targets/Content/FirstPerson/Meshes/FirstPersonProjectileMesh.uasset' has been saved with empty engine version. The asset will be loaded but may be incompatible.
[2016.03.30-21.49.58:637][  0]LogMaterial: Missing cached shader map for material Material_0, compiling. 
[2016.03.30-21.49.58:660][  0]LogStaticMesh: Building static mesh Ladder...
[2016.03.30-21.49.59:441][  0]LogStaticMesh: Built static mesh [0.781992.2s] /Game/TargetAssets/Ladder/Ladder.Ladder
[2016.03.30-21.49.59:469][  0]LogMaterial: Missing cached shader map for material DeskMat, compiling. 
[2016.03.30-21.49.59:478][  0]LogStaticMesh: Building static mesh Desk...
[2016.03.30-21.49.59:539][  0]LogStaticMesh: Built static mesh [0.061864.2s] /Game/TargetAssets/Desk/Desk.Desk
[2016.03.30-21.49.59:550][  0]LogMaterial: Missing cached shader map for material Mesh0Mat, compiling. 
[2016.03.30-21.49.59:561][  0]LogMaterial: Missing cached shader map for material Mesh0_Mesh01Mat, compiling. 
[2016.03.30-21.49.59:570][  0]LogStaticMesh: Building static mesh Office_Chair...
[2016.03.30-21.49.59:604][  0]LogStaticMesh: Built static mesh [0.034899.2s] /Game/TargetAssets/Chair/Office_Chair.Office_Chair
[2016.03.30-21.49.59:655][  0]LogTexture:Display: Building textures: Cargo02_D (AutoDXT)
[2016.03.30-21.50.00:063][  0]LogMaterial: Missing cached shader map for material Cargo02, compiling. 
[2016.03.30-21.50.00:081][  0]LogStaticMesh: Building static mesh Cargo_container_02...
[2016.03.30-21.50.00:114][  0]LogStaticMesh: Built static mesh [0.033608.2s] /Game/TargetAssets/CargoContainer/Cargo_container_02.Cargo_container_02
[2016.03.30-21.50.00:166][  0]LogTexture:Display: Building textures: Cargo01_D (AutoDXT)
[2016.03.30-21.50.00:562][  0]LogMaterial: Missing cached shader map for material Cargo01, compiling. 
[2016.03.30-21.50.00:573][  0]LogStaticMesh: Building static mesh Cargo_container_01...
[2016.03.30-21.50.00:637][  0]LogStaticMesh: Built static mesh [0.064592.2s] /Game/TargetAssets/CargoContainer/Cargo_container_01.Cargo_container_01
[2016.03.30-21.50.00:644][  0]LogMaterial: Missing cached shader map for material Oildrum-ref, compiling. 
[2016.03.30-21.50.00:653][  0]LogStaticMesh: Building static mesh oildrum...
[2016.03.30-21.50.00:709][  0]LogStaticMesh: Built static mesh [0.056810.2s] /Game/TargetAssets/Barrel/oildrum.oildrum
[2016.03.30-21.50.00:872][  0]LogTexture:Display: Building textures: Rust_Metal (AutoDXT)
[2016.03.30-21.50.02:514][  0]LogTexture:Display: Building textures: Rust_Metal_0 (AutoDXT)
[2016.03.30-21.50.04:047][  0]LogMaterial: Missing cached shader map for material Rust_Metal_Mat, compiling. 
[2016.03.30-21.50.04:071][  0]LogTexture:Display: Building textures: DeskWood_Dirty_Spec (AutoDXT)
[2016.03.30-21.50.04:171][  0]LogTexture:Display: Building textures: DeskWood_Dirty_Normal (BC5)
[2016.03.30-21.50.04:267][  0]LogTexture:Display: Building textures: DeskWood_Dirty_Diffuse (AutoDXT)
[2016.03.30-21.50.04:676][  0]LogMaterial: Missing cached shader map for material DeskWood_Dirty_Mat, compiling. 
[2016.03.30-21.50.04:735][  0]LogTexture:Display: Building textures: OfficeChair_colo (AutoDXT)
[2016.03.30-21.50.05:055][  0]LogMaterial: Missing cached shader map for material OfficeChair_colo_Mat, compiling. 
[2016.03.30-21.50.05:157][  0]LogTexture:Display: Building textures: oildrum_col (AutoDXT)
[2016.03.30-21.50.06:795][  0]LogMaterial: Missing cached shader map for material oildrum_col_Mat, compiling. 
[2016.03.30-21.50.06:989][  0]LogTexture:Display: Building textures: Texture2D_3 (BGRA8)
[2016.03.30-21.50.07:055][  0]LogTexture:Display: Building textures: HQ_Lightmap0_1 (AutoDXT)
[2016.03.30-21.50.07:358][  0]LogTexture:Display: Building textures: HQ_Lightmap0_10 (AutoDXT)
[2016.03.30-21.50.07:361][  0]LogTexture:Display: Building textures: HQ_Lightmap0_11 (AutoDXT)
[2016.03.30-21.50.07:363][  0]LogTexture:Display: Building textures: HQ_Lightmap0_12 (AutoDXT)
[2016.03.30-21.50.07:366][  0]LogTexture:Display: Building textures: HQ_Lightmap0_13 (AutoDXT)
[2016.03.30-21.50.07:368][  0]LogTexture:Display: Building textures: HQ_Lightmap0_14 (AutoDXT)
[2016.03.30-21.50.07:370][  0]LogTexture:Display: Building textures: HQ_Lightmap0_15 (AutoDXT)
[2016.03.30-21.50.07:373][  0]LogTexture:Display: Building textures: HQ_Lightmap0_16 (AutoDXT)
[2016.03.30-21.50.07:375][  0]LogTexture:Display: Building textures: HQ_Lightmap0_17 (AutoDXT)
[2016.03.30-21.50.07:378][  0]LogTexture:Display: Building textures: HQ_Lightmap0_18 (AutoDXT)
[2016.03.30-21.50.07:380][  0]LogTexture:Display: Building textures: HQ_Lightmap0_19 (AutoDXT)
[2016.03.30-21.50.07:393][  0]LogTexture:Display: Building textures: HQ_Lightmap0_2 (AutoDXT)
[2016.03.30-21.50.07:479][  0]LogTexture:Display: Building textures: HQ_Lightmap0_20 (AutoDXT)
[2016.03.30-21.50.07:482][  0]LogTexture:Display: Building textures: HQ_Lightmap0_21 (AutoDXT)
[2016.03.30-21.50.07:484][  0]LogTexture:Display: Building textures: HQ_Lightmap0_22 (AutoDXT)
[2016.03.30-21.50.07:486][  0]LogTexture:Display: Building textures: HQ_Lightmap0_23 (AutoDXT)
[2016.03.30-21.50.07:489][  0]LogTexture:Display: Building textures: HQ_Lightmap0_24 (AutoDXT)
[2016.03.30-21.50.07:491][  0]LogTexture:Display: Building textures: HQ_Lightmap0_25 (AutoDXT)
[2016.03.30-21.50.07:493][  0]LogTexture:Display: Building textures: HQ_Lightmap0_26 (AutoDXT)
[2016.03.30-21.50.07:496][  0]LogTexture:Display: Building textures: HQ_Lightmap0_27 (AutoDXT)
[2016.03.30-21.50.07:498][  0]LogTexture:Display: Building textures: HQ_Lightmap0_28 (AutoDXT)
[2016.03.30-21.50.07:500][  0]LogTexture:Display: Building textures: HQ_Lightmap0_29 (AutoDXT)
[2016.03.30-21.50.07:503][  0]LogTexture:Display: Building textures: HQ_Lightmap0_3 (AutoDXT)
[2016.03.30-21.50.07:505][  0]LogTexture:Display: Building textures: HQ_Lightmap0_30 (AutoDXT)
[2016.03.30-21.50.07:508][  0]LogTexture:Display: Building textures: HQ_Lightmap0_31 (AutoDXT)
[2016.03.30-21.50.07:510][  0]LogTexture:Display: Building textures: HQ_Lightmap0_32 (AutoDXT)
[2016.03.30-21.50.07:512][  0]LogTexture:Display: Building textures: HQ_Lightmap0_33 (AutoDXT)
[2016.03.30-21.50.07:515][  0]LogTexture:Display: Building textures: HQ_Lightmap0_34 (AutoDXT)
[2016.03.30-21.50.07:517][  0]LogTexture:Display: Building textures: HQ_Lightmap0_35 (AutoDXT)
[2016.03.30-21.50.07:519][  0]LogTexture:Display: Building textures: HQ_Lightmap0_4 (AutoDXT)
[2016.03.30-21.50.07:523][  0]LogTexture:Display: Building textures: HQ_Lightmap0_5 (AutoDXT)
[2016.03.30-21.50.07:525][  0]LogTexture:Display: Building textures: HQ_Lightmap0_6 (AutoDXT)
[2016.03.30-21.50.07:527][  0]LogTexture:Display: Building textures: HQ_Lightmap0_7 (AutoDXT)
[2016.03.30-21.50.07:530][  0]LogTexture:Display: Building textures: HQ_Lightmap0_8 (AutoDXT)
[2016.03.30-21.50.07:533][  0]LogTexture:Display: Building textures: HQ_Lightmap0_9 (AutoDXT)
[2016.03.30-21.50.07:586][  0]LogTexture:Display: Building textures: LQ_Lightmap_0_1 (DXT1)
[2016.03.30-21.50.07:819][  0]LogTexture:Display: Building textures: LQ_Lightmap_0_10 (DXT1)
[2016.03.30-21.50.07:820][  0]LogTexture:Display: Building textures: LQ_Lightmap_0_11 (DXT1)
[2016.03.30-21.50.07:822][  0]LogTexture:Display: Building textures: LQ_Lightmap_0_12 (DXT1)
[2016.03.30-21.50.07:823][  0]LogTexture:Display: Building textures: LQ_Lightmap_0_13 (DXT1)
[2016.03.30-21.50.07:825][  0]LogTexture:Display: Building textures: LQ_Lightmap_0_14 (DXT1)
[2016.03.30-21.50.07:826][  0]LogTexture:Display: Building textures: LQ_Lightmap_0_15 (DXT1)
[2016.03.30-21.50.07:828][  0]LogTexture:Display: Building textures: LQ_Lightmap_0_16 (DXT1)
[2016.03.30-21.50.07:830][  0]LogTexture:Display: Building textures: LQ_Lightmap_0_17 (DXT1)
[2016.03.30-21.50.07:833][  0]LogTexture:Display: Building textures: LQ_Lightmap_0_18 (DXT1)
[2016.03.30-21.50.07:835][  0]LogTexture:Display: Building textures: LQ_Lightmap_0_19 (DXT1)
[2016.03.30-21.50.07:850][  0]LogTexture:Display: Building textures: LQ_Lightmap_0_2 (DXT1)
[2016.03.30-21.50.07:913][  0]LogTexture:Display: Building textures: LQ_Lightmap_0_20 (DXT1)
[2016.03.30-21.50.07:914][  0]LogTexture:Display: Building textures: LQ_Lightmap_0_21 (DXT1)
[2016.03.30-21.50.07:916][  0]LogTexture:Display: Building textures: LQ_Lightmap_0_22 (DXT1)
[2016.03.30-21.50.07:917][  0]LogTexture:Display: Building textures: LQ_Lightmap_0_23 (DXT1)
[2016.03.30-21.50.07:919][  0]LogTexture:Display: Building textures: LQ_Lightmap_0_24 (DXT1)
[2016.03.30-21.50.07:920][  0]LogTexture:Display: Building textures: LQ_Lightmap_0_25 (DXT1)
[2016.03.30-21.50.07:922][  0]LogTexture:Display: Building textures: LQ_Lightmap_0_26 (DXT1)
[2016.03.30-21.50.07:923][  0]LogTexture:Display: Building textures: LQ_Lightmap_0_27 (DXT1)
[2016.03.30-21.50.07:925][  0]LogTexture:Display: Building textures: LQ_Lightmap_0_28 (DXT1)
[2016.03.30-21.50.07:926][  0]LogTexture:Display: Building textures: LQ_Lightmap_0_29 (DXT1)
[2016.03.30-21.50.07:928][  0]LogTexture:Display: Building textures: LQ_Lightmap_0_3 (DXT1)
[2016.03.30-21.50.07:929][  0]LogTexture:Display: Building textures: LQ_Lightmap_0_30 (DXT1)
[2016.03.30-21.50.07:931][  0]LogTexture:Display: Building textures: LQ_Lightmap_0_31 (DXT1)
[2016.03.30-21.50.07:932][  0]LogTexture:Display: Building textures: LQ_Lightmap_0_32 (DXT1)
[2016.03.30-21.50.07:934][  0]LogTexture:Display: Building textures: LQ_Lightmap_0_33 (DXT1)
[2016.03.30-21.50.07:936][  0]LogTexture:Display: Building textures: LQ_Lightmap_0_34 (DXT1)
[2016.03.30-21.50.07:938][  0]LogTexture:Display: Building textures: LQ_Lightmap_0_35 (DXT1)
[2016.03.30-21.50.07:939][  0]LogTexture:Display: Building textures: LQ_Lightmap_0_4 (DXT1)
[2016.03.30-21.50.07:942][  0]LogTexture:Display: Building textures: LQ_Lightmap_0_5 (DXT1)
[2016.03.30-21.50.07:943][  0]LogTexture:Display: Building textures: LQ_Lightmap_0_6 (DXT1)
[2016.03.30-21.50.07:945][  0]LogTexture:Display: Building textures: LQ_Lightmap_0_7 (DXT1)
[2016.03.30-21.50.07:946][  0]LogTexture:Display: Building textures: LQ_Lightmap_0_8 (DXT1)
[2016.03.30-21.50.07:948][  0]LogTexture:Display: Building textures: LQ_Lightmap_0_9 (DXT1)
[2016.03.30-21.50.08:013][  0]LogAIModule: Creating AISystem for world FirstPersonExampleMap
[2016.03.30-21.50.08:218][  0]LogEditorServer: Finished looking for orphan Actors (0.000 secs)
[2016.03.30-21.50.08:220][  0]Cmd: MAP CHECKDEP NOCLEARLOG
[2016.03.30-21.50.08:317][  0]MapCheck: Info Map check complete: 0 Error(s), 0 Warning(s), took 96.415ms to complete.
[2016.03.30-21.50.08:317][  0]LogFileHelpers: Loading map 'FirstPersonExampleMap' took 10.442
[2016.03.30-21.50.08:608][  0]LogCollectionManager: Loaded 0 collections in 0.002206 seconds
[2016.03.30-21.50.08:664][  0]LogFileCache: Scanning file cache for directory 'C:/Users/Bradley/Desktop/Targets/Targets/Saved/Collections/' took 0.01s
[2016.03.30-21.50.08:664][  0]LogFileCache: Scanning file cache for directory 'C:/Users/Bradley/Desktop/Targets/Targets/Content/Developers/Bradley/Collections/' took 0.01s
[2016.03.30-21.50.08:664][  0]LogFileCache: Scanning file cache for directory 'C:/Users/Bradley/Desktop/Targets/Targets/Content/Collections/' took 0.01s
[2016.03.30-21.50.08:664][  0]LogCollectionManager: Rebuilt the GUID cache for 0 collections in 0.000016 seconds
[2016.03.30-21.50.08:680][  0]LogContentBrowser: Native class hierarchy populated in 0.0149 seconds. Added 1894 classes and 340 folders.
[2016.03.30-21.50.08:691][  0]LogContentBrowser: Native class hierarchy updated for 'WidgetCarousel' in 0.0004 seconds. Added 0 classes and 0 folders.
[2016.03.30-21.50.09:091][  0]LogContentBrowser: Native class hierarchy updated for 'AddContentDialog' in 0.0004 seconds. Added 0 classes and 0 folders.
[2016.03.30-21.50.09:097][  0]LogCrashTracker: Crashtracker disabled due to settings.
[2016.03.30-21.50.09:148][  0]LogUObjectGlobals:Warning: Failed to find object 'Class None.'
[2016.03.30-21.50.09:172][  0]LogLoad: Full Startup: 24.86 seconds (BP compile: 0.17 seconds)
[2016.03.30-21.50.09:188][  0]LogOcInput: Can't find Oculus library dev build: is proper Runtime installed? Version: 0.8.0.0
[2016.03.30-21.50.09:315][  0]LogContentStreaming: Texture pool size now 200 MB
[2016.03.30-21.50.09:571][  0]LogRenderer: Reallocating scene render targets to support 960x744 (Frame:2).
[2016.03.30-21.50.09:651][  1]Cmd: UpdateLandscapeEditorData -warnings
[2016.03.30-21.50.09:986][  7]LogAssetRegistry: Asset discovery search completed in 14.7668 seconds
[2016.03.30-21.50.09:987][  7]LogCollectionManager: Rebuilt the object cache for 0 collections in 0.000001 seconds (found 0 objects)
[2016.03.30-21.50.09:987][  7]LogCollectionManager: Fixed up redirectors for 0 collections in 0.000273 seconds (updated 0 objects)
[2016.03.30-21.50.33:083][574]LogActorFactory: Actor Factory created SM_DoorFrame
[2016.03.30-21.50.34:370][700]LogActorFactory: Actor Factory created SM_DoorFrame
[2016.03.30-21.50.36:751][920]LogBlueprintUserMessages: Early PlayInEditor Detection: Level '/Game/FirstPersonBP/Maps/FirstPersonExampleMap.FirstPersonExampleMap:PersistentLevel' has LevelScriptBlueprint '/Game/FirstPersonBP/Maps/FirstPersonExampleMap.FirstPersonExampleMap:PersistentLevel.FirstPersonExampleMap' with GeneratedClass '/Game/FirstPersonBP/Maps/FirstPersonExampleMap.FirstPersonExampleMap_C' with ClassGeneratedBy '/Game/FirstPersonBP/Maps/FirstPersonExampleMap.FirstPersonExampleMap:PersistentLevel.FirstPersonExampleMap'
[2016.03.30-21.50.36:751][920]LogPlayLevel: PlayLevel: No blueprints needed recompiling
[2016.03.30-21.50.36:752][920]PIE: New page: PIE session: FirstPersonExampleMap (Mar 30, 2016, 1:50:36 PM)
[2016.03.30-21.50.36:752][920]LogPlayLevel: Creating play world package: /Game/FirstPersonBP/Maps/UEDPIE_0_FirstPersonExampleMap
[2016.03.30-21.50.36:810][920]LogPlayLevel: PIE: StaticDuplicateObject took: (0.057245s)
[2016.03.30-21.50.36:811][920]LogAIModule: Creating AISystem for world FirstPersonExampleMap
[2016.03.30-21.50.36:811][920]LogPlayLevel: PIE: World Init took: (0.001277s)
[2016.03.30-21.50.36:811][920]LogPlayLevel: PIE: Created PIE world by copying editor world from /Game/FirstPersonBP/Maps/FirstPersonExampleMap.FirstPersonExampleMap to /Game/FirstPersonBP/Maps/UEDPIE_0_FirstPersonExampleMap.FirstPersonExampleMap (0.058868s)
[2016.03.30-21.50.36:847][920]LogInit: XAudio2 using 'Speakers (VIA HD Audio)' : 2 channels at 48 kHz using 32 bits per sample (channel mask 0x3)
[2016.03.30-21.50.36:852][920]LogInit: FAudioDevice initialized.
[2016.03.30-21.50.36:915][920]LogLinker:Warning: Asset '../../../../../../Users/Bradley/Desktop/Targets/Targets/Content/FirstPersonBP/Blueprints/FirstPersonHUD.uasset' has been saved with empty engine version. The asset will be loaded but may be incompatible.
[2016.03.30-21.50.36:947][920]LogWorld: Game class is 'FirstPersonGameMode_C'
[2016.03.30-21.50.36:977][920]LogWorld: Bringing World /Game/FirstPersonBP/Maps/UEDPIE_0_FirstPersonExampleMap.FirstPersonExampleMap up for play (max tick rate 0) at 2016.03.30-17.50.36
[2016.03.30-21.50.36:977][920]LogActor:Warning: GameSession /Game/FirstPersonBP/Maps/UEDPIE_0_FirstPersonExampleMap.FirstPersonExampleMap:PersistentLevel.GameSession_0 has natively added scene component(s), but none of them were set as the actor's RootComponent - picking one arbitrarily
[2016.03.30-21.50.36:978][920]LogActor:Warning: GameNetworkManager /Game/FirstPersonBP/Maps/UEDPIE_0_FirstPersonExampleMap.FirstPersonExampleMap:PersistentLevel.GameNetworkManager_0 has natively added scene component(s), but none of them were set as the actor's RootComponent - picking one arbitrarily
[2016.03.30-21.50.36:980][920]LogWorld: Bringing up level for play took: 0.030919
[2016.03.30-21.50.36:985][920]PIE: Info Play in editor start time for /Game/FirstPersonBP/Maps/UEDPIE_0_FirstPersonExampleMap -0.054
[2016.03.30-21.50.36:985][920]LogBlueprintUserMessages: Late PlayInEditor Detection: Level '/Game/FirstPersonBP/Maps/FirstPersonExampleMap.FirstPersonExampleMap:PersistentLevel' has LevelScriptBlueprint '/Game/FirstPersonBP/Maps/FirstPersonExampleMap.FirstPersonExampleMap:PersistentLevel.FirstPersonExampleMap' with GeneratedClass '/Game/FirstPersonBP/Maps/FirstPersonExampleMap.FirstPersonExampleMap_C' with ClassGeneratedBy '/Game/FirstPersonBP/Maps/FirstPersonExampleMap.FirstPersonExampleMap:PersistentLevel.FirstPersonExampleMap'
[2016.03.30-21.50.41:985][514]LogBlueprintUserMessages: Early EndPlayMap Detection: Level '/Game/FirstPersonBP/Maps/FirstPersonExampleMap.FirstPersonExampleMap:PersistentLevel' has LevelScriptBlueprint '/Game/FirstPersonBP/Maps/FirstPersonExampleMap.FirstPersonExampleMap:PersistentLevel.FirstPersonExampleMap' with GeneratedClass '/Game/FirstPersonBP/Maps/FirstPersonExampleMap.FirstPersonExampleMap_C' with ClassGeneratedBy '/Game/FirstPersonBP/Maps/FirstPersonExampleMap.FirstPersonExampleMap:PersistentLevel.FirstPersonExampleMap'
[2016.03.30-21.50.42:054][514]LogBlueprintUserMessages: Late EndPlayMap Detection: Level '/Game/FirstPersonBP/Maps/FirstPersonExampleMap.FirstPersonExampleMap:PersistentLevel' has LevelScriptBlueprint '/Game/FirstPersonBP/Maps/FirstPersonExampleMap.FirstPersonExampleMap:PersistentLevel.FirstPersonExampleMap' with GeneratedClass '/Game/FirstPersonBP/Maps/FirstPersonExampleMap.FirstPersonExampleMap_C' with ClassGeneratedBy '/Game/FirstPersonBP/Maps/FirstPersonExampleMap.FirstPersonExampleMap:PersistentLevel.FirstPersonExampleMap'
[2016.03.30-21.50.42:070][514]LogParticles: Destroying 0 GPU particle simulations for FXSystem 0x000000DEC5FC99E0
[2016.03.30-21.50.47:343][965]LogEditorViewport: Clicking on Actor (LMB): StaticMeshActor (Floor)
[2016.03.30-21.50.47:841][  3]LogEditorViewport: Clicking on Actor (LMB): StaticMeshActor (Floor)
[2016.03.30-21.50.49:314][115]Cmd: EDCALLBACK SURFPROPS
[2016.03.30-21.50.52:924][430]LogEditorViewport: Clicking on Actor (LMB): StaticMeshActor (SM_DoorFrame)
[2016.03.30-21.50.53:250][456]LogEditorViewport: Clicking on Actor (LMB): StaticMeshActor (SM_DoorFrame)
[2016.03.30-21.50.54:002][530]LogEditorViewport: Clicking on Actor (LMB): StaticMeshActor (Floor)
[2016.03.30-21.50.54:921][616]LogEditorViewport: Clicking on Actor (LMB): StaticMeshActor (Floor)
[2016.03.30-21.50.55:184][638]LogEditorViewport: Clicking on Component (LMB): StaticMeshComponent (StaticMeshComponent0)
[2016.03.30-21.50.55:996][715]LogEditorViewport: Clicking on Component (LMB): StaticMeshComponent (StaticMeshComponent0)
[2016.03.30-21.51.00:163][ 99]LogEditorViewport: Clicking on Actor (LMB): Brush (Box Brush5)
[2016.03.30-21.51.00:535][128]Cmd: EDCALLBACK SURFPROPS
[2016.03.30-21.51.35:911][470]LogEditorViewport: Clicking on Actor (LMB): StaticMeshActor (SM_DoorFrame)
[2016.03.30-21.51.36:750][551]LogEditorViewport: Clicking on Actor (LMB): StaticMeshActor (SM_DoorFrame)
[2016.03.30-21.51.37:073][581]LogEditorViewport: Clicking on Actor (LMB): StaticMeshActor (Floor)
[2016.03.30-21.51.37:629][633]LogEditorViewport: Clicking on Actor (LMB): StaticMeshActor (Floor)
[2016.03.30-21.52.32:915][867]LogUnrealMath: Expression Error : No value recognized
[2016.03.30-21.52.32:915][867]LogUnrealMath: Expression Error : Error in expression
[2016.03.30-21.52.34:541][ 29]Cmd: EDIT COPY
[2016.03.30-21.52.38:823][451]Cmd: EDIT PASTE
[2016.03.30-21.53.13:488][641]Cmd: DELETE
[2016.03.30-21.53.13:488][641]Cmd: ACTOR DELETE
[2016.03.30-21.53.13:489][641]LogEditorActor: Deleted Actor: Brush
[2016.03.30-21.53.13:578][641]LogEditorActor: Deleted 1 Actors (0.090 secs)
[2016.03.30-21.54.06:720][815]LogActorFactory: Actor Factory created SM_DoorFrame
[2016.03.30-21.54.09:533][ 91]LogActorFactory: Actor Factory created SM_DoorFrame
[2016.03.30-21.54.12:163][329]LogEditorViewport: Clicking on Actor (LMB): StaticMeshActor (SM_DoorFrame2)
[2016.03.30-21.54.12:635][374]LogEditorViewport: Clicking on Actor (LMB): StaticMeshActor (SM_DoorFrame2)
[2016.03.30-21.54.19:121][958]LogEditorViewport: Clicking on Actor (LMB): StaticMeshActor (SM_DoorFrame2)
[2016.03.30-21.54.32:371][241]Cmd: TRANSACTION UNDO
[2016.03.30-21.54.32:371][241]LogEditorTransaction: Undo Move Actors
[2016.03.30-21.54.32:409][241]LogActorComponent: ~FComponentReregisterContext: (/Game/FirstPersonBP/Maps/FirstPersonExampleMap.FirstPersonExampleMap:PersistentLevel.BoxBrush35.BrushComponent0) Component already registered.
[2016.03.30-21.54.32:411][241]LogActorComponent: ~FComponentReregisterContext: (/Game/FirstPersonBP/Maps/FirstPersonExampleMap.FirstPersonExampleMap:PersistentLevel.BoxBrush54.BrushComponent0) Component already registered.
[2016.03.30-21.54.32:412][241]LogActorComponent: ~FComponentReregisterContext: (/Game/FirstPersonBP/Maps/FirstPersonExampleMap.FirstPersonExampleMap:PersistentLevel.BoxBrush11.BrushComponent0) Component already registered.
[2016.03.30-21.54.32:420][241]LogActorComponent: ~FComponentReregisterContext: (/Game/FirstPersonBP/Maps/FirstPersonExampleMap.FirstPersonExampleMap:PersistentLevel.BoxBrush93.BrushComponent0) Component already registered.
[2016.03.30-21.54.32:423][241]LogActorComponent: ~FComponentReregisterContext: (/Game/FirstPersonBP/Maps/FirstPersonExampleMap.FirstPersonExampleMap:PersistentLevel.LinearStairBrush8.BrushComponent0) Component already registered.
[2016.03.30-21.55.43:991][151]LogEditorViewport: Clicking on Actor (LMB): StaticMeshActor (SM_DoorFrame)
[2016.03.30-21.58.37:110][366]LogTexture:Display: Building textures: T_Decos_Door_Frame_D (AutoDXT)
[2016.03.30-21.58.41:656][366]LogTexture:Display: Building textures: T_Decos_Door_Frame_D_NRM (BC5)
[2016.03.30-21.58.42:235][366]LogStaticMesh: Building static mesh SM_Exo_Decos_Door_Frame01...
[2016.03.30-21.58.42:256][366]LogStaticMesh: Built static mesh [0.021423.2s] /Game/InfinityBladeGrassLands/Environments/Misc/Exo_Deco02/StaticMesh/SM_Exo_Decos_Door_Frame01.SM_Exo_Decos_Door_Frame01
[2016.03.30-21.58.42:263][366]LogMaterial: Missing cached shader map for material M_Decos_Door_Frame, compiling. 
[2016.03.30-21.59.13:645][461]LogActorFactory: Actor Factory created SM_Exo_Decos_Door_Frame01
[2016.03.30-21.59.14:477][515]LogActorFactory: Actor Factory created SM_Exo_Decos_Door_Frame01
[2016.03.30-21.59.15:625][620]LogEditorViewport: Clicking on Actor (LMB): StaticMeshActor (SM_Exo_Decos_Door_Frame01)
[2016.03.30-21.59.16:139][668]Cmd: DELETE
[2016.03.30-21.59.16:139][668]Cmd: ACTOR DELETE
[2016.03.30-21.59.16:141][668]LogEditorActor: Deleted Actor: StaticMeshActor
[2016.03.30-21.59.16:179][668]LogEditorActor: Deleted 1 Actors (0.040 secs)
[2016.03.30-22.00.15:780][924]LogSavePackage: Save=662.929382ms
[2016.03.30-22.00.15:780][924]LogSavePackage: Moving '../../../../../../Users/Bradley/Desktop/Targets/Targets/Saved/FirstPersonExampleMap_Auto1A106C85440A5820CB8C33EA62B15BB80.tmp' to '../../../../../../Users/Bradley/Desktop/Targets/Targets/Saved/Autosaves/Game/FirstPersonBP/Maps/FirstPersonExampleMap_Auto1.umap'
[2016.03.30-22.00.15:781][924]LogSavePackage: Total save time: 683.042020ms
[2016.03.30-22.00.15:781][924]LogSavePackage:Display: Finished SavePackage ../../../../../../Users/Bradley/Desktop/Targets/Targets/Saved/Autosaves/Game/FirstPersonBP/Maps/FirstPersonExampleMap_Auto1.umap
[2016.03.30-22.00.15:785][924]LogFileHelpers: Editor autosave (incl. sublevels) for '/Game/FirstPersonBP/Maps/FirstPersonExampleMap' took 0.718
[2016.03.30-22.00.15:785][924]LogFileHelpers: Editor autosave (incl. sublevels) for all levels took 0.718
[2016.03.30-22.01.58:389][846]LogEditorViewport: Clicking on Actor (LMB): PostProcessVolume (PostProcessVolume)
[2016.03.30-22.02.38:577][141]LogEditorViewport: Clicking on Actor (LMB): StaticMeshActor (Floor)
[2016.03.30-22.03.05:235][792]LogMaterial: Missing cached shader map for material M_CobbleStone_Rough, compiling. 
[2016.03.30-22.03.05:360][792]LogMaterial: Missing cached shader map for material M_CobbleStone_Rough, compiling. 
[2016.03.30-22.03.05:367][792]LogMaterial: 0.000074 seconds spent updating 1 materials, 1 interfaces, 0 instances, 0 with static permutations.
[2016.03.30-22.03.05:393][792]LogMaterial: Missing cached shader map for material FMatExpressionPreview MaterialExpressionTextureSample_19, compiling. 
[2016.03.30-22.03.05:397][792]LogMaterial: Missing cached shader map for material FMatExpressionPreview MaterialExpressionTextureSampleParameter2D_39, compiling. 
[2016.03.30-22.03.05:402][792]LogMaterial: Missing cached shader map for material FMatExpressionPreview MaterialExpressionBumpOffset_13, compiling. 
[2016.03.30-22.03.05:406][792]LogMaterial: Missing cached shader map for material FMatExpressionPreview MaterialExpressionTextureSampleParameter2D_41, compiling. 
[2016.03.30-22.03.05:410][792]LogMaterial: Missing cached shader map for material FMatExpressionPreview MaterialExpressionTextureSampleParameter2D_42, compiling. 
[2016.03.30-22.03.05:414][792]LogMaterial: Missing cached shader map for material FMatExpressionPreview MaterialExpressionBumpOffset_14, compiling. 
[2016.03.30-22.03.05:417][792]LogMaterial: Missing cached shader map for material FMatExpressionPreview MaterialExpressionTextureSampleParameter2D_43, compiling. 
[2016.03.30-22.03.05:421][792]LogMaterial: Missing cached shader map for material FMatExpressionPreview MaterialExpressionBumpOffset_15, compiling. 
[2016.03.30-22.03.05:424][792]LogMaterial: Missing cached shader map for material FMatExpressionPreview MaterialExpressionTextureSampleParameter2D_45, compiling. 
[2016.03.30-22.03.05:428][792]LogMaterial: Missing cached shader map for material FMatExpressionPreview MaterialExpressionTextureSampleParameter2D_47, compiling. 
[2016.03.30-22.03.05:432][792]LogMaterial: Missing cached shader map for material FMatExpressionPreview MaterialExpressionBumpOffset_16, compiling. 
[2016.03.30-22.03.05:436][792]LogMaterial: Missing cached shader map for material FMatExpressionPreview MaterialExpressionTextureSampleParameter2D_48, compiling. 
[2016.03.30-22.03.05:440][792]LogMaterial: Missing cached shader map for material FMatExpressionPreview MaterialExpressionTextureSampleParameter2D_50, compiling. 
[2016.03.30-22.03.05:444][792]LogMaterial: Missing cached shader map for material FMatExpressionPreview MaterialExpressionBumpOffset_17, compiling. 
[2016.03.30-22.03.05:447][792]LogMaterial: Missing cached shader map for material FMatExpressionPreview MaterialExpressionTextureSampleParameter2D_51, compiling. 
[2016.03.30-22.03.05:451][792]LogMaterial: Missing cached shader map for material FMatExpressionPreview MaterialExpressionTextureSampleParameter2D_53, compiling. 
[2016.03.30-22.03.05:455][792]LogMaterial: Missing cached shader map for material FMatExpressionPreview MaterialExpressionBumpOffset_18, compiling. 
[2016.03.30-22.03.05:458][792]LogMaterial: Missing cached shader map for material FMatExpressionPreview MaterialExpressionTextureSampleParameter2D_54, compiling. 
[2016.03.30-22.03.05:462][792]LogMaterial: Missing cached shader map for material FMatExpressionPreview MaterialExpressionTextureSampleParameter2D_56, compiling. 
[2016.03.30-22.03.05:465][792]LogMaterial: Missing cached shader map for material FMatExpressionPreview MaterialExpressionTextureSampleParameter2D_57, compiling. 
[2016.03.30-22.03.05:468][792]LogMaterial: Missing cached shader map for material FMatExpressionPreview MaterialExpressionBumpOffset_19, compiling. 
[2016.03.30-22.03.05:471][792]LogMaterial: Missing cached shader map for material FMatExpressionPreview MaterialExpressionTextureSampleParameter2D_59, compiling. 
[2016.03.30-22.03.05:474][792]LogMaterial: Missing cached shader map for material FMatExpressionPreview MaterialExpressionBumpOffset_20, compiling. 
[2016.03.30-22.03.05:477][792]LogMaterial: Missing cached shader map for material FMatExpressionPreview MaterialExpressionTextureSampleParameter2D_60, compiling. 
[2016.03.30-22.03.05:480][792]LogMaterial: Missing cached shader map for material FMatExpressionPreview MaterialExpressionTextureSampleParameter2D_62, compiling. 
[2016.03.30-22.03.05:482][792]LogMaterial: Missing cached shader map for material FMatExpressionPreview MaterialExpressionBumpOffset_21, compiling. 
[2016.03.30-22.03.05:485][792]LogMaterial: Missing cached shader map for material FMatExpressionPreview MaterialExpressionTextureSampleParameter2D_63, compiling. 
[2016.03.30-22.03.05:488][792]LogMaterial: Missing cached shader map for material FMatExpressionPreview MaterialExpressionTextureSampleParameter2D_65, compiling. 
[2016.03.30-22.03.05:491][792]LogMaterial: Missing cached shader map for material FMatExpressionPreview MaterialExpressionTextureSampleParameter2D_66, compiling. 
[2016.03.30-22.03.05:493][792]LogMaterial: Missing cached shader map for material FMatExpressionPreview MaterialExpressionBumpOffset_22, compiling. 
[2016.03.30-22.03.05:496][792]LogMaterial: Missing cached shader map for material FMatExpressionPreview MaterialExpressionTextureSampleParameter2D_67, compiling. 
[2016.03.30-22.03.05:499][792]LogMaterial: Missing cached shader map for material FMatExpressionPreview MaterialExpressionBumpOffset_23, compiling. 
[2016.03.30-22.03.05:502][792]LogMaterial: Missing cached shader map for material FMatExpressionPreview MaterialExpressionTextureSampleParameter2D_69, compiling. 
[2016.03.30-22.03.05:504][792]LogMaterial: Missing cached shader map for material FMatExpressionPreview MaterialExpressionTextureSample_31, compiling. 
[2016.03.30-22.03.05:507][792]LogMaterial: Missing cached shader map for material FMatExpressionPreview MaterialExpressionTextureSampleParameter2D_72, compiling. 
[2016.03.30-22.03.05:510][792]LogMaterial: Missing cached shader map for material FMatExpressionPreview MaterialExpressionTextureSampleParameter2D_73, compiling. 
[2016.03.30-22.03.05:513][792]LogMaterial: Missing cached shader map for material FMatExpressionPreview MaterialExpressionBumpOffset_25, compiling. 
[2016.03.30-22.03.05:516][792]LogMaterial: Missing cached shader map for material FMatExpressionPreview MaterialExpressionTextureSampleParameter2D_0, compiling. 
[2016.03.30-22.03.05:518][792]LogMaterial: Missing cached shader map for material FMatExpressionPreview MaterialExpressionTextureSampleParameter2D_2, compiling. 
[2016.03.30-22.03.05:521][792]LogMaterial: Missing cached shader map for material FMatExpressionPreview MaterialExpressionTextureSampleParameter2D_4, compiling. 
[2016.03.30-22.03.05:524][792]LogMaterial: Missing cached shader map for material FMatExpressionPreview MaterialExpressionTextureSampleParameter2D_6, compiling. 
[2016.03.30-22.03.05:527][792]LogMaterial: Missing cached shader map for material FMatExpressionPreview MaterialExpressionTextureSampleParameter2D_8, compiling. 
[2016.03.30-22.03.05:531][792]LogMaterial: Missing cached shader map for material FMatExpressionPreview MaterialExpressionTextureSampleParameter2D_10, compiling. 
[2016.03.30-22.03.05:535][792]LogMaterial: Missing cached shader map for material FMatExpressionPreview MaterialExpressionTextureSampleParameter2D_12, compiling. 
[2016.03.30-22.03.05:540][792]LogMaterial: Missing cached shader map for material FMatExpressionPreview MaterialExpressionTextureSampleParameter2D_14, compiling. 
[2016.03.30-22.03.05:543][792]LogMaterial: Missing cached shader map for material FMatExpressionPreview MaterialExpressionTextureSampleParameter2D_16, compiling. 
[2016.03.30-22.03.05:545][792]LogMaterial: Missing cached shader map for material FMatExpressionPreview MaterialExpressionTextureSampleParameter2D_18, compiling. 
[2016.03.30-22.03.05:549][792]LogMaterial: Missing cached shader map for material FMatExpressionPreview MaterialExpressionTextureSampleParameter2D_20, compiling. 
[2016.03.30-22.03.05:553][792]LogMaterial: Missing cached shader map for material FMatExpressionPreview MaterialExpressionTextureSampleParameter2D_22, compiling. 
[2016.03.30-22.03.07:661][874]MaterialEditorStats: Info Base pass shader with static lighting: 260 instructions
[2016.03.30-22.03.07:661][874]MaterialEditorStats: Info Base pass shader with only dynamic lighting: 229 instructions
[2016.03.30-22.03.07:661][874]MaterialEditorStats: Info Vertex shader: 33 instructions
[2016.03.30-22.03.07:661][874]MaterialEditorStats: Info Texture samplers: 6/16
[2016.03.30-22.03.34:477][447]LogEditorViewport: Clicking on Actor (LMB): StaticMeshActor (Floor)
[2016.03.30-22.03.53:704][336]LogEditorViewport: Clicking on Actor (LMB): Landscape (Landscape)
[2016.03.30-22.03.55:732][548]LogEditorViewport: Clicking on Actor (LMB): Landscape (Landscape)
[2016.03.30-22.04.06:113][577]LogEditorViewport: Clicking on Actor (LMB): Landscape (Landscape)
[2016.03.30-22.04.06:215][584]LogEditorViewport: Clicking on Actor (double click): Landscape (Landscape)
[2016.03.30-22.04.10:182][943]LogMaterial: Missing cached shader map for material M_Grass01, compiling. 
[2016.03.30-22.04.10:201][943]LogMaterial: 0.002510 seconds spent updating 1 materials, 1 interfaces, 65 instances, 0 with static permutations.
[2016.03.30-22.04.10:202][943]LogMaterial:Warning: Material /Game/InfinityBladeGrassLands/Environments/Plains/Env_Plains_Terrain/Materials/M_Grass01.M_Grass01 needed to have new flag set bUsedWithLandscape !
[2016.03.30-22.04.10:217][943]LogMaterial: Missing cached shader map for material M_Grass01, compiling. 
[2016.03.30-22.04.10:238][943]LogMaterial: 0.000080 seconds spent updating 1 materials, 1 interfaces, 0 instances, 0 with static permutations.
[2016.03.30-22.04.10:238][943]LogMaterial:Warning: Material /Game/InfinityBladeGrassLands/Environments/Plains/Env_Plains_Terrain/Materials/M_Grass01.M_Grass01 needed to have new flag set bUsedWithStaticLighting !
[2016.03.30-22.04.10:241][943]LogMaterial: Missing cached shader map for material M_Grass01, compiling. 
[2016.03.30-22.04.10:265][943]LogMaterial: 0.000069 seconds spent updating 1 materials, 1 interfaces, 0 instances, 0 with static permutations.
[2016.03.30-22.04.10:266][943]LogMaterial: 0.000224 seconds spent updating 1 materials, 1 interfaces, 1 instances, 0 with static permutations.
[2016.03.30-22.04.10:267][943]LogMaterial: 0.000134 seconds spent updating 1 materials, 1 interfaces, 1 instances, 0 with static permutations.
[2016.03.30-22.04.10:267][943]LogMaterial: 0.000133 seconds spent updating 1 materials, 1 interfaces, 1 instances, 0 with static permutations.
[2016.03.30-22.04.10:268][943]LogMaterial: 0.000130 seconds spent updating 1 materials, 1 interfaces, 1 instances, 0 with static permutations.
[2016.03.30-22.04.10:269][943]LogMaterial: 0.000141 seconds spent updating 1 materials, 1 interfaces, 1 instances, 0 with static permutations.
[2016.03.30-22.04.10:269][943]LogMaterial: 0.000108 seconds spent updating 1 materials, 1 interfaces, 1 instances, 0 with static permutations.
[2016.03.30-22.04.10:270][943]LogMaterial: 0.000151 seconds spent updating 1 materials, 1 interfaces, 1 instances, 0 with static permutations.
[2016.03.30-22.04.10:270][943]LogMaterial: 0.000120 seconds spent updating 1 materials, 1 interfaces, 1 instances, 0 with static permutations.
[2016.03.30-22.04.10:271][943]LogMaterial: 0.000144 seconds spent updating 1 materials, 1 interfaces, 1 instances, 0 with static permutations.
[2016.03.30-22.04.10:272][943]LogMaterial: 0.000126 seconds spent updating 1 materials, 1 interfaces, 1 instances, 0 with static permutations.
[2016.03.30-22.04.10:272][943]LogMaterial: 0.000106 seconds spent updating 1 materials, 1 interfaces, 1 instances, 0 with static permutations.
[2016.03.30-22.04.10:273][943]LogMaterial: 0.000138 seconds spent updating 1 materials, 1 interfaces, 1 instances, 0 with static permutations.
[2016.03.30-22.04.10:274][943]LogMaterial: 0.000136 seconds spent updating 1 materials, 1 interfaces, 1 instances, 0 with static permutations.
[2016.03.30-22.04.10:274][943]LogMaterial: 0.000130 seconds spent updating 1 materials, 1 interfaces, 1 instances, 0 with static permutations.
[2016.03.30-22.04.10:275][943]LogMaterial: 0.000096 seconds spent updating 1 materials, 1 interfaces, 1 instances, 0 with static permutations.
[2016.03.30-22.04.10:276][943]LogMaterial: 0.000099 seconds spent updating 1 materials, 1 interfaces, 1 instances, 0 with static permutations.
[2016.03.30-22.04.10:276][943]LogMaterial: 0.000095 seconds spent updating 1 materials, 1 interfaces, 1 instances, 0 with static permutations.
[2016.03.30-22.04.10:277][943]LogMaterial: 0.000094 seconds spent updating 1 materials, 1 interfaces, 1 instances, 0 with static permutations.
[2016.03.30-22.04.10:278][943]LogMaterial: 0.000096 seconds spent updating 1 materials, 1 interfaces, 1 instances, 0 with static permutations.
[2016.03.30-22.04.10:278][943]LogMaterial: 0.000098 seconds spent updating 1 materials, 1 interfaces, 1 instances, 0 with static permutations.
[2016.03.30-22.04.10:279][943]LogMaterial: 0.000094 seconds spent updating 1 materials, 1 interfaces, 1 instances, 0 with static permutations.
[2016.03.30-22.04.10:279][943]LogMaterial: 0.000095 seconds spent updating 1 materials, 1 interfaces, 1 instances, 0 with static permutations.
[2016.03.30-22.04.10:280][943]LogMaterial: 0.000098 seconds spent updating 1 materials, 1 interfaces, 1 instances, 0 with static permutations.
[2016.03.30-22.04.10:281][943]LogMaterial: 0.000096 seconds spent updating 1 materials, 1 interfaces, 1 instances, 0 with static permutations.
[2016.03.30-22.04.10:281][943]LogMaterial: 0.000086 seconds spent updating 1 materials, 1 interfaces, 1 instances, 0 with static permutations.
[2016.03.30-22.04.10:282][943]LogMaterial: 0.000090 seconds spent updating 1 materials, 1 interfaces, 1 instances, 0 with static permutations.
[2016.03.30-22.04.10:282][943]LogMaterial: 0.000089 seconds spent updating 1 materials, 1 interfaces, 1 instances, 0 with static permutations.
[2016.03.30-22.04.10:283][943]LogMaterial: 0.000100 seconds spent updating 1 materials, 1 interfaces, 1 instances, 0 with static permutations.
[2016.03.30-22.04.10:284][943]LogMaterial: 0.000146 seconds spent updating 1 materials, 1 interfaces, 1 instances, 0 with static permutations.
[2016.03.30-22.04.10:284][943]LogMaterial: 0.000089 seconds spent updating 1 materials, 1 interfaces, 1 instances, 0 with static permutations.
[2016.03.30-22.04.10:285][943]LogMaterial: 0.000090 seconds spent updating 1 materials, 1 interfaces, 1 instances, 0 with static permutations.
[2016.03.30-22.04.10:286][943]LogMaterial: 0.000098 seconds spent updating 1 materials, 1 interfaces, 1 instances, 0 with static permutations.
[2016.03.30-22.04.10:286][943]LogMaterial: 0.000086 seconds spent updating 1 materials, 1 interfaces, 1 instances, 0 with static permutations.
[2016.03.30-22.04.10:287][943]LogMaterial: 0.000109 seconds spent updating 1 materials, 1 interfaces, 1 instances, 0 with static permutations.
[2016.03.30-22.04.10:288][943]LogMaterial: 0.000098 seconds spent updating 1 materials, 1 interfaces, 1 instances, 0 with static permutations.
[2016.03.30-22.04.10:288][943]LogMaterial: 0.000097 seconds spent updating 1 materials, 1 interfaces, 1 instances, 0 with static permutations.
[2016.03.30-22.04.10:289][943]LogMaterial: 0.000096 seconds spent updating 1 materials, 1 interfaces, 1 instances, 0 with static permutations.
[2016.03.30-22.04.10:290][943]LogMaterial: 0.000095 seconds spent updating 1 materials, 1 interfaces, 1 instances, 0 with static permutations.
[2016.03.30-22.04.10:291][943]LogMaterial: 0.000103 seconds spent updating 1 materials, 1 interfaces, 1 instances, 0 with static permutations.
[2016.03.30-22.04.10:292][943]LogMaterial: 0.000113 seconds spent updating 1 materials, 1 interfaces, 1 instances, 0 with static permutations.
[2016.03.30-22.04.10:292][943]LogMaterial: 0.000101 seconds spent updating 1 materials, 1 interfaces, 1 instances, 0 with static permutations.
[2016.03.30-22.04.10:293][943]LogMaterial: 0.000099 seconds spent updating 1 materials, 1 interfaces, 1 instances, 0 with static permutations.
[2016.03.30-22.04.10:294][943]LogMaterial: 0.000097 seconds spent updating 1 materials, 1 interfaces, 1 instances, 0 with static permutations.
[2016.03.30-22.04.10:295][943]LogMaterial: 0.000092 seconds spent updating 1 materials, 1 interfaces, 1 instances, 0 with static permutations.
[2016.03.30-22.04.10:295][943]LogMaterial: 0.000089 seconds spent updating 1 materials, 1 interfaces, 1 instances, 0 with static permutations.
[2016.03.30-22.04.10:296][943]LogMaterial: 0.000099 seconds spent updating 1 materials, 1 interfaces, 1 instances, 0 with static permutations.
[2016.03.30-22.04.10:297][943]LogMaterial: 0.000093 seconds spent updating 1 materials, 1 interfaces, 1 instances, 0 with static permutations.
[2016.03.30-22.04.10:298][943]LogMaterial: 0.000091 seconds spent updating 1 materials, 1 interfaces, 1 instances, 0 with static permutations.
[2016.03.30-22.04.10:298][943]LogMaterial: 0.000098 seconds spent updating 1 materials, 1 interfaces, 1 instances, 0 with static permutations.
[2016.03.30-22.04.10:299][943]LogMaterial: 0.000096 seconds spent updating 1 materials, 1 interfaces, 1 instances, 0 with static permutations.
[2016.03.30-22.04.10:300][943]LogMaterial: 0.000089 seconds spent updating 1 materials, 1 interfaces, 1 instances, 0 with static permutations.
[2016.03.30-22.04.10:301][943]LogMaterial: 0.000218 seconds spent updating 1 materials, 1 interfaces, 1 instances, 0 with static permutations.
[2016.03.30-22.04.10:302][943]LogMaterial: 0.000090 seconds spent updating 1 materials, 1 interfaces, 1 instances, 0 with static permutations.
[2016.03.30-22.04.10:302][943]LogMaterial: 0.000092 seconds spent updating 1 materials, 1 interfaces, 1 instances, 0 with static permutations.
[2016.03.30-22.04.10:303][943]LogMaterial: 0.000080 seconds spent updating 1 materials, 1 interfaces, 1 instances, 0 with static permutations.
[2016.03.30-22.04.10:304][943]LogMaterial: 0.000081 seconds spent updating 1 materials, 1 interfaces, 1 instances, 0 with static permutations.
[2016.03.30-22.04.10:305][943]LogMaterial: 0.000081 seconds spent updating 1 materials, 1 interfaces, 1 instances, 0 with static permutations.
[2016.03.30-22.04.10:305][943]LogMaterial: 0.000086 seconds spent updating 1 materials, 1 interfaces, 1 instances, 0 with static permutations.
[2016.03.30-22.04.10:306][943]LogMaterial: 0.000094 seconds spent updating 1 materials, 1 interfaces, 1 instances, 0 with static permutations.
[2016.03.30-22.04.10:307][943]LogMaterial: 0.000166 seconds spent updating 1 materials, 1 interfaces, 1 instances, 0 with static permutations.
[2016.03.30-22.04.10:308][943]LogMaterial: 0.000082 seconds spent updating 1 materials, 1 interfaces, 1 instances, 0 with static permutations.
[2016.03.30-22.04.10:309][943]LogMaterial: 0.000094 seconds spent updating 1 materials, 1 interfaces, 1 instances, 0 with static permutations.
[2016.03.30-22.04.10:310][943]LogMaterial: 0.000080 seconds spent updating 1 materials, 1 interfaces, 1 instances, 0 with static permutations.
[2016.03.30-22.04.10:310][943]LogMaterial: 0.000082 seconds spent updating 1 materials, 1 interfaces, 1 instances, 0 with static permutations.
[2016.03.30-22.04.10:333][944]Cmd: UpdateLandscapeEditorData
[2016.03.30-22.04.10:333][944]Cmd: UpdateLandscapeMIC
[2016.03.30-22.04.10:345][944]LogMaterial: 0.000290 seconds spent updating 1 materials, 1 interfaces, 1 instances, 0 with static permutations.
[2016.03.30-22.04.10:347][944]LogMaterial: 0.000137 seconds spent updating 1 materials, 1 interfaces, 1 instances, 0 with static permutations.
[2016.03.30-22.04.10:349][944]LogMaterial: 0.000116 seconds spent updating 1 materials, 1 interfaces, 1 instances, 0 with static permutations.
[2016.03.30-22.04.10:350][944]LogMaterial: 0.000098 seconds spent updating 1 materials, 1 interfaces, 1 instances, 0 with static permutations.
[2016.03.30-22.04.10:351][944]LogMaterial: 0.000118 seconds spent updating 1 materials, 1 interfaces, 1 instances, 0 with static permutations.
[2016.03.30-22.04.10:352][944]LogMaterial: 0.000098 seconds spent updating 1 materials, 1 interfaces, 1 instances, 0 with static permutations.
[2016.03.30-22.04.10:353][944]LogMaterial: 0.000099 seconds spent updating 1 materials, 1 interfaces, 1 instances, 0 with static permutations.
[2016.03.30-22.04.10:354][944]LogMaterial: 0.000100 seconds spent updating 1 materials, 1 interfaces, 1 instances, 0 with static permutations.
[2016.03.30-22.04.10:355][944]LogMaterial: 0.000124 seconds spent updating 1 materials, 1 interfaces, 1 instances, 0 with static permutations.
[2016.03.30-22.04.10:357][944]LogMaterial: 0.000130 seconds spent updating 1 materials, 1 interfaces, 1 instances, 0 with static permutations.
[2016.03.30-22.04.10:358][944]LogMaterial: 0.000106 seconds spent updating 1 materials, 1 interfaces, 1 instances, 0 with static permutations.
[2016.03.30-22.04.10:359][944]LogMaterial: 0.000098 seconds spent updating 1 materials, 1 interfaces, 1 instances, 0 with static permutations.
[2016.03.30-22.04.10:360][944]LogMaterial: 0.000097 seconds spent updating 1 materials, 1 interfaces, 1 instances, 0 with static permutations.
[2016.03.30-22.04.10:361][944]LogMaterial: 0.000116 seconds spent updating 1 materials, 1 interfaces, 1 instances, 0 with static permutations.
[2016.03.30-22.04.10:362][944]LogMaterial: 0.000097 seconds spent updating 1 materials, 1 interfaces, 1 instances, 0 with static permutations.
[2016.03.30-22.04.10:363][944]LogMaterial: 0.000098 seconds spent updating 1 materials, 1 interfaces, 1 instances, 0 with static permutations.
[2016.03.30-22.04.10:364][944]LogMaterial: 0.000095 seconds spent updating 1 materials, 1 interfaces, 1 instances, 0 with static permutations.
[2016.03.30-22.04.10:365][944]LogMaterial: 0.000106 seconds spent updating 1 materials, 1 interfaces, 1 instances, 0 with static permutations.
[2016.03.30-22.04.10:365][944]LogMaterial: 0.000098 seconds spent updating 1 materials, 1 interfaces, 1 instances, 0 with static permutations.
[2016.03.30-22.04.10:367][944]LogMaterial: 0.000111 seconds spent updating 1 materials, 1 interfaces, 1 instances, 0 with static permutations.
[2016.03.30-22.04.10:368][944]LogMaterial: 0.000108 seconds spent updating 1 materials, 1 interfaces, 1 instances, 0 with static permutations.
[2016.03.30-22.04.10:369][944]LogMaterial: 0.000107 seconds spent updating 1 materials, 1 interfaces, 1 instances, 0 with static permutations.
[2016.03.30-22.04.10:371][944]LogMaterial: 0.000113 seconds spent updating 1 materials, 1 interfaces, 1 instances, 0 with static permutations.
[2016.03.30-22.04.10:372][944]LogMaterial: 0.000100 seconds spent updating 1 materials, 1 interfaces, 1 instances, 0 with static permutations.
[2016.03.30-22.04.10:373][944]LogMaterial: 0.000099 seconds spent updating 1 materials, 1 interfaces, 1 instances, 0 with static permutations.
[2016.03.30-22.04.10:374][944]LogMaterial: 0.000098 seconds spent updating 1 materials, 1 interfaces, 1 instances, 0 with static permutations.
[2016.03.30-22.04.10:375][944]LogMaterial: 0.000097 seconds spent updating 1 materials, 1 interfaces, 1 instances, 0 with static permutations.
[2016.03.30-22.04.10:376][944]LogMaterial: 0.000112 seconds spent updating 1 materials, 1 interfaces, 1 instances, 0 with static permutations.
[2016.03.30-22.04.10:377][944]LogMaterial: 0.000105 seconds spent updating 1 materials, 1 interfaces, 1 instances, 0 with static permutations.
[2016.03.30-22.04.10:378][944]LogMaterial: 0.000103 seconds spent updating 1 materials, 1 interfaces, 1 instances, 0 with static permutations.
[2016.03.30-22.04.10:378][944]LogMaterial: 0.000099 seconds spent updating 1 materials, 1 interfaces, 1 instances, 0 with static permutations.
[2016.03.30-22.04.10:379][944]LogMaterial: 0.000098 seconds spent updating 1 materials, 1 interfaces, 1 instances, 0 with static permutations.
[2016.03.30-22.04.10:380][944]LogMaterial: 0.000096 seconds spent updating 1 materials, 1 interfaces, 1 instances, 0 with static permutations.
[2016.03.30-22.04.10:381][944]LogMaterial: 0.000108 seconds spent updating 1 materials, 1 interfaces, 1 instances, 0 with static permutations.
[2016.03.30-22.04.10:382][944]LogMaterial: 0.000095 seconds spent updating 1 materials, 1 interfaces, 1 instances, 0 with static permutations.
[2016.03.30-22.04.10:383][944]LogMaterial: 0.000100 seconds spent updating 1 materials, 1 interfaces, 1 instances, 0 with static permutations.
[2016.03.30-22.04.10:384][944]LogMaterial: 0.000096 seconds spent updating 1 materials, 1 interfaces, 1 instances, 0 with static permutations.
[2016.03.30-22.04.10:385][944]LogMaterial: 0.000095 seconds spent updating 1 materials, 1 interfaces, 1 instances, 0 with static permutations.
[2016.03.30-22.04.10:386][944]LogMaterial: 0.000137 seconds spent updating 1 materials, 1 interfaces, 1 instances, 0 with static permutations.
[2016.03.30-22.04.10:388][944]LogMaterial: 0.000139 seconds spent updating 1 materials, 1 interfaces, 1 instances, 0 with static permutations.
[2016.03.30-22.04.10:389][944]LogMaterial: 0.000123 seconds spent updating 1 materials, 1 interfaces, 1 instances, 0 with static permutations.
[2016.03.30-22.04.10:390][944]LogMaterial: 0.000123 seconds spent updating 1 materials, 1 interfaces, 1 instances, 0 with static permutations.
[2016.03.30-22.04.10:392][944]LogMaterial: 0.000146 seconds spent updating 1 materials, 1 interfaces, 1 instances, 0 with static permutations.
[2016.03.30-22.04.10:393][944]LogMaterial: 0.000133 seconds spent updating 1 materials, 1 interfaces, 1 instances, 0 with static permutations.
[2016.03.30-22.04.10:395][944]LogMaterial: 0.000100 seconds spent updating 1 materials, 1 interfaces, 1 instances, 0 with static permutations.
[2016.03.30-22.04.10:396][944]LogMaterial: 0.000131 seconds spent updating 1 materials, 1 interfaces, 1 instances, 0 with static permutations.
[2016.03.30-22.04.10:397][944]LogMaterial: 0.000098 seconds spent updating 1 materials, 1 interfaces, 1 instances, 0 with static permutations.
[2016.03.30-22.04.10:398][944]LogMaterial: 0.000136 seconds spent updating 1 materials, 1 interfaces, 1 instances, 0 with static permutations.
[2016.03.30-22.04.10:399][944]LogMaterial: 0.000098 seconds spent updating 1 materials, 1 interfaces, 1 instances, 0 with static permutations.
[2016.03.30-22.04.10:400][944]LogMaterial: 0.000096 seconds spent updating 1 materials, 1 interfaces, 1 instances, 0 with static permutations.
[2016.03.30-22.04.10:401][944]LogMaterial: 0.000095 seconds spent updating 1 materials, 1 interfaces, 1 instances, 0 with static permutations.
[2016.03.30-22.04.10:402][944]LogMaterial: 0.000095 seconds spent updating 1 materials, 1 interfaces, 1 instances, 0 with static permutations.
[2016.03.30-22.04.10:403][944]LogMaterial: 0.000102 seconds spent updating 1 materials, 1 interfaces, 1 instances, 0 with static permutations.
[2016.03.30-22.04.10:404][944]LogMaterial: 0.000095 seconds spent updating 1 materials, 1 interfaces, 1 instances, 0 with static permutations.
[2016.03.30-22.04.10:405][944]LogMaterial: 0.000098 seconds spent updating 1 materials, 1 interfaces, 1 instances, 0 with static permutations.
[2016.03.30-22.04.10:406][944]LogMaterial: 0.000119 seconds spent updating 1 materials, 1 interfaces, 1 instances, 0 with static permutations.
[2016.03.30-22.04.10:408][944]LogMaterial: 0.000106 seconds spent updating 1 materials, 1 interfaces, 1 instances, 0 with static permutations.
[2016.03.30-22.04.10:409][944]LogMaterial: 0.000103 seconds spent updating 1 materials, 1 interfaces, 1 instances, 0 with static permutations.
[2016.03.30-22.04.10:410][944]LogMaterial: 0.000241 seconds spent updating 1 materials, 1 interfaces, 1 instances, 0 with static permutations.
[2016.03.30-22.04.10:411][944]LogMaterial: 0.000132 seconds spent updating 1 materials, 1 interfaces, 1 instances, 0 with static permutations.
[2016.03.30-22.04.10:412][944]LogMaterial: 0.000117 seconds spent updating 1 materials, 1 interfaces, 1 instances, 0 with static permutations.
[2016.03.30-22.04.10:414][944]LogMaterial: 0.000127 seconds spent updating 1 materials, 1 interfaces, 1 instances, 0 with static permutations.
[2016.03.30-22.04.10:415][944]LogMaterial: 0.000105 seconds spent updating 1 materials, 1 interfaces, 1 instances, 0 with static permutations.
[2016.03.30-22.04.10:416][944]LogMaterial: 0.000104 seconds spent updating 1 materials, 1 interfaces, 1 instances, 0 with static permutations.
[2016.03.30-22.04.18:661][503]LogParticles: Destroying 0 GPU particle simulations for FXSystem 0x000000DEFB8E8B80
[2016.03.30-22.04.20:284][504]Cmd: QUIT_EDITOR
[2016.03.30-22.04.21:319][504]LogWindowsTextInputMethodSystem:Display: IME system now deactivated.
[2016.03.30-22.04.21:422][504]LogExit: Preparing to exit.
[2016.03.30-22.04.22:431][504]LogExit: Editor shut down
[2016.03.30-22.04.22:432][504]LogExit: Transaction tracking system shut down
[2016.03.30-22.04.22:437][504]LogParticles: Destroying 0 GPU particle simulations for FXSystem 0x000000DEC5068B80
[2016.03.30-22.04.22:438][504]LogParticles: Destroying 0 GPU particle simulations for FXSystem 0x000000DEC49C7600
[2016.03.30-22.04.22:438][504]LogParticles: Destroying 0 GPU particle simulations for FXSystem 0x000000DEC63F0F40
[2016.03.30-22.04.22:438][504]LogParticles: Destroying 0 GPU particle simulations for FXSystem 0x000000DEC5FC96C0
[2016.03.30-22.04.22:592][504]LogExit: Object subsystem successfully closed.
[2016.03.30-22.04.22:616][504]LogD3D11RHI: Shutdown
[2016.03.30-22.04.22:616][504]LogD3D11RHI: CleanupD3DDevice
[2016.03.30-22.04.22:684][504]LogD3D11RHI: ~FD3D11DynamicRHI
[2016.03.30-22.04.22:701][504]LogModuleManager: Shutting down and abandoning module MaterialEditor (201)
[2016.03.30-22.04.22:701][504]LogModuleManager: Shutting down and abandoning module CookingStats (200)
[2016.03.30-22.04.22:701][504]LogModuleManager: Shutting down and abandoning module ExternalImagePicker (199)
[2016.03.30-22.04.22:701][504]LogModuleManager: Shutting down and abandoning module CrashTracker (198)
[2016.03.30-22.04.22:701][504]LogModuleManager: Shutting down and abandoning module SuperSearch (197)
[2016.03.30-22.04.22:701][504]LogModuleManager: Shutting down and abandoning module WidgetCarousel (196)
[2016.03.30-22.04.22:701][504]LogModuleManager: Shutting down and abandoning module AddContentDialog (195)
[2016.03.30-22.04.22:702][504]LogModuleManager: Shutting down and abandoning module EditorWidgets (194)
[2016.03.30-22.04.22:702][504]LogModuleManager: Shutting down and abandoning module CollectionManager (193)
[2016.03.30-22.04.22:702][504]LogModuleManager: Shutting down and abandoning module SceneOutliner (192)
[2016.03.30-22.04.22:702][504]LogModuleManager: Shutting down and abandoning module StatsViewer (191)
[2016.03.30-22.04.22:702][504]LogModuleManager: Shutting down and abandoning module FoliageEdit (190)
[2016.03.30-22.04.22:702][504]LogModuleManager: Shutting down and abandoning module LandscapeEditor (189)
[2016.03.30-22.04.22:702][504]LogModuleManager: Shutting down and abandoning module ActorPickerMode (188)
[2016.03.30-22.04.22:703][504]LogModuleManager: Shutting down and abandoning module GeometryMode (187)
[2016.03.30-22.04.22:703][504]LogModuleManager: Shutting down and abandoning module TextureAlignMode (186)
[2016.03.30-22.04.22:703][504]LogModuleManager: Shutting down and abandoning module BspMode (185)
[2016.03.30-22.04.22:703][504]LogModuleManager: Shutting down and abandoning module PlacementMode (184)
[2016.03.30-22.04.22:703][504]LogModuleManager: Shutting down and abandoning module AutomationWorker (183)
[2016.03.30-22.04.22:703][504]LogModuleManager: Shutting down and abandoning module CharacterAI (182)
[2016.03.30-22.04.22:703][504]LogModuleManager: Shutting down and abandoning module SmartSnapping (181)
[2016.03.30-22.04.22:703][504]LogModuleManager: Shutting down and abandoning module ViewportSnapping (180)
[2016.03.30-22.04.22:703][504]LogModuleManager: Shutting down and abandoning module LogVisualizer (179)
[2016.03.30-22.04.22:703][504]LogModuleManager: Shutting down and abandoning module GameProjectGeneration (178)
[2016.03.30-22.04.22:703][504]LogModuleManager: Shutting down and abandoning module IntroTutorials (177)
[2016.03.30-22.04.22:703][504]LogModuleManager: Shutting down and abandoning module EditorLiveStreaming (176)
[2016.03.30-22.04.22:703][504]LogModuleManager: Shutting down and abandoning module IOSPlatformEditor (175)
[2016.03.30-22.04.22:703][504]LogModuleManager: Shutting down and abandoning module HTML5PlatformEditor (174)
[2016.03.30-22.04.22:703][504]LogModuleManager: Shutting down and abandoning module AndroidDeviceDetection (173)
[2016.03.30-22.04.23:592][504]LogModuleManager: Shutting down and abandoning module AndroidPlatformEditor (172)
[2016.03.30-22.04.23:592][504]LogModuleManager: Shutting down and abandoning module IOSRuntimeSettings (171)
[2016.03.30-22.04.23:592][504]LogModuleManager: Shutting down and abandoning module AndroidRuntimeSettings (170)
[2016.03.30-22.04.23:592][504]LogModuleManager: Shutting down and abandoning module MergeActors (169)
[2016.03.30-22.04.23:592][504]LogModuleManager: Shutting down and abandoning module SizeMap (168)
[2016.03.30-22.04.23:592][504]LogModuleManager: Shutting down and abandoning module TreeMap (167)
[2016.03.30-22.04.23:592][504]LogModuleManager: Shutting down and abandoning module ReferenceViewer (166)
[2016.03.30-22.04.23:592][504]LogModuleManager: Shutting down and abandoning module LocalizationService (165)
[2016.03.30-22.04.23:592][504]LogModuleManager: Shutting down and abandoning module LocalizationDashboard (164)
[2016.03.30-22.04.23:592][504]LogModuleManager: Shutting down and abandoning module HardwareTargeting (163)
[2016.03.30-22.04.23:592][504]LogModuleManager: Shutting down and abandoning module DeviceProfileEditor (162)
[2016.03.30-22.04.23:592][504]LogModuleManager: Shutting down and abandoning module UndoHistory (161)
[2016.03.30-22.04.23:592][504]LogModuleManager: Shutting down and abandoning module GameplayTagsEditor (160)
[2016.03.30-22.04.23:592][504]LogModuleManager: Shutting down and abandoning module UserFeedback (159)
[2016.03.30-22.04.23:592][504]LogModuleManager: Shutting down and abandoning module XmlParser (158)
[2016.03.30-22.04.23:592][504]LogModuleManager: Shutting down and abandoning module Blutility (157)
[2016.03.30-22.04.23:592][504]LogModuleManager: Shutting down and abandoning module ProjectTargetPlatformEditor (156)
[2016.03.30-22.04.23:592][504]LogModuleManager: Shutting down and abandoning module ProjectSettingsViewer (155)
[2016.03.30-22.04.23:593][504]LogModuleManager: Shutting down and abandoning module InputBindingEditor (154)
[2016.03.30-22.04.23:593][504]LogModuleManager: Shutting down and abandoning module EditorSettingsViewer (153)
[2016.03.30-22.04.23:593][504]LogModuleManager: Shutting down and abandoning module SettingsEditor (152)
[2016.03.30-22.04.23:593][504]LogModuleManager: Shutting down and abandoning module ProjectLauncher (151)
[2016.03.30-22.04.23:593][504]LogModuleManager: Shutting down and abandoning module SessionFrontend (150)
[2016.03.30-22.04.23:593][504]LogModuleManager: Shutting down and abandoning module ProfilerClient (149)
[2016.03.30-22.04.23:593][504]LogModuleManager: Shutting down and abandoning module TargetDeviceServices (148)
[2016.03.30-22.04.23:593][504]LogModuleManager: Shutting down and abandoning module DeviceManager (147)
[2016.03.30-22.04.23:593][504]LogModuleManager: Shutting down and abandoning module AutomationController (146)
[2016.03.30-22.04.23:593][504]LogModuleManager: Shutting down and abandoning module AutomationWindow (145)
[2016.03.30-22.04.23:593][504]LogModuleManager: Shutting down and abandoning module Layers (144)
[2016.03.30-22.04.23:593][504]LogModuleManager: Shutting down and abandoning module ComponentVisualizers (143)
[2016.03.30-22.04.23:593][504]LogModuleManager: Shutting down and abandoning module DetailCustomizations (142)
[2016.03.30-22.04.23:593][504]LogModuleManager: Shutting down and abandoning module PackagesDialog (141)
[2016.03.30-22.04.23:593][504]LogModuleManager: Shutting down and abandoning module Persona (140)
[2016.03.30-22.04.23:593][504]LogModuleManager: Shutting down and abandoning module Kismet (139)
[2016.03.30-22.04.23:593][504]LogModuleManager: Shutting down and abandoning module GraphEditor (138)
[2016.03.30-22.04.23:593][504]LogModuleManager: Shutting down and abandoning module ClassViewer (137)
[2016.03.30-22.04.23:593][504]LogModuleManager: Shutting down and abandoning module Toolbox (136)
[2016.03.30-22.04.23:593][504]LogModuleManager: Shutting down and abandoning module ModuleUI (135)
[2016.03.30-22.04.23:593][504]LogModuleManager: Shutting down and abandoning module MovieSceneTools (134)
[2016.03.30-22.04.23:593][504]LogModuleManager: Shutting down and abandoning module OutputLog (133)
[2016.03.30-22.04.23:593][504]LogModuleManager: Shutting down and abandoning module GammaUI (132)
[2016.03.30-22.04.23:593][504]LogModuleManager: Shutting down and abandoning module Documentation (131)
[2016.03.30-22.04.23:593][504]LogModuleManager: Shutting down and abandoning module GameLiveStreaming (130)
[2016.03.30-22.04.23:594][504]LogModuleManager: Shutting down and abandoning module StreamingPauseRendering (129)
[2016.03.30-22.04.23:594][504]LogModuleManager: Shutting down and abandoning module AnalyticsET (128)
[2016.03.30-22.04.23:594][504]LogModuleManager: Shutting down and abandoning module Analytics (127)
[2016.03.30-22.04.23:594][504]LogModuleManager: Shutting down and abandoning module AITestSuite (126)
[2016.03.30-22.04.23:594][504]LogModuleManager: Shutting down and abandoning module GameplayDebugger (125)
[2016.03.30-22.04.23:594][504]LogModuleManager: Shutting down and abandoning module AIModule (124)
[2016.03.30-22.04.23:594][504]LogModuleManager: Shutting down and abandoning module ProfilerService (123)
[2016.03.30-22.04.23:618][504]LogModuleManager: Shutting down and abandoning module TaskGraph (122)
[2016.03.30-22.04.23:618][504]LogModuleManager: Shutting down and abandoning module SlateRemote (121)
[2016.03.30-22.04.23:618][504]LogModuleManager: Shutting down and abandoning module SteamVRController (120)
[2016.03.30-22.04.23:618][504]LogModuleManager: Shutting down and abandoning module SteamVR (119)
[2016.03.30-22.04.23:618][504]LogModuleManager: Shutting down and abandoning module ProceduralMeshComponent (118)
[2016.03.30-22.04.23:618][504]LogModuleManager: Shutting down and abandoning module OculusLibrary (117)
[2016.03.30-22.04.23:618][504]LogModuleManager: Shutting down and abandoning module OculusInput (116)
[2016.03.30-22.04.23:618][504]LogModuleManager: Shutting down and abandoning module LeapMotionController (115)
[2016.03.30-22.04.23:641][504]LogModuleManager: Shutting down and abandoning module CustomMeshComponent (114)
[2016.03.30-22.04.23:641][504]LogModuleManager: Shutting down and abandoning module CableComponent (113)
[2016.03.30-22.04.23:641][504]LogModuleManager: Shutting down and abandoning module ArchVisCharacter (112)
[2016.03.30-22.04.23:641][504]LogModuleManager: Shutting down and abandoning module MessagingDebugger (111)
[2016.03.30-22.04.23:641][504]LogModuleManager: Shutting down and abandoning module MediaPlayerEditor (110)
[2016.03.30-22.04.23:641][504]LogModuleManager: Shutting down and abandoning module HTML5Networking (109)
[2016.03.30-22.04.23:641][504]LogModuleManager: Shutting down and abandoning module SpeedTreeImporter (108)
[2016.03.30-22.04.23:641][504]LogModuleManager: Shutting down and abandoning module PluginBrowser (107)
[2016.03.30-22.04.23:641][504]LogModuleManager: Shutting down and abandoning module EpicSurvey (106)
[2016.03.30-22.04.23:641][504]LogModuleManager: Shutting down and abandoning module DesktopPlatform (105)
[2016.03.30-22.04.23:641][504]LogModuleManager: Shutting down and abandoning module VisualStudioSourceCodeAccess (104)
[2016.03.30-22.04.23:641][504]LogModuleManager: Shutting down and abandoning module UObjectPlugin (103)
[2016.03.30-22.04.23:641][504]LogModuleManager: Shutting down and abandoning module SubversionSourceControl (102)
[2016.03.30-22.04.23:641][504]LogModuleManager: Shutting down and abandoning module PerforceSourceControl (101)
[2016.03.30-22.04.23:641][504]LogModuleManager: Shutting down and abandoning module SourceControl (100)
[2016.03.30-22.04.23:642][504]LogModuleManager: Shutting down and abandoning module GitSourceControl (99)
[2016.03.30-22.04.23:642][504]LogModuleManager: Shutting down and abandoning module LightPropagationVolumeEditor (98)
[2016.03.30-22.04.23:642][504]LogModuleManager: Shutting down and abandoning module PaperTiledImporter (97)
[2016.03.30-22.04.23:642][504]LogModuleManager: Shutting down and abandoning module PaperSpriteSheetImporter (96)
[2016.03.30-22.04.23:642][504]LogModuleManager: Shutting down and abandoning module MeshPaint (95)
[2016.03.30-22.04.23:642][504]LogModuleManager: Shutting down and abandoning module SlateReflector (94)
[2016.03.30-22.04.23:642][504]LogModuleManager: Shutting down and abandoning module HotReload (93)
[2016.03.30-22.04.23:642][504]LogModuleManager: Shutting down and abandoning module MainFrame (92)
[2016.03.30-22.04.23:642][504]LogModuleManager: Shutting down and abandoning module LevelEditor (91)
[2016.03.30-22.04.23:643][504]LogModuleManager: Shutting down and abandoning module DirectoryWatcher (90)
[2016.03.30-22.04.23:644][504]LogModuleManager: Shutting down and abandoning module AssetRegistry (89)
[2016.03.30-22.04.23:726][504]LogModuleManager: Shutting down and abandoning module ContentBrowser (88)
[2016.03.30-22.04.23:727][504]LogModuleManager: Shutting down and abandoning module Paper2DEditor (87)
[2016.03.30-22.04.23:727][504]LogModuleManager: Shutting down and abandoning module UdpMessaging (86)
[2016.03.30-22.04.23:828][504]LogModuleManager: Shutting down and abandoning module LightPropagationVolumeRuntime (85)
[2016.03.30-22.04.23:828][504]LogModuleManager: Shutting down and abandoning module Paper2D (84)
[2016.03.30-22.04.23:828][504]LogModuleManager: Shutting down and abandoning module WindowsMoviePlayer (83)
[2016.03.30-22.04.23:831][504]LogModuleManager: Shutting down and abandoning module Media (82)
[2016.03.30-22.04.23:831][504]LogModuleManager: Shutting down and abandoning module WmfMedia (81)
[2016.03.30-22.04.23:831][504]LogModuleManager: Shutting down and abandoning module OnlineBlueprintSupport (80)
[2016.03.30-22.04.23:831][504]LogModuleManager: Shutting down and abandoning module GameplayTasksEditor (79)
[2016.03.30-22.04.23:831][504]LogModuleManager: Shutting down and abandoning module PropertyEditor (78)
[2016.03.30-22.04.23:831][504]LogModuleManager: Shutting down and abandoning module BehaviorTreeEditor (77)
[2016.03.30-22.04.23:831][504]LogModuleManager: Shutting down and abandoning module FunctionalTesting (76)
[2016.03.30-22.04.23:831][504]LogModuleManager: Shutting down and abandoning module CollisionAnalyzer (75)
[2016.03.30-22.04.23:831][504]LogModuleManager: Shutting down and abandoning module WorkspaceMenuStructure (74)
[2016.03.30-22.04.23:831][504]LogModuleManager: Shutting down and abandoning module MessageLog (73)
[2016.03.30-22.04.23:831][504]LogModuleManager: Shutting down and abandoning module Sequencer (72)
[2016.03.30-22.04.23:831][504]LogModuleManager: Shutting down and abandoning module AssetTools (71)
[2016.03.30-22.04.23:831][504]LogModuleManager: Shutting down and abandoning module UMGEditor (70)
[2016.03.30-22.04.23:832][504]LogModuleManager: Shutting down and abandoning module UMG (69)
[2016.03.30-22.04.23:832][504]LogModuleManager: Shutting down and abandoning module Slate (68)
[2016.03.30-22.04.23:832][504]LogModuleManager: Shutting down and abandoning module EditorStyle (67)
[2016.03.30-22.04.23:834][504]LogModuleManager: Shutting down and abandoning module SessionServices (66)
[2016.03.30-22.04.23:834][504]LogModuleManager: Shutting down and abandoning module SourceCodeAccess (65)
[2016.03.30-22.04.23:834][504]LogModuleManager: Shutting down and abandoning module HeadMountedDisplay (64)
[2016.03.30-22.04.23:834][504]LogModuleManager: Shutting down and abandoning module XAudio2 (63)
[2016.03.30-22.04.23:834][504]LogModuleManager: Shutting down and abandoning module Networking (61)
[2016.03.30-22.04.23:834][504]LogModuleManager: Shutting down and abandoning module Core (60)
[2016.03.30-22.04.23:834][504]LogModuleManager: Shutting down and abandoning module KismetCompiler (59)
[2016.03.30-22.04.23:834][504]LogModuleManager: Shutting down and abandoning module PhysXFormats (58)
[2016.03.30-22.04.23:834][504]LogModuleManager: Shutting down and abandoning module MeshUtilities (57)
[2016.03.30-22.04.23:834][504]LogModuleManager: Shutting down and abandoning module DerivedDataCache (56)
[2016.03.30-22.04.23:848][504]LogDerivedDataCache: Shutdown
[2016.03.30-22.04.23:848][504]LogModuleManager: Shutting down and abandoning module ShaderFormatOpenGL (55)
[2016.03.30-22.04.23:848][504]LogModuleManager: Shutting down and abandoning module ShaderFormatD3D (54)
[2016.03.30-22.04.23:848][504]LogModuleManager: Shutting down and abandoning module MetalShaderFormat (53)
[2016.03.30-22.04.23:848][504]LogModuleManager: Shutting down and abandoning module TextureFormatUncompressed (52)
[2016.03.30-22.04.23:848][504]LogModuleManager: Shutting down and abandoning module TextureFormatPVR (51)
[2016.03.30-22.04.23:848][504]LogModuleManager: Shutting down and abandoning module TextureFormatIntelISPCTexComp (50)
[2016.03.30-22.04.23:848][504]LogModuleManager: Shutting down and abandoning module TextureFormatDXT (49)
[2016.03.30-22.04.23:848][504]LogModuleManager: Shutting down and abandoning module ImageWrapper (48)
[2016.03.30-22.04.23:848][504]LogModuleManager: Shutting down and abandoning module TextureFormatASTC (47)
[2016.03.30-22.04.23:848][504]LogModuleManager: Shutting down and abandoning module TextureFormatAndroid (46)
[2016.03.30-22.04.23:848][504]LogModuleManager: Shutting down and abandoning module AudioFormatOpus (45)
[2016.03.30-22.04.23:848][504]LogModuleManager: Shutting down and abandoning module AudioFormatOgg (44)
[2016.03.30-22.04.23:848][504]LogModuleManager: Shutting down and abandoning module AudioFormatADPCM (43)
[2016.03.30-22.04.23:848][504]LogModuleManager: Shutting down and abandoning module LinuxTargetPlatform (42)
[2016.03.30-22.04.23:848][504]LogModuleManager: Shutting down and abandoning module LinuxServerTargetPlatform (41)
[2016.03.30-22.04.23:848][504]LogModuleManager: Shutting down and abandoning module LinuxNoEditorTargetPlatform (40)
[2016.03.30-22.04.23:848][504]LogModuleManager: Shutting down and abandoning module Messaging (39)
[2016.03.30-22.04.23:848][504]LogModuleManager: Shutting down and abandoning module IOSTargetPlatform (38)
[2016.03.30-22.04.23:848][504]LogModuleManager: Shutting down and abandoning module HTML5TargetPlatform (37)
[2016.03.30-22.04.23:848][504]LogModuleManager: Shutting down and abandoning module Android_PVRTCTargetPlatform (36)
[2016.03.30-22.04.23:848][504]LogModuleManager: Shutting down and abandoning module Android_MultiTargetPlatform (35)
[2016.03.30-22.04.23:848][504]LogModuleManager: Shutting down and abandoning module Android_ETC2TargetPlatform (34)
[2016.03.30-22.04.23:848][504]LogModuleManager: Shutting down and abandoning module Android_ETC1TargetPlatform (33)
[2016.03.30-22.04.23:848][504]LogModuleManager: Shutting down and abandoning module Android_DXTTargetPlatform (32)
[2016.03.30-22.04.23:848][504]LogModuleManager: Shutting down and abandoning module Android_ATCTargetPlatform (31)
[2016.03.30-22.04.23:848][504]LogModuleManager: Shutting down and abandoning module Android_ASTCTargetPlatform (30)
[2016.03.30-22.04.23:848][504]LogModuleManager: Shutting down and abandoning module AndroidTargetPlatform (29)
[2016.03.30-22.04.23:848][504]LogModuleManager: Shutting down and abandoning module WindowsTargetPlatform (28)
[2016.03.30-22.04.23:848][504]LogModuleManager: Shutting down and abandoning module WindowsServerTargetPlatform (27)
[2016.03.30-22.04.23:848][504]LogModuleManager: Shutting down and abandoning module WindowsNoEditorTargetPlatform (26)
[2016.03.30-22.04.23:848][504]LogModuleManager: Shutting down and abandoning module WindowsClientTargetPlatform (25)
[2016.03.30-22.04.23:848][504]LogModuleManager: Shutting down and abandoning module AllDesktopTargetPlatform (24)
[2016.03.30-22.04.23:849][504]LogModuleManager: Shutting down and abandoning module TargetPlatform (23)
[2016.03.30-22.04.23:849][504]LogModuleManager: Shutting down and abandoning module InputCore (22)
[2016.03.30-22.04.23:849][504]LogModuleManager: Shutting down and abandoning module Settings (21)
[2016.03.30-22.04.23:849][504]LogModuleManager: Shutting down and abandoning module OnlineSubsystem (19)
[2016.03.30-22.04.23:849][504]LogModuleManager: Shutting down and abandoning module HTTP (18)
[2016.03.30-22.04.25:852][504]LogModuleManager: Shutting down and abandoning module XMPP (17)
[2016.03.30-22.04.25:852][504]LogModuleManager: Shutting down and abandoning module OculusRift (16)
[2016.03.30-22.04.25:852][504]LogModuleManager: Shutting down and abandoning module ExampleDeviceProfileSelector (15)
[2016.03.30-22.04.25:852][504]LogModuleManager: Shutting down and abandoning module TextureCompressor (14)
[2016.03.30-22.04.25:852][504]LogModuleManager: Shutting down and abandoning module ShaderCore (13)
[2016.03.30-22.04.25:852][504]LogModuleManager: Shutting down and abandoning module Landscape (12)
[2016.03.30-22.04.25:852][504]LogModuleManager: Shutting down and abandoning module SlateRHIRenderer (11)
[2016.03.30-22.04.25:854][504]LogModuleManager: Shutting down and abandoning module OpenGLDrv (10)
[2016.03.30-22.04.25:854][504]LogModuleManager: Shutting down and abandoning module D3D11RHI (9)
[2016.03.30-22.04.25:854][504]LogModuleManager: Shutting down and abandoning module AnimGraphRuntime (8)
[2016.03.30-22.04.25:854][504]LogModuleManager: Shutting down and abandoning module Renderer (7)
[2016.03.30-22.04.25:854][504]LogModuleManager: Shutting down and abandoning module Engine (6)
[2016.03.30-22.04.25:854][504]LogModuleManager: Shutting down and abandoning module CoreUObject (5)
[2016.03.30-22.04.25:854][504]LogModuleManager: Shutting down and abandoning module NetworkFile (4)
[2016.03.30-22.04.25:854][504]LogModuleManager: Shutting down and abandoning module StreamingFile (3)
[2016.03.30-22.04.25:854][504]LogModuleManager: Shutting down and abandoning module SandboxFile (2)
[2016.03.30-22.04.25:854][504]LogModuleManager: Shutting down and abandoning module PakFile (1)
[2016.03.30-22.04.25:856][504]LogExit: Exiting.
[2016.03.30-22.04.25:871][504]Log file closed, 03/30/16 18:04:25
